08:56:31 INFO  : Registering command handlers for SDK TCF services
08:56:39 INFO  : Launching XSCT server: xsct -n -interactive /home/thomas/mp2_partB/mp2_partB.sdk/temp_xsdb_launch_script.tcl
08:56:41 INFO  : XSCT server has started successfully.
08:56:43 INFO  : Successfully done setting XSCT server connection channel  
08:56:43 INFO  : Successfully done setting SDK workspace  
08:56:43 INFO  : Processing command line option -hwspec /home/thomas/mp2_partB/mp2_partB.sdk/design_1_wrapper.hdf.
09:35:09 INFO  : Connected to target on host '127.0.0.1' and port '3121'.
09:36:41 INFO  : Connected to target on host '127.0.0.1' and port '3121'.
09:36:41 INFO  : 'targets -set -filter {jtag_cable_name =~ "Digilent Zed 210248685988" && level==0} -index 1' command is executed.
09:36:47 INFO  : FPGA configured successfully with bitstream "/home/thomas/mp2_partB/mp2_partB.sdk/design_1_wrapper_hw_platform_0/design_1_wrapper.bit"
09:37:10 INFO  : 'targets -set -filter {jtag_cable_name =~ "Digilent Zed 210248685988" && level==0} -index 1' command is executed.
09:37:10 INFO  : 'fpga -state' command is executed.
09:37:10 INFO  : Connected to target on host '127.0.0.1' and port '3121'.
09:37:11 INFO  : Jtag cable 'Digilent Zed 210248685988' is selected.
09:37:11 INFO  : 'jtag frequency' command is executed.
09:37:11 INFO  : Sourcing of '/home/thomas/mp2_partB/mp2_partB.sdk/design_1_wrapper_hw_platform_0/ps7_init.tcl' is done.
09:37:11 INFO  : Context for 'APU' is selected.
09:37:11 INFO  : Hardware design information is loaded from '/home/thomas/mp2_partB/mp2_partB.sdk/design_1_wrapper_hw_platform_0/system.hdf'.
09:37:11 INFO  : 'configparams force-mem-access 1' command is executed.
09:37:11 INFO  : Context for 'APU' is selected.
09:37:11 INFO  : 'stop' command is executed.
09:37:12 INFO  : 'ps7_init' command is executed.
09:37:12 INFO  : 'ps7_post_config' command is executed.
09:37:12 INFO  : Context for processor 'ps7_cortexa9_0' is selected.
09:37:12 INFO  : Processor reset is completed for 'ps7_cortexa9_0'.
09:37:12 INFO  : Context for processor 'ps7_cortexa9_0' is selected.
09:37:12 INFO  : The application '/home/thomas/mp2_partB/mp2_partB.sdk/hello_world/Debug/hello_world.elf' is downloaded to processor 'ps7_cortexa9_0'.
09:37:12 INFO  : 'configparams force-mem-access 0' command is executed.
09:37:12 INFO  : ----------------XSDB Script----------------
connect -url tcp:127.0.0.1:3121
source /home/thomas/mp2_partB/mp2_partB.sdk/design_1_wrapper_hw_platform_0/ps7_init.tcl
targets -set -nocase -filter {name =~"APU*" && jtag_cable_name =~ "Digilent Zed 210248685988"} -index 0
loadhw -hw /home/thomas/mp2_partB/mp2_partB.sdk/design_1_wrapper_hw_platform_0/system.hdf -mem-ranges [list {0x40000000 0xbfffffff}]
configparams force-mem-access 1
targets -set -nocase -filter {name =~"APU*" && jtag_cable_name =~ "Digilent Zed 210248685988"} -index 0
stop
ps7_init
ps7_post_config
targets -set -nocase -filter {name =~ "ARM*#0" && jtag_cable_name =~ "Digilent Zed 210248685988"} -index 0
rst -processor
targets -set -nocase -filter {name =~ "ARM*#0" && jtag_cable_name =~ "Digilent Zed 210248685988"} -index 0
dow /home/thomas/mp2_partB/mp2_partB.sdk/hello_world/Debug/hello_world.elf
configparams force-mem-access 0
----------------End of Script----------------

09:37:12 INFO  : Memory regions updated for context APU
09:37:12 INFO  : Context for processor 'ps7_cortexa9_0' is selected.
09:37:12 INFO  : 'con' command is executed.
09:37:12 INFO  : ----------------XSDB Script (After Launch)----------------
targets -set -nocase -filter {name =~ "ARM*#0" && jtag_cable_name =~ "Digilent Zed 210248685988"} -index 0
con
----------------End of Script----------------

09:37:12 INFO  : Launch script is exported to file '/home/thomas/mp2_partB/mp2_partB.sdk/.sdk/launch_scripts/xilinx_c-c++_application_(system_debugger)/system_debugger_using_debug_hello_world.elf_on_local.tcl'
11:26:44 INFO  : Connected to target on host '127.0.0.1' and port '3121'.
11:27:14 INFO  : Connected to target on host '127.0.0.1' and port '3121'.
11:27:39 INFO  : Connected to target on host '127.0.0.1' and port '3121'.
11:27:40 INFO  : 'targets -set -filter {jtag_cable_name =~ "Digilent Zed 210248685988" && level==0} -index 1' command is executed.
11:27:44 INFO  : FPGA configured successfully with bitstream "/home/thomas/mp2_partB/mp2_partB.sdk/design_1_wrapper_hw_platform_0/design_1_wrapper.bit"
11:27:54 INFO  : Disconnected from the channel tcfchan#1.
11:27:55 INFO  : 'targets -set -filter {jtag_cable_name =~ "Digilent Zed 210248685988" && level==0} -index 1' command is executed.
11:27:55 INFO  : 'fpga -state' command is executed.
11:27:55 INFO  : Connected to target on host '127.0.0.1' and port '3121'.
11:27:55 INFO  : Jtag cable 'Digilent Zed 210248685988' is selected.
11:27:55 INFO  : 'jtag frequency' command is executed.
11:27:55 INFO  : Sourcing of '/home/thomas/mp2_partB/mp2_partB.sdk/design_1_wrapper_hw_platform_0/ps7_init.tcl' is done.
11:27:55 INFO  : Context for 'APU' is selected.
11:27:57 INFO  : Hardware design information is loaded from '/home/thomas/mp2_partB/mp2_partB.sdk/design_1_wrapper_hw_platform_0/system.hdf'.
11:27:57 INFO  : 'configparams force-mem-access 1' command is executed.
11:27:57 INFO  : Context for 'APU' is selected.
11:27:57 INFO  : 'stop' command is executed.
11:27:58 INFO  : 'ps7_init' command is executed.
11:27:58 INFO  : 'ps7_post_config' command is executed.
11:27:58 INFO  : Context for processor 'ps7_cortexa9_0' is selected.
11:27:58 INFO  : Processor reset is completed for 'ps7_cortexa9_0'.
11:27:58 INFO  : Context for processor 'ps7_cortexa9_0' is selected.
11:27:59 INFO  : The application '/home/thomas/mp2_partB/mp2_partB.sdk/hello_world/Debug/hello_world.elf' is downloaded to processor 'ps7_cortexa9_0'.
11:27:59 INFO  : 'configparams force-mem-access 0' command is executed.
11:27:59 INFO  : ----------------XSDB Script----------------
connect -url tcp:127.0.0.1:3121
source /home/thomas/mp2_partB/mp2_partB.sdk/design_1_wrapper_hw_platform_0/ps7_init.tcl
targets -set -nocase -filter {name =~"APU*" && jtag_cable_name =~ "Digilent Zed 210248685988"} -index 0
loadhw -hw /home/thomas/mp2_partB/mp2_partB.sdk/design_1_wrapper_hw_platform_0/system.hdf -mem-ranges [list {0x40000000 0xbfffffff}]
configparams force-mem-access 1
targets -set -nocase -filter {name =~"APU*" && jtag_cable_name =~ "Digilent Zed 210248685988"} -index 0
stop
ps7_init
ps7_post_config
targets -set -nocase -filter {name =~ "ARM*#0" && jtag_cable_name =~ "Digilent Zed 210248685988"} -index 0
rst -processor
targets -set -nocase -filter {name =~ "ARM*#0" && jtag_cable_name =~ "Digilent Zed 210248685988"} -index 0
dow /home/thomas/mp2_partB/mp2_partB.sdk/hello_world/Debug/hello_world.elf
configparams force-mem-access 0
----------------End of Script----------------

11:27:59 INFO  : Memory regions updated for context APU
11:27:59 INFO  : Context for processor 'ps7_cortexa9_0' is selected.
11:27:59 INFO  : 'con' command is executed.
11:27:59 INFO  : ----------------XSDB Script (After Launch)----------------
targets -set -nocase -filter {name =~ "ARM*#0" && jtag_cable_name =~ "Digilent Zed 210248685988"} -index 0
con
----------------End of Script----------------

11:27:59 INFO  : Launch script is exported to file '/home/thomas/mp2_partB/mp2_partB.sdk/.sdk/launch_scripts/xilinx_c-c++_application_(system_debugger)/system_debugger_using_debug_hello_world.elf_on_local.tcl'
11:56:48 INFO  : Disconnected from the channel tcfchan#2.
11:56:49 INFO  : 'targets -set -filter {jtag_cable_name =~ "Digilent Zed 210248685988" && level==0} -index 1' command is executed.
11:56:49 INFO  : 'fpga -state' command is executed.
11:56:49 INFO  : Connected to target on host '127.0.0.1' and port '3121'.
11:56:49 INFO  : Jtag cable 'Digilent Zed 210248685988' is selected.
11:56:49 INFO  : 'jtag frequency' command is executed.
11:56:49 INFO  : Sourcing of '/home/thomas/mp2_partB/mp2_partB.sdk/design_1_wrapper_hw_platform_0/ps7_init.tcl' is done.
11:56:49 INFO  : Context for 'APU' is selected.
11:56:52 INFO  : Hardware design information is loaded from '/home/thomas/mp2_partB/mp2_partB.sdk/design_1_wrapper_hw_platform_0/system.hdf'.
11:56:52 INFO  : 'configparams force-mem-access 1' command is executed.
11:56:52 INFO  : Context for 'APU' is selected.
11:56:52 INFO  : 'stop' command is executed.
11:56:52 INFO  : 'ps7_init' command is executed.
11:56:52 INFO  : 'ps7_post_config' command is executed.
11:56:52 INFO  : Context for processor 'ps7_cortexa9_0' is selected.
11:56:53 INFO  : Processor reset is completed for 'ps7_cortexa9_0'.
11:56:53 INFO  : Context for processor 'ps7_cortexa9_0' is selected.
11:56:53 INFO  : The application '/home/thomas/mp2_partB/mp2_partB.sdk/hello_world/Debug/hello_world.elf' is downloaded to processor 'ps7_cortexa9_0'.
11:56:53 INFO  : 'configparams force-mem-access 0' command is executed.
11:56:53 INFO  : ----------------XSDB Script----------------
connect -url tcp:127.0.0.1:3121
source /home/thomas/mp2_partB/mp2_partB.sdk/design_1_wrapper_hw_platform_0/ps7_init.tcl
targets -set -nocase -filter {name =~"APU*" && jtag_cable_name =~ "Digilent Zed 210248685988"} -index 0
loadhw -hw /home/thomas/mp2_partB/mp2_partB.sdk/design_1_wrapper_hw_platform_0/system.hdf -mem-ranges [list {0x40000000 0xbfffffff}]
configparams force-mem-access 1
targets -set -nocase -filter {name =~"APU*" && jtag_cable_name =~ "Digilent Zed 210248685988"} -index 0
stop
ps7_init
ps7_post_config
targets -set -nocase -filter {name =~ "ARM*#0" && jtag_cable_name =~ "Digilent Zed 210248685988"} -index 0
rst -processor
targets -set -nocase -filter {name =~ "ARM*#0" && jtag_cable_name =~ "Digilent Zed 210248685988"} -index 0
dow /home/thomas/mp2_partB/mp2_partB.sdk/hello_world/Debug/hello_world.elf
configparams force-mem-access 0
----------------End of Script----------------

11:56:53 INFO  : Memory regions updated for context APU
11:56:53 INFO  : Context for processor 'ps7_cortexa9_0' is selected.
11:56:53 INFO  : 'con' command is executed.
11:56:53 INFO  : ----------------XSDB Script (After Launch)----------------
targets -set -nocase -filter {name =~ "ARM*#0" && jtag_cable_name =~ "Digilent Zed 210248685988"} -index 0
con
----------------End of Script----------------

11:56:53 INFO  : Launch script is exported to file '/home/thomas/mp2_partB/mp2_partB.sdk/.sdk/launch_scripts/xilinx_c-c++_application_(system_debugger)/system_debugger_using_debug_hello_world.elf_on_local.tcl'
17:49:40 INFO  : Disconnected from the channel tcfchan#3.
17:50:27 INFO  : Registering command handlers for SDK TCF services
17:50:28 INFO  : Launching XSCT server: xsct -n -interactive /home/thomas/mp2_partB/mp2_partB.sdk/temp_xsdb_launch_script.tcl
17:50:31 INFO  : XSCT server has started successfully.
17:50:33 INFO  : Successfully done setting XSCT server connection channel  
17:50:33 INFO  : Successfully done setting SDK workspace  
17:50:33 INFO  : Processing command line option -hwspec /home/thomas/mp2_partB/mp2_partB.sdk/design_1_wrapper.hdf.
17:50:33 INFO  : Checking for hwspec changes in the project design_1_wrapper_hw_platform_0.
17:50:35 INFO  : SDK has detected change in the last modified timestamps for source hardware specification file Source:1537829357000,  Project:1537795925000
17:50:35 INFO  : The hardware specification for project 'design_1_wrapper_hw_platform_0' is different from /home/thomas/mp2_partB/mp2_partB.sdk/design_1_wrapper.hdf.
17:50:35 INFO  : Copied contents of /home/thomas/mp2_partB/mp2_partB.sdk/design_1_wrapper.hdf into /design_1_wrapper_hw_platform_0/system.hdf.
17:50:39 INFO  : Synchronizing projects in the workspace with the hardware platform specification changes.
17:50:40 INFO  : 
17:50:41 INFO  : Updating hardware inferred compiler options for hello_world.
17:50:42 INFO  : Clearing existing target manager status.
17:51:48 INFO  : Refreshed build settings on project hello_world
17:56:00 INFO  : Connected to target on host '127.0.0.1' and port '3121'.
17:56:17 INFO  : Connected to target on host '127.0.0.1' and port '3121'.
17:56:17 INFO  : 'targets -set -filter {jtag_cable_name =~ "Digilent Zed 210248685988" && level==0} -index 1' command is executed.
17:56:19 INFO  : FPGA configured successfully with bitstream "/home/thomas/mp2_partB/mp2_partB.sdk/design_1_wrapper_hw_platform_0/design_1_wrapper.bit"
17:56:38 INFO  : 'targets -set -filter {jtag_cable_name =~ "Digilent Zed 210248685988" && level==0} -index 1' command is executed.
17:56:38 INFO  : 'fpga -state' command is executed.
17:56:38 INFO  : Connected to target on host '127.0.0.1' and port '3121'.
17:56:38 INFO  : Jtag cable 'Digilent Zed 210248685988' is selected.
17:56:38 INFO  : 'jtag frequency' command is executed.
17:56:38 INFO  : Sourcing of '/home/thomas/mp2_partB/mp2_partB.sdk/design_1_wrapper_hw_platform_0/ps7_init.tcl' is done.
17:56:38 INFO  : Context for 'APU' is selected.
17:56:38 INFO  : Hardware design information is loaded from '/home/thomas/mp2_partB/mp2_partB.sdk/design_1_wrapper_hw_platform_0/system.hdf'.
17:56:38 INFO  : 'configparams force-mem-access 1' command is executed.
17:56:38 INFO  : Context for 'APU' is selected.
17:56:38 INFO  : 'stop' command is executed.
17:56:39 INFO  : 'ps7_init' command is executed.
17:56:39 INFO  : 'ps7_post_config' command is executed.
17:56:39 INFO  : Context for processor 'ps7_cortexa9_0' is selected.
17:56:39 INFO  : Processor reset is completed for 'ps7_cortexa9_0'.
17:56:39 INFO  : Context for processor 'ps7_cortexa9_0' is selected.
17:56:40 INFO  : The application '/home/thomas/mp2_partB/mp2_partB.sdk/hello_world/Debug/hello_world.elf' is downloaded to processor 'ps7_cortexa9_0'.
17:56:40 INFO  : 'configparams force-mem-access 0' command is executed.
17:56:40 INFO  : ----------------XSDB Script----------------
connect -url tcp:127.0.0.1:3121
source /home/thomas/mp2_partB/mp2_partB.sdk/design_1_wrapper_hw_platform_0/ps7_init.tcl
targets -set -nocase -filter {name =~"APU*" && jtag_cable_name =~ "Digilent Zed 210248685988"} -index 0
loadhw -hw /home/thomas/mp2_partB/mp2_partB.sdk/design_1_wrapper_hw_platform_0/system.hdf -mem-ranges [list {0x40000000 0xbfffffff}]
configparams force-mem-access 1
targets -set -nocase -filter {name =~"APU*" && jtag_cable_name =~ "Digilent Zed 210248685988"} -index 0
stop
ps7_init
ps7_post_config
targets -set -nocase -filter {name =~ "ARM*#0" && jtag_cable_name =~ "Digilent Zed 210248685988"} -index 0
rst -processor
targets -set -nocase -filter {name =~ "ARM*#0" && jtag_cable_name =~ "Digilent Zed 210248685988"} -index 0
dow /home/thomas/mp2_partB/mp2_partB.sdk/hello_world/Debug/hello_world.elf
configparams force-mem-access 0
----------------End of Script----------------

17:56:40 INFO  : Memory regions updated for context APU
17:56:40 INFO  : Context for processor 'ps7_cortexa9_0' is selected.
17:56:40 INFO  : 'con' command is executed.
17:56:40 INFO  : ----------------XSDB Script (After Launch)----------------
targets -set -nocase -filter {name =~ "ARM*#0" && jtag_cable_name =~ "Digilent Zed 210248685988"} -index 0
con
----------------End of Script----------------

17:56:40 INFO  : Launch script is exported to file '/home/thomas/mp2_partB/mp2_partB.sdk/.sdk/launch_scripts/xilinx_c-c++_application_(system_debugger)/system_debugger_using_debug_hello_world.elf_on_local.tcl'
17:57:38 INFO  : Disconnected from the channel tcfchan#1.
17:57:40 INFO  : 'targets -set -filter {jtag_cable_name =~ "Digilent Zed 210248685988" && level==0} -index 1' command is executed.
17:57:40 INFO  : 'fpga -state' command is executed.
17:57:40 INFO  : Connected to target on host '127.0.0.1' and port '3121'.
17:57:40 INFO  : Jtag cable 'Digilent Zed 210248685988' is selected.
17:57:40 INFO  : 'jtag frequency' command is executed.
17:57:40 INFO  : Sourcing of '/home/thomas/mp2_partB/mp2_partB.sdk/design_1_wrapper_hw_platform_0/ps7_init.tcl' is done.
17:57:40 INFO  : Context for 'APU' is selected.
17:57:42 INFO  : Hardware design information is loaded from '/home/thomas/mp2_partB/mp2_partB.sdk/design_1_wrapper_hw_platform_0/system.hdf'.
17:57:42 INFO  : 'configparams force-mem-access 1' command is executed.
17:57:42 INFO  : Context for 'APU' is selected.
17:57:42 INFO  : 'stop' command is executed.
17:57:43 INFO  : 'ps7_init' command is executed.
17:57:43 INFO  : 'ps7_post_config' command is executed.
17:57:43 INFO  : Context for processor 'ps7_cortexa9_0' is selected.
17:57:43 INFO  : Processor reset is completed for 'ps7_cortexa9_0'.
17:57:43 INFO  : Context for processor 'ps7_cortexa9_0' is selected.
17:57:43 INFO  : The application '/home/thomas/mp2_partB/mp2_partB.sdk/hello_world/Debug/hello_world.elf' is downloaded to processor 'ps7_cortexa9_0'.
17:57:43 INFO  : 'configparams force-mem-access 0' command is executed.
17:57:43 INFO  : ----------------XSDB Script----------------
connect -url tcp:127.0.0.1:3121
source /home/thomas/mp2_partB/mp2_partB.sdk/design_1_wrapper_hw_platform_0/ps7_init.tcl
targets -set -nocase -filter {name =~"APU*" && jtag_cable_name =~ "Digilent Zed 210248685988"} -index 0
loadhw -hw /home/thomas/mp2_partB/mp2_partB.sdk/design_1_wrapper_hw_platform_0/system.hdf -mem-ranges [list {0x40000000 0xbfffffff}]
configparams force-mem-access 1
targets -set -nocase -filter {name =~"APU*" && jtag_cable_name =~ "Digilent Zed 210248685988"} -index 0
stop
ps7_init
ps7_post_config
targets -set -nocase -filter {name =~ "ARM*#0" && jtag_cable_name =~ "Digilent Zed 210248685988"} -index 0
rst -processor
targets -set -nocase -filter {name =~ "ARM*#0" && jtag_cable_name =~ "Digilent Zed 210248685988"} -index 0
dow /home/thomas/mp2_partB/mp2_partB.sdk/hello_world/Debug/hello_world.elf
configparams force-mem-access 0
----------------End of Script----------------

17:57:43 INFO  : Memory regions updated for context APU
17:57:43 INFO  : Context for processor 'ps7_cortexa9_0' is selected.
17:57:43 INFO  : 'con' command is executed.
17:57:43 INFO  : ----------------XSDB Script (After Launch)----------------
targets -set -nocase -filter {name =~ "ARM*#0" && jtag_cable_name =~ "Digilent Zed 210248685988"} -index 0
con
----------------End of Script----------------

17:57:43 INFO  : Launch script is exported to file '/home/thomas/mp2_partB/mp2_partB.sdk/.sdk/launch_scripts/xilinx_c-c++_application_(system_debugger)/system_debugger_using_debug_hello_world.elf_on_local.tcl'
17:57:49 ERROR : (XSDB Server)Hangup

17:59:49 INFO  : Registering command handlers for SDK TCF services
17:59:51 INFO  : Launching XSCT server: xsct -n -interactive /home/thomas/mp2_partB/mp2_partB.sdk/temp_xsdb_launch_script.tcl
17:59:53 INFO  : XSCT server has started successfully.
17:59:53 INFO  : Successfully done setting XSCT server connection channel  
17:59:53 INFO  : Successfully done setting SDK workspace  
17:59:53 INFO  : Processing command line option -hwspec /home/thomas/mp2_partB/mp2_partB.sdk/design_1_wrapper.hdf.
17:59:53 INFO  : Checking for hwspec changes in the project design_1_wrapper_hw_platform_0.
18:00:33 INFO  : Connected to target on host '127.0.0.1' and port '3121'.
18:00:52 INFO  : Connected to target on host '127.0.0.1' and port '3121'.
18:00:52 INFO  : 'targets -set -filter {jtag_cable_name =~ "Digilent Zed 210248685988" && level==0} -index 1' command is executed.
18:00:54 INFO  : FPGA configured successfully with bitstream "/home/thomas/mp2_partB/mp2_partB.sdk/design_1_wrapper_hw_platform_0/design_1_wrapper.bit"
18:01:02 INFO  : 'targets -set -filter {jtag_cable_name =~ "Digilent Zed 210248685988" && level==0} -index 1' command is executed.
18:01:02 INFO  : 'fpga -state' command is executed.
18:01:02 INFO  : Connected to target on host '127.0.0.1' and port '3121'.
18:01:02 INFO  : Jtag cable 'Digilent Zed 210248685988' is selected.
18:01:02 INFO  : 'jtag frequency' command is executed.
18:01:02 INFO  : Sourcing of '/home/thomas/mp2_partB/mp2_partB.sdk/design_1_wrapper_hw_platform_0/ps7_init.tcl' is done.
18:01:02 INFO  : Context for 'APU' is selected.
18:01:02 INFO  : Hardware design information is loaded from '/home/thomas/mp2_partB/mp2_partB.sdk/design_1_wrapper_hw_platform_0/system.hdf'.
18:01:02 INFO  : 'configparams force-mem-access 1' command is executed.
18:01:02 INFO  : Context for 'APU' is selected.
18:01:02 INFO  : 'stop' command is executed.
18:01:03 INFO  : 'ps7_init' command is executed.
18:01:03 INFO  : 'ps7_post_config' command is executed.
18:01:03 INFO  : Context for processor 'ps7_cortexa9_0' is selected.
18:01:03 INFO  : Processor reset is completed for 'ps7_cortexa9_0'.
18:01:03 INFO  : Context for processor 'ps7_cortexa9_0' is selected.
18:01:03 INFO  : The application '/home/thomas/mp2_partB/mp2_partB.sdk/hello_world/Debug/hello_world.elf' is downloaded to processor 'ps7_cortexa9_0'.
18:01:03 INFO  : 'configparams force-mem-access 0' command is executed.
18:01:03 INFO  : ----------------XSDB Script----------------
connect -url tcp:127.0.0.1:3121
source /home/thomas/mp2_partB/mp2_partB.sdk/design_1_wrapper_hw_platform_0/ps7_init.tcl
targets -set -nocase -filter {name =~"APU*" && jtag_cable_name =~ "Digilent Zed 210248685988"} -index 0
loadhw -hw /home/thomas/mp2_partB/mp2_partB.sdk/design_1_wrapper_hw_platform_0/system.hdf -mem-ranges [list {0x40000000 0xbfffffff}]
configparams force-mem-access 1
targets -set -nocase -filter {name =~"APU*" && jtag_cable_name =~ "Digilent Zed 210248685988"} -index 0
stop
ps7_init
ps7_post_config
targets -set -nocase -filter {name =~ "ARM*#0" && jtag_cable_name =~ "Digilent Zed 210248685988"} -index 0
rst -processor
targets -set -nocase -filter {name =~ "ARM*#0" && jtag_cable_name =~ "Digilent Zed 210248685988"} -index 0
dow /home/thomas/mp2_partB/mp2_partB.sdk/hello_world/Debug/hello_world.elf
configparams force-mem-access 0
----------------End of Script----------------

18:01:03 INFO  : Memory regions updated for context APU
18:01:04 INFO  : Context for processor 'ps7_cortexa9_0' is selected.
18:01:04 INFO  : 'con' command is executed.
18:01:04 INFO  : ----------------XSDB Script (After Launch)----------------
targets -set -nocase -filter {name =~ "ARM*#0" && jtag_cable_name =~ "Digilent Zed 210248685988"} -index 0
con
----------------End of Script----------------

18:01:04 INFO  : Launch script is exported to file '/home/thomas/mp2_partB/mp2_partB.sdk/.sdk/launch_scripts/xilinx_c-c++_application_(system_debugger)/system_debugger_using_debug_hello_world.elf_on_local.tcl'
18:01:18 INFO  : Disconnected from the channel tcfchan#1.
18:01:19 INFO  : 'targets -set -filter {jtag_cable_name =~ "Digilent Zed 210248685988" && level==0} -index 1' command is executed.
18:01:19 INFO  : 'fpga -state' command is executed.
18:01:19 INFO  : Connected to target on host '127.0.0.1' and port '3121'.
18:01:19 INFO  : Jtag cable 'Digilent Zed 210248685988' is selected.
18:01:19 INFO  : 'jtag frequency' command is executed.
18:01:19 INFO  : Sourcing of '/home/thomas/mp2_partB/mp2_partB.sdk/design_1_wrapper_hw_platform_0/ps7_init.tcl' is done.
18:01:19 INFO  : Context for 'APU' is selected.
18:01:21 INFO  : Hardware design information is loaded from '/home/thomas/mp2_partB/mp2_partB.sdk/design_1_wrapper_hw_platform_0/system.hdf'.
18:01:21 INFO  : 'configparams force-mem-access 1' command is executed.
18:01:21 INFO  : Context for 'APU' is selected.
18:01:21 INFO  : 'stop' command is executed.
18:01:22 INFO  : 'ps7_init' command is executed.
18:01:22 INFO  : 'ps7_post_config' command is executed.
18:01:22 INFO  : Context for processor 'ps7_cortexa9_0' is selected.
18:01:22 INFO  : Processor reset is completed for 'ps7_cortexa9_0'.
18:01:22 INFO  : Context for processor 'ps7_cortexa9_0' is selected.
18:01:23 INFO  : The application '/home/thomas/mp2_partB/mp2_partB.sdk/hello_world/Debug/hello_world.elf' is downloaded to processor 'ps7_cortexa9_0'.
18:01:23 INFO  : 'configparams force-mem-access 0' command is executed.
18:01:23 INFO  : ----------------XSDB Script----------------
connect -url tcp:127.0.0.1:3121
source /home/thomas/mp2_partB/mp2_partB.sdk/design_1_wrapper_hw_platform_0/ps7_init.tcl
targets -set -nocase -filter {name =~"APU*" && jtag_cable_name =~ "Digilent Zed 210248685988"} -index 0
loadhw -hw /home/thomas/mp2_partB/mp2_partB.sdk/design_1_wrapper_hw_platform_0/system.hdf -mem-ranges [list {0x40000000 0xbfffffff}]
configparams force-mem-access 1
targets -set -nocase -filter {name =~"APU*" && jtag_cable_name =~ "Digilent Zed 210248685988"} -index 0
stop
ps7_init
ps7_post_config
targets -set -nocase -filter {name =~ "ARM*#0" && jtag_cable_name =~ "Digilent Zed 210248685988"} -index 0
rst -processor
targets -set -nocase -filter {name =~ "ARM*#0" && jtag_cable_name =~ "Digilent Zed 210248685988"} -index 0
dow /home/thomas/mp2_partB/mp2_partB.sdk/hello_world/Debug/hello_world.elf
configparams force-mem-access 0
----------------End of Script----------------

18:01:23 INFO  : Memory regions updated for context APU
18:01:23 INFO  : Context for processor 'ps7_cortexa9_0' is selected.
18:01:23 INFO  : 'con' command is executed.
18:01:23 INFO  : ----------------XSDB Script (After Launch)----------------
targets -set -nocase -filter {name =~ "ARM*#0" && jtag_cable_name =~ "Digilent Zed 210248685988"} -index 0
con
----------------End of Script----------------

18:01:23 INFO  : Launch script is exported to file '/home/thomas/mp2_partB/mp2_partB.sdk/.sdk/launch_scripts/xilinx_c-c++_application_(system_debugger)/system_debugger_using_debug_hello_world.elf_on_local.tcl'
18:04:27 INFO  : Refreshed build settings on project hello_world
18:04:46 INFO  : Connected to target on host '127.0.0.1' and port '3121'.
18:04:47 INFO  : 'targets -set -filter {jtag_cable_name =~ "Digilent Zed 210248685988" && level==0} -index 1' command is executed.
18:04:49 INFO  : FPGA configured successfully with bitstream "/home/thomas/mp2_partB/mp2_partB.sdk/design_1_wrapper_hw_platform_0/design_1_wrapper.bit"
18:07:24 INFO  : Disconnected from the channel tcfchan#2.
18:07:25 INFO  : 'targets -set -filter {jtag_cable_name =~ "Digilent Zed 210248685988" && level==0} -index 1' command is executed.
18:07:25 INFO  : 'fpga -state' command is executed.
18:07:25 INFO  : Connected to target on host '127.0.0.1' and port '3121'.
18:07:25 INFO  : Jtag cable 'Digilent Zed 210248685988' is selected.
18:07:25 INFO  : 'jtag frequency' command is executed.
18:07:25 INFO  : Sourcing of '/home/thomas/mp2_partB/mp2_partB.sdk/design_1_wrapper_hw_platform_0/ps7_init.tcl' is done.
18:07:25 INFO  : Context for 'APU' is selected.
18:07:27 INFO  : Hardware design information is loaded from '/home/thomas/mp2_partB/mp2_partB.sdk/design_1_wrapper_hw_platform_0/system.hdf'.
18:07:27 INFO  : 'configparams force-mem-access 1' command is executed.
18:07:27 INFO  : Context for 'APU' is selected.
18:07:27 INFO  : 'stop' command is executed.
18:07:27 INFO  : 'ps7_init' command is executed.
18:07:28 INFO  : 'ps7_post_config' command is executed.
18:07:28 INFO  : Context for processor 'ps7_cortexa9_0' is selected.
18:07:28 INFO  : Processor reset is completed for 'ps7_cortexa9_0'.
18:07:28 INFO  : Context for processor 'ps7_cortexa9_0' is selected.
18:07:28 INFO  : The application '/home/thomas/mp2_partB/mp2_partB.sdk/hello_world/Debug/hello_world.elf' is downloaded to processor 'ps7_cortexa9_0'.
18:07:28 INFO  : 'configparams force-mem-access 0' command is executed.
18:07:28 INFO  : ----------------XSDB Script----------------
connect -url tcp:127.0.0.1:3121
source /home/thomas/mp2_partB/mp2_partB.sdk/design_1_wrapper_hw_platform_0/ps7_init.tcl
targets -set -nocase -filter {name =~"APU*" && jtag_cable_name =~ "Digilent Zed 210248685988"} -index 0
loadhw -hw /home/thomas/mp2_partB/mp2_partB.sdk/design_1_wrapper_hw_platform_0/system.hdf -mem-ranges [list {0x40000000 0xbfffffff}]
configparams force-mem-access 1
targets -set -nocase -filter {name =~"APU*" && jtag_cable_name =~ "Digilent Zed 210248685988"} -index 0
stop
ps7_init
ps7_post_config
targets -set -nocase -filter {name =~ "ARM*#0" && jtag_cable_name =~ "Digilent Zed 210248685988"} -index 0
rst -processor
targets -set -nocase -filter {name =~ "ARM*#0" && jtag_cable_name =~ "Digilent Zed 210248685988"} -index 0
dow /home/thomas/mp2_partB/mp2_partB.sdk/hello_world/Debug/hello_world.elf
configparams force-mem-access 0
----------------End of Script----------------

18:07:28 INFO  : Memory regions updated for context APU
18:07:28 INFO  : Context for processor 'ps7_cortexa9_0' is selected.
18:07:28 INFO  : 'con' command is executed.
18:07:28 INFO  : ----------------XSDB Script (After Launch)----------------
targets -set -nocase -filter {name =~ "ARM*#0" && jtag_cable_name =~ "Digilent Zed 210248685988"} -index 0
con
----------------End of Script----------------

18:07:28 INFO  : Launch script is exported to file '/home/thomas/mp2_partB/mp2_partB.sdk/.sdk/launch_scripts/xilinx_c-c++_application_(system_debugger)/system_debugger_using_debug_hello_world.elf_on_local.tcl'
18:07:44 INFO  : Disconnected from the channel tcfchan#3.
18:08:23 INFO  : Launching XSCT server: xsct -n -interactive /home/thomas/mp2_partB/mp2_partB.sdk/temp_xsdb_launch_script.tcl
18:08:24 INFO  : XSCT server has started successfully.
18:08:24 INFO  : Successfully done setting XSCT server connection channel  
18:08:24 INFO  : Successfully done setting SDK workspace  
18:08:30 INFO  : Registering command handlers for SDK TCF services
18:08:30 INFO  : Processing command line option -hwspec /home/thomas/mp2_partB/mp2_partB.sdk/design_1_wrapper.hdf.
18:08:32 INFO  : Checking for hwspec changes in the project design_1_wrapper_hw_platform_0.
18:09:24 INFO  : Connected to target on host '127.0.0.1' and port '3121'.
18:09:24 INFO  : 'targets -set -filter {jtag_cable_name =~ "Digilent Zed 210248685988" && level==0} -index 1' command is executed.
18:09:26 INFO  : FPGA configured successfully with bitstream "/home/thomas/mp2_partB/mp2_partB.sdk/design_1_wrapper_hw_platform_0/design_1_wrapper.bit"
18:09:33 INFO  : 'targets -set -filter {jtag_cable_name =~ "Digilent Zed 210248685988" && level==0} -index 1' command is executed.
18:09:33 INFO  : 'fpga -state' command is executed.
18:09:33 INFO  : Connected to target on host '127.0.0.1' and port '3121'.
18:09:34 INFO  : Jtag cable 'Digilent Zed 210248685988' is selected.
18:09:34 INFO  : 'jtag frequency' command is executed.
18:09:34 INFO  : Sourcing of '/home/thomas/mp2_partB/mp2_partB.sdk/design_1_wrapper_hw_platform_0/ps7_init.tcl' is done.
18:09:34 INFO  : Context for 'APU' is selected.
18:09:34 INFO  : Hardware design information is loaded from '/home/thomas/mp2_partB/mp2_partB.sdk/design_1_wrapper_hw_platform_0/system.hdf'.
18:09:34 INFO  : 'configparams force-mem-access 1' command is executed.
18:09:34 INFO  : Context for 'APU' is selected.
18:09:34 INFO  : 'stop' command is executed.
18:09:35 INFO  : 'ps7_init' command is executed.
18:09:35 INFO  : 'ps7_post_config' command is executed.
18:09:35 INFO  : Context for processor 'ps7_cortexa9_0' is selected.
18:09:35 INFO  : Processor reset is completed for 'ps7_cortexa9_0'.
18:09:35 INFO  : Context for processor 'ps7_cortexa9_0' is selected.
18:09:35 INFO  : The application '/home/thomas/mp2_partB/mp2_partB.sdk/hello_world/Debug/hello_world.elf' is downloaded to processor 'ps7_cortexa9_0'.
18:09:35 INFO  : 'configparams force-mem-access 0' command is executed.
18:09:35 INFO  : ----------------XSDB Script----------------
connect -url tcp:127.0.0.1:3121
source /home/thomas/mp2_partB/mp2_partB.sdk/design_1_wrapper_hw_platform_0/ps7_init.tcl
targets -set -nocase -filter {name =~"APU*" && jtag_cable_name =~ "Digilent Zed 210248685988"} -index 0
loadhw -hw /home/thomas/mp2_partB/mp2_partB.sdk/design_1_wrapper_hw_platform_0/system.hdf -mem-ranges [list {0x40000000 0xbfffffff}]
configparams force-mem-access 1
targets -set -nocase -filter {name =~"APU*" && jtag_cable_name =~ "Digilent Zed 210248685988"} -index 0
stop
ps7_init
ps7_post_config
targets -set -nocase -filter {name =~ "ARM*#0" && jtag_cable_name =~ "Digilent Zed 210248685988"} -index 0
rst -processor
targets -set -nocase -filter {name =~ "ARM*#0" && jtag_cable_name =~ "Digilent Zed 210248685988"} -index 0
dow /home/thomas/mp2_partB/mp2_partB.sdk/hello_world/Debug/hello_world.elf
configparams force-mem-access 0
----------------End of Script----------------

18:09:36 INFO  : Memory regions updated for context APU
18:09:36 INFO  : Context for processor 'ps7_cortexa9_0' is selected.
18:09:36 INFO  : 'con' command is executed.
18:09:36 INFO  : ----------------XSDB Script (After Launch)----------------
targets -set -nocase -filter {name =~ "ARM*#0" && jtag_cable_name =~ "Digilent Zed 210248685988"} -index 0
con
----------------End of Script----------------

18:09:36 INFO  : Launch script is exported to file '/home/thomas/mp2_partB/mp2_partB.sdk/.sdk/launch_scripts/xilinx_c-c++_application_(system_debugger)/system_debugger_using_debug_hello_world.elf_on_local.tcl'
18:10:19 INFO  : No changes in MSS file content so not generating sources.
18:10:39 INFO  : Disconnected from the channel tcfchan#1.
18:10:40 INFO  : 'targets -set -filter {jtag_cable_name =~ "Digilent Zed 210248685988" && level==0} -index 1' command is executed.
18:10:40 INFO  : 'fpga -state' command is executed.
18:10:40 INFO  : Connected to target on host '127.0.0.1' and port '3121'.
18:10:40 INFO  : Jtag cable 'Digilent Zed 210248685988' is selected.
18:10:40 INFO  : 'jtag frequency' command is executed.
18:10:41 INFO  : Sourcing of '/home/thomas/mp2_partB/mp2_partB.sdk/design_1_wrapper_hw_platform_0/ps7_init.tcl' is done.
18:10:41 INFO  : Context for 'APU' is selected.
18:10:42 INFO  : Hardware design information is loaded from '/home/thomas/mp2_partB/mp2_partB.sdk/design_1_wrapper_hw_platform_0/system.hdf'.
18:10:42 INFO  : 'configparams force-mem-access 1' command is executed.
18:10:42 INFO  : Context for 'APU' is selected.
18:10:43 INFO  : 'stop' command is executed.
18:10:43 INFO  : 'ps7_init' command is executed.
18:10:43 INFO  : 'ps7_post_config' command is executed.
18:10:43 INFO  : Context for processor 'ps7_cortexa9_0' is selected.
18:10:43 INFO  : Processor reset is completed for 'ps7_cortexa9_0'.
18:10:44 INFO  : Context for processor 'ps7_cortexa9_0' is selected.
18:10:44 INFO  : The application '/home/thomas/mp2_partB/mp2_partB.sdk/hello_world/Debug/hello_world.elf' is downloaded to processor 'ps7_cortexa9_0'.
18:10:44 INFO  : 'configparams force-mem-access 0' command is executed.
18:10:44 INFO  : ----------------XSDB Script----------------
connect -url tcp:127.0.0.1:3121
source /home/thomas/mp2_partB/mp2_partB.sdk/design_1_wrapper_hw_platform_0/ps7_init.tcl
targets -set -nocase -filter {name =~"APU*" && jtag_cable_name =~ "Digilent Zed 210248685988"} -index 0
loadhw -hw /home/thomas/mp2_partB/mp2_partB.sdk/design_1_wrapper_hw_platform_0/system.hdf -mem-ranges [list {0x40000000 0xbfffffff}]
configparams force-mem-access 1
targets -set -nocase -filter {name =~"APU*" && jtag_cable_name =~ "Digilent Zed 210248685988"} -index 0
stop
ps7_init
ps7_post_config
targets -set -nocase -filter {name =~ "ARM*#0" && jtag_cable_name =~ "Digilent Zed 210248685988"} -index 0
rst -processor
targets -set -nocase -filter {name =~ "ARM*#0" && jtag_cable_name =~ "Digilent Zed 210248685988"} -index 0
dow /home/thomas/mp2_partB/mp2_partB.sdk/hello_world/Debug/hello_world.elf
configparams force-mem-access 0
----------------End of Script----------------

18:10:44 INFO  : Memory regions updated for context APU
18:10:44 INFO  : Context for processor 'ps7_cortexa9_0' is selected.
18:10:44 INFO  : 'con' command is executed.
18:10:44 INFO  : ----------------XSDB Script (After Launch)----------------
targets -set -nocase -filter {name =~ "ARM*#0" && jtag_cable_name =~ "Digilent Zed 210248685988"} -index 0
con
----------------End of Script----------------

18:10:44 INFO  : Launch script is exported to file '/home/thomas/mp2_partB/mp2_partB.sdk/.sdk/launch_scripts/xilinx_c-c++_application_(system_debugger)/system_debugger_using_debug_hello_world.elf_on_local.tcl'
18:37:43 INFO  : Disconnected from the channel tcfchan#2.
18:56:09 INFO  : Launching XSCT server: xsct -n -interactive /home/thomas/mp2_partB/mp2_partB.sdk/temp_xsdb_launch_script.tcl
18:56:10 INFO  : XSCT server has started successfully.
18:56:10 INFO  : Successfully done setting XSCT server connection channel  
18:56:10 INFO  : Successfully done setting SDK workspace  
18:56:16 INFO  : Registering command handlers for SDK TCF services
18:56:16 INFO  : Processing command line option -hwspec /home/thomas/mp2_partB/mp2_partB.sdk/design_1_wrapper.hdf.
18:56:18 INFO  : Checking for hwspec changes in the project design_1_wrapper_hw_platform_0.
18:56:18 INFO  : SDK has detected change in the last modified timestamps for source hardware specification file Source:1537832874000,  Project:1537829357000
18:56:18 INFO  : The hardware specification for project 'design_1_wrapper_hw_platform_0' is different from /home/thomas/mp2_partB/mp2_partB.sdk/design_1_wrapper.hdf.
18:56:18 INFO  : Copied contents of /home/thomas/mp2_partB/mp2_partB.sdk/design_1_wrapper.hdf into /design_1_wrapper_hw_platform_0/system.hdf.
18:56:21 INFO  : Synchronizing projects in the workspace with the hardware platform specification changes.
18:56:23 INFO  : 
18:56:25 INFO  : Updating hardware inferred compiler options for hello_world.
18:56:25 INFO  : Clearing existing target manager status.
18:56:28 INFO  : Closing and re-opening the MSS file of ther project hello_world_bsp
18:57:49 INFO  : Connected to target on host '127.0.0.1' and port '3121'.
18:57:49 INFO  : 'targets -set -filter {jtag_cable_name =~ "Digilent Zed 210248685988" && level==0} -index 1' command is executed.
18:57:52 INFO  : FPGA configured successfully with bitstream "/home/thomas/mp2_partB/mp2_partB.sdk/design_1_wrapper_hw_platform_0/design_1_wrapper.bit"
18:58:21 INFO  : 'targets -set -filter {jtag_cable_name =~ "Digilent Zed 210248685988" && level==0} -index 1' command is executed.
18:58:21 INFO  : 'fpga -state' command is executed.
18:58:21 INFO  : Connected to target on host '127.0.0.1' and port '3121'.
18:58:21 INFO  : Jtag cable 'Digilent Zed 210248685988' is selected.
18:58:21 INFO  : 'jtag frequency' command is executed.
18:58:21 INFO  : Sourcing of '/home/thomas/mp2_partB/mp2_partB.sdk/design_1_wrapper_hw_platform_0/ps7_init.tcl' is done.
18:58:21 INFO  : Context for 'APU' is selected.
18:58:22 INFO  : Hardware design information is loaded from '/home/thomas/mp2_partB/mp2_partB.sdk/design_1_wrapper_hw_platform_0/system.hdf'.
18:58:22 INFO  : 'configparams force-mem-access 1' command is executed.
18:58:22 INFO  : Context for 'APU' is selected.
18:58:22 INFO  : 'stop' command is executed.
18:58:22 INFO  : 'ps7_init' command is executed.
18:58:22 INFO  : 'ps7_post_config' command is executed.
18:58:22 INFO  : Context for processor 'ps7_cortexa9_0' is selected.
18:58:22 INFO  : Processor reset is completed for 'ps7_cortexa9_0'.
18:58:23 INFO  : Context for processor 'ps7_cortexa9_0' is selected.
18:58:23 INFO  : The application '/home/thomas/mp2_partB/mp2_partB.sdk/hello_world/Debug/hello_world.elf' is downloaded to processor 'ps7_cortexa9_0'.
18:58:23 INFO  : 'configparams force-mem-access 0' command is executed.
18:58:23 INFO  : ----------------XSDB Script----------------
connect -url tcp:127.0.0.1:3121
source /home/thomas/mp2_partB/mp2_partB.sdk/design_1_wrapper_hw_platform_0/ps7_init.tcl
targets -set -nocase -filter {name =~"APU*" && jtag_cable_name =~ "Digilent Zed 210248685988"} -index 0
loadhw -hw /home/thomas/mp2_partB/mp2_partB.sdk/design_1_wrapper_hw_platform_0/system.hdf -mem-ranges [list {0x40000000 0xbfffffff}]
configparams force-mem-access 1
targets -set -nocase -filter {name =~"APU*" && jtag_cable_name =~ "Digilent Zed 210248685988"} -index 0
stop
ps7_init
ps7_post_config
targets -set -nocase -filter {name =~ "ARM*#0" && jtag_cable_name =~ "Digilent Zed 210248685988"} -index 0
rst -processor
targets -set -nocase -filter {name =~ "ARM*#0" && jtag_cable_name =~ "Digilent Zed 210248685988"} -index 0
dow /home/thomas/mp2_partB/mp2_partB.sdk/hello_world/Debug/hello_world.elf
configparams force-mem-access 0
----------------End of Script----------------

18:58:23 INFO  : Memory regions updated for context APU
18:58:23 INFO  : Context for processor 'ps7_cortexa9_0' is selected.
18:58:23 INFO  : 'con' command is executed.
18:58:23 INFO  : ----------------XSDB Script (After Launch)----------------
targets -set -nocase -filter {name =~ "ARM*#0" && jtag_cable_name =~ "Digilent Zed 210248685988"} -index 0
con
----------------End of Script----------------

18:58:23 INFO  : Launch script is exported to file '/home/thomas/mp2_partB/mp2_partB.sdk/.sdk/launch_scripts/xilinx_c-c++_application_(system_debugger)/system_debugger_using_debug_hello_world.elf_on_local.tcl'
18:58:35 INFO  : Disconnected from the channel tcfchan#1.
18:58:36 INFO  : 'targets -set -filter {jtag_cable_name =~ "Digilent Zed 210248685988" && level==0} -index 1' command is executed.
18:58:36 INFO  : 'fpga -state' command is executed.
18:58:36 INFO  : Connected to target on host '127.0.0.1' and port '3121'.
18:58:36 INFO  : Jtag cable 'Digilent Zed 210248685988' is selected.
18:58:36 INFO  : 'jtag frequency' command is executed.
18:58:36 INFO  : Sourcing of '/home/thomas/mp2_partB/mp2_partB.sdk/design_1_wrapper_hw_platform_0/ps7_init.tcl' is done.
18:58:36 INFO  : Context for 'APU' is selected.
18:58:38 INFO  : Hardware design information is loaded from '/home/thomas/mp2_partB/mp2_partB.sdk/design_1_wrapper_hw_platform_0/system.hdf'.
18:58:38 INFO  : 'configparams force-mem-access 1' command is executed.
18:58:38 INFO  : Context for 'APU' is selected.
18:58:38 INFO  : 'stop' command is executed.
18:58:39 INFO  : 'ps7_init' command is executed.
18:58:39 INFO  : 'ps7_post_config' command is executed.
18:58:39 INFO  : Context for processor 'ps7_cortexa9_0' is selected.
18:58:39 INFO  : Processor reset is completed for 'ps7_cortexa9_0'.
18:58:39 INFO  : Context for processor 'ps7_cortexa9_0' is selected.
18:58:39 INFO  : The application '/home/thomas/mp2_partB/mp2_partB.sdk/hello_world/Debug/hello_world.elf' is downloaded to processor 'ps7_cortexa9_0'.
18:58:39 INFO  : 'configparams force-mem-access 0' command is executed.
18:58:39 INFO  : ----------------XSDB Script----------------
connect -url tcp:127.0.0.1:3121
source /home/thomas/mp2_partB/mp2_partB.sdk/design_1_wrapper_hw_platform_0/ps7_init.tcl
targets -set -nocase -filter {name =~"APU*" && jtag_cable_name =~ "Digilent Zed 210248685988"} -index 0
loadhw -hw /home/thomas/mp2_partB/mp2_partB.sdk/design_1_wrapper_hw_platform_0/system.hdf -mem-ranges [list {0x40000000 0xbfffffff}]
configparams force-mem-access 1
targets -set -nocase -filter {name =~"APU*" && jtag_cable_name =~ "Digilent Zed 210248685988"} -index 0
stop
ps7_init
ps7_post_config
targets -set -nocase -filter {name =~ "ARM*#0" && jtag_cable_name =~ "Digilent Zed 210248685988"} -index 0
rst -processor
targets -set -nocase -filter {name =~ "ARM*#0" && jtag_cable_name =~ "Digilent Zed 210248685988"} -index 0
dow /home/thomas/mp2_partB/mp2_partB.sdk/hello_world/Debug/hello_world.elf
configparams force-mem-access 0
----------------End of Script----------------

18:58:40 INFO  : Memory regions updated for context APU
18:58:40 INFO  : Context for processor 'ps7_cortexa9_0' is selected.
18:58:40 INFO  : 'con' command is executed.
18:58:40 INFO  : ----------------XSDB Script (After Launch)----------------
targets -set -nocase -filter {name =~ "ARM*#0" && jtag_cable_name =~ "Digilent Zed 210248685988"} -index 0
con
----------------End of Script----------------

18:58:40 INFO  : Launch script is exported to file '/home/thomas/mp2_partB/mp2_partB.sdk/.sdk/launch_scripts/xilinx_c-c++_application_(system_debugger)/system_debugger_using_debug_hello_world.elf_on_local.tcl'
18:59:25 INFO  : Disconnected from the channel tcfchan#2.
18:59:26 INFO  : 'targets -set -filter {jtag_cable_name =~ "Digilent Zed 210248685988" && level==0} -index 1' command is executed.
18:59:26 INFO  : 'fpga -state' command is executed.
18:59:26 INFO  : Connected to target on host '127.0.0.1' and port '3121'.
18:59:26 INFO  : Jtag cable 'Digilent Zed 210248685988' is selected.
18:59:26 INFO  : 'jtag frequency' command is executed.
18:59:26 INFO  : Sourcing of '/home/thomas/mp2_partB/mp2_partB.sdk/design_1_wrapper_hw_platform_0/ps7_init.tcl' is done.
18:59:26 INFO  : Context for 'APU' is selected.
18:59:26 INFO  : Hardware design information is loaded from '/home/thomas/mp2_partB/mp2_partB.sdk/design_1_wrapper_hw_platform_0/system.hdf'.
18:59:26 INFO  : 'configparams force-mem-access 1' command is executed.
18:59:26 INFO  : Context for 'APU' is selected.
18:59:26 INFO  : 'stop' command is executed.
18:59:27 INFO  : 'ps7_init' command is executed.
18:59:27 INFO  : 'ps7_post_config' command is executed.
18:59:27 INFO  : Context for processor 'ps7_cortexa9_0' is selected.
18:59:27 INFO  : Processor reset is completed for 'ps7_cortexa9_0'.
18:59:27 INFO  : Context for processor 'ps7_cortexa9_0' is selected.
18:59:28 INFO  : The application '/home/thomas/mp2_partB/mp2_partB.sdk/hello_world/Debug/hello_world.elf' is downloaded to processor 'ps7_cortexa9_0'.
18:59:28 INFO  : 'configparams force-mem-access 0' command is executed.
18:59:28 INFO  : ----------------XSDB Script----------------
connect -url tcp:127.0.0.1:3121
source /home/thomas/mp2_partB/mp2_partB.sdk/design_1_wrapper_hw_platform_0/ps7_init.tcl
targets -set -nocase -filter {name =~"APU*" && jtag_cable_name =~ "Digilent Zed 210248685988"} -index 0
loadhw -hw /home/thomas/mp2_partB/mp2_partB.sdk/design_1_wrapper_hw_platform_0/system.hdf -mem-ranges [list {0x40000000 0xbfffffff}]
configparams force-mem-access 1
targets -set -nocase -filter {name =~"APU*" && jtag_cable_name =~ "Digilent Zed 210248685988"} -index 0
stop
ps7_init
ps7_post_config
targets -set -nocase -filter {name =~ "ARM*#0" && jtag_cable_name =~ "Digilent Zed 210248685988"} -index 0
rst -processor
targets -set -nocase -filter {name =~ "ARM*#0" && jtag_cable_name =~ "Digilent Zed 210248685988"} -index 0
dow /home/thomas/mp2_partB/mp2_partB.sdk/hello_world/Debug/hello_world.elf
configparams force-mem-access 0
----------------End of Script----------------

18:59:28 INFO  : Memory regions updated for context APU
18:59:28 INFO  : Context for processor 'ps7_cortexa9_0' is selected.
18:59:28 INFO  : 'con' command is executed.
18:59:28 INFO  : ----------------XSDB Script (After Launch)----------------
targets -set -nocase -filter {name =~ "ARM*#0" && jtag_cable_name =~ "Digilent Zed 210248685988"} -index 0
con
----------------End of Script----------------

18:59:28 INFO  : Launch script is exported to file '/home/thomas/mp2_partB/mp2_partB.sdk/.sdk/launch_scripts/xilinx_c-c++_application_(system_debugger)/system_debugger_using_debug_hello_world.elf_on_local.tcl'
18:59:38 INFO  : Connected to target on host '127.0.0.1' and port '3121'.
18:59:38 INFO  : 'targets -set -filter {jtag_cable_name =~ "Digilent Zed 210248685988" && level==0} -index 1' command is executed.
18:59:41 INFO  : FPGA configured successfully with bitstream "/home/thomas/mp2_partB/mp2_partB.sdk/design_1_wrapper_hw_platform_0/design_1_wrapper.bit"
19:01:28 INFO  : Disconnected from the channel tcfchan#3.
19:01:30 INFO  : 'targets -set -filter {jtag_cable_name =~ "Digilent Zed 210248685988" && level==0} -index 1' command is executed.
19:01:30 INFO  : 'fpga -state' command is executed.
19:01:30 INFO  : Connected to target on host '127.0.0.1' and port '3121'.
19:01:30 INFO  : Jtag cable 'Digilent Zed 210248685988' is selected.
19:01:30 INFO  : 'jtag frequency' command is executed.
19:01:30 INFO  : Sourcing of '/home/thomas/mp2_partB/mp2_partB.sdk/design_1_wrapper_hw_platform_0/ps7_init.tcl' is done.
19:01:30 INFO  : Context for 'APU' is selected.
19:01:30 INFO  : Hardware design information is loaded from '/home/thomas/mp2_partB/mp2_partB.sdk/design_1_wrapper_hw_platform_0/system.hdf'.
19:01:30 INFO  : 'configparams force-mem-access 1' command is executed.
19:01:30 INFO  : Context for 'APU' is selected.
19:01:30 INFO  : 'stop' command is executed.
19:01:31 INFO  : 'ps7_init' command is executed.
19:01:31 INFO  : 'ps7_post_config' command is executed.
19:01:31 INFO  : Context for processor 'ps7_cortexa9_0' is selected.
19:01:31 INFO  : Processor reset is completed for 'ps7_cortexa9_0'.
19:01:31 INFO  : Context for processor 'ps7_cortexa9_0' is selected.
19:01:31 INFO  : The application '/home/thomas/mp2_partB/mp2_partB.sdk/hello_world/Debug/hello_world.elf' is downloaded to processor 'ps7_cortexa9_0'.
19:01:31 INFO  : 'configparams force-mem-access 0' command is executed.
19:01:31 INFO  : ----------------XSDB Script----------------
connect -url tcp:127.0.0.1:3121
source /home/thomas/mp2_partB/mp2_partB.sdk/design_1_wrapper_hw_platform_0/ps7_init.tcl
targets -set -nocase -filter {name =~"APU*" && jtag_cable_name =~ "Digilent Zed 210248685988"} -index 0
loadhw -hw /home/thomas/mp2_partB/mp2_partB.sdk/design_1_wrapper_hw_platform_0/system.hdf -mem-ranges [list {0x40000000 0xbfffffff}]
configparams force-mem-access 1
targets -set -nocase -filter {name =~"APU*" && jtag_cable_name =~ "Digilent Zed 210248685988"} -index 0
stop
ps7_init
ps7_post_config
targets -set -nocase -filter {name =~ "ARM*#0" && jtag_cable_name =~ "Digilent Zed 210248685988"} -index 0
rst -processor
targets -set -nocase -filter {name =~ "ARM*#0" && jtag_cable_name =~ "Digilent Zed 210248685988"} -index 0
dow /home/thomas/mp2_partB/mp2_partB.sdk/hello_world/Debug/hello_world.elf
configparams force-mem-access 0
----------------End of Script----------------

19:01:31 INFO  : Memory regions updated for context APU
19:01:31 INFO  : Context for processor 'ps7_cortexa9_0' is selected.
19:01:31 INFO  : 'con' command is executed.
19:01:31 INFO  : ----------------XSDB Script (After Launch)----------------
targets -set -nocase -filter {name =~ "ARM*#0" && jtag_cable_name =~ "Digilent Zed 210248685988"} -index 0
con
----------------End of Script----------------

19:01:31 INFO  : Launch script is exported to file '/home/thomas/mp2_partB/mp2_partB.sdk/.sdk/launch_scripts/xilinx_c-c++_application_(system_debugger)/system_debugger_using_debug_hello_world.elf_on_local.tcl'
19:02:01 INFO  : Connected to target on host '127.0.0.1' and port '3121'.
19:02:02 INFO  : 'targets -set -filter {jtag_cable_name =~ "Digilent Zed 210248685988" && level==0} -index 1' command is executed.
19:02:04 INFO  : FPGA configured successfully with bitstream "/home/thomas/mp2_partB/mp2_partB.sdk/design_1_wrapper_hw_platform_0/design_1_wrapper.bit"
19:02:19 INFO  : Disconnected from the channel tcfchan#4.
19:02:20 INFO  : 'targets -set -filter {jtag_cable_name =~ "Digilent Zed 210248685988" && level==0} -index 1' command is executed.
19:02:20 INFO  : 'fpga -state' command is executed.
19:02:20 INFO  : Connected to target on host '127.0.0.1' and port '3121'.
19:02:21 INFO  : Jtag cable 'Digilent Zed 210248685988' is selected.
19:02:21 INFO  : 'jtag frequency' command is executed.
19:02:21 INFO  : Sourcing of '/home/thomas/mp2_partB/mp2_partB.sdk/design_1_wrapper_hw_platform_0/ps7_init.tcl' is done.
19:02:21 INFO  : Context for 'APU' is selected.
19:02:21 INFO  : Hardware design information is loaded from '/home/thomas/mp2_partB/mp2_partB.sdk/design_1_wrapper_hw_platform_0/system.hdf'.
19:02:21 INFO  : 'configparams force-mem-access 1' command is executed.
19:02:21 INFO  : Context for 'APU' is selected.
19:02:21 INFO  : 'stop' command is executed.
19:02:21 INFO  : 'ps7_init' command is executed.
19:02:21 INFO  : 'ps7_post_config' command is executed.
19:02:21 INFO  : Context for processor 'ps7_cortexa9_0' is selected.
19:02:21 INFO  : Processor reset is completed for 'ps7_cortexa9_0'.
19:02:21 INFO  : Context for processor 'ps7_cortexa9_0' is selected.
19:02:22 INFO  : The application '/home/thomas/mp2_partB/mp2_partB.sdk/hello_world/Debug/hello_world.elf' is downloaded to processor 'ps7_cortexa9_0'.
19:02:22 INFO  : 'configparams force-mem-access 0' command is executed.
19:02:22 INFO  : ----------------XSDB Script----------------
connect -url tcp:127.0.0.1:3121
source /home/thomas/mp2_partB/mp2_partB.sdk/design_1_wrapper_hw_platform_0/ps7_init.tcl
targets -set -nocase -filter {name =~"APU*" && jtag_cable_name =~ "Digilent Zed 210248685988"} -index 0
loadhw -hw /home/thomas/mp2_partB/mp2_partB.sdk/design_1_wrapper_hw_platform_0/system.hdf -mem-ranges [list {0x40000000 0xbfffffff}]
configparams force-mem-access 1
targets -set -nocase -filter {name =~"APU*" && jtag_cable_name =~ "Digilent Zed 210248685988"} -index 0
stop
ps7_init
ps7_post_config
targets -set -nocase -filter {name =~ "ARM*#0" && jtag_cable_name =~ "Digilent Zed 210248685988"} -index 0
rst -processor
targets -set -nocase -filter {name =~ "ARM*#0" && jtag_cable_name =~ "Digilent Zed 210248685988"} -index 0
dow /home/thomas/mp2_partB/mp2_partB.sdk/hello_world/Debug/hello_world.elf
configparams force-mem-access 0
----------------End of Script----------------

19:02:22 INFO  : Memory regions updated for context APU
19:02:22 INFO  : Context for processor 'ps7_cortexa9_0' is selected.
19:02:22 INFO  : 'con' command is executed.
19:02:22 INFO  : ----------------XSDB Script (After Launch)----------------
targets -set -nocase -filter {name =~ "ARM*#0" && jtag_cable_name =~ "Digilent Zed 210248685988"} -index 0
con
----------------End of Script----------------

19:02:22 INFO  : Launch script is exported to file '/home/thomas/mp2_partB/mp2_partB.sdk/.sdk/launch_scripts/xilinx_c-c++_application_(system_debugger)/system_debugger_using_debug_hello_world.elf_on_local.tcl'
19:12:57 INFO  : Disconnected from the channel tcfchan#5.
19:12:59 INFO  : 'targets -set -filter {jtag_cable_name =~ "Digilent Zed 210248685988" && level==0} -index 1' command is executed.
19:12:59 INFO  : 'fpga -state' command is executed.
19:12:59 INFO  : Connected to target on host '127.0.0.1' and port '3121'.
19:12:59 INFO  : Jtag cable 'Digilent Zed 210248685988' is selected.
19:12:59 INFO  : 'jtag frequency' command is executed.
19:12:59 INFO  : Sourcing of '/home/thomas/mp2_partB/mp2_partB.sdk/design_1_wrapper_hw_platform_0/ps7_init.tcl' is done.
19:12:59 INFO  : Context for 'APU' is selected.
19:12:59 INFO  : Hardware design information is loaded from '/home/thomas/mp2_partB/mp2_partB.sdk/design_1_wrapper_hw_platform_0/system.hdf'.
19:12:59 INFO  : 'configparams force-mem-access 1' command is executed.
19:12:59 INFO  : Context for 'APU' is selected.
19:12:59 INFO  : 'stop' command is executed.
19:13:00 INFO  : 'ps7_init' command is executed.
19:13:00 INFO  : 'ps7_post_config' command is executed.
19:13:00 INFO  : Context for processor 'ps7_cortexa9_0' is selected.
19:13:00 INFO  : Processor reset is completed for 'ps7_cortexa9_0'.
19:13:00 INFO  : Context for processor 'ps7_cortexa9_0' is selected.
19:13:00 INFO  : The application '/home/thomas/mp2_partB/mp2_partB.sdk/hello_world/Debug/hello_world.elf' is downloaded to processor 'ps7_cortexa9_0'.
19:13:00 INFO  : 'configparams force-mem-access 0' command is executed.
19:13:00 INFO  : ----------------XSDB Script----------------
connect -url tcp:127.0.0.1:3121
source /home/thomas/mp2_partB/mp2_partB.sdk/design_1_wrapper_hw_platform_0/ps7_init.tcl
targets -set -nocase -filter {name =~"APU*" && jtag_cable_name =~ "Digilent Zed 210248685988"} -index 0
loadhw -hw /home/thomas/mp2_partB/mp2_partB.sdk/design_1_wrapper_hw_platform_0/system.hdf -mem-ranges [list {0x40000000 0xbfffffff}]
configparams force-mem-access 1
targets -set -nocase -filter {name =~"APU*" && jtag_cable_name =~ "Digilent Zed 210248685988"} -index 0
stop
ps7_init
ps7_post_config
targets -set -nocase -filter {name =~ "ARM*#0" && jtag_cable_name =~ "Digilent Zed 210248685988"} -index 0
rst -processor
targets -set -nocase -filter {name =~ "ARM*#0" && jtag_cable_name =~ "Digilent Zed 210248685988"} -index 0
dow /home/thomas/mp2_partB/mp2_partB.sdk/hello_world/Debug/hello_world.elf
configparams force-mem-access 0
----------------End of Script----------------

19:13:00 INFO  : Memory regions updated for context APU
19:13:00 INFO  : Context for processor 'ps7_cortexa9_0' is selected.
19:13:00 INFO  : 'con' command is executed.
19:13:00 INFO  : ----------------XSDB Script (After Launch)----------------
targets -set -nocase -filter {name =~ "ARM*#0" && jtag_cable_name =~ "Digilent Zed 210248685988"} -index 0
con
----------------End of Script----------------

19:13:00 INFO  : Launch script is exported to file '/home/thomas/mp2_partB/mp2_partB.sdk/.sdk/launch_scripts/xilinx_c-c++_application_(system_debugger)/system_debugger_using_debug_hello_world.elf_on_local.tcl'
19:13:42 INFO  : Refreshed build settings on project hello_world
19:14:32 INFO  : Connected to target on host '127.0.0.1' and port '3121'.
19:14:32 INFO  : 'targets -set -filter {jtag_cable_name =~ "Digilent Zed 210248685988" && level==0} -index 1' command is executed.
19:14:34 INFO  : FPGA configured successfully with bitstream "/home/thomas/mp2_partB/mp2_partB.sdk/design_1_wrapper_hw_platform_0/design_1_wrapper.bit"
19:14:41 INFO  : Disconnected from the channel tcfchan#6.
19:14:42 INFO  : 'targets -set -filter {jtag_cable_name =~ "Digilent Zed 210248685988" && level==0} -index 1' command is executed.
19:14:42 INFO  : 'fpga -state' command is executed.
19:14:42 INFO  : Connected to target on host '127.0.0.1' and port '3121'.
19:14:42 INFO  : Jtag cable 'Digilent Zed 210248685988' is selected.
19:14:42 INFO  : 'jtag frequency' command is executed.
19:14:42 INFO  : Sourcing of '/home/thomas/mp2_partB/mp2_partB.sdk/design_1_wrapper_hw_platform_0/ps7_init.tcl' is done.
19:14:42 INFO  : Context for 'APU' is selected.
19:14:42 INFO  : Hardware design information is loaded from '/home/thomas/mp2_partB/mp2_partB.sdk/design_1_wrapper_hw_platform_0/system.hdf'.
19:14:42 INFO  : 'configparams force-mem-access 1' command is executed.
19:14:43 INFO  : Context for 'APU' is selected.
19:14:43 INFO  : 'stop' command is executed.
19:14:43 INFO  : 'ps7_init' command is executed.
19:14:43 INFO  : 'ps7_post_config' command is executed.
19:14:43 INFO  : Context for processor 'ps7_cortexa9_0' is selected.
19:14:43 INFO  : Processor reset is completed for 'ps7_cortexa9_0'.
19:14:43 INFO  : Context for processor 'ps7_cortexa9_0' is selected.
19:14:44 INFO  : The application '/home/thomas/mp2_partB/mp2_partB.sdk/hello_world/Debug/hello_world.elf' is downloaded to processor 'ps7_cortexa9_0'.
19:14:44 INFO  : 'configparams force-mem-access 0' command is executed.
19:14:44 INFO  : ----------------XSDB Script----------------
connect -url tcp:127.0.0.1:3121
source /home/thomas/mp2_partB/mp2_partB.sdk/design_1_wrapper_hw_platform_0/ps7_init.tcl
targets -set -nocase -filter {name =~"APU*" && jtag_cable_name =~ "Digilent Zed 210248685988"} -index 0
loadhw -hw /home/thomas/mp2_partB/mp2_partB.sdk/design_1_wrapper_hw_platform_0/system.hdf -mem-ranges [list {0x40000000 0xbfffffff}]
configparams force-mem-access 1
targets -set -nocase -filter {name =~"APU*" && jtag_cable_name =~ "Digilent Zed 210248685988"} -index 0
stop
ps7_init
ps7_post_config
targets -set -nocase -filter {name =~ "ARM*#0" && jtag_cable_name =~ "Digilent Zed 210248685988"} -index 0
rst -processor
targets -set -nocase -filter {name =~ "ARM*#0" && jtag_cable_name =~ "Digilent Zed 210248685988"} -index 0
dow /home/thomas/mp2_partB/mp2_partB.sdk/hello_world/Debug/hello_world.elf
configparams force-mem-access 0
----------------End of Script----------------

19:14:44 INFO  : Memory regions updated for context APU
19:14:44 INFO  : Context for processor 'ps7_cortexa9_0' is selected.
19:14:44 INFO  : 'con' command is executed.
19:14:44 INFO  : ----------------XSDB Script (After Launch)----------------
targets -set -nocase -filter {name =~ "ARM*#0" && jtag_cable_name =~ "Digilent Zed 210248685988"} -index 0
con
----------------End of Script----------------

19:14:44 INFO  : Launch script is exported to file '/home/thomas/mp2_partB/mp2_partB.sdk/.sdk/launch_scripts/xilinx_c-c++_application_(system_debugger)/system_debugger_using_debug_hello_world.elf_on_local.tcl'
19:17:58 INFO  : Disconnected from the channel tcfchan#7.
19:17:59 INFO  : 'targets -set -filter {jtag_cable_name =~ "Digilent Zed 210248685988" && level==0} -index 1' command is executed.
19:17:59 INFO  : 'fpga -state' command is executed.
19:17:59 INFO  : Connected to target on host '127.0.0.1' and port '3121'.
19:17:59 INFO  : Jtag cable 'Digilent Zed 210248685988' is selected.
19:17:59 INFO  : 'jtag frequency' command is executed.
19:17:59 INFO  : Sourcing of '/home/thomas/mp2_partB/mp2_partB.sdk/design_1_wrapper_hw_platform_0/ps7_init.tcl' is done.
19:17:59 INFO  : Context for 'APU' is selected.
19:17:59 INFO  : Hardware design information is loaded from '/home/thomas/mp2_partB/mp2_partB.sdk/design_1_wrapper_hw_platform_0/system.hdf'.
19:17:59 INFO  : 'configparams force-mem-access 1' command is executed.
19:17:59 INFO  : Context for 'APU' is selected.
19:17:59 INFO  : 'stop' command is executed.
19:18:00 INFO  : 'ps7_init' command is executed.
19:18:00 INFO  : 'ps7_post_config' command is executed.
19:18:00 INFO  : Context for processor 'ps7_cortexa9_0' is selected.
19:18:00 INFO  : Processor reset is completed for 'ps7_cortexa9_0'.
19:18:00 INFO  : Context for processor 'ps7_cortexa9_0' is selected.
19:18:00 INFO  : The application '/home/thomas/mp2_partB/mp2_partB.sdk/hello_world/Debug/hello_world.elf' is downloaded to processor 'ps7_cortexa9_0'.
19:18:00 INFO  : 'configparams force-mem-access 0' command is executed.
19:18:00 INFO  : ----------------XSDB Script----------------
connect -url tcp:127.0.0.1:3121
source /home/thomas/mp2_partB/mp2_partB.sdk/design_1_wrapper_hw_platform_0/ps7_init.tcl
targets -set -nocase -filter {name =~"APU*" && jtag_cable_name =~ "Digilent Zed 210248685988"} -index 0
loadhw -hw /home/thomas/mp2_partB/mp2_partB.sdk/design_1_wrapper_hw_platform_0/system.hdf -mem-ranges [list {0x40000000 0xbfffffff}]
configparams force-mem-access 1
targets -set -nocase -filter {name =~"APU*" && jtag_cable_name =~ "Digilent Zed 210248685988"} -index 0
stop
ps7_init
ps7_post_config
targets -set -nocase -filter {name =~ "ARM*#0" && jtag_cable_name =~ "Digilent Zed 210248685988"} -index 0
rst -processor
targets -set -nocase -filter {name =~ "ARM*#0" && jtag_cable_name =~ "Digilent Zed 210248685988"} -index 0
dow /home/thomas/mp2_partB/mp2_partB.sdk/hello_world/Debug/hello_world.elf
configparams force-mem-access 0
----------------End of Script----------------

19:18:00 INFO  : Memory regions updated for context APU
19:18:00 INFO  : Context for processor 'ps7_cortexa9_0' is selected.
19:18:00 INFO  : 'con' command is executed.
19:18:00 INFO  : ----------------XSDB Script (After Launch)----------------
targets -set -nocase -filter {name =~ "ARM*#0" && jtag_cable_name =~ "Digilent Zed 210248685988"} -index 0
con
----------------End of Script----------------

19:18:00 INFO  : Launch script is exported to file '/home/thomas/mp2_partB/mp2_partB.sdk/.sdk/launch_scripts/xilinx_c-c++_application_(system_debugger)/system_debugger_using_debug_hello_world.elf_on_local.tcl'
19:20:13 INFO  : Disconnected from the channel tcfchan#8.
19:20:14 INFO  : 'targets -set -filter {jtag_cable_name =~ "Digilent Zed 210248685988" && level==0} -index 1' command is executed.
19:20:15 INFO  : 'fpga -state' command is executed.
19:20:15 INFO  : Connected to target on host '127.0.0.1' and port '3121'.
19:20:15 INFO  : Jtag cable 'Digilent Zed 210248685988' is selected.
19:20:15 INFO  : 'jtag frequency' command is executed.
19:20:15 INFO  : Sourcing of '/home/thomas/mp2_partB/mp2_partB.sdk/design_1_wrapper_hw_platform_0/ps7_init.tcl' is done.
19:20:15 INFO  : Context for 'APU' is selected.
19:20:15 INFO  : Hardware design information is loaded from '/home/thomas/mp2_partB/mp2_partB.sdk/design_1_wrapper_hw_platform_0/system.hdf'.
19:20:15 INFO  : 'configparams force-mem-access 1' command is executed.
19:20:15 INFO  : Context for 'APU' is selected.
19:20:15 INFO  : 'stop' command is executed.
19:20:16 INFO  : 'ps7_init' command is executed.
19:20:16 INFO  : 'ps7_post_config' command is executed.
19:20:16 INFO  : Context for processor 'ps7_cortexa9_0' is selected.
19:20:16 INFO  : Processor reset is completed for 'ps7_cortexa9_0'.
19:20:16 INFO  : Context for processor 'ps7_cortexa9_0' is selected.
19:20:16 INFO  : The application '/home/thomas/mp2_partB/mp2_partB.sdk/hello_world/Debug/hello_world.elf' is downloaded to processor 'ps7_cortexa9_0'.
19:20:16 INFO  : 'configparams force-mem-access 0' command is executed.
19:20:16 INFO  : ----------------XSDB Script----------------
connect -url tcp:127.0.0.1:3121
source /home/thomas/mp2_partB/mp2_partB.sdk/design_1_wrapper_hw_platform_0/ps7_init.tcl
targets -set -nocase -filter {name =~"APU*" && jtag_cable_name =~ "Digilent Zed 210248685988"} -index 0
loadhw -hw /home/thomas/mp2_partB/mp2_partB.sdk/design_1_wrapper_hw_platform_0/system.hdf -mem-ranges [list {0x40000000 0xbfffffff}]
configparams force-mem-access 1
targets -set -nocase -filter {name =~"APU*" && jtag_cable_name =~ "Digilent Zed 210248685988"} -index 0
stop
ps7_init
ps7_post_config
targets -set -nocase -filter {name =~ "ARM*#0" && jtag_cable_name =~ "Digilent Zed 210248685988"} -index 0
rst -processor
targets -set -nocase -filter {name =~ "ARM*#0" && jtag_cable_name =~ "Digilent Zed 210248685988"} -index 0
dow /home/thomas/mp2_partB/mp2_partB.sdk/hello_world/Debug/hello_world.elf
configparams force-mem-access 0
----------------End of Script----------------

19:20:16 INFO  : Memory regions updated for context APU
19:20:16 INFO  : Context for processor 'ps7_cortexa9_0' is selected.
19:20:17 INFO  : 'con' command is executed.
19:20:17 INFO  : ----------------XSDB Script (After Launch)----------------
targets -set -nocase -filter {name =~ "ARM*#0" && jtag_cable_name =~ "Digilent Zed 210248685988"} -index 0
con
----------------End of Script----------------

19:20:17 INFO  : Launch script is exported to file '/home/thomas/mp2_partB/mp2_partB.sdk/.sdk/launch_scripts/xilinx_c-c++_application_(system_debugger)/system_debugger_using_debug_hello_world.elf_on_local.tcl'
19:25:08 INFO  : Disconnected from the channel tcfchan#9.
19:25:12 ERROR : Unexpected error while parsing XMD response : com.google.gson.JsonSyntaxException: com.google.gson.stream.MalformedJsonException: invalid number or unquoted string near 
23:51:02 INFO  : Registering command handlers for SDK TCF services
23:51:03 INFO  : Launching XSCT server: xsct -n -interactive /home/thomas/mp2_partB/mp2_partB.sdk/temp_xsdb_launch_script.tcl
23:51:05 INFO  : XSCT server has started successfully.
23:51:06 INFO  : Successfully done setting XSCT server connection channel  
23:51:06 INFO  : Successfully done setting SDK workspace  
23:51:06 INFO  : Processing command line option -hwspec /home/thomas/mp2_partB/mp2_partB.sdk/design_1_wrapper.hdf.
23:51:06 INFO  : Checking for hwspec changes in the project design_1_wrapper_hw_platform_0.
23:51:28 INFO  : Connected to target on host '127.0.0.1' and port '3121'.
23:51:29 INFO  : 'targets -set -filter {jtag_cable_name =~ "Digilent Zed 210248685988" && level==0} -index 1' command is executed.
23:51:31 INFO  : FPGA configured successfully with bitstream "/home/thomas/mp2_partB/mp2_partB.sdk/design_1_wrapper_hw_platform_0/design_1_wrapper.bit"
23:53:12 INFO  : 'targets -set -filter {jtag_cable_name =~ "Digilent Zed 210248685988" && level==0} -index 1' command is executed.
23:53:12 INFO  : 'fpga -state' command is executed.
23:53:12 INFO  : Connected to target on host '127.0.0.1' and port '3121'.
23:53:13 INFO  : Jtag cable 'Digilent Zed 210248685988' is selected.
23:53:13 INFO  : 'jtag frequency' command is executed.
23:53:13 INFO  : Sourcing of '/home/thomas/mp2_partB/mp2_partB.sdk/design_1_wrapper_hw_platform_0/ps7_init.tcl' is done.
23:53:13 INFO  : Context for 'APU' is selected.
23:53:13 INFO  : Hardware design information is loaded from '/home/thomas/mp2_partB/mp2_partB.sdk/design_1_wrapper_hw_platform_0/system.hdf'.
23:53:13 INFO  : 'configparams force-mem-access 1' command is executed.
23:53:13 INFO  : Context for 'APU' is selected.
23:53:13 INFO  : 'stop' command is executed.
23:53:14 INFO  : 'ps7_init' command is executed.
23:53:14 INFO  : 'ps7_post_config' command is executed.
23:53:14 INFO  : Context for processor 'ps7_cortexa9_0' is selected.
23:53:14 INFO  : Processor reset is completed for 'ps7_cortexa9_0'.
23:53:14 INFO  : Context for processor 'ps7_cortexa9_0' is selected.
23:53:14 INFO  : The application '/home/thomas/mp2_partB/mp2_partB.sdk/hello_world/Debug/hello_world.elf' is downloaded to processor 'ps7_cortexa9_0'.
23:53:14 INFO  : 'configparams force-mem-access 0' command is executed.
23:53:14 INFO  : ----------------XSDB Script----------------
connect -url tcp:127.0.0.1:3121
source /home/thomas/mp2_partB/mp2_partB.sdk/design_1_wrapper_hw_platform_0/ps7_init.tcl
targets -set -nocase -filter {name =~"APU*" && jtag_cable_name =~ "Digilent Zed 210248685988"} -index 0
loadhw -hw /home/thomas/mp2_partB/mp2_partB.sdk/design_1_wrapper_hw_platform_0/system.hdf -mem-ranges [list {0x40000000 0xbfffffff}]
configparams force-mem-access 1
targets -set -nocase -filter {name =~"APU*" && jtag_cable_name =~ "Digilent Zed 210248685988"} -index 0
stop
ps7_init
ps7_post_config
targets -set -nocase -filter {name =~ "ARM*#0" && jtag_cable_name =~ "Digilent Zed 210248685988"} -index 0
rst -processor
targets -set -nocase -filter {name =~ "ARM*#0" && jtag_cable_name =~ "Digilent Zed 210248685988"} -index 0
dow /home/thomas/mp2_partB/mp2_partB.sdk/hello_world/Debug/hello_world.elf
configparams force-mem-access 0
----------------End of Script----------------

23:53:14 INFO  : Memory regions updated for context APU
23:53:14 INFO  : Context for processor 'ps7_cortexa9_0' is selected.
23:53:14 INFO  : 'con' command is executed.
23:53:14 INFO  : ----------------XSDB Script (After Launch)----------------
targets -set -nocase -filter {name =~ "ARM*#0" && jtag_cable_name =~ "Digilent Zed 210248685988"} -index 0
con
----------------End of Script----------------

23:53:14 INFO  : Launch script is exported to file '/home/thomas/mp2_partB/mp2_partB.sdk/.sdk/launch_scripts/xilinx_c-c++_application_(system_debugger)/system_debugger_using_debug_hello_world.elf_on_local.tcl'
00:01:26 INFO  : Disconnected from the channel tcfchan#1.
00:01:28 INFO  : 'targets -set -filter {jtag_cable_name =~ "Digilent Zed 210248685988" && level==0} -index 1' command is executed.
00:01:28 INFO  : 'fpga -state' command is executed.
00:01:28 INFO  : Connected to target on host '127.0.0.1' and port '3121'.
00:01:28 INFO  : Jtag cable 'Digilent Zed 210248685988' is selected.
00:01:28 INFO  : 'jtag frequency' command is executed.
00:01:28 INFO  : Sourcing of '/home/thomas/mp2_partB/mp2_partB.sdk/design_1_wrapper_hw_platform_0/ps7_init.tcl' is done.
00:01:28 INFO  : Context for 'APU' is selected.
00:01:30 INFO  : Hardware design information is loaded from '/home/thomas/mp2_partB/mp2_partB.sdk/design_1_wrapper_hw_platform_0/system.hdf'.
00:01:30 INFO  : 'configparams force-mem-access 1' command is executed.
00:01:30 INFO  : Context for 'APU' is selected.
00:01:30 INFO  : 'stop' command is executed.
00:01:30 INFO  : 'ps7_init' command is executed.
00:01:30 INFO  : 'ps7_post_config' command is executed.
00:01:30 INFO  : Context for processor 'ps7_cortexa9_0' is selected.
00:01:30 INFO  : Processor reset is completed for 'ps7_cortexa9_0'.
00:01:31 INFO  : Context for processor 'ps7_cortexa9_0' is selected.
00:01:31 INFO  : The application '/home/thomas/mp2_partB/mp2_partB.sdk/hello_world/Debug/hello_world.elf' is downloaded to processor 'ps7_cortexa9_0'.
00:01:31 INFO  : 'configparams force-mem-access 0' command is executed.
00:01:31 INFO  : ----------------XSDB Script----------------
connect -url tcp:127.0.0.1:3121
source /home/thomas/mp2_partB/mp2_partB.sdk/design_1_wrapper_hw_platform_0/ps7_init.tcl
targets -set -nocase -filter {name =~"APU*" && jtag_cable_name =~ "Digilent Zed 210248685988"} -index 0
loadhw -hw /home/thomas/mp2_partB/mp2_partB.sdk/design_1_wrapper_hw_platform_0/system.hdf -mem-ranges [list {0x40000000 0xbfffffff}]
configparams force-mem-access 1
targets -set -nocase -filter {name =~"APU*" && jtag_cable_name =~ "Digilent Zed 210248685988"} -index 0
stop
ps7_init
ps7_post_config
targets -set -nocase -filter {name =~ "ARM*#0" && jtag_cable_name =~ "Digilent Zed 210248685988"} -index 0
rst -processor
targets -set -nocase -filter {name =~ "ARM*#0" && jtag_cable_name =~ "Digilent Zed 210248685988"} -index 0
dow /home/thomas/mp2_partB/mp2_partB.sdk/hello_world/Debug/hello_world.elf
configparams force-mem-access 0
----------------End of Script----------------

00:01:31 INFO  : Memory regions updated for context APU
00:01:31 INFO  : Context for processor 'ps7_cortexa9_0' is selected.
00:01:31 INFO  : 'con' command is executed.
00:01:31 INFO  : ----------------XSDB Script (After Launch)----------------
targets -set -nocase -filter {name =~ "ARM*#0" && jtag_cable_name =~ "Digilent Zed 210248685988"} -index 0
con
----------------End of Script----------------

00:01:31 INFO  : Launch script is exported to file '/home/thomas/mp2_partB/mp2_partB.sdk/.sdk/launch_scripts/xilinx_c-c++_application_(system_debugger)/system_debugger_using_debug_hello_world.elf_on_local.tcl'
