
*** Running vivado
    with args -log mp1a_hardware_oled_ip_0_0.vds -m64 -product Vivado -mode batch -messageDb vivado.pb -notrace -source mp1a_hardware_oled_ip_0_0.tcl


****** Vivado v2017.2 (64-bit)
  **** SW Build 1909853 on Thu Jun 15 18:39:10 MDT 2017
  **** IP Build 1909766 on Thu Jun 15 19:58:00 MDT 2017
    ** Copyright 1986-2017 Xilinx, Inc. All Rights Reserved.

CRITICAL WARNING: [Common 17-741] No write access right to the local Tcl store at '/home/andrew/.Xilinx/Vivado/2017.2/XilinxTclStore'. XilinxTclStore is reverted to the installation area. If you want to use local Tcl Store, please change the access right and relaunch Vivado.
source mp1a_hardware_oled_ip_0_0.tcl -notrace
Command: synth_design -top mp1a_hardware_oled_ip_0_0 -part xc7z020clg484-1 -mode out_of_context
Starting synth_design
Attempting to get a license for feature 'Synthesis' and/or device 'xc7z020-clg484'
INFO: [Common 17-349] Got license for feature 'Synthesis' and/or device 'xc7z020-clg484'
INFO: Launching helper process for spawning children vivado processes
INFO: Helper process launched with PID 26480 
---------------------------------------------------------------------------------
Starting RTL Elaboration : Time (s): cpu = 00:00:06 ; elapsed = 00:00:08 . Memory (MB): peak = 1154.164 ; gain = 53.996 ; free physical = 659 ; free virtual = 2322
---------------------------------------------------------------------------------
INFO: [Synth 8-638] synthesizing module 'mp1a_hardware_oled_ip_0_0' [/home/andrew/ece527/mp2/mp2a.srcs/sources_1/bd/mp1a_hardware/ip/mp1a_hardware_oled_ip_0_0/synth/mp1a_hardware_oled_ip_0_0.v:56]
INFO: [Synth 8-638] synthesizing module 'oled_ip' [/home/andrew/ece527/mp2/PmodOLEDCtrl.v:17]
INFO: [Synth 8-638] synthesizing module 'OledInit' [/home/andrew/ece527/mp2/OledInit.v:17]
INFO: [Synth 8-638] synthesizing module 'SpiCtrl' [/home/andrew/ece527/mp2/SpiCtrl.v:19]
INFO: [Synth 8-256] done synthesizing module 'SpiCtrl' (1#1) [/home/andrew/ece527/mp2/SpiCtrl.v:19]
INFO: [Synth 8-638] synthesizing module 'Delay' [/home/andrew/ece527/mp2/Delay.v:17]
INFO: [Synth 8-256] done synthesizing module 'Delay' (2#1) [/home/andrew/ece527/mp2/Delay.v:17]
INFO: [Synth 8-256] done synthesizing module 'OledInit' (3#1) [/home/andrew/ece527/mp2/OledInit.v:17]
INFO: [Synth 8-638] synthesizing module 'OledEX' [/home/andrew/ece527/mp2/OledEX.v:19]
WARNING: [Synth 8-5856] 3D RAM current_screen_reg  for this pattern/configuration is not supported. This will most likely be implemented in registers
WARNING: [Synth 8-6014] Unused sequential element current_screen_reg[0][0] was removed.  [/home/andrew/ece527/mp2/OledEX.v:131]
WARNING: [Synth 8-6014] Unused sequential element current_screen_reg[0][1] was removed.  [/home/andrew/ece527/mp2/OledEX.v:131]
WARNING: [Synth 8-6014] Unused sequential element current_screen_reg[0][2] was removed.  [/home/andrew/ece527/mp2/OledEX.v:131]
WARNING: [Synth 8-6014] Unused sequential element current_screen_reg[0][3] was removed.  [/home/andrew/ece527/mp2/OledEX.v:131]
WARNING: [Synth 8-6014] Unused sequential element current_screen_reg[0][4] was removed.  [/home/andrew/ece527/mp2/OledEX.v:131]
WARNING: [Synth 8-6014] Unused sequential element current_screen_reg[0][5] was removed.  [/home/andrew/ece527/mp2/OledEX.v:131]
WARNING: [Synth 8-6014] Unused sequential element current_screen_reg[0][6] was removed.  [/home/andrew/ece527/mp2/OledEX.v:131]
WARNING: [Synth 8-6014] Unused sequential element current_screen_reg[0][7] was removed.  [/home/andrew/ece527/mp2/OledEX.v:131]
WARNING: [Synth 8-6014] Unused sequential element current_screen_reg[0][8] was removed.  [/home/andrew/ece527/mp2/OledEX.v:131]
WARNING: [Synth 8-6014] Unused sequential element current_screen_reg[0][9] was removed.  [/home/andrew/ece527/mp2/OledEX.v:131]
WARNING: [Synth 8-6014] Unused sequential element current_screen_reg[0][10] was removed.  [/home/andrew/ece527/mp2/OledEX.v:131]
WARNING: [Synth 8-6014] Unused sequential element current_screen_reg[0][11] was removed.  [/home/andrew/ece527/mp2/OledEX.v:131]
WARNING: [Synth 8-6014] Unused sequential element current_screen_reg[0][12] was removed.  [/home/andrew/ece527/mp2/OledEX.v:131]
WARNING: [Synth 8-6014] Unused sequential element current_screen_reg[0][13] was removed.  [/home/andrew/ece527/mp2/OledEX.v:131]
WARNING: [Synth 8-6014] Unused sequential element current_screen_reg[0][14] was removed.  [/home/andrew/ece527/mp2/OledEX.v:131]
WARNING: [Synth 8-6014] Unused sequential element current_screen_reg[0][15] was removed.  [/home/andrew/ece527/mp2/OledEX.v:131]
WARNING: [Synth 8-6014] Unused sequential element current_screen_reg[1][0] was removed.  [/home/andrew/ece527/mp2/OledEX.v:131]
WARNING: [Synth 8-6014] Unused sequential element current_screen_reg[1][1] was removed.  [/home/andrew/ece527/mp2/OledEX.v:131]
WARNING: [Synth 8-6014] Unused sequential element current_screen_reg[1][2] was removed.  [/home/andrew/ece527/mp2/OledEX.v:131]
WARNING: [Synth 8-6014] Unused sequential element current_screen_reg[1][3] was removed.  [/home/andrew/ece527/mp2/OledEX.v:131]
WARNING: [Synth 8-6014] Unused sequential element current_screen_reg[1][4] was removed.  [/home/andrew/ece527/mp2/OledEX.v:131]
WARNING: [Synth 8-6014] Unused sequential element current_screen_reg[1][5] was removed.  [/home/andrew/ece527/mp2/OledEX.v:131]
WARNING: [Synth 8-6014] Unused sequential element current_screen_reg[1][6] was removed.  [/home/andrew/ece527/mp2/OledEX.v:131]
WARNING: [Synth 8-6014] Unused sequential element current_screen_reg[1][7] was removed.  [/home/andrew/ece527/mp2/OledEX.v:131]
WARNING: [Synth 8-6014] Unused sequential element current_screen_reg[1][8] was removed.  [/home/andrew/ece527/mp2/OledEX.v:131]
WARNING: [Synth 8-6014] Unused sequential element current_screen_reg[1][9] was removed.  [/home/andrew/ece527/mp2/OledEX.v:131]
WARNING: [Synth 8-6014] Unused sequential element current_screen_reg[1][10] was removed.  [/home/andrew/ece527/mp2/OledEX.v:131]
WARNING: [Synth 8-6014] Unused sequential element current_screen_reg[1][11] was removed.  [/home/andrew/ece527/mp2/OledEX.v:131]
WARNING: [Synth 8-6014] Unused sequential element current_screen_reg[1][12] was removed.  [/home/andrew/ece527/mp2/OledEX.v:131]
WARNING: [Synth 8-6014] Unused sequential element current_screen_reg[1][13] was removed.  [/home/andrew/ece527/mp2/OledEX.v:131]
WARNING: [Synth 8-6014] Unused sequential element current_screen_reg[1][14] was removed.  [/home/andrew/ece527/mp2/OledEX.v:131]
WARNING: [Synth 8-6014] Unused sequential element current_screen_reg[1][15] was removed.  [/home/andrew/ece527/mp2/OledEX.v:131]
WARNING: [Synth 8-6014] Unused sequential element current_screen_reg[2][0] was removed.  [/home/andrew/ece527/mp2/OledEX.v:131]
WARNING: [Synth 8-6014] Unused sequential element current_screen_reg[2][1] was removed.  [/home/andrew/ece527/mp2/OledEX.v:131]
WARNING: [Synth 8-6014] Unused sequential element current_screen_reg[2][2] was removed.  [/home/andrew/ece527/mp2/OledEX.v:131]
WARNING: [Synth 8-6014] Unused sequential element current_screen_reg[2][3] was removed.  [/home/andrew/ece527/mp2/OledEX.v:131]
WARNING: [Synth 8-6014] Unused sequential element current_screen_reg[2][4] was removed.  [/home/andrew/ece527/mp2/OledEX.v:131]
WARNING: [Synth 8-6014] Unused sequential element current_screen_reg[2][5] was removed.  [/home/andrew/ece527/mp2/OledEX.v:131]
WARNING: [Synth 8-6014] Unused sequential element current_screen_reg[2][6] was removed.  [/home/andrew/ece527/mp2/OledEX.v:131]
WARNING: [Synth 8-6014] Unused sequential element current_screen_reg[2][7] was removed.  [/home/andrew/ece527/mp2/OledEX.v:131]
WARNING: [Synth 8-6014] Unused sequential element current_screen_reg[2][8] was removed.  [/home/andrew/ece527/mp2/OledEX.v:131]
WARNING: [Synth 8-6014] Unused sequential element current_screen_reg[2][9] was removed.  [/home/andrew/ece527/mp2/OledEX.v:131]
WARNING: [Synth 8-6014] Unused sequential element current_screen_reg[2][10] was removed.  [/home/andrew/ece527/mp2/OledEX.v:131]
WARNING: [Synth 8-6014] Unused sequential element current_screen_reg[2][11] was removed.  [/home/andrew/ece527/mp2/OledEX.v:131]
WARNING: [Synth 8-6014] Unused sequential element current_screen_reg[2][12] was removed.  [/home/andrew/ece527/mp2/OledEX.v:131]
WARNING: [Synth 8-6014] Unused sequential element current_screen_reg[2][13] was removed.  [/home/andrew/ece527/mp2/OledEX.v:131]
WARNING: [Synth 8-6014] Unused sequential element current_screen_reg[2][14] was removed.  [/home/andrew/ece527/mp2/OledEX.v:131]
WARNING: [Synth 8-6014] Unused sequential element current_screen_reg[2][15] was removed.  [/home/andrew/ece527/mp2/OledEX.v:131]
WARNING: [Synth 8-6014] Unused sequential element current_screen_reg[3][0] was removed.  [/home/andrew/ece527/mp2/OledEX.v:131]
WARNING: [Synth 8-6014] Unused sequential element current_screen_reg[3][1] was removed.  [/home/andrew/ece527/mp2/OledEX.v:131]
WARNING: [Synth 8-6014] Unused sequential element current_screen_reg[3][2] was removed.  [/home/andrew/ece527/mp2/OledEX.v:131]
WARNING: [Synth 8-6014] Unused sequential element current_screen_reg[3][3] was removed.  [/home/andrew/ece527/mp2/OledEX.v:131]
WARNING: [Synth 8-6014] Unused sequential element current_screen_reg[3][4] was removed.  [/home/andrew/ece527/mp2/OledEX.v:131]
WARNING: [Synth 8-6014] Unused sequential element current_screen_reg[3][5] was removed.  [/home/andrew/ece527/mp2/OledEX.v:131]
WARNING: [Synth 8-6014] Unused sequential element current_screen_reg[3][6] was removed.  [/home/andrew/ece527/mp2/OledEX.v:131]
WARNING: [Synth 8-6014] Unused sequential element current_screen_reg[3][7] was removed.  [/home/andrew/ece527/mp2/OledEX.v:131]
WARNING: [Synth 8-6014] Unused sequential element current_screen_reg[3][8] was removed.  [/home/andrew/ece527/mp2/OledEX.v:131]
WARNING: [Synth 8-6014] Unused sequential element current_screen_reg[3][9] was removed.  [/home/andrew/ece527/mp2/OledEX.v:131]
WARNING: [Synth 8-6014] Unused sequential element current_screen_reg[3][10] was removed.  [/home/andrew/ece527/mp2/OledEX.v:131]
WARNING: [Synth 8-6014] Unused sequential element current_screen_reg[3][11] was removed.  [/home/andrew/ece527/mp2/OledEX.v:131]
WARNING: [Synth 8-6014] Unused sequential element current_screen_reg[3][12] was removed.  [/home/andrew/ece527/mp2/OledEX.v:131]
WARNING: [Synth 8-6014] Unused sequential element current_screen_reg[3][13] was removed.  [/home/andrew/ece527/mp2/OledEX.v:131]
WARNING: [Synth 8-6014] Unused sequential element current_screen_reg[3][14] was removed.  [/home/andrew/ece527/mp2/OledEX.v:131]
WARNING: [Synth 8-6014] Unused sequential element current_screen_reg[3][15] was removed.  [/home/andrew/ece527/mp2/OledEX.v:131]
WARNING: [Synth 8-3848] Net temp_delay_ms in module/entity OledEX does not have driver. [/home/andrew/ece527/mp2/OledEX.v:79]
INFO: [Synth 8-256] done synthesizing module 'OledEX' (4#1) [/home/andrew/ece527/mp2/OledEX.v:19]
WARNING: [Synth 8-689] width (512) of port connection 'DATA_STRING' does not match port width (513) of module 'OledEX' [/home/andrew/ece527/mp2/PmodOLEDCtrl.v:191]
INFO: [Synth 8-256] done synthesizing module 'oled_ip' (5#1) [/home/andrew/ece527/mp2/PmodOLEDCtrl.v:17]
INFO: [Synth 8-256] done synthesizing module 'mp1a_hardware_oled_ip_0_0' (6#1) [/home/andrew/ece527/mp2/mp2a.srcs/sources_1/bd/mp1a_hardware/ip/mp1a_hardware_oled_ip_0_0/synth/mp1a_hardware_oled_ip_0_0.v:56]
WARNING: [Synth 8-3331] design OledEX has unconnected port DATA_STRING[512]
WARNING: [Synth 8-3331] design OledEX has unconnected port DATA_STRING[511]
WARNING: [Synth 8-3331] design OledEX has unconnected port DATA_STRING[510]
WARNING: [Synth 8-3331] design OledEX has unconnected port DATA_STRING[509]
WARNING: [Synth 8-3331] design OledEX has unconnected port DATA_STRING[508]
WARNING: [Synth 8-3331] design OledEX has unconnected port DATA_STRING[507]
WARNING: [Synth 8-3331] design OledEX has unconnected port DATA_STRING[506]
WARNING: [Synth 8-3331] design OledEX has unconnected port DATA_STRING[505]
WARNING: [Synth 8-3331] design OledEX has unconnected port DATA_STRING[504]
WARNING: [Synth 8-3331] design OledEX has unconnected port DATA_STRING[503]
WARNING: [Synth 8-3331] design OledEX has unconnected port DATA_STRING[502]
WARNING: [Synth 8-3331] design OledEX has unconnected port DATA_STRING[501]
WARNING: [Synth 8-3331] design OledEX has unconnected port DATA_STRING[500]
WARNING: [Synth 8-3331] design OledEX has unconnected port DATA_STRING[499]
WARNING: [Synth 8-3331] design OledEX has unconnected port DATA_STRING[498]
WARNING: [Synth 8-3331] design OledEX has unconnected port DATA_STRING[497]
WARNING: [Synth 8-3331] design OledEX has unconnected port DATA_STRING[496]
WARNING: [Synth 8-3331] design OledEX has unconnected port DATA_STRING[495]
WARNING: [Synth 8-3331] design OledEX has unconnected port DATA_STRING[494]
WARNING: [Synth 8-3331] design OledEX has unconnected port DATA_STRING[493]
WARNING: [Synth 8-3331] design OledEX has unconnected port DATA_STRING[492]
WARNING: [Synth 8-3331] design OledEX has unconnected port DATA_STRING[491]
WARNING: [Synth 8-3331] design OledEX has unconnected port DATA_STRING[490]
WARNING: [Synth 8-3331] design OledEX has unconnected port DATA_STRING[489]
WARNING: [Synth 8-3331] design OledEX has unconnected port DATA_STRING[488]
WARNING: [Synth 8-3331] design OledEX has unconnected port DATA_STRING[487]
WARNING: [Synth 8-3331] design OledEX has unconnected port DATA_STRING[486]
WARNING: [Synth 8-3331] design OledEX has unconnected port DATA_STRING[485]
WARNING: [Synth 8-3331] design OledEX has unconnected port DATA_STRING[484]
WARNING: [Synth 8-3331] design OledEX has unconnected port DATA_STRING[483]
WARNING: [Synth 8-3331] design OledEX has unconnected port DATA_STRING[482]
WARNING: [Synth 8-3331] design OledEX has unconnected port DATA_STRING[481]
WARNING: [Synth 8-3331] design OledEX has unconnected port DATA_STRING[480]
WARNING: [Synth 8-3331] design OledEX has unconnected port DATA_STRING[479]
WARNING: [Synth 8-3331] design OledEX has unconnected port DATA_STRING[478]
WARNING: [Synth 8-3331] design OledEX has unconnected port DATA_STRING[477]
WARNING: [Synth 8-3331] design OledEX has unconnected port DATA_STRING[476]
WARNING: [Synth 8-3331] design OledEX has unconnected port DATA_STRING[475]
WARNING: [Synth 8-3331] design OledEX has unconnected port DATA_STRING[474]
WARNING: [Synth 8-3331] design OledEX has unconnected port DATA_STRING[473]
WARNING: [Synth 8-3331] design OledEX has unconnected port DATA_STRING[472]
WARNING: [Synth 8-3331] design OledEX has unconnected port DATA_STRING[471]
WARNING: [Synth 8-3331] design OledEX has unconnected port DATA_STRING[470]
WARNING: [Synth 8-3331] design OledEX has unconnected port DATA_STRING[469]
WARNING: [Synth 8-3331] design OledEX has unconnected port DATA_STRING[468]
WARNING: [Synth 8-3331] design OledEX has unconnected port DATA_STRING[467]
WARNING: [Synth 8-3331] design OledEX has unconnected port DATA_STRING[466]
WARNING: [Synth 8-3331] design OledEX has unconnected port DATA_STRING[465]
WARNING: [Synth 8-3331] design OledEX has unconnected port DATA_STRING[464]
WARNING: [Synth 8-3331] design OledEX has unconnected port DATA_STRING[463]
WARNING: [Synth 8-3331] design OledEX has unconnected port DATA_STRING[462]
WARNING: [Synth 8-3331] design OledEX has unconnected port DATA_STRING[461]
WARNING: [Synth 8-3331] design OledEX has unconnected port DATA_STRING[460]
WARNING: [Synth 8-3331] design OledEX has unconnected port DATA_STRING[459]
WARNING: [Synth 8-3331] design OledEX has unconnected port DATA_STRING[458]
WARNING: [Synth 8-3331] design OledEX has unconnected port DATA_STRING[457]
WARNING: [Synth 8-3331] design OledEX has unconnected port DATA_STRING[456]
WARNING: [Synth 8-3331] design OledEX has unconnected port DATA_STRING[455]
WARNING: [Synth 8-3331] design OledEX has unconnected port DATA_STRING[454]
WARNING: [Synth 8-3331] design OledEX has unconnected port DATA_STRING[453]
WARNING: [Synth 8-3331] design OledEX has unconnected port DATA_STRING[452]
WARNING: [Synth 8-3331] design OledEX has unconnected port DATA_STRING[451]
WARNING: [Synth 8-3331] design OledEX has unconnected port DATA_STRING[450]
WARNING: [Synth 8-3331] design OledEX has unconnected port DATA_STRING[449]
WARNING: [Synth 8-3331] design OledEX has unconnected port DATA_STRING[448]
WARNING: [Synth 8-3331] design OledEX has unconnected port DATA_STRING[447]
WARNING: [Synth 8-3331] design OledEX has unconnected port DATA_STRING[446]
WARNING: [Synth 8-3331] design OledEX has unconnected port DATA_STRING[445]
WARNING: [Synth 8-3331] design OledEX has unconnected port DATA_STRING[444]
WARNING: [Synth 8-3331] design OledEX has unconnected port DATA_STRING[443]
WARNING: [Synth 8-3331] design OledEX has unconnected port DATA_STRING[442]
WARNING: [Synth 8-3331] design OledEX has unconnected port DATA_STRING[441]
WARNING: [Synth 8-3331] design OledEX has unconnected port DATA_STRING[440]
WARNING: [Synth 8-3331] design OledEX has unconnected port DATA_STRING[439]
WARNING: [Synth 8-3331] design OledEX has unconnected port DATA_STRING[438]
WARNING: [Synth 8-3331] design OledEX has unconnected port DATA_STRING[437]
WARNING: [Synth 8-3331] design OledEX has unconnected port DATA_STRING[436]
WARNING: [Synth 8-3331] design OledEX has unconnected port DATA_STRING[435]
WARNING: [Synth 8-3331] design OledEX has unconnected port DATA_STRING[434]
WARNING: [Synth 8-3331] design OledEX has unconnected port DATA_STRING[433]
WARNING: [Synth 8-3331] design OledEX has unconnected port DATA_STRING[432]
WARNING: [Synth 8-3331] design OledEX has unconnected port DATA_STRING[431]
WARNING: [Synth 8-3331] design OledEX has unconnected port DATA_STRING[430]
WARNING: [Synth 8-3331] design OledEX has unconnected port DATA_STRING[429]
WARNING: [Synth 8-3331] design OledEX has unconnected port DATA_STRING[428]
WARNING: [Synth 8-3331] design OledEX has unconnected port DATA_STRING[427]
WARNING: [Synth 8-3331] design OledEX has unconnected port DATA_STRING[426]
WARNING: [Synth 8-3331] design OledEX has unconnected port DATA_STRING[425]
WARNING: [Synth 8-3331] design OledEX has unconnected port DATA_STRING[424]
WARNING: [Synth 8-3331] design OledEX has unconnected port DATA_STRING[423]
WARNING: [Synth 8-3331] design OledEX has unconnected port DATA_STRING[422]
WARNING: [Synth 8-3331] design OledEX has unconnected port DATA_STRING[421]
WARNING: [Synth 8-3331] design OledEX has unconnected port DATA_STRING[420]
WARNING: [Synth 8-3331] design OledEX has unconnected port DATA_STRING[419]
WARNING: [Synth 8-3331] design OledEX has unconnected port DATA_STRING[418]
WARNING: [Synth 8-3331] design OledEX has unconnected port DATA_STRING[417]
WARNING: [Synth 8-3331] design OledEX has unconnected port DATA_STRING[416]
WARNING: [Synth 8-3331] design OledEX has unconnected port DATA_STRING[415]
WARNING: [Synth 8-3331] design OledEX has unconnected port DATA_STRING[414]
WARNING: [Synth 8-3331] design OledEX has unconnected port DATA_STRING[413]
INFO: [Common 17-14] Message 'Synth 8-3331' appears 100 times and further instances of the messages will be disabled. Use the Tcl command set_msg_config to change the current settings.
---------------------------------------------------------------------------------
Finished RTL Elaboration : Time (s): cpu = 00:00:09 ; elapsed = 00:00:11 . Memory (MB): peak = 1197.664 ; gain = 97.496 ; free physical = 661 ; free virtual = 2326
---------------------------------------------------------------------------------

Report Check Netlist: 
+------+------------------+-------+---------+-------+------------------+
|      |Item              |Errors |Warnings |Status |Description       |
+------+------------------+-------+---------+-------+------------------+
|1     |multi_driven_nets |      0|        0|Passed |Multi driven nets |
+------+------------------+-------+---------+-------+------------------+
WARNING: [Synth 8-3295] tying undriven pin DELAY_COMP:DELAY_MS[11] to constant 0 [/home/andrew/ece527/mp2/OledEX.v:121]
WARNING: [Synth 8-3295] tying undriven pin DELAY_COMP:DELAY_MS[10] to constant 0 [/home/andrew/ece527/mp2/OledEX.v:121]
WARNING: [Synth 8-3295] tying undriven pin DELAY_COMP:DELAY_MS[9] to constant 0 [/home/andrew/ece527/mp2/OledEX.v:121]
WARNING: [Synth 8-3295] tying undriven pin DELAY_COMP:DELAY_MS[8] to constant 0 [/home/andrew/ece527/mp2/OledEX.v:121]
WARNING: [Synth 8-3295] tying undriven pin DELAY_COMP:DELAY_MS[7] to constant 0 [/home/andrew/ece527/mp2/OledEX.v:121]
WARNING: [Synth 8-3295] tying undriven pin DELAY_COMP:DELAY_MS[6] to constant 0 [/home/andrew/ece527/mp2/OledEX.v:121]
WARNING: [Synth 8-3295] tying undriven pin DELAY_COMP:DELAY_MS[5] to constant 0 [/home/andrew/ece527/mp2/OledEX.v:121]
WARNING: [Synth 8-3295] tying undriven pin DELAY_COMP:DELAY_MS[4] to constant 0 [/home/andrew/ece527/mp2/OledEX.v:121]
WARNING: [Synth 8-3295] tying undriven pin DELAY_COMP:DELAY_MS[3] to constant 0 [/home/andrew/ece527/mp2/OledEX.v:121]
WARNING: [Synth 8-3295] tying undriven pin DELAY_COMP:DELAY_MS[2] to constant 0 [/home/andrew/ece527/mp2/OledEX.v:121]
WARNING: [Synth 8-3295] tying undriven pin DELAY_COMP:DELAY_MS[1] to constant 0 [/home/andrew/ece527/mp2/OledEX.v:121]
WARNING: [Synth 8-3295] tying undriven pin DELAY_COMP:DELAY_MS[0] to constant 0 [/home/andrew/ece527/mp2/OledEX.v:121]
---------------------------------------------------------------------------------
Finished RTL Optimization Phase 1 : Time (s): cpu = 00:00:09 ; elapsed = 00:00:11 . Memory (MB): peak = 1197.664 ; gain = 97.496 ; free physical = 664 ; free virtual = 2328
---------------------------------------------------------------------------------
INFO: [Device 21-403] Loading part xc7z020clg484-1
INFO: [Project 1-570] Preparing netlist for logic optimization

Processing XDC Constraints
Initializing timing engine
Completed Processing XDC Constraints

INFO: [Project 1-111] Unisim Transformation Summary:
No Unisim elements were transformed.

Constraint Validation Runtime : Time (s): cpu = 00:00:00.26 ; elapsed = 00:00:00.30 . Memory (MB): peak = 1519.676 ; gain = 2.000 ; free physical = 394 ; free virtual = 2058
---------------------------------------------------------------------------------
Finished Constraint Validation : Time (s): cpu = 00:00:28 ; elapsed = 00:00:33 . Memory (MB): peak = 1519.676 ; gain = 419.508 ; free physical = 482 ; free virtual = 2147
---------------------------------------------------------------------------------
---------------------------------------------------------------------------------
Start Loading Part and Timing Information
---------------------------------------------------------------------------------
Loading part: xc7z020clg484-1
---------------------------------------------------------------------------------
Finished Loading Part and Timing Information : Time (s): cpu = 00:00:28 ; elapsed = 00:00:33 . Memory (MB): peak = 1519.676 ; gain = 419.508 ; free physical = 482 ; free virtual = 2147
---------------------------------------------------------------------------------
---------------------------------------------------------------------------------
Start Applying 'set_property' XDC Constraints
---------------------------------------------------------------------------------
---------------------------------------------------------------------------------
Finished applying 'set_property' XDC Constraints : Time (s): cpu = 00:00:28 ; elapsed = 00:00:33 . Memory (MB): peak = 1519.676 ; gain = 419.508 ; free physical = 484 ; free virtual = 2149
---------------------------------------------------------------------------------
INFO: [Synth 8-802] inferred FSM for state register 'current_state_reg' in module 'SpiCtrl'
WARNING: [Synth 8-6014] Unused sequential element current_state_reg was removed.  [/home/andrew/ece527/mp2/SpiCtrl.v:64]
INFO: [Synth 8-5545] ROM "SPI_FIN" won't be mapped to RAM because address size (40) is larger than maximum supported(25)
INFO: [Synth 8-5545] ROM "counter" won't be mapped to RAM because address size (40) is larger than maximum supported(25)
INFO: [Synth 8-5545] ROM "shift_counter" won't be mapped to RAM because address size (40) is larger than maximum supported(25)
INFO: [Synth 8-5545] ROM "current_state" won't be mapped to RAM because address size (40) is larger than maximum supported(25)
WARNING: [Synth 8-6014] Unused sequential element counter_reg was removed.  [/home/andrew/ece527/mp2/SpiCtrl.v:60]
WARNING: [Synth 8-6014] Unused sequential element shift_counter_reg was removed.  [/home/andrew/ece527/mp2/SpiCtrl.v:142]
INFO: [Synth 8-5545] ROM "current_state" won't be mapped to RAM because address size (32) is larger than maximum supported(25)
INFO: [Synth 8-5545] ROM "clk_counter" won't be mapped to RAM because address size (32) is larger than maximum supported(25)
INFO: [Synth 8-5546] ROM "ms_counter" won't be mapped to RAM because it is too sparse
WARNING: [Synth 8-6014] Unused sequential element ms_counter_reg was removed.  [/home/andrew/ece527/mp2/Delay.v:93]
INFO: [Synth 8-5545] ROM "temp_res" won't be mapped to RAM because address size (104) is larger than maximum supported(25)
INFO: [Synth 8-5545] ROM "temp_vdd" won't be mapped to RAM because address size (104) is larger than maximum supported(25)
INFO: [Synth 8-5545] ROM "after_state" won't be mapped to RAM because address size (104) is larger than maximum supported(25)
INFO: [Synth 8-5545] ROM "temp_spi_data" won't be mapped to RAM because address size (104) is larger than maximum supported(25)
INFO: [Synth 8-5545] ROM "temp_vbat" won't be mapped to RAM because address size (104) is larger than maximum supported(25)
INFO: [Synth 8-5545] ROM "temp_fin" won't be mapped to RAM because address size (104) is larger than maximum supported(25)
INFO: [Synth 8-5545] ROM "temp_spi_en" won't be mapped to RAM because address size (104) is larger than maximum supported(25)
INFO: [Synth 8-5545] ROM "temp_delay_en" won't be mapped to RAM because address size (104) is larger than maximum supported(25)
INFO: [Synth 8-5544] ROM "after_page_state" won't be mapped to Block RAM because address size (4) smaller than threshold (5)
INFO: [Synth 8-5545] ROM "after_update_state" won't be mapped to RAM because address size (144) is larger than maximum supported(25)
INFO: [Synth 8-5545] ROM "temp_char" won't be mapped to RAM because address size (144) is larger than maximum supported(25)
INFO: [Synth 8-5544] ROM "after_char_state" won't be mapped to Block RAM because address size (4) smaller than threshold (5)
INFO: [Synth 8-5545] ROM "temp_dc" won't be mapped to RAM because address size (144) is larger than maximum supported(25)
INFO: [Synth 8-5545] ROM "temp_spi_data" won't be mapped to RAM because address size (144) is larger than maximum supported(25)
INFO: [Synth 8-5545] ROM "after_state" won't be mapped to RAM because address size (144) is larger than maximum supported(25)
INFO: [Synth 8-5545] ROM "temp_addr" won't be mapped to RAM because address size (144) is larger than maximum supported(25)
INFO: [Synth 8-5545] ROM "temp_spi_en" won't be mapped to RAM because address size (144) is larger than maximum supported(25)
INFO: [Synth 8-5545] ROM "temp_delay_en" won't be mapped to RAM because address size (144) is larger than maximum supported(25)
INFO: [Synth 8-5545] ROM "current_state" won't be mapped to RAM because address size (111) is larger than maximum supported(25)
INFO: [Synth 8-5545] ROM "oled_init" won't be mapped to RAM because address size (111) is larger than maximum supported(25)
WARNING: [Synth 8-6014] Unused sequential element current_state_reg was removed.  [/home/andrew/ece527/mp2/SpiCtrl.v:64]
WARNING: [Synth 8-6014] Unused sequential element current_state_reg was removed.  [/home/andrew/ece527/mp2/SpiCtrl.v:64]
---------------------------------------------------------------------------------------------------
                   State |                     New Encoding |                Previous Encoding 
---------------------------------------------------------------------------------------------------
                  iSTATE |                              000 | 0000000001001001011001000110110001100101
                 iSTATE0 |                              001 | 0000000001010011011001010110111001100100
                 iSTATE1 |                              010 | 0100100001101111011011000110010000110001
                 iSTATE2 |                              011 | 0100100001101111011011000110010000110010
                 iSTATE3 |                              100 | 0100100001101111011011000110010000110011
                 iSTATE4 |                              101 | 0100100001101111011011000110010000110100
                 iSTATE5 |                              110 | 0000000001000100011011110110111001100101
---------------------------------------------------------------------------------------------------
INFO: [Synth 8-3354] encoded FSM with state register 'current_state_reg' using encoding 'sequential' in module 'SpiCtrl'
WARNING: [Synth 8-6014] Unused sequential element current_state_reg was removed.  [/home/andrew/ece527/mp2/SpiCtrl.v:64]
---------------------------------------------------------------------------------
Finished RTL Optimization Phase 2 : Time (s): cpu = 00:01:04 ; elapsed = 00:01:16 . Memory (MB): peak = 1519.676 ; gain = 419.508 ; free physical = 425 ; free virtual = 2095
---------------------------------------------------------------------------------

Report RTL Partitions: 
+------+--------------+------------+----------+
|      |RTL Partition |Replication |Instances |
+------+--------------+------------+----------+
|1     |OledEX        |           1|     52188|
|2     |oled_ip__GB1  |           1|     20872|
+------+--------------+------------+----------+
---------------------------------------------------------------------------------
Start RTL Component Statistics 
---------------------------------------------------------------------------------
Detailed RTL Component Info : 
+---Adders : 
	   2 Input     17 Bit       Adders := 2     
	   2 Input      5 Bit       Adders := 2     
	   2 Input      4 Bit       Adders := 3     
	   2 Input      2 Bit       Adders := 1     
+---Registers : 
	              512 Bit    Registers := 1     
	              143 Bit    Registers := 1     
	              112 Bit    Registers := 1     
	              111 Bit    Registers := 1     
	              104 Bit    Registers := 2     
	               96 Bit    Registers := 1     
	               40 Bit    Registers := 1     
	               32 Bit    Registers := 2     
	               17 Bit    Registers := 2     
	               11 Bit    Registers := 1     
	                8 Bit    Registers := 4     
	                7 Bit    Registers := 1     
	                5 Bit    Registers := 2     
	                4 Bit    Registers := 3     
	                2 Bit    Registers := 1     
	                1 Bit    Registers := 15    
+---Muxes : 
	   2 Input    512 Bit        Muxes := 1     
	  17 Input    512 Bit        Muxes := 1     
	  13 Input    143 Bit        Muxes := 1     
	   2 Input    143 Bit        Muxes := 1     
	  26 Input    112 Bit        Muxes := 1     
	   3 Input    111 Bit        Muxes := 1     
	  28 Input    104 Bit        Muxes := 1     
	  11 Input    104 Bit        Muxes := 1     
	   2 Input    104 Bit        Muxes := 1     
	   2 Input     95 Bit        Muxes := 2     
	   3 Input     31 Bit        Muxes := 2     
	   2 Input     31 Bit        Muxes := 2     
	   2 Input     17 Bit        Muxes := 2     
	  26 Input     11 Bit        Muxes := 1     
	   2 Input      8 Bit        Muxes := 2     
	  28 Input      8 Bit        Muxes := 1     
	   4 Input      7 Bit        Muxes := 15    
	   2 Input      7 Bit        Muxes := 1     
	   2 Input      4 Bit        Muxes := 1     
	  26 Input      4 Bit        Muxes := 1     
	  28 Input      4 Bit        Muxes := 1     
	   7 Input      3 Bit        Muxes := 2     
	   4 Input      2 Bit        Muxes := 3     
	   3 Input      1 Bit        Muxes := 2     
	   2 Input      1 Bit        Muxes := 51    
	   7 Input      1 Bit        Muxes := 2     
	  26 Input      1 Bit        Muxes := 7     
	  28 Input      1 Bit        Muxes := 5     
	   4 Input      1 Bit        Muxes := 1     
---------------------------------------------------------------------------------
Finished RTL Component Statistics 
---------------------------------------------------------------------------------
---------------------------------------------------------------------------------
Start RTL Hierarchical Component Statistics 
---------------------------------------------------------------------------------
Hierarchical RTL Component report 
Module SpiCtrl__1 
Detailed RTL Component Info : 
+---Adders : 
	   2 Input      5 Bit       Adders := 1     
	   2 Input      4 Bit       Adders := 1     
+---Registers : 
	                8 Bit    Registers := 1     
	                5 Bit    Registers := 1     
	                4 Bit    Registers := 1     
	                1 Bit    Registers := 2     
+---Muxes : 
	   2 Input      8 Bit        Muxes := 1     
	   7 Input      3 Bit        Muxes := 1     
	   3 Input      1 Bit        Muxes := 1     
	   2 Input      1 Bit        Muxes := 10    
	   7 Input      1 Bit        Muxes := 1     
Module Delay__1 
Detailed RTL Component Info : 
+---Adders : 
	   2 Input     17 Bit       Adders := 1     
+---Registers : 
	               32 Bit    Registers := 1     
	               17 Bit    Registers := 1     
+---Muxes : 
	   3 Input     31 Bit        Muxes := 1     
	   2 Input     31 Bit        Muxes := 1     
	   2 Input     17 Bit        Muxes := 1     
	   4 Input      2 Bit        Muxes := 1     
	   2 Input      1 Bit        Muxes := 3     
Module OledEX 
Detailed RTL Component Info : 
+---Adders : 
	   2 Input      4 Bit       Adders := 1     
	   2 Input      2 Bit       Adders := 1     
+---Registers : 
	              143 Bit    Registers := 1     
	              112 Bit    Registers := 1     
	               96 Bit    Registers := 1     
	               40 Bit    Registers := 1     
	               11 Bit    Registers := 1     
	                8 Bit    Registers := 1     
	                7 Bit    Registers := 1     
	                4 Bit    Registers := 1     
	                2 Bit    Registers := 1     
	                1 Bit    Registers := 3     
+---Muxes : 
	  13 Input    143 Bit        Muxes := 1     
	   2 Input    143 Bit        Muxes := 1     
	  26 Input    112 Bit        Muxes := 1     
	   2 Input     95 Bit        Muxes := 2     
	  26 Input     11 Bit        Muxes := 1     
	   4 Input      7 Bit        Muxes := 15    
	   2 Input      4 Bit        Muxes := 1     
	  26 Input      4 Bit        Muxes := 1     
	  26 Input      1 Bit        Muxes := 7     
	   2 Input      1 Bit        Muxes := 11    
Module SpiCtrl 
Detailed RTL Component Info : 
+---Adders : 
	   2 Input      5 Bit       Adders := 1     
	   2 Input      4 Bit       Adders := 1     
+---Registers : 
	                8 Bit    Registers := 1     
	                5 Bit    Registers := 1     
	                4 Bit    Registers := 1     
	                1 Bit    Registers := 2     
+---Muxes : 
	   2 Input      8 Bit        Muxes := 1     
	   7 Input      3 Bit        Muxes := 1     
	   3 Input      1 Bit        Muxes := 1     
	   2 Input      1 Bit        Muxes := 10    
	   7 Input      1 Bit        Muxes := 1     
Module Delay 
Detailed RTL Component Info : 
+---Adders : 
	   2 Input     17 Bit       Adders := 1     
+---Registers : 
	               32 Bit    Registers := 1     
	               17 Bit    Registers := 1     
+---Muxes : 
	   3 Input     31 Bit        Muxes := 1     
	   2 Input     31 Bit        Muxes := 1     
	   2 Input     17 Bit        Muxes := 1     
	   4 Input      2 Bit        Muxes := 1     
	   2 Input      1 Bit        Muxes := 3     
Module OledInit 
Detailed RTL Component Info : 
+---Registers : 
	              104 Bit    Registers := 2     
	                8 Bit    Registers := 1     
	                1 Bit    Registers := 7     
+---Muxes : 
	  28 Input    104 Bit        Muxes := 1     
	  11 Input    104 Bit        Muxes := 1     
	   2 Input    104 Bit        Muxes := 1     
	  28 Input      8 Bit        Muxes := 1     
	   2 Input      7 Bit        Muxes := 1     
	  28 Input      4 Bit        Muxes := 1     
	  28 Input      1 Bit        Muxes := 5     
	   2 Input      1 Bit        Muxes := 11    
Module oled_ip 
Detailed RTL Component Info : 
+---Registers : 
	              512 Bit    Registers := 1     
	              111 Bit    Registers := 1     
	                1 Bit    Registers := 1     
+---Muxes : 
	   2 Input    512 Bit        Muxes := 1     
	  17 Input    512 Bit        Muxes := 1     
	   3 Input    111 Bit        Muxes := 1     
	   4 Input      2 Bit        Muxes := 1     
	   4 Input      1 Bit        Muxes := 1     
	   2 Input      1 Bit        Muxes := 3     
---------------------------------------------------------------------------------
Finished RTL Hierarchical Component Statistics
---------------------------------------------------------------------------------
---------------------------------------------------------------------------------
Start Part Resource Summary
---------------------------------------------------------------------------------
Part Resources:
DSPs: 220 (col length:60)
BRAMs: 280 (col length: RAMB18 60 RAMB36 30)
---------------------------------------------------------------------------------
Finished Part Resource Summary
---------------------------------------------------------------------------------
---------------------------------------------------------------------------------
Start Cross Boundary and Area Optimization
---------------------------------------------------------------------------------
INFO: [Synth 8-5545] ROM "clk_counter" won't be mapped to RAM because address size (32) is larger than maximum supported(25)
INFO: [Synth 8-5546] ROM "ms_counter" won't be mapped to RAM because it is too sparse
INFO: [Synth 8-5545] ROM "current_state" won't be mapped to RAM because address size (28) is larger than maximum supported(25)
WARNING: [Synth 8-6014] Unused sequential element ms_counter_reg was removed.  [/home/andrew/ece527/mp2/Delay.v:93]
INFO: [Synth 8-5544] ROM "after_char_state" won't be mapped to Block RAM because address size (4) smaller than threshold (5)
INFO: [Synth 8-5545] ROM "temp_dc" won't be mapped to RAM because address size (95) is larger than maximum supported(25)
INFO: [Synth 8-5545] ROM "temp_addr" won't be mapped to RAM because address size (95) is larger than maximum supported(25)
INFO: [Synth 8-5545] ROM "temp_char" won't be mapped to RAM because address size (95) is larger than maximum supported(25)
INFO: [Synth 8-5545] ROM "temp_spi_en" won't be mapped to RAM because address size (95) is larger than maximum supported(25)
INFO: [Synth 8-5545] ROM "temp_spi_data" won't be mapped to RAM because address size (95) is larger than maximum supported(25)
INFO: [Synth 8-5545] ROM "after_update_state" won't be mapped to RAM because address size (95) is larger than maximum supported(25)
INFO: [Synth 8-5545] ROM "after_state" won't be mapped to RAM because address size (95) is larger than maximum supported(25)
INFO: [Synth 8-5545] ROM "temp_delay_en" won't be mapped to RAM because address size (95) is larger than maximum supported(25)
WARNING: [Synth 8-6014] Unused sequential element SPI_COMP/counter_reg was removed.  [/home/andrew/ece527/mp2/SpiCtrl.v:60]
WARNING: [Synth 8-6014] Unused sequential element SPI_COMP/shift_counter_reg was removed.  [/home/andrew/ece527/mp2/SpiCtrl.v:142]
INFO: [Synth 8-5545] ROM "DELAY_COMP/clk_counter" won't be mapped to RAM because address size (32) is larger than maximum supported(25)
INFO: [Synth 8-5546] ROM "DELAY_COMP/ms_counter" won't be mapped to RAM because it is too sparse
INFO: [Synth 8-5545] ROM "DELAY_COMP/current_state" won't be mapped to RAM because address size (28) is larger than maximum supported(25)
INFO: [Synth 8-5545] ROM "after_state" won't be mapped to RAM because address size (103) is larger than maximum supported(25)
INFO: [Synth 8-5545] ROM "temp_fin" won't be mapped to RAM because address size (103) is larger than maximum supported(25)
INFO: [Synth 8-5545] ROM "temp_res" won't be mapped to RAM because address size (103) is larger than maximum supported(25)
INFO: [Synth 8-5545] ROM "temp_vbat" won't be mapped to RAM because address size (103) is larger than maximum supported(25)
INFO: [Synth 8-5545] ROM "temp_vdd" won't be mapped to RAM because address size (103) is larger than maximum supported(25)
INFO: [Synth 8-5545] ROM "temp_spi_en" won't be mapped to RAM because address size (103) is larger than maximum supported(25)
INFO: [Synth 8-5545] ROM "temp_spi_data" won't be mapped to RAM because address size (103) is larger than maximum supported(25)
INFO: [Synth 8-5545] ROM "temp_delay_en" won't be mapped to RAM because address size (103) is larger than maximum supported(25)
WARNING: [Synth 8-6014] Unused sequential element SPI_COMP/counter_reg was removed.  [/home/andrew/ece527/mp2/SpiCtrl.v:60]
WARNING: [Synth 8-6014] Unused sequential element SPI_COMP/shift_counter_reg was removed.  [/home/andrew/ece527/mp2/SpiCtrl.v:142]
WARNING: [Synth 8-6014] Unused sequential element DELAY_COMP/ms_counter_reg was removed.  [/home/andrew/ece527/mp2/Delay.v:93]
INFO: [Synth 8-5545] ROM "current_state" won't be mapped to RAM because address size (111) is larger than maximum supported(25)
INFO: [Synth 8-5545] ROM "oled_init" won't be mapped to RAM because address size (111) is larger than maximum supported(25)
INFO: [Synth 8-3886] merging instance 'inst/Example/after_update_state_reg[2]' (FDE) to 'inst/Example/after_update_state_reg[30]'
INFO: [Synth 8-3886] merging instance 'inst/Example/after_char_state_reg[2]' (FDE) to 'inst/Example/after_char_state_reg[94]'
INFO: [Synth 8-3886] merging instance 'inst/Example/after_update_state_reg[1]' (FDE) to 'inst/Example/after_update_state_reg[39]'
INFO: [Synth 8-3886] merging instance 'inst/Example/after_char_state_reg[1]' (FDE) to 'inst/Example/after_char_state_reg[54]'
INFO: [Synth 8-3886] merging instance 'inst/Example/after_update_state_reg[0]' (FDE) to 'inst/Example/after_update_state_reg[30]'
INFO: [Synth 8-3886] merging instance 'inst/Example/after_char_state_reg[0]' (FDE) to 'inst/Example/after_char_state_reg[49]'
INFO: [Synth 8-3886] merging instance 'inst/Example/after_update_state_reg[3]' (FDE) to 'inst/Example/after_update_state_reg[39]'
INFO: [Synth 8-3886] merging instance 'inst/Example/after_char_state_reg[3]' (FDE) to 'inst/Example/after_char_state_reg[94]'
INFO: [Synth 8-3886] merging instance 'inst/Example/after_update_state_reg[4]' (FDE) to 'inst/Example/after_update_state_reg[39]'
INFO: [Synth 8-3886] merging instance 'inst/Example/after_char_state_reg[4]' (FDE) to 'inst/Example/after_char_state_reg[93]'
INFO: [Synth 8-3886] merging instance 'inst/Example/after_update_state_reg[5]' (FDE) to 'inst/Example/after_update_state_reg[30]'
INFO: [Synth 8-3886] merging instance 'inst/Example/after_char_state_reg[5]' (FDE) to 'inst/Example/after_char_state_reg[94]'
INFO: [Synth 8-3886] merging instance 'inst/Example/after_update_state_reg[6]' (FDE) to 'inst/Example/after_update_state_reg[30]'
INFO: [Synth 8-3886] merging instance 'inst/Example/after_char_state_reg[6]' (FDE) to 'inst/Example/after_char_state_reg[54]'
INFO: [Synth 8-3886] merging instance 'inst/Example/after_update_state_reg[7]' (FDE) to 'inst/Example/after_update_state_reg[39]'
INFO: [Synth 8-3886] merging instance 'inst/Example/after_char_state_reg[7]' (FDE) to 'inst/Example/after_char_state_reg[93]'
INFO: [Synth 8-3886] merging instance 'inst/Example/after_update_state_reg[8]' (FDE) to 'inst/Example/after_update_state_reg[39]'
INFO: [Synth 8-3886] merging instance 'inst/Example/after_char_state_reg[8]' (FDE) to 'inst/Example/after_char_state_reg[94]'
INFO: [Synth 8-3886] merging instance 'inst/Example/after_update_state_reg[9]' (FDE) to 'inst/Example/after_update_state_reg[30]'
INFO: [Synth 8-3886] merging instance 'inst/Example/after_char_state_reg[9]' (FDE) to 'inst/Example/after_char_state_reg[93]'
INFO: [Synth 8-3886] merging instance 'inst/Example/after_update_state_reg[10]' (FDE) to 'inst/Example/after_update_state_reg[30]'
INFO: [Synth 8-3886] merging instance 'inst/Example/after_char_state_reg[10]' (FDE) to 'inst/Example/after_char_state_reg[54]'
INFO: [Synth 8-3886] merging instance 'inst/Example/after_update_state_reg[11]' (FDE) to 'inst/Example/after_update_state_reg[30]'
INFO: [Synth 8-3886] merging instance 'inst/Example/after_char_state_reg[11]' (FDE) to 'inst/Example/after_char_state_reg[93]'
INFO: [Synth 8-3886] merging instance 'inst/Example/after_update_state_reg[12]' (FDE) to 'inst/Example/after_update_state_reg[39]'
INFO: [Synth 8-3886] merging instance 'inst/Example/after_char_state_reg[12]' (FDE) to 'inst/Example/after_char_state_reg[93]'
INFO: [Synth 8-3886] merging instance 'inst/Example/after_update_state_reg[13]' (FDE) to 'inst/Example/after_update_state_reg[30]'
INFO: [Synth 8-3886] merging instance 'inst/Example/after_char_state_reg[13]' (FDE) to 'inst/Example/after_char_state_reg[94]'
INFO: [Synth 8-3886] merging instance 'inst/Example/after_update_state_reg[14]' (FDE) to 'inst/Example/after_update_state_reg[30]'
INFO: [Synth 8-3886] merging instance 'inst/Example/after_char_state_reg[14]' (FDE) to 'inst/Example/after_char_state_reg[54]'
INFO: [Synth 8-3886] merging instance 'inst/Example/after_update_state_reg[15]' (FDE) to 'inst/Example/after_update_state_reg[39]'
INFO: [Synth 8-3886] merging instance 'inst/Example/after_char_state_reg[15]' (FDE) to 'inst/Example/after_char_state_reg[93]'
INFO: [Synth 8-3886] merging instance 'inst/Example/after_update_state_reg[16]' (FDE) to 'inst/Example/after_update_state_reg[30]'
INFO: [Synth 8-3886] merging instance 'inst/Example/after_char_state_reg[16]' (FDE) to 'inst/Example/after_char_state_reg[94]'
INFO: [Synth 8-3886] merging instance 'inst/Example/after_update_state_reg[17]' (FDE) to 'inst/Example/after_update_state_reg[30]'
INFO: [Synth 8-3886] merging instance 'inst/Example/after_char_state_reg[17]' (FDE) to 'inst/Example/after_char_state_reg[49]'
INFO: [Synth 8-3886] merging instance 'inst/Example/after_update_state_reg[18]' (FDE) to 'inst/Example/after_update_state_reg[30]'
INFO: [Synth 8-3886] merging instance 'inst/Example/after_char_state_reg[18]' (FDE) to 'inst/Example/after_char_state_reg[94]'
INFO: [Synth 8-3886] merging instance 'inst/Example/after_update_state_reg[19]' (FDE) to 'inst/Example/after_update_state_reg[30]'
INFO: [Synth 8-3886] merging instance 'inst/Example/after_char_state_reg[19]' (FDE) to 'inst/Example/after_char_state_reg[93]'
INFO: [Synth 8-3886] merging instance 'inst/Example/after_update_state_reg[20]' (FDE) to 'inst/Example/after_update_state_reg[39]'
INFO: [Synth 8-3886] merging instance 'inst/Example/after_char_state_reg[20]' (FDE) to 'inst/Example/after_char_state_reg[49]'
INFO: [Synth 8-3886] merging instance 'inst/Example/after_update_state_reg[21]' (FDE) to 'inst/Example/after_update_state_reg[30]'
INFO: [Synth 8-3886] merging instance 'inst/Example/after_char_state_reg[21]' (FDE) to 'inst/Example/after_char_state_reg[54]'
INFO: [Synth 8-3886] merging instance 'inst/Example/after_update_state_reg[22]' (FDE) to 'inst/Example/after_update_state_reg[30]'
INFO: [Synth 8-3886] merging instance 'inst/Example/after_char_state_reg[22]' (FDE) to 'inst/Example/after_char_state_reg[54]'
INFO: [Synth 8-3886] merging instance 'inst/Example/after_update_state_reg[23]' (FDE) to 'inst/Example/after_update_state_reg[39]'
INFO: [Synth 8-3886] merging instance 'inst/Example/after_char_state_reg[23]' (FDE) to 'inst/Example/after_char_state_reg[93]'
INFO: [Synth 8-3886] merging instance 'inst/Example/after_update_state_reg[24]' (FDE) to 'inst/Example/after_update_state_reg[39]'
INFO: [Synth 8-3886] merging instance 'inst/Example/after_char_state_reg[24]' (FDE) to 'inst/Example/after_char_state_reg[49]'
INFO: [Synth 8-3886] merging instance 'inst/Example/after_update_state_reg[25]' (FDE) to 'inst/Example/after_update_state_reg[39]'
INFO: [Synth 8-3886] merging instance 'inst/Example/after_char_state_reg[25]' (FDE) to 'inst/Example/after_char_state_reg[94]'
INFO: [Synth 8-3886] merging instance 'inst/Example/after_update_state_reg[26]' (FDE) to 'inst/Example/after_update_state_reg[30]'
INFO: [Synth 8-3886] merging instance 'inst/Example/after_char_state_reg[26]' (FDE) to 'inst/Example/after_char_state_reg[93]'
INFO: [Synth 8-3886] merging instance 'inst/Example/after_update_state_reg[27]' (FDE) to 'inst/Example/after_update_state_reg[39]'
INFO: [Synth 8-3886] merging instance 'inst/Example/after_char_state_reg[27]' (FDE) to 'inst/Example/after_char_state_reg[93]'
INFO: [Synth 8-3886] merging instance 'inst/Example/after_update_state_reg[28]' (FDE) to 'inst/Example/after_update_state_reg[39]'
INFO: [Synth 8-3886] merging instance 'inst/Example/after_char_state_reg[28]' (FDE) to 'inst/Example/after_char_state_reg[94]'
INFO: [Synth 8-3886] merging instance 'inst/Example/after_update_state_reg[29]' (FDE) to 'inst/Example/after_update_state_reg[39]'
INFO: [Synth 8-3886] merging instance 'inst/Example/after_char_state_reg[29]' (FDE) to 'inst/Example/after_char_state_reg[54]'
INFO: [Synth 8-3333] propagating constant 1 across sequential element (\inst/Example /\after_update_state_reg[30] )
INFO: [Synth 8-3886] merging instance 'inst/Example/after_char_state_reg[30]' (FDE) to 'inst/Example/after_char_state_reg[54]'
INFO: [Synth 8-3886] merging instance 'inst/Example/after_update_state_reg[31]' (FDE) to 'inst/Example/after_update_state_reg[39]'
INFO: [Synth 8-3886] merging instance 'inst/Example/after_char_state_reg[31]' (FDE) to 'inst/Example/after_char_state_reg[93]'
INFO: [Synth 8-3886] merging instance 'inst/Example/after_update_state_reg[32]' (FDE) to 'inst/Example/after_update_state_reg[39]'
INFO: [Synth 8-3886] merging instance 'inst/Example/after_char_state_reg[32]' (FDE) to 'inst/Example/after_char_state_reg[54]'
INFO: [Synth 8-3886] merging instance 'inst/Example/after_update_state_reg[33]' (FDE) to 'inst/Example/after_update_state_reg[39]'
INFO: [Synth 8-3886] merging instance 'inst/Example/after_char_state_reg[33]' (FDE) to 'inst/Example/after_char_state_reg[94]'
INFO: [Synth 8-3886] merging instance 'inst/Example/after_update_state_reg[34]' (FDE) to 'inst/Example/after_update_state_reg[39]'
INFO: [Synth 8-3886] merging instance 'inst/Example/after_char_state_reg[34]' (FDE) to 'inst/Example/after_char_state_reg[49]'
INFO: [Synth 8-3886] merging instance 'inst/Example/after_update_state_reg[35]' (FDE) to 'inst/Example/after_update_state_reg[39]'
INFO: [Synth 8-3886] merging instance 'inst/Example/after_char_state_reg[35]' (FDE) to 'inst/Example/after_char_state_reg[93]'
INFO: [Synth 8-3886] merging instance 'inst/Example/after_update_state_reg[36]' (FDE) to 'inst/Example/after_update_state_reg[39]'
INFO: [Synth 8-3886] merging instance 'inst/Example/after_char_state_reg[36]' (FDE) to 'inst/Example/after_char_state_reg[93]'
INFO: [Synth 8-3886] merging instance 'inst/Example/after_update_state_reg[37]' (FDE) to 'inst/Example/after_update_state_reg[39]'
INFO: [Synth 8-3886] merging instance 'inst/Example/after_char_state_reg[37]' (FDE) to 'inst/Example/after_char_state_reg[54]'
INFO: [Synth 8-3886] merging instance 'inst/Example/after_update_state_reg[38]' (FDE) to 'inst/Example/after_update_state_reg[39]'
INFO: [Synth 8-3886] merging instance 'inst/Example/after_char_state_reg[38]' (FDE) to 'inst/Example/after_char_state_reg[54]'
INFO: [Synth 8-3333] propagating constant 0 across sequential element (\inst/Example /\after_update_state_reg[39] )
INFO: [Synth 8-3886] merging instance 'inst/Example/after_char_state_reg[39]' (FDE) to 'inst/Example/after_char_state_reg[93]'
INFO: [Synth 8-3886] merging instance 'inst/Example/after_char_state_reg[40]' (FDE) to 'inst/Example/after_char_state_reg[94]'
INFO: [Synth 8-3886] merging instance 'inst/Example/after_char_state_reg[41]' (FDE) to 'inst/Example/after_char_state_reg[94]'
INFO: [Synth 8-3886] merging instance 'inst/Example/after_char_state_reg[42]' (FDE) to 'inst/Example/after_char_state_reg[49]'
INFO: [Synth 8-3886] merging instance 'inst/Example/after_char_state_reg[43]' (FDE) to 'inst/Example/after_char_state_reg[49]'
INFO: [Synth 8-3886] merging instance 'inst/Example/after_char_state_reg[44]' (FDE) to 'inst/Example/after_char_state_reg[94]'
INFO: [Synth 8-3886] merging instance 'inst/Example/after_char_state_reg[45]' (FDE) to 'inst/Example/after_char_state_reg[49]'
INFO: [Synth 8-3886] merging instance 'inst/Example/after_char_state_reg[46]' (FDE) to 'inst/Example/after_char_state_reg[54]'
INFO: [Synth 8-3886] merging instance 'inst/Example/after_char_state_reg[47]' (FDE) to 'inst/Example/after_char_state_reg[93]'
INFO: [Synth 8-3886] merging instance 'inst/Example/after_char_state_reg[48]' (FDE) to 'inst/Example/after_char_state_reg[54]'
INFO: [Synth 8-3886] merging instance 'inst/Example/after_char_state_reg[50]' (FDE) to 'inst/Example/after_char_state_reg[94]'
INFO: [Synth 8-3886] merging instance 'inst/Example/after_char_state_reg[51]' (FDE) to 'inst/Example/after_char_state_reg[93]'
INFO: [Synth 8-3886] merging instance 'inst/Example/after_char_state_reg[52]' (FDE) to 'inst/Example/after_char_state_reg[93]'
INFO: [Synth 8-3886] merging instance 'inst/Example/after_char_state_reg[53]' (FDE) to 'inst/Example/after_char_state_reg[94]'
INFO: [Synth 8-3333] propagating constant 1 across sequential element (\inst/Example /\after_char_state_reg[54] )
INFO: [Synth 8-3886] merging instance 'inst/Example/after_char_state_reg[55]' (FDE) to 'inst/Example/after_char_state_reg[93]'
INFO: [Synth 8-3886] merging instance 'inst/Example/after_char_state_reg[56]' (FDE) to 'inst/Example/after_char_state_reg[93]'
INFO: [Synth 8-3886] merging instance 'inst/Example/after_char_state_reg[57]' (FDE) to 'inst/Example/after_char_state_reg[93]'
INFO: [Synth 8-3886] merging instance 'inst/Example/after_char_state_reg[58]' (FDE) to 'inst/Example/after_char_state_reg[94]'
INFO: [Synth 8-3886] merging instance 'inst/Example/after_char_state_reg[59]' (FDE) to 'inst/Example/after_char_state_reg[93]'
INFO: [Synth 8-3886] merging instance 'inst/Example/after_char_state_reg[60]' (FDE) to 'inst/Example/after_char_state_reg[94]'
INFO: [Synth 8-3886] merging instance 'inst/Example/after_char_state_reg[61]' (FDE) to 'inst/Example/after_char_state_reg[94]'
INFO: [Synth 8-3886] merging instance 'inst/Example/after_char_state_reg[62]' (FDE) to 'inst/Example/after_char_state_reg[94]'
INFO: [Synth 8-3886] merging instance 'inst/Example/after_char_state_reg[63]' (FDE) to 'inst/Example/after_char_state_reg[93]'
INFO: [Common 17-14] Message 'Synth 8-3886' appears 100 times and further instances of the messages will be disabled. Use the Tcl command set_msg_config to change the current settings.
INFO: [Synth 8-3333] propagating constant 0 across sequential element (\inst/Example /\after_char_state_reg[93] )
INFO: [Synth 8-3333] propagating constant 0 across sequential element (\inst/Example /\after_state_reg[111] )
INFO: [Synth 8-3333] propagating constant 0 across sequential element (\inst/Example /\after_page_state_reg[142] )
INFO: [Synth 8-3333] propagating constant 0 across sequential element (\inst/Example /\DELAY_COMP/current_state_reg[12] )
INFO: [Synth 8-3333] propagating constant 0 across sequential element (\inst/Example /\current_state_reg[143] )
INFO: [Synth 8-3333] propagating constant 1 across sequential element (\inst/Example /\after_page_state_reg[30] )
INFO: [Synth 8-3333] propagating constant 1 across sequential element (\inst/Example /\after_state_reg[38] )
INFO: [Synth 8-3333] propagating constant 0 across sequential element (\inst/Example /\after_page_state_reg[39] )
INFO: [Synth 8-3333] propagating constant 0 across sequential element (\inst/Example /\after_state_reg[93] )
INFO: [Synth 8-3333] propagating constant 0 across sequential element (\inst/Example /\current_state_reg[142] )
INFO: [Synth 8-3333] propagating constant 1 across sequential element (\inst/Example /\current_state_reg[30] )
INFO: [Synth 8-3333] propagating constant 0 across sequential element (\inst/Example /\current_state_reg[93] )
WARNING: [Synth 8-3332] Sequential element (DELAY_COMP/current_state_reg[12]) is unused and will be removed from module OledEX.
WARNING: [Synth 8-3332] Sequential element (current_state_reg[93]) is unused and will be removed from module OledEX.
WARNING: [Synth 8-3332] Sequential element (current_state_reg[30]) is unused and will be removed from module OledEX.
WARNING: [Synth 8-3332] Sequential element (temp_addr_reg[10]) is unused and will be removed from module OledEX.
WARNING: [Synth 8-3332] Sequential element (after_update_state_reg[39]) is unused and will be removed from module OledEX.
WARNING: [Synth 8-3332] Sequential element (after_update_state_reg[30]) is unused and will be removed from module OledEX.
WARNING: [Synth 8-3332] Sequential element (after_page_state_reg[39]) is unused and will be removed from module OledEX.
WARNING: [Synth 8-3332] Sequential element (after_page_state_reg[30]) is unused and will be removed from module OledEX.
WARNING: [Synth 8-3332] Sequential element (after_char_state_reg[93]) is unused and will be removed from module OledEX.
WARNING: [Synth 8-3332] Sequential element (after_char_state_reg[54]) is unused and will be removed from module OledEX.
WARNING: [Synth 8-3332] Sequential element (after_state_reg[93]) is unused and will be removed from module OledEX.
WARNING: [Synth 8-3332] Sequential element (after_state_reg[38]) is unused and will be removed from module OledEX.
INFO: [Synth 8-3333] propagating constant 1 across sequential element (insti_0/Init/\after_state_reg[30] )
INFO: [Synth 8-3333] propagating constant 0 across sequential element (insti_0/Init/\after_state_reg[101] )
INFO: [Synth 8-3333] propagating constant 0 across sequential element (insti_0/Init/\DELAY_COMP/current_state_reg[12] )
INFO: [Synth 8-3333] propagating constant 0 across sequential element (insti_0/Init/temp_dc_reg)
INFO: [Synth 8-3333] propagating constant 0 across sequential element (insti_0/\current_state_reg[109] )
WARNING: [Synth 8-3332] Sequential element (after_state_reg[101]) is unused and will be removed from module OledInit.
WARNING: [Synth 8-3332] Sequential element (after_state_reg[30]) is unused and will be removed from module OledInit.
WARNING: [Synth 8-3332] Sequential element (current_state_reg[103]) is unused and will be removed from module OledInit.
WARNING: [Synth 8-3332] Sequential element (current_state_reg[101]) is unused and will be removed from module OledInit.
WARNING: [Synth 8-3332] Sequential element (current_state_reg[100]) is unused and will be removed from module OledInit.
WARNING: [Synth 8-3332] Sequential element (current_state_reg[99]) is unused and will be removed from module OledInit.
WARNING: [Synth 8-3332] Sequential element (current_state_reg[97]) is unused and will be removed from module OledInit.
WARNING: [Synth 8-3332] Sequential element (current_state_reg[96]) is unused and will be removed from module OledInit.
WARNING: [Synth 8-3332] Sequential element (current_state_reg[95]) is unused and will be removed from module OledInit.
WARNING: [Synth 8-3332] Sequential element (current_state_reg[92]) is unused and will be removed from module OledInit.
WARNING: [Synth 8-3332] Sequential element (current_state_reg[90]) is unused and will be removed from module OledInit.
WARNING: [Synth 8-3332] Sequential element (current_state_reg[89]) is unused and will be removed from module OledInit.
WARNING: [Synth 8-3332] Sequential element (current_state_reg[87]) is unused and will be removed from module OledInit.
WARNING: [Synth 8-3332] Sequential element (current_state_reg[79]) is unused and will be removed from module OledInit.
WARNING: [Synth 8-3332] Sequential element (current_state_reg[71]) is unused and will be removed from module OledInit.
WARNING: [Synth 8-3332] Sequential element (current_state_reg[63]) is unused and will be removed from module OledInit.
WARNING: [Synth 8-3332] Sequential element (current_state_reg[55]) is unused and will be removed from module OledInit.
WARNING: [Synth 8-3332] Sequential element (current_state_reg[47]) is unused and will be removed from module OledInit.
WARNING: [Synth 8-3332] Sequential element (current_state_reg[39]) is unused and will be removed from module OledInit.
WARNING: [Synth 8-3332] Sequential element (current_state_reg[31]) is unused and will be removed from module OledInit.
WARNING: [Synth 8-3332] Sequential element (current_state_reg[30]) is unused and will be removed from module OledInit.
WARNING: [Synth 8-3332] Sequential element (current_state_reg[23]) is unused and will be removed from module OledInit.
WARNING: [Synth 8-3332] Sequential element (current_state_reg[22]) is unused and will be removed from module OledInit.
WARNING: [Synth 8-3332] Sequential element (current_state_reg[15]) is unused and will be removed from module OledInit.
WARNING: [Synth 8-3332] Sequential element (current_state_reg[14]) is unused and will be removed from module OledInit.
WARNING: [Synth 8-3332] Sequential element (current_state_reg[7]) is unused and will be removed from module OledInit.
WARNING: [Synth 8-3332] Sequential element (current_state_reg[5]) is unused and will be removed from module OledInit.
WARNING: [Synth 8-3332] Sequential element (DELAY_COMP/current_state_reg[12]) is unused and will be removed from module OledInit.
WARNING: [Synth 8-3332] Sequential element (temp_dc_reg) is unused and will be removed from module OledInit.
INFO: [Synth 8-3333] propagating constant 1 across sequential element (\inst/Example /\DELAY_COMP/current_state_reg[30] )
WARNING: [Synth 8-3332] Sequential element (DELAY_COMP/current_state_reg[30]) is unused and will be removed from module OledEX.
INFO: [Synth 8-3333] propagating constant 1 across sequential element (insti_0/Init/\DELAY_COMP/current_state_reg[30] )
INFO: [Synth 8-3333] propagating constant 1 across sequential element (insti_0/\current_state_reg[30] )
WARNING: [Synth 8-3332] Sequential element (DELAY_COMP/current_state_reg[30]) is unused and will be removed from module OledInit.
---------------------------------------------------------------------------------
Finished Cross Boundary and Area Optimization : Time (s): cpu = 00:02:25 ; elapsed = 00:02:53 . Memory (MB): peak = 1551.699 ; gain = 451.531 ; free physical = 375 ; free virtual = 2050
---------------------------------------------------------------------------------

Report RTL Partitions: 
+------+--------------+------------+----------+
|      |RTL Partition |Replication |Instances |
+------+--------------+------------+----------+
|1     |OledEX        |           1|      2524|
|2     |oled_ip__GB1  |           1|      2981|
+------+--------------+------------+----------+
---------------------------------------------------------------------------------
Start Applying XDC Timing Constraints
---------------------------------------------------------------------------------
---------------------------------------------------------------------------------
Finished Applying XDC Timing Constraints : Time (s): cpu = 00:02:42 ; elapsed = 00:03:13 . Memory (MB): peak = 1551.699 ; gain = 451.531 ; free physical = 253 ; free virtual = 1928
---------------------------------------------------------------------------------
---------------------------------------------------------------------------------
Start Timing Optimization
---------------------------------------------------------------------------------
---------------------------------------------------------------------------------
Finished Timing Optimization : Time (s): cpu = 00:02:42 ; elapsed = 00:03:13 . Memory (MB): peak = 1551.699 ; gain = 451.531 ; free physical = 253 ; free virtual = 1928
---------------------------------------------------------------------------------

Report RTL Partitions: 
+------+--------------+------------+----------+
|      |RTL Partition |Replication |Instances |
+------+--------------+------------+----------+
|1     |OledEX        |           1|      2524|
|2     |oled_ip__GB1  |           1|      2981|
+------+--------------+------------+----------+
---------------------------------------------------------------------------------
Start Technology Mapping
---------------------------------------------------------------------------------
---------------------------------------------------------------------------------
Finished Technology Mapping : Time (s): cpu = 00:02:44 ; elapsed = 00:03:16 . Memory (MB): peak = 1560.738 ; gain = 460.570 ; free physical = 271 ; free virtual = 1947
---------------------------------------------------------------------------------

Report RTL Partitions: 
+-+--------------+------------+----------+
| |RTL Partition |Replication |Instances |
+-+--------------+------------+----------+
+-+--------------+------------+----------+
---------------------------------------------------------------------------------
Start IO Insertion
---------------------------------------------------------------------------------
---------------------------------------------------------------------------------
Start Flattening Before IO Insertion
---------------------------------------------------------------------------------
---------------------------------------------------------------------------------
Finished Flattening Before IO Insertion
---------------------------------------------------------------------------------
---------------------------------------------------------------------------------
Start Final Netlist Cleanup
---------------------------------------------------------------------------------
---------------------------------------------------------------------------------
Finished Final Netlist Cleanup
---------------------------------------------------------------------------------
---------------------------------------------------------------------------------
Finished IO Insertion : Time (s): cpu = 00:02:46 ; elapsed = 00:03:18 . Memory (MB): peak = 1560.738 ; gain = 460.570 ; free physical = 271 ; free virtual = 1947
---------------------------------------------------------------------------------

Report Check Netlist: 
+------+------------------+-------+---------+-------+------------------+
|      |Item              |Errors |Warnings |Status |Description       |
+------+------------------+-------+---------+-------+------------------+
|1     |multi_driven_nets |      0|        0|Passed |Multi driven nets |
+------+------------------+-------+---------+-------+------------------+
---------------------------------------------------------------------------------
Start Renaming Generated Instances
---------------------------------------------------------------------------------
---------------------------------------------------------------------------------
Finished Renaming Generated Instances : Time (s): cpu = 00:02:46 ; elapsed = 00:03:18 . Memory (MB): peak = 1560.738 ; gain = 460.570 ; free physical = 271 ; free virtual = 1947
---------------------------------------------------------------------------------

Report RTL Partitions: 
+-+--------------+------------+----------+
| |RTL Partition |Replication |Instances |
+-+--------------+------------+----------+
+-+--------------+------------+----------+
---------------------------------------------------------------------------------
Start Rebuilding User Hierarchy
---------------------------------------------------------------------------------
---------------------------------------------------------------------------------
Finished Rebuilding User Hierarchy : Time (s): cpu = 00:02:47 ; elapsed = 00:03:18 . Memory (MB): peak = 1560.738 ; gain = 460.570 ; free physical = 271 ; free virtual = 1947
---------------------------------------------------------------------------------
---------------------------------------------------------------------------------
Start Renaming Generated Ports
---------------------------------------------------------------------------------
---------------------------------------------------------------------------------
Finished Renaming Generated Ports : Time (s): cpu = 00:02:47 ; elapsed = 00:03:18 . Memory (MB): peak = 1560.738 ; gain = 460.570 ; free physical = 271 ; free virtual = 1947
---------------------------------------------------------------------------------
---------------------------------------------------------------------------------
Start Handling Custom Attributes
---------------------------------------------------------------------------------
---------------------------------------------------------------------------------
Finished Handling Custom Attributes : Time (s): cpu = 00:02:47 ; elapsed = 00:03:19 . Memory (MB): peak = 1560.738 ; gain = 460.570 ; free physical = 271 ; free virtual = 1947
---------------------------------------------------------------------------------
---------------------------------------------------------------------------------
Start Renaming Generated Nets
---------------------------------------------------------------------------------
---------------------------------------------------------------------------------
Finished Renaming Generated Nets : Time (s): cpu = 00:02:47 ; elapsed = 00:03:19 . Memory (MB): peak = 1560.738 ; gain = 460.570 ; free physical = 271 ; free virtual = 1947
---------------------------------------------------------------------------------
---------------------------------------------------------------------------------
Start Writing Synthesis Report
---------------------------------------------------------------------------------

Report BlackBoxes: 
+-+--------------+----------+
| |BlackBox name |Instances |
+-+--------------+----------+
+-+--------------+----------+

Report Cell Usage: 
+------+-------+------+
|      |Cell   |Count |
+------+-------+------+
|1     |CARRY4 |    48|
|2     |LUT1   |   123|
|3     |LUT2   |   273|
|4     |LUT3   |   114|
|5     |LUT4   |   165|
|6     |LUT5   |   247|
|7     |LUT6   |   726|
|8     |MUXF7  |     4|
|9     |FDRE   |   365|
|10    |FDSE   |    20|
+------+-------+------+

Report Instance Areas: 
+------+-----------------+----------+------+
|      |Instance         |Module    |Cells |
+------+-----------------+----------+------+
|1     |top              |          |  2085|
|2     |  inst           |oled_ip   |  2085|
|3     |    Example      |OledEX    |   962|
|4     |      DELAY_COMP |Delay_0   |   101|
|5     |      SPI_COMP   |SpiCtrl_1 |    47|
|6     |    Init         |OledInit  |  1061|
|7     |      DELAY_COMP |Delay     |   121|
|8     |      SPI_COMP   |SpiCtrl   |    53|
+------+-----------------+----------+------+
---------------------------------------------------------------------------------
Finished Writing Synthesis Report : Time (s): cpu = 00:02:47 ; elapsed = 00:03:19 . Memory (MB): peak = 1560.738 ; gain = 460.570 ; free physical = 271 ; free virtual = 1947
---------------------------------------------------------------------------------
Synthesis finished with 0 errors, 0 critical warnings and 56 warnings.
Synthesis Optimization Runtime : Time (s): cpu = 00:02:35 ; elapsed = 00:03:04 . Memory (MB): peak = 1560.738 ; gain = 138.559 ; free physical = 332 ; free virtual = 2008
Synthesis Optimization Complete : Time (s): cpu = 00:02:47 ; elapsed = 00:03:19 . Memory (MB): peak = 1560.746 ; gain = 460.570 ; free physical = 335 ; free virtual = 2011
INFO: [Project 1-571] Translating synthesized netlist
INFO: [Netlist 29-17] Analyzing 48 Unisim elements for replacement
INFO: [Netlist 29-28] Unisim Transformation completed in 0 CPU seconds
INFO: [Project 1-570] Preparing netlist for logic optimization
INFO: [Opt 31-138] Pushed 0 inverter(s) to 0 load pin(s).
INFO: [Project 1-111] Unisim Transformation Summary:
No Unisim elements were transformed.

201 Infos, 235 Warnings, 0 Critical Warnings and 0 Errors encountered.
synth_design completed successfully
synth_design: Time (s): cpu = 00:02:51 ; elapsed = 00:03:23 . Memory (MB): peak = 1560.746 ; gain = 473.160 ; free physical = 309 ; free virtual = 1984
INFO: [Common 17-1381] The checkpoint '/home/andrew/ece527/mp2/mp2a.runs/mp1a_hardware_oled_ip_0_0_synth_1/mp1a_hardware_oled_ip_0_0.dcp' has been generated.
INFO: [Coretcl 2-1174] Renamed 7 cell refs.
INFO: [Common 17-1381] The checkpoint '/home/andrew/ece527/mp2/mp2a.runs/mp1a_hardware_oled_ip_0_0_synth_1/mp1a_hardware_oled_ip_0_0.dcp' has been generated.
report_utilization: Time (s): cpu = 00:00:00.14 ; elapsed = 00:00:00.20 . Memory (MB): peak = 1560.746 ; gain = 0.000 ; free physical = 307 ; free virtual = 1984
INFO: [Common 17-206] Exiting Vivado at Tue Sep 25 00:51:48 2018...
