

================================================================
== Vivado HLS Report for 'convolution3'
================================================================
* Date:           Wed Nov  7 23:47:52 2018

* Version:        2017.2 (Build 1909853 on Thu Jun 15 18:55:24 MDT 2017)
* Project:        lenet
* Solution:       lenet_accelerator
* Product family: zynq
* Target device:  xc7z020clg484-1


================================================================
== Performance Estimates
================================================================
+ Timing (ns): 
    * Summary: 
    +--------+-------+----------+------------+
    |  Clock | Target| Estimated| Uncertainty|
    +--------+-------+----------+------------+
    |ap_clk  |  10.00|      7.26|        1.25|
    +--------+-------+----------+------------+

+ Latency (clock cycles): 
    * Summary: 
    +-----+-----+-----+-----+---------+
    |  Latency  |  Interval | Pipeline|
    | min | max | min | max |   Type  |
    +-----+-----+-----+-----+---------+
    |    ?|    ?|    ?|    ?|   none  |
    +-----+-----+-----+-----+---------+

    + Detail: 
        * Instance: 
        N/A

        * Loop: 
        +-----------------------------+-----+-----+----------+-----------+-----------+------+----------+
        |                             |  Latency  | Iteration|  Initiation Interval  | Trip |          |
        |          Loop Name          | min | max |  Latency |  achieved |   target  | Count| Pipelined|
        +-----------------------------+-----+-----+----------+-----------+-----------+------+----------+
        |- Loop 1                     |    ?|    ?|         ?|          -|          -|    16|    no    |
        | + Loop 1.1                  |    ?|    ?|         ?|          -|          -|    10|    no    |
        |  ++ Loop 1.1.1              |    ?|    ?|         ?|          -|          -|    10|    no    |
        |   +++ Loop 1.1.1.1          |    ?|    ?|         ?|          -|          -|     ?|    no    |
        |    ++++ Loop 1.1.1.1.1      |    ?|    ?|        75|          -|          -|     ?|    no    |
        |     +++++ Loop 1.1.1.1.1.1  |   73|   73|        12|          -|          -|     6|    no    |
        +-----------------------------+-----+-----+----------+-----------+-----------+------+----------+

============================================================
+ Verbose Summary: Synthesis Manager
============================================================
InlineROM: 1
ExposeGlobal: 0
============================================================
+ Verbose Summary: CDFG Model
============================================================
IsTopModel: 0
ResetActiveHigh: 1
IsCombinational: 0
IsDatapathOnly: 0
HasWiredReturn: 1
HasMFsm: 0
HasVarLatency: 1
IsPipeline: 0
IsRtlPipelined: 0
IsInstanceOverlapped: 0
IsDontTouch: 0
HasImplIP: 0
IsGatedGlobalClock: 0


============================================================
+ Verbose Summary: Schedule
============================================================
* Number of FSM states: 25
* Pipeline: 0
* Dataflow Pipeline: 0

* FSM state transitions: 
1 --> 
	2  / true
2 --> 
	3  / (!exitcond3)
3 --> 
	4  / (!exitcond2)
	2  / (exitcond2)
4 --> 
	5  / (!exitcond1)
	3  / (exitcond1)
5 --> 
	19  / (!tmp_19)
	6  / (tmp_19)
6 --> 
	7  / (tmp_21)
	5  / (!tmp_21)
7 --> 
	8  / true
8 --> 
	9  / (!exitcond)
	6  / (exitcond)
9 --> 
	10  / true
10 --> 
	11  / true
11 --> 
	12  / true
12 --> 
	13  / true
13 --> 
	14  / true
14 --> 
	15  / true
15 --> 
	16  / true
16 --> 
	17  / true
17 --> 
	18  / true
18 --> 
	7  / true
19 --> 
	20  / true
20 --> 
	21  / true
21 --> 
	22  / true
22 --> 
	23  / true
23 --> 
	24  / true
24 --> 
	25  / true
25 --> 
	4  / true
* FSM state operations: 

 <State 1>: 1.59ns
ST_1: StgValue_26 (5)  [1/1] 1.59ns  loc: lenet/lenet_hls.c:195
:0  br label %.loopexit


 <State 2>: 3.31ns
ST_2: co (7)  [1/1] 0.00ns
.loopexit:0  %co = phi i5 [ 0, %0 ], [ %co_2, %.loopexit.loopexit ]

ST_2: co_cast4 (8)  [1/1] 0.00ns  loc: lenet/lenet_hls.c:195
.loopexit:1  %co_cast4 = zext i5 %co to i32

ST_2: tmp_155 (9)  [1/1] 0.00ns  loc: lenet/lenet_hls.c:195
.loopexit:2  %tmp_155 = call i8 @_ssdm_op_BitConcatenate.i8.i5.i3(i5 %co, i3 0)

ST_2: p_shl2_cast (10)  [1/1] 0.00ns  loc: lenet/lenet_hls.c:195
.loopexit:3  %p_shl2_cast = zext i8 %tmp_155 to i9

ST_2: tmp_156 (11)  [1/1] 0.00ns  loc: lenet/lenet_hls.c:195
.loopexit:4  %tmp_156 = call i6 @_ssdm_op_BitConcatenate.i6.i5.i1(i5 %co, i1 false)

ST_2: p_shl3_cast (12)  [1/1] 0.00ns  loc: lenet/lenet_hls.c:202
.loopexit:5  %p_shl3_cast = zext i6 %tmp_156 to i9

ST_2: tmp_157 (13)  [1/1] 2.32ns  loc: lenet/lenet_hls.c:202
.loopexit:6  %tmp_157 = sub i9 %p_shl2_cast, %p_shl3_cast

ST_2: tmp_166_cast (14)  [1/1] 0.00ns  loc: lenet/lenet_hls.c:202
.loopexit:7  %tmp_166_cast = sext i9 %tmp_157 to i10

ST_2: tmp_158 (15)  [1/1] 2.32ns  loc: lenet/lenet_hls.c:206
.loopexit:8  %tmp_158 = add i9 %p_shl3_cast, %p_shl2_cast

ST_2: exitcond3 (16)  [1/1] 3.31ns  loc: lenet/lenet_hls.c:195
.loopexit:9  %exitcond3 = icmp eq i5 %co, -16

ST_2: empty (17)  [1/1] 0.00ns
.loopexit:10  %empty = call i32 (...)* @_ssdm_op_SpecLoopTripCount(i64 16, i64 16, i64 16)

ST_2: co_2 (18)  [1/1] 2.33ns  loc: lenet/lenet_hls.c:195
.loopexit:11  %co_2 = add i5 %co, 1

ST_2: StgValue_39 (19)  [1/1] 0.00ns  loc: lenet/lenet_hls.c:195
.loopexit:12  br i1 %exitcond3, label %5, label %.preheader7.preheader

ST_2: conv3_b_addr (21)  [1/1] 0.00ns  loc: lenet/lenet_hls.c:206
.preheader7.preheader:0  %conv3_b_addr = getelementptr [16 x float]* %conv3_b, i32 0, i32 %co_cast4

ST_2: StgValue_41 (22)  [1/1] 1.59ns  loc: lenet/lenet_hls.c:199
.preheader7.preheader:1  br label %.preheader7

ST_2: StgValue_42 (133)  [1/1] 0.00ns  loc: lenet/lenet_hls.c:210
:0  ret void


 <State 3>: 4.65ns
ST_3: i (24)  [1/1] 0.00ns
.preheader7:0  %i = phi i4 [ 0, %.preheader7.preheader ], [ %h, %.preheader7.loopexit ]

ST_3: i_cast3 (25)  [1/1] 0.00ns  loc: lenet/lenet_hls.c:199
.preheader7:1  %i_cast3 = zext i4 %i to i32

ST_3: i_cast3_cast (26)  [1/1] 0.00ns  loc: lenet/lenet_hls.c:206
.preheader7:2  %i_cast3_cast = zext i4 %i to i9

ST_3: tmp_159 (27)  [1/1] 2.32ns  loc: lenet/lenet_hls.c:206
.preheader7:3  %tmp_159 = add i9 %i_cast3_cast, %tmp_158

ST_3: p_shl4_cast (28)  [1/1] 0.00ns  loc: lenet/lenet_hls.c:206
.preheader7:4  %p_shl4_cast = call i12 @_ssdm_op_BitConcatenate.i12.i9.i3(i9 %tmp_159, i3 0)

ST_3: tmp_148 (29)  [1/1] 0.00ns  loc: lenet/lenet_hls.c:206
.preheader7:5  %tmp_148 = call i10 @_ssdm_op_BitConcatenate.i10.i9.i1(i9 %tmp_159, i1 false)

ST_3: p_shl5_cast (30)  [1/1] 0.00ns  loc: lenet/lenet_hls.c:206
.preheader7:6  %p_shl5_cast = zext i10 %tmp_148 to i12

ST_3: tmp_160 (31)  [1/1] 2.33ns  loc: lenet/lenet_hls.c:206
.preheader7:7  %tmp_160 = add i12 %p_shl4_cast, %p_shl5_cast

ST_3: exitcond2 (32)  [1/1] 3.10ns  loc: lenet/lenet_hls.c:196
.preheader7:8  %exitcond2 = icmp eq i4 %i, -6

ST_3: empty_79 (33)  [1/1] 0.00ns
.preheader7:9  %empty_79 = call i32 (...)* @_ssdm_op_SpecLoopTripCount(i64 10, i64 10, i64 10)

ST_3: h (34)  [1/1] 2.35ns  loc: lenet/lenet_hls.c:196
.preheader7:10  %h = add i4 %i, 1

ST_3: StgValue_54 (35)  [1/1] 0.00ns  loc: lenet/lenet_hls.c:196
.preheader7:11  br i1 %exitcond2, label %.loopexit.loopexit, label %.preheader6.preheader

ST_3: tmp (37)  [1/1] 2.35ns  loc: lenet/lenet_hls.c:199
.preheader6.preheader:0  %tmp = add i4 %i, 5

ST_3: tmp_cast (38)  [1/1] 0.00ns  loc: lenet/lenet_hls.c:199
.preheader6.preheader:1  %tmp_cast = zext i4 %tmp to i32

ST_3: StgValue_57 (39)  [1/1] 1.59ns  loc: lenet/lenet_hls.c:200
.preheader6.preheader:2  br label %.preheader6

ST_3: StgValue_58 (131)  [1/1] 0.00ns
.loopexit.loopexit:0  br label %.loopexit


 <State 4>: 3.10ns
ST_4: j (41)  [1/1] 0.00ns
.preheader6:0  %j = phi i4 [ %w, %4 ], [ 0, %.preheader6.preheader ]

ST_4: j_cast2 (42)  [1/1] 0.00ns  loc: lenet/lenet_hls.c:200
.preheader6:1  %j_cast2 = zext i4 %j to i32

ST_4: j_cast2_cast (43)  [1/1] 0.00ns  loc: lenet/lenet_hls.c:206
.preheader6:2  %j_cast2_cast = zext i4 %j to i12

ST_4: tmp_161 (44)  [1/1] 2.33ns  loc: lenet/lenet_hls.c:206
.preheader6:3  %tmp_161 = add i12 %tmp_160, %j_cast2_cast

ST_4: tmp_174_cast (45)  [1/1] 0.00ns  loc: lenet/lenet_hls.c:206
.preheader6:4  %tmp_174_cast = zext i12 %tmp_161 to i32

ST_4: output_addr (46)  [1/1] 0.00ns  loc: lenet/lenet_hls.c:206
.preheader6:5  %output_addr = getelementptr [1600 x float]* %output_r, i32 0, i32 %tmp_174_cast

ST_4: exitcond1 (47)  [1/1] 3.10ns  loc: lenet/lenet_hls.c:197
.preheader6:6  %exitcond1 = icmp eq i4 %j, -6

ST_4: empty_80 (48)  [1/1] 0.00ns
.preheader6:7  %empty_80 = call i32 (...)* @_ssdm_op_SpecLoopTripCount(i64 10, i64 10, i64 10)

ST_4: w (49)  [1/1] 2.35ns  loc: lenet/lenet_hls.c:197
.preheader6:8  %w = add i4 %j, 1

ST_4: StgValue_68 (50)  [1/1] 0.00ns  loc: lenet/lenet_hls.c:197
.preheader6:9  br i1 %exitcond1, label %.preheader7.loopexit, label %.preheader5.preheader

ST_4: tmp_s (52)  [1/1] 2.35ns  loc: lenet/lenet_hls.c:200
.preheader5.preheader:0  %tmp_s = add i4 %j, 5

ST_4: tmp_cast_81 (53)  [1/1] 0.00ns  loc: lenet/lenet_hls.c:200
.preheader5.preheader:1  %tmp_cast_81 = zext i4 %tmp_s to i32

ST_4: StgValue_71 (54)  [1/1] 1.59ns  loc: lenet/lenet_hls.c:199
.preheader5.preheader:2  br label %.preheader5

ST_4: StgValue_72 (129)  [1/1] 0.00ns
.preheader7.loopexit:0  br label %.preheader7


 <State 5>: 3.26ns
ST_5: i17 (56)  [1/1] 0.00ns
.preheader5:0  %i17 = phi i32 [ %i_18, %3 ], [ %i_cast3, %.preheader5.preheader ]

ST_5: m (57)  [1/1] 0.00ns
.preheader5:1  %m = phi i32 [ %m_1, %3 ], [ 0, %.preheader5.preheader ]

ST_5: sum (58)  [1/1] 0.00ns  loc: lenet/lenet_hls.c:202
.preheader5:2  %sum = phi float [ %sum_1, %3 ], [ 0.000000e+00, %.preheader5.preheader ]

ST_5: tmp_19 (59)  [1/1] 3.26ns  loc: lenet/lenet_hls.c:199
.preheader5:3  %tmp_19 = icmp slt i32 %i17, %tmp_cast

ST_5: m_1 (60)  [1/1] 2.90ns  loc: lenet/lenet_hls.c:199
.preheader5:4  %m_1 = add nsw i32 %m, 1

ST_5: StgValue_78 (61)  [1/1] 0.00ns  loc: lenet/lenet_hls.c:199
.preheader5:5  br i1 %tmp_19, label %.preheader4.preheader, label %4

ST_5: StgValue_79 (63)  [1/1] 1.59ns  loc: lenet/lenet_hls.c:200
.preheader4.preheader:0  br label %.preheader4

ST_5: conv3_b_load (124)  [2/2] 2.32ns  loc: lenet/lenet_hls.c:206
:0  %conv3_b_load = load float* %conv3_b_addr, align 4


 <State 6>: 3.26ns
ST_6: j12 (65)  [1/1] 0.00ns
.preheader4:0  %j12 = phi i32 [ %j_13, %2 ], [ %j_cast2, %.preheader4.preheader ]

ST_6: n (66)  [1/1] 0.00ns
.preheader4:1  %n = phi i32 [ %n_1, %2 ], [ 0, %.preheader4.preheader ]

ST_6: sum_1 (67)  [1/1] 0.00ns  loc: lenet/lenet_hls.c:202
.preheader4:2  %sum_1 = phi float [ %sum_2, %2 ], [ %sum, %.preheader4.preheader ]

ST_6: tmp_149 (68)  [1/1] 0.00ns  loc: lenet/lenet_hls.c:200
.preheader4:3  %tmp_149 = trunc i32 %j12 to i12

ST_6: tmp_150 (69)  [1/1] 0.00ns  loc: lenet/lenet_hls.c:200
.preheader4:4  %tmp_150 = trunc i32 %n to i13

ST_6: tmp_21 (70)  [1/1] 3.26ns  loc: lenet/lenet_hls.c:200
.preheader4:5  %tmp_21 = icmp slt i32 %j12, %tmp_cast_81

ST_6: n_1 (71)  [1/1] 2.90ns  loc: lenet/lenet_hls.c:200
.preheader4:6  %n_1 = add nsw i32 1, %n

ST_6: StgValue_88 (72)  [1/1] 0.00ns  loc: lenet/lenet_hls.c:200
.preheader4:7  br i1 %tmp_21, label %.preheader.preheader, label %3

ST_6: StgValue_89 (74)  [1/1] 1.59ns  loc: lenet/lenet_hls.c:202
.preheader.preheader:0  br label %.preheader

ST_6: i_18 (121)  [1/1] 2.90ns  loc: lenet/lenet_hls.c:199
:0  %i_18 = add nsw i32 %i17, 1

ST_6: StgValue_91 (122)  [1/1] 0.00ns  loc: lenet/lenet_hls.c:199
:1  br label %.preheader5


 <State 7>: 6.69ns
ST_7: ci (76)  [1/1] 0.00ns
.preheader:0  %ci = phi i3 [ %ci_2, %1 ], [ 0, %.preheader.preheader ]

ST_7: ci_cast1_cast (78)  [1/1] 0.00ns  loc: lenet/lenet_hls.c:202
.preheader:2  %ci_cast1_cast = zext i3 %ci to i10

ST_7: tmp_162 (79)  [1/1] 2.32ns  loc: lenet/lenet_hls.c:202
.preheader:3  %tmp_162 = add i10 %ci_cast1_cast, %tmp_166_cast

ST_7: tmp_175_cast (80)  [1/1] 0.00ns  loc: lenet/lenet_hls.c:202
.preheader:4  %tmp_175_cast = sext i10 %tmp_162 to i32

ST_7: tmp_151 (81)  [1/1] 0.00ns  loc: lenet/lenet_hls.c:202
.preheader:5  %tmp_151 = call i12 @_ssdm_op_BitConcatenate.i12.i10.i2(i10 %tmp_162, i2 0)

ST_7: p_shl (82)  [1/1] 0.00ns  loc: lenet/lenet_hls.c:202
.preheader:6  %p_shl = sext i12 %tmp_151 to i32

ST_7: tmp_163 (83)  [1/1] 2.19ns  loc: lenet/lenet_hls.c:202
.preheader:7  %tmp_163 = add i32 %p_shl, %tmp_175_cast

ST_7: tmp_164 (84)  [1/1] 2.19ns  loc: lenet/lenet_hls.c:202
.preheader:8  %tmp_164 = add i32 %m, %tmp_163

ST_7: tmp_152 (85)  [1/1] 0.00ns  loc: lenet/lenet_hls.c:202
.preheader:9  %tmp_152 = trunc i32 %tmp_164 to i13

ST_7: tmp_153 (86)  [1/1] 0.00ns  loc: lenet/lenet_hls.c:202
.preheader:10  %tmp_153 = trunc i32 %tmp_164 to i11

ST_7: tmp_167 (92)  [1/1] 0.00ns  loc: lenet/lenet_hls.c:201
.preheader:16  %tmp_167 = call i7 @_ssdm_op_BitConcatenate.i7.i3.i4(i3 %ci, i4 0)

ST_7: p_shl8_cast (93)  [1/1] 0.00ns  loc: lenet/lenet_hls.c:201
.preheader:17  %p_shl8_cast = zext i7 %tmp_167 to i8

ST_7: tmp_168 (94)  [1/1] 0.00ns  loc: lenet/lenet_hls.c:201
.preheader:18  %tmp_168 = call i4 @_ssdm_op_BitConcatenate.i4.i3.i1(i3 %ci, i1 false)

ST_7: p_shl9_cast (95)  [1/1] 0.00ns  loc: lenet/lenet_hls.c:202
.preheader:19  %p_shl9_cast = zext i4 %tmp_168 to i8

ST_7: tmp_169 (96)  [1/1] 2.32ns  loc: lenet/lenet_hls.c:202
.preheader:20  %tmp_169 = sub i8 %p_shl8_cast, %p_shl9_cast

ST_7: tmp_184_cast (97)  [1/1] 0.00ns  loc: lenet/lenet_hls.c:202
.preheader:21  %tmp_184_cast = sext i8 %tmp_169 to i32

ST_7: tmp_170 (98)  [1/1] 2.90ns  loc: lenet/lenet_hls.c:202
.preheader:22  %tmp_170 = add i32 %i17, %tmp_184_cast

ST_7: tmp_154 (99)  [1/1] 0.00ns  loc: lenet/lenet_hls.c:202
.preheader:23  %tmp_154 = trunc i32 %tmp_170 to i8

ST_7: tmp_171 (101)  [1/1] 0.00ns  loc: lenet/lenet_hls.c:202
.preheader:25  %tmp_171 = trunc i32 %tmp_170 to i11

ST_7: exitcond (107)  [1/1] 2.07ns  loc: lenet/lenet_hls.c:201
.preheader:31  %exitcond = icmp eq i3 %ci, -2

ST_7: ci_2 (109)  [1/1] 2.26ns  loc: lenet/lenet_hls.c:201
.preheader:33  %ci_2 = add i3 1, %ci


 <State 8>: 7.07ns
ST_8: sum_2 (77)  [1/1] 0.00ns
.preheader:1  %sum_2 = phi float [ %sum_4, %1 ], [ %sum_1, %.preheader.preheader ]

ST_8: p_shl10_cast (87)  [1/1] 0.00ns  loc: lenet/lenet_hls.c:202
.preheader:11  %p_shl10_cast = call i13 @_ssdm_op_BitConcatenate.i13.i11.i2(i11 %tmp_153, i2 0)

ST_8: tmp_165 (88)  [1/1] 1.91ns  loc: lenet/lenet_hls.c:202
.preheader:12  %tmp_165 = add i13 %p_shl10_cast, %tmp_152

ST_8: tmp_166 (89)  [1/1] 1.91ns  loc: lenet/lenet_hls.c:202
.preheader:13  %tmp_166 = add i13 %tmp_150, %tmp_165

ST_8: tmp_181_cast (90)  [1/1] 0.00ns  loc: lenet/lenet_hls.c:202
.preheader:14  %tmp_181_cast = zext i13 %tmp_166 to i32

ST_8: conv3_w_addr (91)  [1/1] 0.00ns  loc: lenet/lenet_hls.c:202
.preheader:15  %conv3_w_addr = getelementptr [2400 x float]* %conv3_w, i32 0, i32 %tmp_181_cast

ST_8: p_shl6_cast (100)  [1/1] 0.00ns  loc: lenet/lenet_hls.c:202
.preheader:24  %p_shl6_cast = call i12 @_ssdm_op_BitConcatenate.i12.i8.i4(i8 %tmp_154, i4 0)

ST_8: p_shl7_cast (102)  [1/1] 0.00ns  loc: lenet/lenet_hls.c:202
.preheader:26  %p_shl7_cast = call i12 @_ssdm_op_BitConcatenate.i12.i11.i1(i11 %tmp_171, i1 false)

ST_8: tmp_172 (103)  [1/1] 1.89ns  loc: lenet/lenet_hls.c:202
.preheader:27  %tmp_172 = sub i12 %p_shl6_cast, %p_shl7_cast

ST_8: tmp_173 (104)  [1/1] 1.89ns  loc: lenet/lenet_hls.c:202
.preheader:28  %tmp_173 = add i12 %tmp_149, %tmp_172

ST_8: tmp_189_cast (105)  [1/1] 0.00ns  loc: lenet/lenet_hls.c:202
.preheader:29  %tmp_189_cast = zext i12 %tmp_173 to i32

ST_8: p2_o_2_addr (106)  [1/1] 0.00ns  loc: lenet/lenet_hls.c:202
.preheader:30  %p2_o_2_addr = getelementptr [1176 x float]* @p2_o_2, i32 0, i32 %tmp_189_cast

ST_8: empty_82 (108)  [1/1] 0.00ns
.preheader:32  %empty_82 = call i32 (...)* @_ssdm_op_SpecLoopTripCount(i64 6, i64 6, i64 6)

ST_8: StgValue_126 (110)  [1/1] 0.00ns  loc: lenet/lenet_hls.c:201
.preheader:34  br i1 %exitcond, label %2, label %1

ST_8: conv3_w_load (112)  [2/2] 3.25ns  loc: lenet/lenet_hls.c:202
:0  %conv3_w_load = load float* %conv3_w_addr, align 4

ST_8: p2_o_2_load (113)  [2/2] 3.25ns  loc: lenet/lenet_hls.c:202
:1  %p2_o_2_load = load float* %p2_o_2_addr, align 4

ST_8: j_13 (118)  [1/1] 2.90ns  loc: lenet/lenet_hls.c:200
:0  %j_13 = add nsw i32 %j12, 1

ST_8: StgValue_130 (119)  [1/1] 0.00ns  loc: lenet/lenet_hls.c:200
:1  br label %.preheader4


 <State 9>: 3.25ns
ST_9: conv3_w_load (112)  [1/2] 3.25ns  loc: lenet/lenet_hls.c:202
:0  %conv3_w_load = load float* %conv3_w_addr, align 4

ST_9: p2_o_2_load (113)  [1/2] 3.25ns  loc: lenet/lenet_hls.c:202
:1  %p2_o_2_load = load float* %p2_o_2_addr, align 4


 <State 10>: 5.70ns
ST_10: tmp_22 (114)  [4/4] 5.70ns  loc: lenet/lenet_hls.c:202
:2  %tmp_22 = fmul float %conv3_w_load, %p2_o_2_load


 <State 11>: 5.70ns
ST_11: tmp_22 (114)  [3/4] 5.70ns  loc: lenet/lenet_hls.c:202
:2  %tmp_22 = fmul float %conv3_w_load, %p2_o_2_load


 <State 12>: 5.70ns
ST_12: tmp_22 (114)  [2/4] 5.70ns  loc: lenet/lenet_hls.c:202
:2  %tmp_22 = fmul float %conv3_w_load, %p2_o_2_load


 <State 13>: 5.70ns
ST_13: tmp_22 (114)  [1/4] 5.70ns  loc: lenet/lenet_hls.c:202
:2  %tmp_22 = fmul float %conv3_w_load, %p2_o_2_load


 <State 14>: 7.26ns
ST_14: sum_4 (115)  [5/5] 7.26ns  loc: lenet/lenet_hls.c:202
:3  %sum_4 = fadd float %sum_2, %tmp_22


 <State 15>: 7.26ns
ST_15: sum_4 (115)  [4/5] 7.26ns  loc: lenet/lenet_hls.c:202
:3  %sum_4 = fadd float %sum_2, %tmp_22


 <State 16>: 7.26ns
ST_16: sum_4 (115)  [3/5] 7.26ns  loc: lenet/lenet_hls.c:202
:3  %sum_4 = fadd float %sum_2, %tmp_22


 <State 17>: 7.26ns
ST_17: sum_4 (115)  [2/5] 7.26ns  loc: lenet/lenet_hls.c:202
:3  %sum_4 = fadd float %sum_2, %tmp_22


 <State 18>: 7.26ns
ST_18: sum_4 (115)  [1/5] 7.26ns  loc: lenet/lenet_hls.c:202
:3  %sum_4 = fadd float %sum_2, %tmp_22

ST_18: StgValue_142 (116)  [1/1] 0.00ns  loc: lenet/lenet_hls.c:201
:4  br label %.preheader


 <State 19>: 2.32ns
ST_19: conv3_b_load (124)  [1/2] 2.32ns  loc: lenet/lenet_hls.c:206
:0  %conv3_b_load = load float* %conv3_b_addr, align 4


 <State 20>: 7.26ns
ST_20: tmp_20 (125)  [5/5] 7.26ns  loc: lenet/lenet_hls.c:206
:1  %tmp_20 = fadd float %sum, %conv3_b_load


 <State 21>: 7.26ns
ST_21: tmp_20 (125)  [4/5] 7.26ns  loc: lenet/lenet_hls.c:206
:1  %tmp_20 = fadd float %sum, %conv3_b_load


 <State 22>: 7.26ns
ST_22: tmp_20 (125)  [3/5] 7.26ns  loc: lenet/lenet_hls.c:206
:1  %tmp_20 = fadd float %sum, %conv3_b_load


 <State 23>: 7.26ns
ST_23: tmp_20 (125)  [2/5] 7.26ns  loc: lenet/lenet_hls.c:206
:1  %tmp_20 = fadd float %sum, %conv3_b_load


 <State 24>: 7.26ns
ST_24: tmp_20 (125)  [1/5] 7.26ns  loc: lenet/lenet_hls.c:206
:1  %tmp_20 = fadd float %sum, %conv3_b_load


 <State 25>: 3.25ns
ST_25: StgValue_149 (126)  [1/1] 3.25ns  loc: lenet/lenet_hls.c:206
:2  store float %tmp_20, float* %output_addr, align 4

ST_25: StgValue_150 (127)  [1/1] 0.00ns  loc: lenet/lenet_hls.c:197
:3  br label %.preheader6



============================================================
+ Verbose Summary: Timing violations
============================================================
Target clock period: 10ns, clock uncertainty: 1.25ns.

 <State 1>: 1.59ns
The critical path consists of the following:
	multiplexor before 'phi' operation ('co') with incoming values : ('co', lenet/lenet_hls.c:195) [7]  (1.59 ns)

 <State 2>: 3.31ns
The critical path consists of the following:
	'phi' operation ('co') with incoming values : ('co', lenet/lenet_hls.c:195) [7]  (0 ns)
	'icmp' operation ('exitcond3', lenet/lenet_hls.c:195) [16]  (3.31 ns)

 <State 3>: 4.65ns
The critical path consists of the following:
	'phi' operation ('h') with incoming values : ('h', lenet/lenet_hls.c:196) [24]  (0 ns)
	'add' operation ('tmp_159', lenet/lenet_hls.c:206) [27]  (2.32 ns)
	'add' operation ('tmp_160', lenet/lenet_hls.c:206) [31]  (2.33 ns)

 <State 4>: 3.1ns
The critical path consists of the following:
	'phi' operation ('w') with incoming values : ('w', lenet/lenet_hls.c:197) [41]  (0 ns)
	'icmp' operation ('exitcond1', lenet/lenet_hls.c:197) [47]  (3.1 ns)

 <State 5>: 3.26ns
The critical path consists of the following:
	'phi' operation ('i') with incoming values : ('i_cast3', lenet/lenet_hls.c:199) ('i', lenet/lenet_hls.c:199) [56]  (0 ns)
	'icmp' operation ('tmp_19', lenet/lenet_hls.c:199) [59]  (3.26 ns)

 <State 6>: 3.26ns
The critical path consists of the following:
	'phi' operation ('j') with incoming values : ('j_cast2', lenet/lenet_hls.c:200) ('j', lenet/lenet_hls.c:200) [65]  (0 ns)
	'icmp' operation ('tmp_21', lenet/lenet_hls.c:200) [70]  (3.26 ns)

 <State 7>: 6.69ns
The critical path consists of the following:
	'phi' operation ('ci') with incoming values : ('ci', lenet/lenet_hls.c:201) [76]  (0 ns)
	'add' operation ('tmp_162', lenet/lenet_hls.c:202) [79]  (2.32 ns)
	'add' operation ('tmp_163', lenet/lenet_hls.c:202) [83]  (2.19 ns)
	'add' operation ('tmp_164', lenet/lenet_hls.c:202) [84]  (2.19 ns)

 <State 8>: 7.07ns
The critical path consists of the following:
	'add' operation ('tmp_165', lenet/lenet_hls.c:202) [88]  (1.91 ns)
	'add' operation ('tmp_166', lenet/lenet_hls.c:202) [89]  (1.91 ns)
	'getelementptr' operation ('conv3_w_addr', lenet/lenet_hls.c:202) [91]  (0 ns)
	'load' operation ('conv3_w_load', lenet/lenet_hls.c:202) on array 'conv3_w' [112]  (3.25 ns)

 <State 9>: 3.25ns
The critical path consists of the following:
	'load' operation ('conv3_w_load', lenet/lenet_hls.c:202) on array 'conv3_w' [112]  (3.25 ns)

 <State 10>: 5.7ns
The critical path consists of the following:
	'fmul' operation ('tmp_22', lenet/lenet_hls.c:202) [114]  (5.7 ns)

 <State 11>: 5.7ns
The critical path consists of the following:
	'fmul' operation ('tmp_22', lenet/lenet_hls.c:202) [114]  (5.7 ns)

 <State 12>: 5.7ns
The critical path consists of the following:
	'fmul' operation ('tmp_22', lenet/lenet_hls.c:202) [114]  (5.7 ns)

 <State 13>: 5.7ns
The critical path consists of the following:
	'fmul' operation ('tmp_22', lenet/lenet_hls.c:202) [114]  (5.7 ns)

 <State 14>: 7.26ns
The critical path consists of the following:
	'fadd' operation ('sum', lenet/lenet_hls.c:202) [115]  (7.26 ns)

 <State 15>: 7.26ns
The critical path consists of the following:
	'fadd' operation ('sum', lenet/lenet_hls.c:202) [115]  (7.26 ns)

 <State 16>: 7.26ns
The critical path consists of the following:
	'fadd' operation ('sum', lenet/lenet_hls.c:202) [115]  (7.26 ns)

 <State 17>: 7.26ns
The critical path consists of the following:
	'fadd' operation ('sum', lenet/lenet_hls.c:202) [115]  (7.26 ns)

 <State 18>: 7.26ns
The critical path consists of the following:
	'fadd' operation ('sum', lenet/lenet_hls.c:202) [115]  (7.26 ns)

 <State 19>: 2.32ns
The critical path consists of the following:
	'load' operation ('conv3_b_load', lenet/lenet_hls.c:206) on array 'conv3_b' [124]  (2.32 ns)

 <State 20>: 7.26ns
The critical path consists of the following:
	'fadd' operation ('tmp_20', lenet/lenet_hls.c:206) [125]  (7.26 ns)

 <State 21>: 7.26ns
The critical path consists of the following:
	'fadd' operation ('tmp_20', lenet/lenet_hls.c:206) [125]  (7.26 ns)

 <State 22>: 7.26ns
The critical path consists of the following:
	'fadd' operation ('tmp_20', lenet/lenet_hls.c:206) [125]  (7.26 ns)

 <State 23>: 7.26ns
The critical path consists of the following:
	'fadd' operation ('tmp_20', lenet/lenet_hls.c:206) [125]  (7.26 ns)

 <State 24>: 7.26ns
The critical path consists of the following:
	'fadd' operation ('tmp_20', lenet/lenet_hls.c:206) [125]  (7.26 ns)

 <State 25>: 3.25ns
The critical path consists of the following:
	'store' operation (lenet/lenet_hls.c:206) of variable 'tmp_20', lenet/lenet_hls.c:206 on array 'output_r' [126]  (3.25 ns)


============================================================
+ Verbose Summary: Binding
============================================================
N/A
* FSMD analyzer results:
  - Output states:
 - Input state : 
  - Chain level:
	State 1
	State 2
	State 3
	State 4
	State 5
	State 6
	State 7
	State 8
	State 9
	State 10
	State 11
	State 12
	State 13
	State 14
	State 15
	State 16
	State 17
	State 18
	State 19
	State 20
	State 21
	State 22
	State 23
	State 24
	State 25


============================================================
+ Verbose Summary: Datapath Resource usage 
============================================================
N/A
