

================================================================
== Vivado HLS Report for 'copy_w3'
================================================================
* Date:           Wed Nov  7 23:47:50 2018

* Version:        2017.2 (Build 1909853 on Thu Jun 15 18:55:24 MDT 2017)
* Project:        lenet
* Solution:       lenet_accelerator
* Product family: zynq
* Target device:  xc7z020clg484-1


================================================================
== Performance Estimates
================================================================
+ Timing (ns): 
    * Summary: 
    +--------+-------+----------+------------+
    |  Clock | Target| Estimated| Uncertainty|
    +--------+-------+----------+------------+
    |ap_clk  |  10.00|      8.75|        1.25|
    +--------+-------+----------+------------+

+ Latency (clock cycles): 
    * Summary: 
    +------+------+------+------+---------+
    |   Latency   |   Interval  | Pipeline|
    |  min |  max |  min |  max |   Type  |
    +------+------+------+------+---------+
    |  9345|  9345|  9345|  9345|   none  |
    +------+------+------+------+---------+

    + Detail: 
        * Instance: 
        N/A

        * Loop: 
        +---------------------+------+------+----------+-----------+-----------+------+----------+
        |                     |   Latency   | Iteration|  Initiation Interval  | Trip |          |
        |      Loop Name      |  min |  max |  Latency |  achieved |   target  | Count| Pipelined|
        +---------------------+------+------+----------+-----------+-----------+------+----------+
        |- Loop 1             |  9344|  9344|       584|          -|          -|    16|    no    |
        | + Loop 1.1          |   582|   582|        97|          -|          -|     6|    no    |
        |  ++ Loop 1.1.1      |    95|    95|        19|          -|          -|     5|    no    |
        |   +++ Loop 1.1.1.1  |    10|    10|         2|          -|          -|     5|    no    |
        +---------------------+------+------+----------+-----------+-----------+------+----------+

============================================================
+ Verbose Summary: Synthesis Manager
============================================================
InlineROM: 1
ExposeGlobal: 0
============================================================
+ Verbose Summary: CDFG Model
============================================================
IsTopModel: 0
ResetActiveHigh: 1
IsCombinational: 0
IsDatapathOnly: 0
HasWiredReturn: 1
HasMFsm: 0
HasVarLatency: 1
IsPipeline: 0
IsRtlPipelined: 0
IsInstanceOverlapped: 0
IsDontTouch: 0
HasImplIP: 0
IsGatedGlobalClock: 0


============================================================
+ Verbose Summary: Schedule
============================================================
* Number of FSM states: 13
* Pipeline: 0
* Dataflow Pipeline: 0

* FSM state transitions: 
1 --> 
	2  / true
2 --> 
	3  / (!exitcond3)
3 --> 
	4  / (!exitcond2)
	2  / (exitcond2)
4 --> 
	5  / (!exitcond1)
	3  / (exitcond1)
5 --> 
	6  / true
6 --> 
	7  / true
7 --> 
	8  / true
8 --> 
	9  / true
9 --> 
	10  / true
10 --> 
	11  / true
11 --> 
	12  / true
12 --> 
	13  / (!exitcond)
	4  / (exitcond)
13 --> 
	12  / true
* FSM state operations: 

 <State 1>: 1.59ns
ST_1: c3_w_i7_read (4)  [1/1] 0.00ns
:0  %c3_w_i7_read = call i30 @_ssdm_op_Read.ap_auto.i30(i30 %c3_w_i7)

ST_1: c3_w_i7_cast (5)  [1/1] 0.00ns
:1  %c3_w_i7_cast = zext i30 %c3_w_i7_read to i32

ST_1: StgValue_16 (6)  [1/1] 0.00ns
:2  call void (...)* @_ssdm_op_SpecInterface(float* %in_r, [6 x i8]* @p_str, i32 0, i32 0, [1 x i8]* @p_str1, i32 0, i32 2400, [12 x i8]* @p_str6, [6 x i8]* @p_str3, [1 x i8]* @p_str1, i32 16, i32 16, i32 16, i32 16, [1 x i8]* @p_str1, [1 x i8]* @p_str1)

ST_1: StgValue_17 (7)  [1/1] 1.59ns  loc: lenet/lenet_hls.c:57
:3  br label %.loopexit


 <State 2>: 3.31ns
ST_2: i (9)  [1/1] 0.00ns
.loopexit:0  %i = phi i5 [ 0, %0 ], [ %i_10, %.loopexit.loopexit ]

ST_2: tmp (10)  [1/1] 0.00ns  loc: lenet/lenet_hls.c:57
.loopexit:1  %tmp = call i8 @_ssdm_op_BitConcatenate.i8.i5.i3(i5 %i, i3 0)

ST_2: p_shl_cast (11)  [1/1] 0.00ns  loc: lenet/lenet_hls.c:57
.loopexit:2  %p_shl_cast = zext i8 %tmp to i9

ST_2: tmp_s (12)  [1/1] 0.00ns  loc: lenet/lenet_hls.c:57
.loopexit:3  %tmp_s = call i6 @_ssdm_op_BitConcatenate.i6.i5.i1(i5 %i, i1 false)

ST_2: p_shl1_cast (13)  [1/1] 0.00ns  loc: lenet/lenet_hls.c:61
.loopexit:4  %p_shl1_cast = zext i6 %tmp_s to i9

ST_2: tmp_130 (14)  [1/1] 2.32ns  loc: lenet/lenet_hls.c:61
.loopexit:5  %tmp_130 = sub i9 %p_shl_cast, %p_shl1_cast

ST_2: tmp_134_cast (15)  [1/1] 0.00ns  loc: lenet/lenet_hls.c:61
.loopexit:6  %tmp_134_cast = sext i9 %tmp_130 to i10

ST_2: exitcond3 (16)  [1/1] 3.31ns  loc: lenet/lenet_hls.c:57
.loopexit:7  %exitcond3 = icmp eq i5 %i, -16

ST_2: empty (17)  [1/1] 0.00ns
.loopexit:8  %empty = call i32 (...)* @_ssdm_op_SpecLoopTripCount(i64 16, i64 16, i64 16)

ST_2: i_10 (18)  [1/1] 2.33ns  loc: lenet/lenet_hls.c:57
.loopexit:9  %i_10 = add i5 %i, 1

ST_2: StgValue_28 (19)  [1/1] 0.00ns  loc: lenet/lenet_hls.c:57
.loopexit:10  br i1 %exitcond3, label %2, label %.preheader5.preheader

ST_2: StgValue_29 (21)  [1/1] 1.59ns  loc: lenet/lenet_hls.c:61
.preheader5.preheader:0  br label %.preheader5

ST_2: StgValue_30 (71)  [1/1] 0.00ns  loc: lenet/lenet_hls.c:66
:0  ret void


 <State 3>: 4.65ns
ST_3: j (23)  [1/1] 0.00ns
.preheader5:0  %j = phi i3 [ %j_8, %.preheader5.loopexit ], [ 0, %.preheader5.preheader ]

ST_3: j_cast3_cast (24)  [1/1] 0.00ns  loc: lenet/lenet_hls.c:61
.preheader5:1  %j_cast3_cast = zext i3 %j to i10

ST_3: tmp_131 (25)  [1/1] 2.32ns  loc: lenet/lenet_hls.c:61
.preheader5:2  %tmp_131 = add i10 %tmp_134_cast, %j_cast3_cast

ST_3: tmp_135_cast (26)  [1/1] 0.00ns  loc: lenet/lenet_hls.c:61
.preheader5:3  %tmp_135_cast = sext i10 %tmp_131 to i32

ST_3: tmp_129 (27)  [1/1] 0.00ns  loc: lenet/lenet_hls.c:61
.preheader5:4  %tmp_129 = call i12 @_ssdm_op_BitConcatenate.i12.i10.i2(i10 %tmp_131, i2 0)

ST_3: p_shl2 (28)  [1/1] 0.00ns  loc: lenet/lenet_hls.c:61
.preheader5:5  %p_shl2 = sext i12 %tmp_129 to i32

ST_3: tmp_132 (29)  [1/1] 2.33ns  loc: lenet/lenet_hls.c:61
.preheader5:6  %tmp_132 = add i32 %tmp_135_cast, %p_shl2

ST_3: exitcond2 (30)  [1/1] 2.07ns  loc: lenet/lenet_hls.c:58
.preheader5:7  %exitcond2 = icmp eq i3 %j, -2

ST_3: empty_70 (31)  [1/1] 0.00ns
.preheader5:8  %empty_70 = call i32 (...)* @_ssdm_op_SpecLoopTripCount(i64 6, i64 6, i64 6)

ST_3: j_8 (32)  [1/1] 2.26ns  loc: lenet/lenet_hls.c:58
.preheader5:9  %j_8 = add i3 %j, 1

ST_3: StgValue_41 (33)  [1/1] 0.00ns  loc: lenet/lenet_hls.c:58
.preheader5:10  br i1 %exitcond2, label %.loopexit.loopexit, label %.preheader4.preheader

ST_3: StgValue_42 (35)  [1/1] 1.59ns  loc: lenet/lenet_hls.c:59
.preheader4.preheader:0  br label %.preheader4

ST_3: StgValue_43 (69)  [1/1] 0.00ns
.loopexit.loopexit:0  br label %.loopexit


 <State 4>: 7.59ns
ST_4: k (37)  [1/1] 0.00ns
.preheader4:0  %k = phi i3 [ %k_5, %.preheader4.loopexit ], [ 0, %.preheader4.preheader ]

ST_4: k_cast2 (38)  [1/1] 0.00ns  loc: lenet/lenet_hls.c:59
.preheader4:1  %k_cast2 = zext i3 %k to i32

ST_4: tmp_133 (39)  [1/1] 2.34ns  loc: lenet/lenet_hls.c:61
.preheader4:2  %tmp_133 = add i32 %tmp_132, %k_cast2

ST_4: tmp_134 (40)  [1/1] 0.00ns  loc: lenet/lenet_hls.c:61 (grouped into LUT with out node tmp_135)
.preheader4:3  %tmp_134 = shl i32 %tmp_133, 2

ST_4: tmp_135 (41)  [1/1] 2.43ns  loc: lenet/lenet_hls.c:61 (out node of the LUT)
.preheader4:4  %tmp_135 = add i32 %tmp_133, %tmp_134

ST_4: exitcond1 (42)  [1/1] 2.07ns  loc: lenet/lenet_hls.c:59
.preheader4:5  %exitcond1 = icmp eq i3 %k, -3

ST_4: empty_71 (43)  [1/1] 0.00ns
.preheader4:6  %empty_71 = call i32 (...)* @_ssdm_op_SpecLoopTripCount(i64 5, i64 5, i64 5)

ST_4: k_5 (44)  [1/1] 2.26ns  loc: lenet/lenet_hls.c:59
.preheader4:7  %k_5 = add i3 1, %k

ST_4: StgValue_52 (45)  [1/1] 0.00ns  loc: lenet/lenet_hls.c:59
.preheader4:8  br i1 %exitcond1, label %.preheader5.loopexit, label %.preheader.preheader

ST_4: tmp_136 (47)  [1/1] 2.82ns  loc: lenet/lenet_hls.c:61
.preheader.preheader:0  %tmp_136 = add i32 %tmp_135, %c3_w_i7_cast

ST_4: StgValue_54 (67)  [1/1] 0.00ns
.preheader5.loopexit:0  br label %.preheader5


 <State 5>: 8.75ns
ST_5: in_addr (48)  [1/1] 0.00ns  loc: lenet/lenet_hls.c:61
.preheader.preheader:1  %in_addr = getelementptr float* %in_r, i32 %tmp_136

ST_5: p_rd_req (49)  [7/7] 8.75ns  loc: lenet/lenet_hls.c:61
.preheader.preheader:2  %p_rd_req = call i1 @_ssdm_op_ReadReq.m_axi.floatP(float* %in_addr, i32 5)


 <State 6>: 8.75ns
ST_6: p_rd_req (49)  [6/7] 8.75ns  loc: lenet/lenet_hls.c:61
.preheader.preheader:2  %p_rd_req = call i1 @_ssdm_op_ReadReq.m_axi.floatP(float* %in_addr, i32 5)


 <State 7>: 8.75ns
ST_7: p_rd_req (49)  [5/7] 8.75ns  loc: lenet/lenet_hls.c:61
.preheader.preheader:2  %p_rd_req = call i1 @_ssdm_op_ReadReq.m_axi.floatP(float* %in_addr, i32 5)


 <State 8>: 8.75ns
ST_8: p_rd_req (49)  [4/7] 8.75ns  loc: lenet/lenet_hls.c:61
.preheader.preheader:2  %p_rd_req = call i1 @_ssdm_op_ReadReq.m_axi.floatP(float* %in_addr, i32 5)


 <State 9>: 8.75ns
ST_9: p_rd_req (49)  [3/7] 8.75ns  loc: lenet/lenet_hls.c:61
.preheader.preheader:2  %p_rd_req = call i1 @_ssdm_op_ReadReq.m_axi.floatP(float* %in_addr, i32 5)


 <State 10>: 8.75ns
ST_10: p_rd_req (49)  [2/7] 8.75ns  loc: lenet/lenet_hls.c:61
.preheader.preheader:2  %p_rd_req = call i1 @_ssdm_op_ReadReq.m_axi.floatP(float* %in_addr, i32 5)


 <State 11>: 8.75ns
ST_11: p_rd_req (49)  [1/7] 8.75ns  loc: lenet/lenet_hls.c:61
.preheader.preheader:2  %p_rd_req = call i1 @_ssdm_op_ReadReq.m_axi.floatP(float* %in_addr, i32 5)

ST_11: StgValue_63 (50)  [1/1] 1.59ns  loc: lenet/lenet_hls.c:60
.preheader.preheader:3  br label %.preheader


 <State 12>: 8.75ns
ST_12: l (52)  [1/1] 0.00ns
.preheader:0  %l = phi i3 [ %l_2, %1 ], [ 0, %.preheader.preheader ]

ST_12: l_cast1 (53)  [1/1] 0.00ns  loc: lenet/lenet_hls.c:60
.preheader:1  %l_cast1 = zext i3 %l to i32

ST_12: tmp_137 (54)  [1/1] 2.47ns  loc: lenet/lenet_hls.c:61
.preheader:2  %tmp_137 = add i32 %l_cast1, %tmp_135

ST_12: out_addr (55)  [1/1] 0.00ns  loc: lenet/lenet_hls.c:61
.preheader:3  %out_addr = getelementptr [2400 x float]* %out_r, i32 0, i32 %tmp_137

ST_12: exitcond (56)  [1/1] 2.07ns  loc: lenet/lenet_hls.c:60
.preheader:4  %exitcond = icmp eq i3 %l, -3

ST_12: empty_72 (57)  [1/1] 0.00ns
.preheader:5  %empty_72 = call i32 (...)* @_ssdm_op_SpecLoopTripCount(i64 5, i64 5, i64 5)

ST_12: l_2 (58)  [1/1] 2.26ns  loc: lenet/lenet_hls.c:60
.preheader:6  %l_2 = add i3 %l, 1

ST_12: StgValue_71 (59)  [1/1] 0.00ns  loc: lenet/lenet_hls.c:60
.preheader:7  br i1 %exitcond, label %.preheader4.loopexit, label %1

ST_12: in_addr_read (61)  [1/1] 8.75ns  loc: lenet/lenet_hls.c:61
:0  %in_addr_read = call float @_ssdm_op_Read.m_axi.floatP(float* %in_addr)

ST_12: StgValue_73 (65)  [1/1] 0.00ns
.preheader4.loopexit:0  br label %.preheader4


 <State 13>: 3.25ns
ST_13: StgValue_74 (62)  [1/1] 3.25ns  loc: lenet/lenet_hls.c:61
:1  store float %in_addr_read, float* %out_addr, align 4

ST_13: StgValue_75 (63)  [1/1] 0.00ns  loc: lenet/lenet_hls.c:60
:2  br label %.preheader



============================================================
+ Verbose Summary: Timing violations
============================================================
Target clock period: 10ns, clock uncertainty: 1.25ns.

 <State 1>: 1.59ns
The critical path consists of the following:
	multiplexor before 'phi' operation ('i') with incoming values : ('i', lenet/lenet_hls.c:57) [9]  (1.59 ns)

 <State 2>: 3.31ns
The critical path consists of the following:
	'phi' operation ('i') with incoming values : ('i', lenet/lenet_hls.c:57) [9]  (0 ns)
	'icmp' operation ('exitcond3', lenet/lenet_hls.c:57) [16]  (3.31 ns)

 <State 3>: 4.65ns
The critical path consists of the following:
	'phi' operation ('j') with incoming values : ('j', lenet/lenet_hls.c:58) [23]  (0 ns)
	'add' operation ('tmp_131', lenet/lenet_hls.c:61) [25]  (2.32 ns)
	'add' operation ('tmp_132', lenet/lenet_hls.c:61) [29]  (2.33 ns)

 <State 4>: 7.59ns
The critical path consists of the following:
	'phi' operation ('k') with incoming values : ('k', lenet/lenet_hls.c:59) [37]  (0 ns)
	'add' operation ('tmp_133', lenet/lenet_hls.c:61) [39]  (2.34 ns)
	'add' operation ('tmp_135', lenet/lenet_hls.c:61) [41]  (2.43 ns)
	'add' operation ('tmp_136', lenet/lenet_hls.c:61) [47]  (2.82 ns)

 <State 5>: 8.75ns
The critical path consists of the following:
	'getelementptr' operation ('in_addr', lenet/lenet_hls.c:61) [48]  (0 ns)
	bus request on port 'in_r' (lenet/lenet_hls.c:61) [49]  (8.75 ns)

 <State 6>: 8.75ns
The critical path consists of the following:
	bus request on port 'in_r' (lenet/lenet_hls.c:61) [49]  (8.75 ns)

 <State 7>: 8.75ns
The critical path consists of the following:
	bus request on port 'in_r' (lenet/lenet_hls.c:61) [49]  (8.75 ns)

 <State 8>: 8.75ns
The critical path consists of the following:
	bus request on port 'in_r' (lenet/lenet_hls.c:61) [49]  (8.75 ns)

 <State 9>: 8.75ns
The critical path consists of the following:
	bus request on port 'in_r' (lenet/lenet_hls.c:61) [49]  (8.75 ns)

 <State 10>: 8.75ns
The critical path consists of the following:
	bus request on port 'in_r' (lenet/lenet_hls.c:61) [49]  (8.75 ns)

 <State 11>: 8.75ns
The critical path consists of the following:
	bus request on port 'in_r' (lenet/lenet_hls.c:61) [49]  (8.75 ns)

 <State 12>: 8.75ns
The critical path consists of the following:
	bus read on port 'in_r' (lenet/lenet_hls.c:61) [61]  (8.75 ns)

 <State 13>: 3.25ns
The critical path consists of the following:
	'store' operation (lenet/lenet_hls.c:61) of variable 'in_addr_read', lenet/lenet_hls.c:61 on array 'out_r' [62]  (3.25 ns)


============================================================
+ Verbose Summary: Binding
============================================================
N/A
* FSMD analyzer results:
  - Output states:
 - Input state : 
  - Chain level:
	State 1
	State 2
	State 3
	State 4
	State 5
	State 6
	State 7
	State 8
	State 9
	State 10
	State 11
	State 12
	State 13


============================================================
+ Verbose Summary: Datapath Resource usage 
============================================================
N/A
