

================================================================
== Vivado HLS Report for 'max_pooling2'
================================================================
* Date:           Wed Nov  7 23:47:52 2018

* Version:        2017.2 (Build 1909853 on Thu Jun 15 18:55:24 MDT 2017)
* Project:        lenet
* Solution:       lenet_accelerator
* Product family: zynq
* Target device:  xc7z020clg484-1


================================================================
== Performance Estimates
================================================================
+ Timing (ns): 
    * Summary: 
    +--------+-------+----------+------------+
    |  Clock | Target| Estimated| Uncertainty|
    +--------+-------+----------+------------+
    |ap_clk  |  10.00|      7.34|        1.25|
    +--------+-------+----------+------------+

+ Latency (clock cycles): 
    * Summary: 
    +-----+-----+-----+-----+---------+
    |  Latency  |  Interval | Pipeline|
    | min | max | min | max |   Type  |
    +-----+-----+-----+-----+---------+
    |    ?|    ?|    ?|    ?|   none  |
    +-----+-----+-----+-----+---------+

    + Detail: 
        * Instance: 
        N/A

        * Loop: 
        +-------------------------+-----+-----+----------+-----------+-----------+------+----------+
        |                         |  Latency  | Iteration|  Initiation Interval  | Trip |          |
        |        Loop Name        | min | max |  Latency |  achieved |   target  | Count| Pipelined|
        +-------------------------+-----+-----+----------+-----------+-----------+------+----------+
        |- Loop 1                 |    ?|    ?|         ?|          -|          -|     6|    no    |
        | + Loop 1.1              |    ?|    ?|         ?|          -|          -|    14|    no    |
        |  ++ Loop 1.1.1          |    ?|    ?|         ?|          -|          -|    14|    no    |
        |   +++ Loop 1.1.1.1      |    ?|    ?|         ?|          -|          -|     ?|    no    |
        |    ++++ Loop 1.1.1.1.1  |    ?|    ?|         4|          -|          -|     ?|    no    |
        +-------------------------+-----+-----+----------+-----------+-----------+------+----------+

============================================================
+ Verbose Summary: Synthesis Manager
============================================================
InlineROM: 1
ExposeGlobal: 0
============================================================
+ Verbose Summary: CDFG Model
============================================================
IsTopModel: 0
ResetActiveHigh: 1
IsCombinational: 0
IsDatapathOnly: 0
HasWiredReturn: 1
HasMFsm: 0
HasVarLatency: 1
IsPipeline: 0
IsRtlPipelined: 0
IsInstanceOverlapped: 0
IsDontTouch: 0
HasImplIP: 0
IsGatedGlobalClock: 0


============================================================
+ Verbose Summary: Schedule
============================================================
* Number of FSM states: 9
* Pipeline: 0
* Dataflow Pipeline: 0

* FSM state transitions: 
1 --> 
	2  / true
2 --> 
	3  / (!exitcond2)
3 --> 
	4  / (!exitcond1)
	2  / (exitcond1)
4 --> 
	5  / (!exitcond)
	3  / (exitcond)
5 --> 
	6  / (tmp_2)
	4  / (!tmp_2)
6 --> 
	7  / (tmp_3)
	5  / (!tmp_3)
7 --> 
	8  / true
8 --> 
	9  / true
9 --> 
	6  / true
* FSM state operations: 

 <State 1>: 1.59ns
ST_1: StgValue_10 (3)  [1/1] 1.59ns  loc: lenet/lenet_hls.c:163
:0  br label %.loopexit


 <State 2>: 2.32ns
ST_2: c (5)  [1/1] 0.00ns
.loopexit:0  %c = phi i3 [ 0, %0 ], [ %c_2, %.loopexit.loopexit ]

ST_2: tmp_24 (6)  [1/1] 0.00ns  loc: lenet/lenet_hls.c:163
.loopexit:1  %tmp_24 = call i7 @_ssdm_op_BitConcatenate.i7.i3.i4(i3 %c, i4 0)

ST_2: p_shl2_cast (7)  [1/1] 0.00ns  loc: lenet/lenet_hls.c:163
.loopexit:2  %p_shl2_cast = zext i7 %tmp_24 to i8

ST_2: tmp_25 (8)  [1/1] 0.00ns  loc: lenet/lenet_hls.c:163
.loopexit:3  %tmp_25 = call i4 @_ssdm_op_BitConcatenate.i4.i3.i1(i3 %c, i1 false)

ST_2: p_shl3_cast (9)  [1/1] 0.00ns  loc: lenet/lenet_hls.c:172
.loopexit:4  %p_shl3_cast = zext i4 %tmp_25 to i8

ST_2: tmp_26 (10)  [1/1] 2.32ns  loc: lenet/lenet_hls.c:172
.loopexit:5  %tmp_26 = sub i8 %p_shl2_cast, %p_shl3_cast

ST_2: tmp_28_cast (11)  [1/1] 0.00ns  loc: lenet/lenet_hls.c:172
.loopexit:6  %tmp_28_cast = sext i8 %tmp_26 to i9

ST_2: tmp_27 (12)  [1/1] 0.00ns  loc: lenet/lenet_hls.c:163
.loopexit:7  %tmp_27 = call i8 @_ssdm_op_BitConcatenate.i8.i3.i5(i3 %c, i5 0)

ST_2: p_shl_cast (13)  [1/1] 0.00ns  loc: lenet/lenet_hls.c:163
.loopexit:8  %p_shl_cast = zext i8 %tmp_27 to i9

ST_2: tmp_28 (14)  [1/1] 0.00ns  loc: lenet/lenet_hls.c:163
.loopexit:9  %tmp_28 = call i5 @_ssdm_op_BitConcatenate.i5.i3.i2(i3 %c, i2 0)

ST_2: p_shl1_cast (15)  [1/1] 0.00ns  loc: lenet/lenet_hls.c:169
.loopexit:10  %p_shl1_cast = zext i5 %tmp_28 to i9

ST_2: tmp_29 (16)  [1/1] 2.32ns  loc: lenet/lenet_hls.c:169
.loopexit:11  %tmp_29 = sub i9 %p_shl_cast, %p_shl1_cast

ST_2: tmp_31_cast (17)  [1/1] 0.00ns  loc: lenet/lenet_hls.c:169
.loopexit:12  %tmp_31_cast = sext i9 %tmp_29 to i32

ST_2: exitcond2 (18)  [1/1] 2.07ns  loc: lenet/lenet_hls.c:163
.loopexit:13  %exitcond2 = icmp eq i3 %c, -2

ST_2: empty (19)  [1/1] 0.00ns
.loopexit:14  %empty = call i32 (...)* @_ssdm_op_SpecLoopTripCount(i64 6, i64 6, i64 6)

ST_2: c_2 (20)  [1/1] 2.26ns  loc: lenet/lenet_hls.c:163
.loopexit:15  %c_2 = add i3 %c, 1

ST_2: StgValue_27 (21)  [1/1] 0.00ns  loc: lenet/lenet_hls.c:163
.loopexit:16  br i1 %exitcond2, label %5, label %.preheader3.preheader

ST_2: StgValue_28 (23)  [1/1] 1.59ns  loc: lenet/lenet_hls.c:172
.preheader3.preheader:0  br label %.preheader3

ST_2: StgValue_29 (112)  [1/1] 0.00ns  loc: lenet/lenet_hls.c:176
:0  ret void


 <State 3>: 4.65ns
ST_3: h (25)  [1/1] 0.00ns
.preheader3:0  %h = phi i4 [ %h_2, %.preheader3.loopexit ], [ 0, %.preheader3.preheader ]

ST_3: h_cast2_cast (26)  [1/1] 0.00ns  loc: lenet/lenet_hls.c:172
.preheader3:1  %h_cast2_cast = zext i4 %h to i9

ST_3: tmp_30 (27)  [1/1] 2.32ns  loc: lenet/lenet_hls.c:172
.preheader3:2  %tmp_30 = add i9 %tmp_28_cast, %h_cast2_cast

ST_3: tmp_31 (28)  [1/1] 0.00ns  loc: lenet/lenet_hls.c:172
.preheader3:3  %tmp_31 = trunc i9 %tmp_30 to i8

ST_3: p_shl4_cast (29)  [1/1] 0.00ns  loc: lenet/lenet_hls.c:172
.preheader3:4  %p_shl4_cast = call i12 @_ssdm_op_BitConcatenate.i12.i8.i4(i8 %tmp_31, i4 0)

ST_3: tmp_32 (30)  [1/1] 0.00ns  loc: lenet/lenet_hls.c:172
.preheader3:5  %tmp_32 = call i10 @_ssdm_op_BitConcatenate.i10.i9.i1(i9 %tmp_30, i1 false)

ST_3: p_shl5_cast (31)  [1/1] 0.00ns  loc: lenet/lenet_hls.c:172
.preheader3:6  %p_shl5_cast = sext i10 %tmp_32 to i12

ST_3: tmp_33 (32)  [1/1] 2.33ns  loc: lenet/lenet_hls.c:172
.preheader3:7  %tmp_33 = sub i12 %p_shl4_cast, %p_shl5_cast

ST_3: exitcond1 (33)  [1/1] 3.10ns  loc: lenet/lenet_hls.c:164
.preheader3:8  %exitcond1 = icmp eq i4 %h, -2

ST_3: empty_7 (34)  [1/1] 0.00ns
.preheader3:9  %empty_7 = call i32 (...)* @_ssdm_op_SpecLoopTripCount(i64 14, i64 14, i64 14)

ST_3: h_2 (35)  [1/1] 2.35ns  loc: lenet/lenet_hls.c:164
.preheader3:10  %h_2 = add i4 1, %h

ST_3: StgValue_41 (36)  [1/1] 0.00ns  loc: lenet/lenet_hls.c:164
.preheader3:11  br i1 %exitcond1, label %.loopexit.loopexit, label %.preheader.preheader

ST_3: i (38)  [1/1] 0.00ns  loc: lenet/lenet_hls.c:167
.preheader.preheader:0  %i = call i5 @_ssdm_op_BitConcatenate.i5.i4.i1(i4 %h, i1 false)

ST_3: i_cast (39)  [1/1] 0.00ns  loc: lenet/lenet_hls.c:167
.preheader.preheader:1  %i_cast = zext i5 %i to i32

ST_3: tmp_s (40)  [1/1] 2.33ns  loc: lenet/lenet_hls.c:167
.preheader.preheader:2  %tmp_s = add i5 %i, 2

ST_3: tmp_cast (41)  [1/1] 0.00ns  loc: lenet/lenet_hls.c:167
.preheader.preheader:3  %tmp_cast = zext i5 %tmp_s to i32

ST_3: StgValue_46 (42)  [1/1] 1.59ns  loc: lenet/lenet_hls.c:165
.preheader.preheader:4  br label %.preheader

ST_3: StgValue_47 (110)  [1/1] 0.00ns
.loopexit.loopexit:0  br label %.loopexit


 <State 4>: 3.10ns
ST_4: w (44)  [1/1] 0.00ns
.preheader:0  %w = phi i4 [ %w_2, %4 ], [ 0, %.preheader.preheader ]

ST_4: w_cast1_cast (45)  [1/1] 0.00ns  loc: lenet/lenet_hls.c:172
.preheader:1  %w_cast1_cast = zext i4 %w to i12

ST_4: tmp_34 (46)  [1/1] 2.33ns  loc: lenet/lenet_hls.c:172
.preheader:2  %tmp_34 = add i12 %tmp_33, %w_cast1_cast

ST_4: tmp_36_cast (47)  [1/1] 0.00ns  loc: lenet/lenet_hls.c:172
.preheader:3  %tmp_36_cast = zext i12 %tmp_34 to i32

ST_4: output_addr (48)  [1/1] 0.00ns  loc: lenet/lenet_hls.c:172
.preheader:4  %output_addr = getelementptr [1176 x float]* %output_r, i32 0, i32 %tmp_36_cast

ST_4: exitcond (49)  [1/1] 3.10ns  loc: lenet/lenet_hls.c:165
.preheader:5  %exitcond = icmp eq i4 %w, -2

ST_4: empty_8 (50)  [1/1] 0.00ns
.preheader:6  %empty_8 = call i32 (...)* @_ssdm_op_SpecLoopTripCount(i64 14, i64 14, i64 14)

ST_4: w_2 (51)  [1/1] 2.35ns  loc: lenet/lenet_hls.c:165
.preheader:7  %w_2 = add i4 %w, 1

ST_4: StgValue_56 (52)  [1/1] 0.00ns  loc: lenet/lenet_hls.c:165
.preheader:8  br i1 %exitcond, label %.preheader3.loopexit, label %1

ST_4: j (54)  [1/1] 0.00ns  loc: lenet/lenet_hls.c:168
:0  %j = call i5 @_ssdm_op_BitConcatenate.i5.i4.i1(i4 %w, i1 false)

ST_4: j_cast (55)  [1/1] 0.00ns  loc: lenet/lenet_hls.c:168
:1  %j_cast = zext i5 %j to i32

ST_4: tmp (56)  [1/1] 2.33ns  loc: lenet/lenet_hls.c:168
:2  %tmp = add i5 %j, 2

ST_4: tmp_cast_9 (57)  [1/1] 0.00ns  loc: lenet/lenet_hls.c:168
:3  %tmp_cast_9 = zext i5 %tmp to i32

ST_4: StgValue_61 (58)  [1/1] 1.59ns  loc: lenet/lenet_hls.c:167
:4  br label %2

ST_4: StgValue_62 (108)  [1/1] 0.00ns
.preheader3.loopexit:0  br label %.preheader3


 <State 5>: 5.24ns
ST_5: i8 (60)  [1/1] 0.00ns
:0  %i8 = phi i32 [ %i_cast, %1 ], [ %i_2, %3 ]

ST_5: max_value (61)  [1/1] 0.00ns  loc: lenet/lenet_hls.c:169
:1  %max_value = phi float [ 0xC26D1A94A0000000, %1 ], [ %max_value_1, %3 ]

ST_5: tmp_35 (62)  [1/1] 2.90ns  loc: lenet/lenet_hls.c:169
:2  %tmp_35 = add i32 %tmp_31_cast, %i8

ST_5: tmp_36 (63)  [1/1] 0.00ns  loc: lenet/lenet_hls.c:169
:3  %tmp_36 = trunc i32 %tmp_35 to i9

ST_5: p_shl6_cast (64)  [1/1] 0.00ns  loc: lenet/lenet_hls.c:169
:4  %p_shl6_cast = call i14 @_ssdm_op_BitConcatenate.i14.i9.i5(i9 %tmp_36, i5 0)

ST_5: tmp_37 (65)  [1/1] 0.00ns  loc: lenet/lenet_hls.c:169
:5  %tmp_37 = trunc i32 %tmp_35 to i12

ST_5: p_shl7_cast (66)  [1/1] 0.00ns  loc: lenet/lenet_hls.c:169
:6  %p_shl7_cast = call i14 @_ssdm_op_BitConcatenate.i14.i12.i2(i12 %tmp_37, i2 0)

ST_5: tmp_38 (67)  [1/1] 2.34ns  loc: lenet/lenet_hls.c:169
:7  %tmp_38 = sub i14 %p_shl6_cast, %p_shl7_cast

ST_5: tmp_2 (68)  [1/1] 3.26ns  loc: lenet/lenet_hls.c:167
:8  %tmp_2 = icmp slt i32 %i8, %tmp_cast

ST_5: StgValue_72 (69)  [1/1] 0.00ns  loc: lenet/lenet_hls.c:167
:9  br i1 %tmp_2, label %.preheader4.preheader, label %4

ST_5: StgValue_73 (71)  [1/1] 1.59ns  loc: lenet/lenet_hls.c:169
.preheader4.preheader:0  br label %.preheader4

ST_5: StgValue_74 (105)  [1/1] 3.25ns  loc: lenet/lenet_hls.c:172
:0  store float %max_value, float* %output_addr, align 4

ST_5: StgValue_75 (106)  [1/1] 0.00ns  loc: lenet/lenet_hls.c:165
:1  br label %.preheader


 <State 6>: 5.60ns
ST_6: j7 (73)  [1/1] 0.00ns
.preheader4:0  %j7 = phi i32 [ %j_2, %._crit_edge ], [ %j_cast, %.preheader4.preheader ]

ST_6: max_value_1 (74)  [1/1] 0.00ns
.preheader4:1  %max_value_1 = phi float [ %max_value_3, %._crit_edge ], [ %max_value, %.preheader4.preheader ]

ST_6: tmp_39 (75)  [1/1] 0.00ns  loc: lenet/lenet_hls.c:169
.preheader4:2  %tmp_39 = trunc i32 %j7 to i14

ST_6: tmp_40 (76)  [1/1] 2.34ns  loc: lenet/lenet_hls.c:169
.preheader4:3  %tmp_40 = add i14 %tmp_39, %tmp_38

ST_6: tmp_41_cast (77)  [1/1] 0.00ns  loc: lenet/lenet_hls.c:169
.preheader4:4  %tmp_41_cast = zext i14 %tmp_40 to i32

ST_6: c1_o_2_addr (78)  [1/1] 0.00ns  loc: lenet/lenet_hls.c:169
.preheader4:5  %c1_o_2_addr = getelementptr [4704 x float]* @c1_o_2, i32 0, i32 %tmp_41_cast

ST_6: tmp_3 (79)  [1/1] 3.26ns  loc: lenet/lenet_hls.c:168
.preheader4:6  %tmp_3 = icmp slt i32 %j7, %tmp_cast_9

ST_6: StgValue_83 (80)  [1/1] 0.00ns  loc: lenet/lenet_hls.c:168
.preheader4:7  br i1 %tmp_3, label %._crit_edge, label %3

ST_6: c1_o_2_load (82)  [2/2] 3.25ns  loc: lenet/lenet_hls.c:169
._crit_edge:0  %c1_o_2_load = load float* %c1_o_2_addr, align 4

ST_6: j_2 (99)  [1/1] 2.90ns  loc: lenet/lenet_hls.c:168
._crit_edge:17  %j_2 = add nsw i32 1, %j7

ST_6: i_2 (102)  [1/1] 2.90ns  loc: lenet/lenet_hls.c:167
:0  %i_2 = add nsw i32 %i8, 1

ST_6: StgValue_87 (103)  [1/1] 0.00ns  loc: lenet/lenet_hls.c:167
:1  br label %2


 <State 7>: 3.25ns
ST_7: c1_o_2_load (82)  [1/2] 3.25ns  loc: lenet/lenet_hls.c:169
._crit_edge:0  %c1_o_2_load = load float* %c1_o_2_addr, align 4


 <State 8>: 6.79ns
ST_8: tmp_19 (96)  [1/1] 6.79ns  loc: lenet/lenet_hls.c:169
._crit_edge:14  %tmp_19 = fcmp ogt float %max_value_1, %c1_o_2_load


 <State 9>: 7.34ns
ST_9: max_value_1_to_int (83)  [1/1] 0.00ns  loc: lenet/lenet_hls.c:169
._crit_edge:1  %max_value_1_to_int = bitcast float %max_value_1 to i32

ST_9: tmp_12 (84)  [1/1] 0.00ns  loc: lenet/lenet_hls.c:169
._crit_edge:2  %tmp_12 = call i8 @_ssdm_op_PartSelect.i8.i32.i32.i32(i32 %max_value_1_to_int, i32 23, i32 30)

ST_9: tmp_41 (85)  [1/1] 0.00ns  loc: lenet/lenet_hls.c:169
._crit_edge:3  %tmp_41 = trunc i32 %max_value_1_to_int to i23

ST_9: c1_o_2_load_to_int (86)  [1/1] 0.00ns  loc: lenet/lenet_hls.c:169
._crit_edge:4  %c1_o_2_load_to_int = bitcast float %c1_o_2_load to i32

ST_9: tmp_14 (87)  [1/1] 0.00ns  loc: lenet/lenet_hls.c:169
._crit_edge:5  %tmp_14 = call i8 @_ssdm_op_PartSelect.i8.i32.i32.i32(i32 %c1_o_2_load_to_int, i32 23, i32 30)

ST_9: tmp_42 (88)  [1/1] 0.00ns  loc: lenet/lenet_hls.c:169
._crit_edge:6  %tmp_42 = trunc i32 %c1_o_2_load_to_int to i23

ST_9: notlhs (89)  [1/1] 2.91ns  loc: lenet/lenet_hls.c:169
._crit_edge:7  %notlhs = icmp ne i8 %tmp_12, -1

ST_9: notrhs (90)  [1/1] 3.20ns  loc: lenet/lenet_hls.c:169
._crit_edge:8  %notrhs = icmp eq i23 %tmp_41, 0

ST_9: tmp_16 (91)  [1/1] 0.00ns  loc: lenet/lenet_hls.c:169 (grouped into LUT with out node tmp_20)
._crit_edge:9  %tmp_16 = or i1 %notrhs, %notlhs

ST_9: notlhs4 (92)  [1/1] 2.91ns  loc: lenet/lenet_hls.c:169
._crit_edge:10  %notlhs4 = icmp ne i8 %tmp_14, -1

ST_9: notrhs5 (93)  [1/1] 3.20ns  loc: lenet/lenet_hls.c:169
._crit_edge:11  %notrhs5 = icmp eq i23 %tmp_42, 0

ST_9: tmp_17 (94)  [1/1] 0.00ns  loc: lenet/lenet_hls.c:169 (grouped into LUT with out node tmp_20)
._crit_edge:12  %tmp_17 = or i1 %notrhs5, %notlhs4

ST_9: tmp_18 (95)  [1/1] 0.00ns  loc: lenet/lenet_hls.c:169 (grouped into LUT with out node tmp_20)
._crit_edge:13  %tmp_18 = and i1 %tmp_16, %tmp_17

ST_9: tmp_20 (97)  [1/1] 2.07ns  loc: lenet/lenet_hls.c:169 (out node of the LUT)
._crit_edge:15  %tmp_20 = and i1 %tmp_18, %tmp_19

ST_9: max_value_3 (98)  [1/1] 2.07ns  loc: lenet/lenet_hls.c:169 (out node of the LUT)
._crit_edge:16  %max_value_3 = select i1 %tmp_20, float %max_value_1, float %c1_o_2_load

ST_9: StgValue_105 (100)  [1/1] 0.00ns  loc: lenet/lenet_hls.c:168
._crit_edge:18  br label %.preheader4



============================================================
+ Verbose Summary: Binding
============================================================
STG Binding: 
---------------- STG Properties BEGIN ----------------
- Is combinational: 0
- Is one-state seq: 0
- Is datapath-only: 0
- Is pipelined: 0
- Is top level: 0
Port [ Return ] is wired: 1; IO mode=ap_ctrl_hs:ce=0
Port [ output_r]:  wired=1; compound=1; hidden=0; nouse=0; global=0; static=0; extern=0; dir=1; type=1; pingpong=0; private_global=0; MemPort=[03]; IO mode=ap_memory:ce=0
Port [ c1_o_2]:  wired=1; compound=1; hidden=0; nouse=0; global=1; static=1; extern=0; dir=0; type=1; pingpong=0; private_global=0; linkage=7; visibility=0; MemPort=[13]; IO mode=ap_memory:ce=0
---------------- STG Properties END ------------------

---------------- Datapath Model BEGIN ----------------

<LifeTime>
<method=bitvector/>
StgValue_10        (br               ) [ 0111111111]
c                  (phi              ) [ 0010000000]
tmp_24             (bitconcatenate   ) [ 0000000000]
p_shl2_cast        (zext             ) [ 0000000000]
tmp_25             (bitconcatenate   ) [ 0000000000]
p_shl3_cast        (zext             ) [ 0000000000]
tmp_26             (sub              ) [ 0000000000]
tmp_28_cast        (sext             ) [ 0001111111]
tmp_27             (bitconcatenate   ) [ 0000000000]
p_shl_cast         (zext             ) [ 0000000000]
tmp_28             (bitconcatenate   ) [ 0000000000]
p_shl1_cast        (zext             ) [ 0000000000]
tmp_29             (sub              ) [ 0000000000]
tmp_31_cast        (sext             ) [ 0001111111]
exitcond2          (icmp             ) [ 0011111111]
empty              (speclooptripcount) [ 0000000000]
c_2                (add              ) [ 0111111111]
StgValue_27        (br               ) [ 0000000000]
StgValue_28        (br               ) [ 0011111111]
StgValue_29        (ret              ) [ 0000000000]
h                  (phi              ) [ 0001000000]
h_cast2_cast       (zext             ) [ 0000000000]
tmp_30             (add              ) [ 0000000000]
tmp_31             (trunc            ) [ 0000000000]
p_shl4_cast        (bitconcatenate   ) [ 0000000000]
tmp_32             (bitconcatenate   ) [ 0000000000]
p_shl5_cast        (sext             ) [ 0000000000]
tmp_33             (sub              ) [ 0000111111]
exitcond1          (icmp             ) [ 0011111111]
empty_7            (speclooptripcount) [ 0000000000]
h_2                (add              ) [ 0011111111]
StgValue_41        (br               ) [ 0000000000]
i                  (bitconcatenate   ) [ 0000000000]
i_cast             (zext             ) [ 0000111111]
tmp_s              (add              ) [ 0000000000]
tmp_cast           (zext             ) [ 0000111111]
StgValue_46        (br               ) [ 0011111111]
StgValue_47        (br               ) [ 0111111111]
w                  (phi              ) [ 0000100000]
w_cast1_cast       (zext             ) [ 0000000000]
tmp_34             (add              ) [ 0000000000]
tmp_36_cast        (zext             ) [ 0000000000]
output_addr        (getelementptr    ) [ 0000011111]
exitcond           (icmp             ) [ 0011111111]
empty_8            (speclooptripcount) [ 0000000000]
w_2                (add              ) [ 0011111111]
StgValue_56        (br               ) [ 0000000000]
j                  (bitconcatenate   ) [ 0000000000]
j_cast             (zext             ) [ 0000011111]
tmp                (add              ) [ 0000000000]
tmp_cast_9         (zext             ) [ 0000011111]
StgValue_61        (br               ) [ 0011111111]
StgValue_62        (br               ) [ 0011111111]
i8                 (phi              ) [ 0000011111]
max_value          (phi              ) [ 0000011111]
tmp_35             (add              ) [ 0000000000]
tmp_36             (trunc            ) [ 0000000000]
p_shl6_cast        (bitconcatenate   ) [ 0000000000]
tmp_37             (trunc            ) [ 0000000000]
p_shl7_cast        (bitconcatenate   ) [ 0000000000]
tmp_38             (sub              ) [ 0000001111]
tmp_2              (icmp             ) [ 0011111111]
StgValue_72        (br               ) [ 0000000000]
StgValue_73        (br               ) [ 0011111111]
StgValue_74        (store            ) [ 0000000000]
StgValue_75        (br               ) [ 0011111111]
j7                 (phi              ) [ 0000001000]
max_value_1        (phi              ) [ 0011111111]
tmp_39             (trunc            ) [ 0000000000]
tmp_40             (add              ) [ 0000000000]
tmp_41_cast        (zext             ) [ 0000000000]
c1_o_2_addr        (getelementptr    ) [ 0000000100]
tmp_3              (icmp             ) [ 0011111111]
StgValue_83        (br               ) [ 0000000000]
j_2                (add              ) [ 0011111111]
i_2                (add              ) [ 0011111111]
StgValue_87        (br               ) [ 0011111111]
c1_o_2_load        (load             ) [ 0000000011]
tmp_19             (fcmp             ) [ 0000000001]
max_value_1_to_int (bitcast          ) [ 0000000000]
tmp_12             (partselect       ) [ 0000000000]
tmp_41             (trunc            ) [ 0000000000]
c1_o_2_load_to_int (bitcast          ) [ 0000000000]
tmp_14             (partselect       ) [ 0000000000]
tmp_42             (trunc            ) [ 0000000000]
notlhs             (icmp             ) [ 0000000000]
notrhs             (icmp             ) [ 0000000000]
tmp_16             (or               ) [ 0000000000]
notlhs4            (icmp             ) [ 0000000000]
notrhs5            (icmp             ) [ 0000000000]
tmp_17             (or               ) [ 0000000000]
tmp_18             (and              ) [ 0000000000]
tmp_20             (and              ) [ 0000000000]
max_value_3        (select           ) [ 0011111111]
StgValue_105       (br               ) [ 0011111111]
</LifeTime>

<model>

<comp_list>
<comp id="0" class="1000" name="output_r">
<pin_list>
<pin id="1" dir="1" index="0" bw="1" slack="0"/>
</pin_list>
<bind>
<StgValue><ssdm name="output_r"/><MemPortTyVec>0 3 </MemPortTyVec>
</StgValue>
</bind>
</comp>

<comp id="2" class="1000" name="c1_o_2">
<pin_list>
<pin id="3" dir="1" index="0" bw="1" slack="0"/>
</pin_list>
<bind>
<StgValue><ssdm name="c1_o_2"/><MemPortTyVec>1 3 </MemPortTyVec>
</StgValue>
</bind>
</comp>

<comp id="4" class="1001" name="const_4">
<pin_list>
<pin id="5" dir="1" index="0" bw="1" slack="1"/>
</pin_list>
<bind>
<StgValue><ssdm name=""/></StgValue>
</bind>
</comp>

<comp id="6" class="1001" name="const_6">
<pin_list>
<pin id="7" dir="1" index="0" bw="1" slack="0"/>
</pin_list>
<bind>
<StgValue><ssdm name="_ssdm_op_BitConcatenate.i7.i3.i4"/></StgValue>
</bind>
</comp>

<comp id="8" class="1001" name="const_8">
<pin_list>
<pin id="9" dir="1" index="0" bw="1" slack="0"/>
</pin_list>
<bind>
<StgValue><ssdm name=""/></StgValue>
</bind>
</comp>

<comp id="10" class="1001" name="const_10">
<pin_list>
<pin id="11" dir="1" index="0" bw="1" slack="0"/>
</pin_list>
<bind>
<StgValue><ssdm name="_ssdm_op_BitConcatenate.i4.i3.i1"/></StgValue>
</bind>
</comp>

<comp id="12" class="1001" name="const_12">
<pin_list>
<pin id="13" dir="1" index="0" bw="1" slack="0"/>
</pin_list>
<bind>
<StgValue><ssdm name=""/></StgValue>
</bind>
</comp>

<comp id="14" class="1001" name="const_14">
<pin_list>
<pin id="15" dir="1" index="0" bw="1" slack="0"/>
</pin_list>
<bind>
<StgValue><ssdm name="_ssdm_op_BitConcatenate.i8.i3.i5"/></StgValue>
</bind>
</comp>

<comp id="16" class="1001" name="const_16">
<pin_list>
<pin id="17" dir="1" index="0" bw="1" slack="0"/>
</pin_list>
<bind>
<StgValue><ssdm name=""/></StgValue>
</bind>
</comp>

<comp id="18" class="1001" name="const_18">
<pin_list>
<pin id="19" dir="1" index="0" bw="1" slack="0"/>
</pin_list>
<bind>
<StgValue><ssdm name="_ssdm_op_BitConcatenate.i5.i3.i2"/></StgValue>
</bind>
</comp>

<comp id="20" class="1001" name="const_20">
<pin_list>
<pin id="21" dir="1" index="0" bw="1" slack="0"/>
</pin_list>
<bind>
<StgValue><ssdm name=""/></StgValue>
</bind>
</comp>

<comp id="22" class="1001" name="const_22">
<pin_list>
<pin id="23" dir="1" index="0" bw="1" slack="0"/>
</pin_list>
<bind>
<StgValue><ssdm name=""/></StgValue>
</bind>
</comp>

<comp id="24" class="1001" name="const_24">
<pin_list>
<pin id="25" dir="1" index="0" bw="1" slack="2147483647"/>
</pin_list>
<bind>
<StgValue><ssdm name="_ssdm_op_SpecLoopTripCount"/></StgValue>
</bind>
</comp>

<comp id="26" class="1001" name="const_26">
<pin_list>
<pin id="27" dir="1" index="0" bw="1" slack="2147483647"/>
</pin_list>
<bind>
<StgValue><ssdm name=""/></StgValue>
</bind>
</comp>

<comp id="28" class="1001" name="const_28">
<pin_list>
<pin id="29" dir="1" index="0" bw="1" slack="0"/>
</pin_list>
<bind>
<StgValue><ssdm name=""/></StgValue>
</bind>
</comp>

<comp id="30" class="1001" name="const_30">
<pin_list>
<pin id="31" dir="1" index="0" bw="1" slack="0"/>
</pin_list>
<bind>
<StgValue><ssdm name="_ssdm_op_BitConcatenate.i12.i8.i4"/></StgValue>
</bind>
</comp>

<comp id="32" class="1001" name="const_32">
<pin_list>
<pin id="33" dir="1" index="0" bw="1" slack="0"/>
</pin_list>
<bind>
<StgValue><ssdm name="_ssdm_op_BitConcatenate.i10.i9.i1"/></StgValue>
</bind>
</comp>

<comp id="34" class="1001" name="const_34">
<pin_list>
<pin id="35" dir="1" index="0" bw="1" slack="0"/>
</pin_list>
<bind>
<StgValue><ssdm name=""/></StgValue>
</bind>
</comp>

<comp id="36" class="1001" name="const_36">
<pin_list>
<pin id="37" dir="1" index="0" bw="1" slack="2147483647"/>
</pin_list>
<bind>
<StgValue><ssdm name=""/></StgValue>
</bind>
</comp>

<comp id="38" class="1001" name="const_38">
<pin_list>
<pin id="39" dir="1" index="0" bw="1" slack="0"/>
</pin_list>
<bind>
<StgValue><ssdm name=""/></StgValue>
</bind>
</comp>

<comp id="40" class="1001" name="const_40">
<pin_list>
<pin id="41" dir="1" index="0" bw="1" slack="0"/>
</pin_list>
<bind>
<StgValue><ssdm name="_ssdm_op_BitConcatenate.i5.i4.i1"/></StgValue>
</bind>
</comp>

<comp id="42" class="1001" name="const_42">
<pin_list>
<pin id="43" dir="1" index="0" bw="1" slack="0"/>
</pin_list>
<bind>
<StgValue><ssdm name=""/></StgValue>
</bind>
</comp>

<comp id="44" class="1001" name="const_44">
<pin_list>
<pin id="45" dir="1" index="0" bw="1" slack="0"/>
</pin_list>
<bind>
<StgValue><ssdm name=""/></StgValue>
</bind>
</comp>

<comp id="46" class="1001" name="const_46">
<pin_list>
<pin id="47" dir="1" index="0" bw="1" slack="1"/>
</pin_list>
<bind>
<StgValue><ssdm name=""/></StgValue>
</bind>
</comp>

<comp id="48" class="1001" name="const_48">
<pin_list>
<pin id="49" dir="1" index="0" bw="1" slack="0"/>
</pin_list>
<bind>
<StgValue><ssdm name="_ssdm_op_BitConcatenate.i14.i9.i5"/></StgValue>
</bind>
</comp>

<comp id="50" class="1001" name="const_50">
<pin_list>
<pin id="51" dir="1" index="0" bw="1" slack="0"/>
</pin_list>
<bind>
<StgValue><ssdm name="_ssdm_op_BitConcatenate.i14.i12.i2"/></StgValue>
</bind>
</comp>

<comp id="52" class="1001" name="const_52">
<pin_list>
<pin id="53" dir="1" index="0" bw="1" slack="0"/>
</pin_list>
<bind>
<StgValue><ssdm name=""/></StgValue>
</bind>
</comp>

<comp id="54" class="1001" name="const_54">
<pin_list>
<pin id="55" dir="1" index="0" bw="1" slack="0"/>
</pin_list>
<bind>
<StgValue><ssdm name="_ssdm_op_PartSelect.i8.i32.i32.i32"/></StgValue>
</bind>
</comp>

<comp id="56" class="1001" name="const_56">
<pin_list>
<pin id="57" dir="1" index="0" bw="1" slack="0"/>
</pin_list>
<bind>
<StgValue><ssdm name=""/></StgValue>
</bind>
</comp>

<comp id="58" class="1001" name="const_58">
<pin_list>
<pin id="59" dir="1" index="0" bw="1" slack="0"/>
</pin_list>
<bind>
<StgValue><ssdm name=""/></StgValue>
</bind>
</comp>

<comp id="60" class="1001" name="const_60">
<pin_list>
<pin id="61" dir="1" index="0" bw="1" slack="0"/>
</pin_list>
<bind>
<StgValue><ssdm name=""/></StgValue>
</bind>
</comp>

<comp id="62" class="1001" name="const_62">
<pin_list>
<pin id="63" dir="1" index="0" bw="1" slack="0"/>
</pin_list>
<bind>
<StgValue><ssdm name=""/></StgValue>
</bind>
</comp>

<comp id="64" class="1004" name="output_addr_gep_fu_64">
<pin_list>
<pin id="65" dir="0" index="0" bw="32" slack="0"/>
<pin id="66" dir="0" index="1" bw="1" slack="0"/>
<pin id="67" dir="0" index="2" bw="12" slack="0"/>
<pin id="68" dir="1" index="3" bw="11" slack="1"/>
</pin_list>
<bind>
<opcode="getelementptr(29) " fcode="getelementptr"/>
<opset="output_addr/4 "/>
</bind>
</comp>

<comp id="71" class="1004" name="StgValue_74_access_fu_71">
<pin_list>
<pin id="72" dir="0" index="0" bw="11" slack="1"/>
<pin id="73" dir="0" index="1" bw="32" slack="0"/>
<pin id="74" dir="1" index="2" bw="32" slack="2147483647"/>
</pin_list>
<bind>
<opcode="store(28) " fcode="store"/>
<opset="StgValue_74/5 "/>
</bind>
</comp>

<comp id="75" class="1004" name="c1_o_2_addr_gep_fu_75">
<pin_list>
<pin id="76" dir="0" index="0" bw="32" slack="0"/>
<pin id="77" dir="0" index="1" bw="1" slack="0"/>
<pin id="78" dir="0" index="2" bw="14" slack="0"/>
<pin id="79" dir="1" index="3" bw="13" slack="0"/>
</pin_list>
<bind>
<opcode="getelementptr(29) " fcode="getelementptr"/>
<opset="c1_o_2_addr/6 "/>
</bind>
</comp>

<comp id="82" class="1004" name="grp_access_fu_82">
<pin_list>
<pin id="83" dir="0" index="0" bw="13" slack="0"/>
<pin id="84" dir="0" index="1" bw="32" slack="2147483647"/>
<pin id="85" dir="1" index="2" bw="32" slack="1"/>
</pin_list>
<bind>
<opcode="load(27) " fcode="load"/>
<opset="c1_o_2_load/6 "/>
</bind>
</comp>

<comp id="87" class="1005" name="c_reg_87">
<pin_list>
<pin id="88" dir="0" index="0" bw="3" slack="1"/>
<pin id="89" dir="1" index="1" bw="3" slack="1"/>
</pin_list>
<bind>
<opset="c (phireg) "/>
</bind>
</comp>

<comp id="91" class="1004" name="c_phi_fu_91">
<pin_list>
<pin id="92" dir="0" index="0" bw="1" slack="1"/>
<pin id="93" dir="0" index="1" bw="0" slack="2147483647"/>
<pin id="94" dir="0" index="2" bw="3" slack="0"/>
<pin id="95" dir="0" index="3" bw="0" slack="2147483647"/>
<pin id="96" dir="1" index="4" bw="3" slack="0"/>
</pin_list>
<bind>
<opcode="phi(47) " fcode="phi"/>
<opset="c/2 "/>
</bind>
</comp>

<comp id="98" class="1005" name="h_reg_98">
<pin_list>
<pin id="99" dir="0" index="0" bw="4" slack="1"/>
<pin id="100" dir="1" index="1" bw="4" slack="1"/>
</pin_list>
<bind>
<opset="h (phireg) "/>
</bind>
</comp>

<comp id="102" class="1004" name="h_phi_fu_102">
<pin_list>
<pin id="103" dir="0" index="0" bw="4" slack="0"/>
<pin id="104" dir="0" index="1" bw="0" slack="2147483647"/>
<pin id="105" dir="0" index="2" bw="1" slack="1"/>
<pin id="106" dir="0" index="3" bw="0" slack="2147483647"/>
<pin id="107" dir="1" index="4" bw="4" slack="0"/>
</pin_list>
<bind>
<opcode="phi(47) " fcode="phi"/>
<opset="h/3 "/>
</bind>
</comp>

<comp id="109" class="1005" name="w_reg_109">
<pin_list>
<pin id="110" dir="0" index="0" bw="4" slack="1"/>
<pin id="111" dir="1" index="1" bw="4" slack="1"/>
</pin_list>
<bind>
<opset="w (phireg) "/>
</bind>
</comp>

<comp id="113" class="1004" name="w_phi_fu_113">
<pin_list>
<pin id="114" dir="0" index="0" bw="4" slack="0"/>
<pin id="115" dir="0" index="1" bw="0" slack="2147483647"/>
<pin id="116" dir="0" index="2" bw="1" slack="1"/>
<pin id="117" dir="0" index="3" bw="0" slack="2147483647"/>
<pin id="118" dir="1" index="4" bw="4" slack="0"/>
</pin_list>
<bind>
<opcode="phi(47) " fcode="phi"/>
<opset="w/4 "/>
</bind>
</comp>

<comp id="120" class="1005" name="i8_reg_120">
<pin_list>
<pin id="121" dir="0" index="0" bw="32" slack="1"/>
<pin id="122" dir="1" index="1" bw="32" slack="1"/>
</pin_list>
<bind>
<opset="i8 (phireg) "/>
</bind>
</comp>

<comp id="123" class="1004" name="i8_phi_fu_123">
<pin_list>
<pin id="124" dir="0" index="0" bw="5" slack="2"/>
<pin id="125" dir="0" index="1" bw="0" slack="2147483647"/>
<pin id="126" dir="0" index="2" bw="32" slack="1"/>
<pin id="127" dir="0" index="3" bw="0" slack="2147483647"/>
<pin id="128" dir="1" index="4" bw="32" slack="0"/>
</pin_list>
<bind>
<opcode="phi(47) " fcode="phi"/>
<opset="i8/5 "/>
</bind>
</comp>

<comp id="130" class="1005" name="max_value_reg_130">
<pin_list>
<pin id="131" dir="0" index="0" bw="32" slack="1"/>
<pin id="132" dir="1" index="1" bw="32" slack="1"/>
</pin_list>
<bind>
<opset="max_value (phireg) "/>
</bind>
</comp>

<comp id="134" class="1004" name="max_value_phi_fu_134">
<pin_list>
<pin id="135" dir="0" index="0" bw="32" slack="1"/>
<pin id="136" dir="0" index="1" bw="0" slack="2147483647"/>
<pin id="137" dir="0" index="2" bw="32" slack="1"/>
<pin id="138" dir="0" index="3" bw="0" slack="2147483647"/>
<pin id="139" dir="1" index="4" bw="32" slack="0"/>
</pin_list>
<bind>
<opcode="phi(47) " fcode="phi"/>
<opset="max_value/5 "/>
</bind>
</comp>

<comp id="143" class="1005" name="j7_reg_143">
<pin_list>
<pin id="144" dir="0" index="0" bw="32" slack="2147483647"/>
<pin id="145" dir="1" index="1" bw="32" slack="2147483647"/>
</pin_list>
<bind>
<opset="j7 (phireg) "/>
</bind>
</comp>

<comp id="146" class="1004" name="j7_phi_fu_146">
<pin_list>
<pin id="147" dir="0" index="0" bw="32" slack="0"/>
<pin id="148" dir="0" index="1" bw="0" slack="2147483647"/>
<pin id="149" dir="0" index="2" bw="5" slack="2"/>
<pin id="150" dir="0" index="3" bw="0" slack="2147483647"/>
<pin id="151" dir="1" index="4" bw="32" slack="0"/>
</pin_list>
<bind>
<opcode="phi(47) " fcode="phi"/>
<opset="j7/6 "/>
</bind>
</comp>

<comp id="152" class="1005" name="max_value_1_reg_152">
<pin_list>
<pin id="153" dir="0" index="0" bw="32" slack="1"/>
<pin id="154" dir="1" index="1" bw="32" slack="1"/>
</pin_list>
<bind>
<opset="max_value_1 (phireg) "/>
</bind>
</comp>

<comp id="156" class="1004" name="max_value_1_phi_fu_156">
<pin_list>
<pin id="157" dir="0" index="0" bw="32" slack="1"/>
<pin id="158" dir="0" index="1" bw="0" slack="2147483647"/>
<pin id="159" dir="0" index="2" bw="32" slack="1"/>
<pin id="160" dir="0" index="3" bw="0" slack="2147483647"/>
<pin id="161" dir="1" index="4" bw="32" slack="1"/>
</pin_list>
<bind>
<opcode="phi(47) " fcode="phi"/>
<opset="max_value_1/6 "/>
</bind>
</comp>

<comp id="164" class="1004" name="tmp_19_fu_164">
<pin_list>
<pin id="165" dir="0" index="0" bw="32" slack="2"/>
<pin id="166" dir="0" index="1" bw="32" slack="1"/>
<pin id="167" dir="1" index="2" bw="1" slack="1"/>
</pin_list>
<bind>
<opcode="fcmp(46) " fcode="fcmp"/>
<opset="tmp_19/8 "/>
</bind>
</comp>

<comp id="169" class="1004" name="tmp_24_fu_169">
<pin_list>
<pin id="170" dir="0" index="0" bw="7" slack="0"/>
<pin id="171" dir="0" index="1" bw="3" slack="0"/>
<pin id="172" dir="0" index="2" bw="1" slack="0"/>
<pin id="173" dir="1" index="3" bw="7" slack="0"/>
</pin_list>
<bind>
<opcode="bitconcatenate(1004) " fcode="bitconcatenate"/>
<opset="tmp_24/2 "/>
</bind>
</comp>

<comp id="177" class="1004" name="p_shl2_cast_fu_177">
<pin_list>
<pin id="178" dir="0" index="0" bw="7" slack="0"/>
<pin id="179" dir="1" index="1" bw="8" slack="0"/>
</pin_list>
<bind>
<opcode="zext(34) " fcode="zext"/>
<opset="p_shl2_cast/2 "/>
</bind>
</comp>

<comp id="181" class="1004" name="tmp_25_fu_181">
<pin_list>
<pin id="182" dir="0" index="0" bw="4" slack="0"/>
<pin id="183" dir="0" index="1" bw="3" slack="0"/>
<pin id="184" dir="0" index="2" bw="1" slack="0"/>
<pin id="185" dir="1" index="3" bw="4" slack="0"/>
</pin_list>
<bind>
<opcode="bitconcatenate(1004) " fcode="bitconcatenate"/>
<opset="tmp_25/2 "/>
</bind>
</comp>

<comp id="189" class="1004" name="p_shl3_cast_fu_189">
<pin_list>
<pin id="190" dir="0" index="0" bw="4" slack="0"/>
<pin id="191" dir="1" index="1" bw="8" slack="0"/>
</pin_list>
<bind>
<opcode="zext(34) " fcode="zext"/>
<opset="p_shl3_cast/2 "/>
</bind>
</comp>

<comp id="193" class="1004" name="tmp_26_fu_193">
<pin_list>
<pin id="194" dir="0" index="0" bw="7" slack="0"/>
<pin id="195" dir="0" index="1" bw="4" slack="0"/>
<pin id="196" dir="1" index="2" bw="8" slack="0"/>
</pin_list>
<bind>
<opcode="sub(10) " fcode="sub"/>
<opset="tmp_26/2 "/>
</bind>
</comp>

<comp id="199" class="1004" name="tmp_28_cast_fu_199">
<pin_list>
<pin id="200" dir="0" index="0" bw="8" slack="0"/>
<pin id="201" dir="1" index="1" bw="9" slack="1"/>
</pin_list>
<bind>
<opcode="sext(35) " fcode="sext"/>
<opset="tmp_28_cast/2 "/>
</bind>
</comp>

<comp id="203" class="1004" name="tmp_27_fu_203">
<pin_list>
<pin id="204" dir="0" index="0" bw="8" slack="0"/>
<pin id="205" dir="0" index="1" bw="3" slack="0"/>
<pin id="206" dir="0" index="2" bw="1" slack="0"/>
<pin id="207" dir="1" index="3" bw="8" slack="0"/>
</pin_list>
<bind>
<opcode="bitconcatenate(1004) " fcode="bitconcatenate"/>
<opset="tmp_27/2 "/>
</bind>
</comp>

<comp id="211" class="1004" name="p_shl_cast_fu_211">
<pin_list>
<pin id="212" dir="0" index="0" bw="8" slack="0"/>
<pin id="213" dir="1" index="1" bw="9" slack="0"/>
</pin_list>
<bind>
<opcode="zext(34) " fcode="zext"/>
<opset="p_shl_cast/2 "/>
</bind>
</comp>

<comp id="215" class="1004" name="tmp_28_fu_215">
<pin_list>
<pin id="216" dir="0" index="0" bw="5" slack="0"/>
<pin id="217" dir="0" index="1" bw="3" slack="0"/>
<pin id="218" dir="0" index="2" bw="1" slack="0"/>
<pin id="219" dir="1" index="3" bw="5" slack="0"/>
</pin_list>
<bind>
<opcode="bitconcatenate(1004) " fcode="bitconcatenate"/>
<opset="tmp_28/2 "/>
</bind>
</comp>

<comp id="223" class="1004" name="p_shl1_cast_fu_223">
<pin_list>
<pin id="224" dir="0" index="0" bw="5" slack="0"/>
<pin id="225" dir="1" index="1" bw="9" slack="0"/>
</pin_list>
<bind>
<opcode="zext(34) " fcode="zext"/>
<opset="p_shl1_cast/2 "/>
</bind>
</comp>

<comp id="227" class="1004" name="tmp_29_fu_227">
<pin_list>
<pin id="228" dir="0" index="0" bw="8" slack="0"/>
<pin id="229" dir="0" index="1" bw="5" slack="0"/>
<pin id="230" dir="1" index="2" bw="9" slack="0"/>
</pin_list>
<bind>
<opcode="sub(10) " fcode="sub"/>
<opset="tmp_29/2 "/>
</bind>
</comp>

<comp id="233" class="1004" name="tmp_31_cast_fu_233">
<pin_list>
<pin id="234" dir="0" index="0" bw="9" slack="0"/>
<pin id="235" dir="1" index="1" bw="32" slack="3"/>
</pin_list>
<bind>
<opcode="sext(35) " fcode="sext"/>
<opset="tmp_31_cast/2 "/>
</bind>
</comp>

<comp id="237" class="1004" name="exitcond2_fu_237">
<pin_list>
<pin id="238" dir="0" index="0" bw="3" slack="0"/>
<pin id="239" dir="0" index="1" bw="2" slack="0"/>
<pin id="240" dir="1" index="2" bw="1" slack="2147483647"/>
</pin_list>
<bind>
<opcode="icmp(45) " fcode="icmp"/>
<opset="exitcond2/2 "/>
</bind>
</comp>

<comp id="243" class="1004" name="c_2_fu_243">
<pin_list>
<pin id="244" dir="0" index="0" bw="3" slack="0"/>
<pin id="245" dir="0" index="1" bw="1" slack="0"/>
<pin id="246" dir="1" index="2" bw="3" slack="0"/>
</pin_list>
<bind>
<opcode="add(8) " fcode="add"/>
<opset="c_2/2 "/>
</bind>
</comp>

<comp id="249" class="1004" name="h_cast2_cast_fu_249">
<pin_list>
<pin id="250" dir="0" index="0" bw="4" slack="0"/>
<pin id="251" dir="1" index="1" bw="9" slack="0"/>
</pin_list>
<bind>
<opcode="zext(34) " fcode="zext"/>
<opset="h_cast2_cast/3 "/>
</bind>
</comp>

<comp id="253" class="1004" name="tmp_30_fu_253">
<pin_list>
<pin id="254" dir="0" index="0" bw="8" slack="1"/>
<pin id="255" dir="0" index="1" bw="4" slack="0"/>
<pin id="256" dir="1" index="2" bw="9" slack="0"/>
</pin_list>
<bind>
<opcode="add(8) " fcode="add"/>
<opset="tmp_30/3 "/>
</bind>
</comp>

<comp id="258" class="1004" name="tmp_31_fu_258">
<pin_list>
<pin id="259" dir="0" index="0" bw="9" slack="0"/>
<pin id="260" dir="1" index="1" bw="8" slack="0"/>
</pin_list>
<bind>
<opcode="trunc(33) " fcode="trunc"/>
<opset="tmp_31/3 "/>
</bind>
</comp>

<comp id="262" class="1004" name="p_shl4_cast_fu_262">
<pin_list>
<pin id="263" dir="0" index="0" bw="12" slack="0"/>
<pin id="264" dir="0" index="1" bw="8" slack="0"/>
<pin id="265" dir="0" index="2" bw="1" slack="0"/>
<pin id="266" dir="1" index="3" bw="12" slack="0"/>
</pin_list>
<bind>
<opcode="bitconcatenate(1004) " fcode="bitconcatenate"/>
<opset="p_shl4_cast/3 "/>
</bind>
</comp>

<comp id="270" class="1004" name="tmp_32_fu_270">
<pin_list>
<pin id="271" dir="0" index="0" bw="10" slack="0"/>
<pin id="272" dir="0" index="1" bw="9" slack="0"/>
<pin id="273" dir="0" index="2" bw="1" slack="0"/>
<pin id="274" dir="1" index="3" bw="10" slack="0"/>
</pin_list>
<bind>
<opcode="bitconcatenate(1004) " fcode="bitconcatenate"/>
<opset="tmp_32/3 "/>
</bind>
</comp>

<comp id="278" class="1004" name="p_shl5_cast_fu_278">
<pin_list>
<pin id="279" dir="0" index="0" bw="10" slack="0"/>
<pin id="280" dir="1" index="1" bw="12" slack="0"/>
</pin_list>
<bind>
<opcode="sext(35) " fcode="sext"/>
<opset="p_shl5_cast/3 "/>
</bind>
</comp>

<comp id="282" class="1004" name="tmp_33_fu_282">
<pin_list>
<pin id="283" dir="0" index="0" bw="12" slack="0"/>
<pin id="284" dir="0" index="1" bw="10" slack="0"/>
<pin id="285" dir="1" index="2" bw="12" slack="1"/>
</pin_list>
<bind>
<opcode="sub(10) " fcode="sub"/>
<opset="tmp_33/3 "/>
</bind>
</comp>

<comp id="288" class="1004" name="exitcond1_fu_288">
<pin_list>
<pin id="289" dir="0" index="0" bw="4" slack="0"/>
<pin id="290" dir="0" index="1" bw="2" slack="0"/>
<pin id="291" dir="1" index="2" bw="1" slack="2147483647"/>
</pin_list>
<bind>
<opcode="icmp(45) " fcode="icmp"/>
<opset="exitcond1/3 "/>
</bind>
</comp>

<comp id="294" class="1004" name="h_2_fu_294">
<pin_list>
<pin id="295" dir="0" index="0" bw="1" slack="0"/>
<pin id="296" dir="0" index="1" bw="4" slack="0"/>
<pin id="297" dir="1" index="2" bw="4" slack="0"/>
</pin_list>
<bind>
<opcode="add(8) " fcode="add"/>
<opset="h_2/3 "/>
</bind>
</comp>

<comp id="300" class="1004" name="i_fu_300">
<pin_list>
<pin id="301" dir="0" index="0" bw="5" slack="0"/>
<pin id="302" dir="0" index="1" bw="4" slack="0"/>
<pin id="303" dir="0" index="2" bw="1" slack="0"/>
<pin id="304" dir="1" index="3" bw="5" slack="0"/>
</pin_list>
<bind>
<opcode="bitconcatenate(1004) " fcode="bitconcatenate"/>
<opset="i/3 "/>
</bind>
</comp>

<comp id="308" class="1004" name="i_cast_fu_308">
<pin_list>
<pin id="309" dir="0" index="0" bw="5" slack="0"/>
<pin id="310" dir="1" index="1" bw="32" slack="2"/>
</pin_list>
<bind>
<opcode="zext(34) " fcode="zext"/>
<opset="i_cast/3 "/>
</bind>
</comp>

<comp id="312" class="1004" name="tmp_s_fu_312">
<pin_list>
<pin id="313" dir="0" index="0" bw="5" slack="0"/>
<pin id="314" dir="0" index="1" bw="3" slack="0"/>
<pin id="315" dir="1" index="2" bw="5" slack="0"/>
</pin_list>
<bind>
<opcode="add(8) " fcode="add"/>
<opset="tmp_s/3 "/>
</bind>
</comp>

<comp id="318" class="1004" name="tmp_cast_fu_318">
<pin_list>
<pin id="319" dir="0" index="0" bw="5" slack="0"/>
<pin id="320" dir="1" index="1" bw="32" slack="2"/>
</pin_list>
<bind>
<opcode="zext(34) " fcode="zext"/>
<opset="tmp_cast/3 "/>
</bind>
</comp>

<comp id="322" class="1004" name="w_cast1_cast_fu_322">
<pin_list>
<pin id="323" dir="0" index="0" bw="4" slack="0"/>
<pin id="324" dir="1" index="1" bw="12" slack="0"/>
</pin_list>
<bind>
<opcode="zext(34) " fcode="zext"/>
<opset="w_cast1_cast/4 "/>
</bind>
</comp>

<comp id="326" class="1004" name="tmp_34_fu_326">
<pin_list>
<pin id="327" dir="0" index="0" bw="12" slack="1"/>
<pin id="328" dir="0" index="1" bw="4" slack="0"/>
<pin id="329" dir="1" index="2" bw="12" slack="0"/>
</pin_list>
<bind>
<opcode="add(8) " fcode="add"/>
<opset="tmp_34/4 "/>
</bind>
</comp>

<comp id="331" class="1004" name="tmp_36_cast_fu_331">
<pin_list>
<pin id="332" dir="0" index="0" bw="12" slack="0"/>
<pin id="333" dir="1" index="1" bw="32" slack="0"/>
</pin_list>
<bind>
<opcode="zext(34) " fcode="zext"/>
<opset="tmp_36_cast/4 "/>
</bind>
</comp>

<comp id="336" class="1004" name="exitcond_fu_336">
<pin_list>
<pin id="337" dir="0" index="0" bw="4" slack="0"/>
<pin id="338" dir="0" index="1" bw="2" slack="0"/>
<pin id="339" dir="1" index="2" bw="1" slack="2147483647"/>
</pin_list>
<bind>
<opcode="icmp(45) " fcode="icmp"/>
<opset="exitcond/4 "/>
</bind>
</comp>

<comp id="342" class="1004" name="w_2_fu_342">
<pin_list>
<pin id="343" dir="0" index="0" bw="4" slack="0"/>
<pin id="344" dir="0" index="1" bw="1" slack="0"/>
<pin id="345" dir="1" index="2" bw="4" slack="0"/>
</pin_list>
<bind>
<opcode="add(8) " fcode="add"/>
<opset="w_2/4 "/>
</bind>
</comp>

<comp id="348" class="1004" name="j_fu_348">
<pin_list>
<pin id="349" dir="0" index="0" bw="5" slack="0"/>
<pin id="350" dir="0" index="1" bw="4" slack="0"/>
<pin id="351" dir="0" index="2" bw="1" slack="0"/>
<pin id="352" dir="1" index="3" bw="5" slack="0"/>
</pin_list>
<bind>
<opcode="bitconcatenate(1004) " fcode="bitconcatenate"/>
<opset="j/4 "/>
</bind>
</comp>

<comp id="356" class="1004" name="j_cast_fu_356">
<pin_list>
<pin id="357" dir="0" index="0" bw="5" slack="0"/>
<pin id="358" dir="1" index="1" bw="32" slack="2"/>
</pin_list>
<bind>
<opcode="zext(34) " fcode="zext"/>
<opset="j_cast/4 "/>
</bind>
</comp>

<comp id="360" class="1004" name="tmp_fu_360">
<pin_list>
<pin id="361" dir="0" index="0" bw="5" slack="0"/>
<pin id="362" dir="0" index="1" bw="3" slack="0"/>
<pin id="363" dir="1" index="2" bw="5" slack="0"/>
</pin_list>
<bind>
<opcode="add(8) " fcode="add"/>
<opset="tmp/4 "/>
</bind>
</comp>

<comp id="366" class="1004" name="tmp_cast_9_fu_366">
<pin_list>
<pin id="367" dir="0" index="0" bw="5" slack="0"/>
<pin id="368" dir="1" index="1" bw="32" slack="2"/>
</pin_list>
<bind>
<opcode="zext(34) " fcode="zext"/>
<opset="tmp_cast_9/4 "/>
</bind>
</comp>

<comp id="370" class="1004" name="tmp_35_fu_370">
<pin_list>
<pin id="371" dir="0" index="0" bw="9" slack="3"/>
<pin id="372" dir="0" index="1" bw="32" slack="0"/>
<pin id="373" dir="1" index="2" bw="32" slack="0"/>
</pin_list>
<bind>
<opcode="add(8) " fcode="add"/>
<opset="tmp_35/5 "/>
</bind>
</comp>

<comp id="375" class="1004" name="tmp_36_fu_375">
<pin_list>
<pin id="376" dir="0" index="0" bw="32" slack="0"/>
<pin id="377" dir="1" index="1" bw="9" slack="0"/>
</pin_list>
<bind>
<opcode="trunc(33) " fcode="trunc"/>
<opset="tmp_36/5 "/>
</bind>
</comp>

<comp id="379" class="1004" name="p_shl6_cast_fu_379">
<pin_list>
<pin id="380" dir="0" index="0" bw="14" slack="0"/>
<pin id="381" dir="0" index="1" bw="9" slack="0"/>
<pin id="382" dir="0" index="2" bw="1" slack="0"/>
<pin id="383" dir="1" index="3" bw="14" slack="0"/>
</pin_list>
<bind>
<opcode="bitconcatenate(1004) " fcode="bitconcatenate"/>
<opset="p_shl6_cast/5 "/>
</bind>
</comp>

<comp id="387" class="1004" name="tmp_37_fu_387">
<pin_list>
<pin id="388" dir="0" index="0" bw="32" slack="0"/>
<pin id="389" dir="1" index="1" bw="12" slack="0"/>
</pin_list>
<bind>
<opcode="trunc(33) " fcode="trunc"/>
<opset="tmp_37/5 "/>
</bind>
</comp>

<comp id="391" class="1004" name="p_shl7_cast_fu_391">
<pin_list>
<pin id="392" dir="0" index="0" bw="14" slack="0"/>
<pin id="393" dir="0" index="1" bw="12" slack="0"/>
<pin id="394" dir="0" index="2" bw="1" slack="0"/>
<pin id="395" dir="1" index="3" bw="14" slack="0"/>
</pin_list>
<bind>
<opcode="bitconcatenate(1004) " fcode="bitconcatenate"/>
<opset="p_shl7_cast/5 "/>
</bind>
</comp>

<comp id="399" class="1004" name="tmp_38_fu_399">
<pin_list>
<pin id="400" dir="0" index="0" bw="14" slack="0"/>
<pin id="401" dir="0" index="1" bw="14" slack="0"/>
<pin id="402" dir="1" index="2" bw="14" slack="1"/>
</pin_list>
<bind>
<opcode="sub(10) " fcode="sub"/>
<opset="tmp_38/5 "/>
</bind>
</comp>

<comp id="405" class="1004" name="tmp_2_fu_405">
<pin_list>
<pin id="406" dir="0" index="0" bw="32" slack="0"/>
<pin id="407" dir="0" index="1" bw="5" slack="2"/>
<pin id="408" dir="1" index="2" bw="1" slack="2147483647"/>
</pin_list>
<bind>
<opcode="icmp(45) " fcode="icmp"/>
<opset="tmp_2/5 "/>
</bind>
</comp>

<comp id="410" class="1004" name="tmp_39_fu_410">
<pin_list>
<pin id="411" dir="0" index="0" bw="32" slack="0"/>
<pin id="412" dir="1" index="1" bw="14" slack="0"/>
</pin_list>
<bind>
<opcode="trunc(33) " fcode="trunc"/>
<opset="tmp_39/6 "/>
</bind>
</comp>

<comp id="414" class="1004" name="tmp_40_fu_414">
<pin_list>
<pin id="415" dir="0" index="0" bw="14" slack="0"/>
<pin id="416" dir="0" index="1" bw="14" slack="1"/>
<pin id="417" dir="1" index="2" bw="14" slack="0"/>
</pin_list>
<bind>
<opcode="add(8) " fcode="add"/>
<opset="tmp_40/6 "/>
</bind>
</comp>

<comp id="419" class="1004" name="tmp_41_cast_fu_419">
<pin_list>
<pin id="420" dir="0" index="0" bw="14" slack="0"/>
<pin id="421" dir="1" index="1" bw="32" slack="0"/>
</pin_list>
<bind>
<opcode="zext(34) " fcode="zext"/>
<opset="tmp_41_cast/6 "/>
</bind>
</comp>

<comp id="424" class="1004" name="tmp_3_fu_424">
<pin_list>
<pin id="425" dir="0" index="0" bw="32" slack="0"/>
<pin id="426" dir="0" index="1" bw="5" slack="2"/>
<pin id="427" dir="1" index="2" bw="1" slack="2147483647"/>
</pin_list>
<bind>
<opcode="icmp(45) " fcode="icmp"/>
<opset="tmp_3/6 "/>
</bind>
</comp>

<comp id="429" class="1004" name="j_2_fu_429">
<pin_list>
<pin id="430" dir="0" index="0" bw="1" slack="0"/>
<pin id="431" dir="0" index="1" bw="32" slack="0"/>
<pin id="432" dir="1" index="2" bw="32" slack="0"/>
</pin_list>
<bind>
<opcode="add(8) " fcode="add"/>
<opset="j_2/6 "/>
</bind>
</comp>

<comp id="435" class="1004" name="i_2_fu_435">
<pin_list>
<pin id="436" dir="0" index="0" bw="32" slack="1"/>
<pin id="437" dir="0" index="1" bw="1" slack="0"/>
<pin id="438" dir="1" index="2" bw="32" slack="1"/>
</pin_list>
<bind>
<opcode="add(8) " fcode="add"/>
<opset="i_2/6 "/>
</bind>
</comp>

<comp id="441" class="1004" name="max_value_1_to_int_fu_441">
<pin_list>
<pin id="442" dir="0" index="0" bw="32" slack="3"/>
<pin id="443" dir="1" index="1" bw="32" slack="0"/>
</pin_list>
<bind>
<opcode="bitcast(44) " fcode="bitcast"/>
<opset="max_value_1_to_int/9 "/>
</bind>
</comp>

<comp id="445" class="1004" name="tmp_12_fu_445">
<pin_list>
<pin id="446" dir="0" index="0" bw="8" slack="0"/>
<pin id="447" dir="0" index="1" bw="32" slack="0"/>
<pin id="448" dir="0" index="2" bw="6" slack="0"/>
<pin id="449" dir="0" index="3" bw="6" slack="0"/>
<pin id="450" dir="1" index="4" bw="8" slack="0"/>
</pin_list>
<bind>
<opcode="partselect(1002) " fcode="partselect"/>
<opset="tmp_12/9 "/>
</bind>
</comp>

<comp id="455" class="1004" name="tmp_41_fu_455">
<pin_list>
<pin id="456" dir="0" index="0" bw="32" slack="0"/>
<pin id="457" dir="1" index="1" bw="23" slack="0"/>
</pin_list>
<bind>
<opcode="trunc(33) " fcode="trunc"/>
<opset="tmp_41/9 "/>
</bind>
</comp>

<comp id="459" class="1004" name="c1_o_2_load_to_int_fu_459">
<pin_list>
<pin id="460" dir="0" index="0" bw="32" slack="2"/>
<pin id="461" dir="1" index="1" bw="32" slack="0"/>
</pin_list>
<bind>
<opcode="bitcast(44) " fcode="bitcast"/>
<opset="c1_o_2_load_to_int/9 "/>
</bind>
</comp>

<comp id="462" class="1004" name="tmp_14_fu_462">
<pin_list>
<pin id="463" dir="0" index="0" bw="8" slack="0"/>
<pin id="464" dir="0" index="1" bw="32" slack="0"/>
<pin id="465" dir="0" index="2" bw="6" slack="0"/>
<pin id="466" dir="0" index="3" bw="6" slack="0"/>
<pin id="467" dir="1" index="4" bw="8" slack="0"/>
</pin_list>
<bind>
<opcode="partselect(1002) " fcode="partselect"/>
<opset="tmp_14/9 "/>
</bind>
</comp>

<comp id="472" class="1004" name="tmp_42_fu_472">
<pin_list>
<pin id="473" dir="0" index="0" bw="32" slack="0"/>
<pin id="474" dir="1" index="1" bw="23" slack="0"/>
</pin_list>
<bind>
<opcode="trunc(33) " fcode="trunc"/>
<opset="tmp_42/9 "/>
</bind>
</comp>

<comp id="476" class="1004" name="notlhs_fu_476">
<pin_list>
<pin id="477" dir="0" index="0" bw="8" slack="0"/>
<pin id="478" dir="0" index="1" bw="1" slack="0"/>
<pin id="479" dir="1" index="2" bw="1" slack="0"/>
</pin_list>
<bind>
<opcode="icmp(45) " fcode="icmp"/>
<opset="notlhs/9 "/>
</bind>
</comp>

<comp id="482" class="1004" name="notrhs_fu_482">
<pin_list>
<pin id="483" dir="0" index="0" bw="23" slack="0"/>
<pin id="484" dir="0" index="1" bw="1" slack="0"/>
<pin id="485" dir="1" index="2" bw="1" slack="0"/>
</pin_list>
<bind>
<opcode="icmp(45) " fcode="icmp"/>
<opset="notrhs/9 "/>
</bind>
</comp>

<comp id="488" class="1004" name="tmp_16_fu_488">
<pin_list>
<pin id="489" dir="0" index="0" bw="1" slack="0"/>
<pin id="490" dir="0" index="1" bw="1" slack="0"/>
<pin id="491" dir="1" index="2" bw="1" slack="0"/>
</pin_list>
<bind>
<opcode="or(24) " fcode="or"/>
<opset="tmp_16/9 "/>
</bind>
</comp>

<comp id="494" class="1004" name="notlhs4_fu_494">
<pin_list>
<pin id="495" dir="0" index="0" bw="8" slack="0"/>
<pin id="496" dir="0" index="1" bw="1" slack="0"/>
<pin id="497" dir="1" index="2" bw="1" slack="0"/>
</pin_list>
<bind>
<opcode="icmp(45) " fcode="icmp"/>
<opset="notlhs4/9 "/>
</bind>
</comp>

<comp id="500" class="1004" name="notrhs5_fu_500">
<pin_list>
<pin id="501" dir="0" index="0" bw="23" slack="0"/>
<pin id="502" dir="0" index="1" bw="1" slack="0"/>
<pin id="503" dir="1" index="2" bw="1" slack="0"/>
</pin_list>
<bind>
<opcode="icmp(45) " fcode="icmp"/>
<opset="notrhs5/9 "/>
</bind>
</comp>

<comp id="506" class="1004" name="tmp_17_fu_506">
<pin_list>
<pin id="507" dir="0" index="0" bw="1" slack="0"/>
<pin id="508" dir="0" index="1" bw="1" slack="0"/>
<pin id="509" dir="1" index="2" bw="1" slack="0"/>
</pin_list>
<bind>
<opcode="or(24) " fcode="or"/>
<opset="tmp_17/9 "/>
</bind>
</comp>

<comp id="512" class="1004" name="tmp_18_fu_512">
<pin_list>
<pin id="513" dir="0" index="0" bw="1" slack="0"/>
<pin id="514" dir="0" index="1" bw="1" slack="0"/>
<pin id="515" dir="1" index="2" bw="1" slack="0"/>
</pin_list>
<bind>
<opcode="and(23) " fcode="and"/>
<opset="tmp_18/9 "/>
</bind>
</comp>

<comp id="518" class="1004" name="tmp_20_fu_518">
<pin_list>
<pin id="519" dir="0" index="0" bw="1" slack="0"/>
<pin id="520" dir="0" index="1" bw="1" slack="1"/>
<pin id="521" dir="1" index="2" bw="1" slack="0"/>
</pin_list>
<bind>
<opcode="and(23) " fcode="and"/>
<opset="tmp_20/9 "/>
</bind>
</comp>

<comp id="523" class="1004" name="max_value_3_fu_523">
<pin_list>
<pin id="524" dir="0" index="0" bw="1" slack="0"/>
<pin id="525" dir="0" index="1" bw="32" slack="3"/>
<pin id="526" dir="0" index="2" bw="32" slack="2"/>
<pin id="527" dir="1" index="3" bw="32" slack="1"/>
</pin_list>
<bind>
<opcode="select(49) " fcode="select"/>
<opset="max_value_3/9 "/>
</bind>
</comp>

<comp id="530" class="1005" name="tmp_28_cast_reg_530">
<pin_list>
<pin id="531" dir="0" index="0" bw="9" slack="1"/>
<pin id="532" dir="1" index="1" bw="9" slack="1"/>
</pin_list>
<bind>
<opset="tmp_28_cast "/>
</bind>
</comp>

<comp id="535" class="1005" name="tmp_31_cast_reg_535">
<pin_list>
<pin id="536" dir="0" index="0" bw="32" slack="3"/>
<pin id="537" dir="1" index="1" bw="32" slack="3"/>
</pin_list>
<bind>
<opset="tmp_31_cast "/>
</bind>
</comp>

<comp id="543" class="1005" name="c_2_reg_543">
<pin_list>
<pin id="544" dir="0" index="0" bw="3" slack="0"/>
<pin id="545" dir="1" index="1" bw="3" slack="0"/>
</pin_list>
<bind>
<opset="c_2 "/>
</bind>
</comp>

<comp id="548" class="1005" name="tmp_33_reg_548">
<pin_list>
<pin id="549" dir="0" index="0" bw="12" slack="1"/>
<pin id="550" dir="1" index="1" bw="12" slack="1"/>
</pin_list>
<bind>
<opset="tmp_33 "/>
</bind>
</comp>

<comp id="556" class="1005" name="h_2_reg_556">
<pin_list>
<pin id="557" dir="0" index="0" bw="4" slack="0"/>
<pin id="558" dir="1" index="1" bw="4" slack="0"/>
</pin_list>
<bind>
<opset="h_2 "/>
</bind>
</comp>

<comp id="561" class="1005" name="i_cast_reg_561">
<pin_list>
<pin id="562" dir="0" index="0" bw="32" slack="2"/>
<pin id="563" dir="1" index="1" bw="32" slack="2"/>
</pin_list>
<bind>
<opset="i_cast "/>
</bind>
</comp>

<comp id="566" class="1005" name="tmp_cast_reg_566">
<pin_list>
<pin id="567" dir="0" index="0" bw="32" slack="2"/>
<pin id="568" dir="1" index="1" bw="32" slack="2"/>
</pin_list>
<bind>
<opset="tmp_cast "/>
</bind>
</comp>

<comp id="571" class="1005" name="output_addr_reg_571">
<pin_list>
<pin id="572" dir="0" index="0" bw="11" slack="1"/>
<pin id="573" dir="1" index="1" bw="11" slack="1"/>
</pin_list>
<bind>
<opset="output_addr "/>
</bind>
</comp>

<comp id="579" class="1005" name="w_2_reg_579">
<pin_list>
<pin id="580" dir="0" index="0" bw="4" slack="0"/>
<pin id="581" dir="1" index="1" bw="4" slack="0"/>
</pin_list>
<bind>
<opset="w_2 "/>
</bind>
</comp>

<comp id="584" class="1005" name="j_cast_reg_584">
<pin_list>
<pin id="585" dir="0" index="0" bw="32" slack="2"/>
<pin id="586" dir="1" index="1" bw="32" slack="2"/>
</pin_list>
<bind>
<opset="j_cast "/>
</bind>
</comp>

<comp id="589" class="1005" name="tmp_cast_9_reg_589">
<pin_list>
<pin id="590" dir="0" index="0" bw="32" slack="2"/>
<pin id="591" dir="1" index="1" bw="32" slack="2"/>
</pin_list>
<bind>
<opset="tmp_cast_9 "/>
</bind>
</comp>

<comp id="594" class="1005" name="tmp_38_reg_594">
<pin_list>
<pin id="595" dir="0" index="0" bw="14" slack="1"/>
<pin id="596" dir="1" index="1" bw="14" slack="1"/>
</pin_list>
<bind>
<opset="tmp_38 "/>
</bind>
</comp>

<comp id="602" class="1005" name="c1_o_2_addr_reg_602">
<pin_list>
<pin id="603" dir="0" index="0" bw="13" slack="1"/>
<pin id="604" dir="1" index="1" bw="13" slack="1"/>
</pin_list>
<bind>
<opset="c1_o_2_addr "/>
</bind>
</comp>

<comp id="610" class="1005" name="j_2_reg_610">
<pin_list>
<pin id="611" dir="0" index="0" bw="32" slack="0"/>
<pin id="612" dir="1" index="1" bw="32" slack="0"/>
</pin_list>
<bind>
<opset="j_2 "/>
</bind>
</comp>

<comp id="615" class="1005" name="i_2_reg_615">
<pin_list>
<pin id="616" dir="0" index="0" bw="32" slack="1"/>
<pin id="617" dir="1" index="1" bw="32" slack="1"/>
</pin_list>
<bind>
<opset="i_2 "/>
</bind>
</comp>

<comp id="620" class="1005" name="c1_o_2_load_reg_620">
<pin_list>
<pin id="621" dir="0" index="0" bw="32" slack="1"/>
<pin id="622" dir="1" index="1" bw="32" slack="1"/>
</pin_list>
<bind>
<opset="c1_o_2_load "/>
</bind>
</comp>

<comp id="627" class="1005" name="tmp_19_reg_627">
<pin_list>
<pin id="628" dir="0" index="0" bw="1" slack="1"/>
<pin id="629" dir="1" index="1" bw="1" slack="1"/>
</pin_list>
<bind>
<opset="tmp_19 "/>
</bind>
</comp>

<comp id="632" class="1005" name="max_value_3_reg_632">
<pin_list>
<pin id="633" dir="0" index="0" bw="32" slack="1"/>
<pin id="634" dir="1" index="1" bw="32" slack="1"/>
</pin_list>
<bind>
<opset="max_value_3 "/>
</bind>
</comp>

</comp_list>

<net_list>
<net id="69"><net_src comp="0" pin="0"/><net_sink comp="64" pin=0"/></net>

<net id="70"><net_src comp="44" pin="0"/><net_sink comp="64" pin=1"/></net>

<net id="80"><net_src comp="2" pin="0"/><net_sink comp="75" pin=0"/></net>

<net id="81"><net_src comp="44" pin="0"/><net_sink comp="75" pin=1"/></net>

<net id="86"><net_src comp="75" pin="3"/><net_sink comp="82" pin=0"/></net>

<net id="90"><net_src comp="4" pin="0"/><net_sink comp="87" pin=0"/></net>

<net id="97"><net_src comp="87" pin="1"/><net_sink comp="91" pin=0"/></net>

<net id="101"><net_src comp="8" pin="0"/><net_sink comp="98" pin=0"/></net>

<net id="108"><net_src comp="98" pin="1"/><net_sink comp="102" pin=2"/></net>

<net id="112"><net_src comp="8" pin="0"/><net_sink comp="109" pin=0"/></net>

<net id="119"><net_src comp="109" pin="1"/><net_sink comp="113" pin=2"/></net>

<net id="129"><net_src comp="123" pin="4"/><net_sink comp="120" pin=0"/></net>

<net id="133"><net_src comp="46" pin="0"/><net_sink comp="130" pin=0"/></net>

<net id="140"><net_src comp="130" pin="1"/><net_sink comp="134" pin=0"/></net>

<net id="141"><net_src comp="134" pin="4"/><net_sink comp="71" pin=1"/></net>

<net id="142"><net_src comp="134" pin="4"/><net_sink comp="130" pin=0"/></net>

<net id="155"><net_src comp="152" pin="1"/><net_sink comp="134" pin=2"/></net>

<net id="162"><net_src comp="130" pin="1"/><net_sink comp="156" pin=2"/></net>

<net id="163"><net_src comp="156" pin="4"/><net_sink comp="152" pin=0"/></net>

<net id="168"><net_src comp="152" pin="1"/><net_sink comp="164" pin=0"/></net>

<net id="174"><net_src comp="6" pin="0"/><net_sink comp="169" pin=0"/></net>

<net id="175"><net_src comp="91" pin="4"/><net_sink comp="169" pin=1"/></net>

<net id="176"><net_src comp="8" pin="0"/><net_sink comp="169" pin=2"/></net>

<net id="180"><net_src comp="169" pin="3"/><net_sink comp="177" pin=0"/></net>

<net id="186"><net_src comp="10" pin="0"/><net_sink comp="181" pin=0"/></net>

<net id="187"><net_src comp="91" pin="4"/><net_sink comp="181" pin=1"/></net>

<net id="188"><net_src comp="12" pin="0"/><net_sink comp="181" pin=2"/></net>

<net id="192"><net_src comp="181" pin="3"/><net_sink comp="189" pin=0"/></net>

<net id="197"><net_src comp="177" pin="1"/><net_sink comp="193" pin=0"/></net>

<net id="198"><net_src comp="189" pin="1"/><net_sink comp="193" pin=1"/></net>

<net id="202"><net_src comp="193" pin="2"/><net_sink comp="199" pin=0"/></net>

<net id="208"><net_src comp="14" pin="0"/><net_sink comp="203" pin=0"/></net>

<net id="209"><net_src comp="91" pin="4"/><net_sink comp="203" pin=1"/></net>

<net id="210"><net_src comp="16" pin="0"/><net_sink comp="203" pin=2"/></net>

<net id="214"><net_src comp="203" pin="3"/><net_sink comp="211" pin=0"/></net>

<net id="220"><net_src comp="18" pin="0"/><net_sink comp="215" pin=0"/></net>

<net id="221"><net_src comp="91" pin="4"/><net_sink comp="215" pin=1"/></net>

<net id="222"><net_src comp="20" pin="0"/><net_sink comp="215" pin=2"/></net>

<net id="226"><net_src comp="215" pin="3"/><net_sink comp="223" pin=0"/></net>

<net id="231"><net_src comp="211" pin="1"/><net_sink comp="227" pin=0"/></net>

<net id="232"><net_src comp="223" pin="1"/><net_sink comp="227" pin=1"/></net>

<net id="236"><net_src comp="227" pin="2"/><net_sink comp="233" pin=0"/></net>

<net id="241"><net_src comp="91" pin="4"/><net_sink comp="237" pin=0"/></net>

<net id="242"><net_src comp="22" pin="0"/><net_sink comp="237" pin=1"/></net>

<net id="247"><net_src comp="91" pin="4"/><net_sink comp="243" pin=0"/></net>

<net id="248"><net_src comp="28" pin="0"/><net_sink comp="243" pin=1"/></net>

<net id="252"><net_src comp="102" pin="4"/><net_sink comp="249" pin=0"/></net>

<net id="257"><net_src comp="249" pin="1"/><net_sink comp="253" pin=1"/></net>

<net id="261"><net_src comp="253" pin="2"/><net_sink comp="258" pin=0"/></net>

<net id="267"><net_src comp="30" pin="0"/><net_sink comp="262" pin=0"/></net>

<net id="268"><net_src comp="258" pin="1"/><net_sink comp="262" pin=1"/></net>

<net id="269"><net_src comp="8" pin="0"/><net_sink comp="262" pin=2"/></net>

<net id="275"><net_src comp="32" pin="0"/><net_sink comp="270" pin=0"/></net>

<net id="276"><net_src comp="253" pin="2"/><net_sink comp="270" pin=1"/></net>

<net id="277"><net_src comp="12" pin="0"/><net_sink comp="270" pin=2"/></net>

<net id="281"><net_src comp="270" pin="3"/><net_sink comp="278" pin=0"/></net>

<net id="286"><net_src comp="262" pin="3"/><net_sink comp="282" pin=0"/></net>

<net id="287"><net_src comp="278" pin="1"/><net_sink comp="282" pin=1"/></net>

<net id="292"><net_src comp="102" pin="4"/><net_sink comp="288" pin=0"/></net>

<net id="293"><net_src comp="34" pin="0"/><net_sink comp="288" pin=1"/></net>

<net id="298"><net_src comp="38" pin="0"/><net_sink comp="294" pin=0"/></net>

<net id="299"><net_src comp="102" pin="4"/><net_sink comp="294" pin=1"/></net>

<net id="305"><net_src comp="40" pin="0"/><net_sink comp="300" pin=0"/></net>

<net id="306"><net_src comp="102" pin="4"/><net_sink comp="300" pin=1"/></net>

<net id="307"><net_src comp="12" pin="0"/><net_sink comp="300" pin=2"/></net>

<net id="311"><net_src comp="300" pin="3"/><net_sink comp="308" pin=0"/></net>

<net id="316"><net_src comp="300" pin="3"/><net_sink comp="312" pin=0"/></net>

<net id="317"><net_src comp="42" pin="0"/><net_sink comp="312" pin=1"/></net>

<net id="321"><net_src comp="312" pin="2"/><net_sink comp="318" pin=0"/></net>

<net id="325"><net_src comp="113" pin="4"/><net_sink comp="322" pin=0"/></net>

<net id="330"><net_src comp="322" pin="1"/><net_sink comp="326" pin=1"/></net>

<net id="334"><net_src comp="326" pin="2"/><net_sink comp="331" pin=0"/></net>

<net id="335"><net_src comp="331" pin="1"/><net_sink comp="64" pin=2"/></net>

<net id="340"><net_src comp="113" pin="4"/><net_sink comp="336" pin=0"/></net>

<net id="341"><net_src comp="34" pin="0"/><net_sink comp="336" pin=1"/></net>

<net id="346"><net_src comp="113" pin="4"/><net_sink comp="342" pin=0"/></net>

<net id="347"><net_src comp="38" pin="0"/><net_sink comp="342" pin=1"/></net>

<net id="353"><net_src comp="40" pin="0"/><net_sink comp="348" pin=0"/></net>

<net id="354"><net_src comp="113" pin="4"/><net_sink comp="348" pin=1"/></net>

<net id="355"><net_src comp="12" pin="0"/><net_sink comp="348" pin=2"/></net>

<net id="359"><net_src comp="348" pin="3"/><net_sink comp="356" pin=0"/></net>

<net id="364"><net_src comp="348" pin="3"/><net_sink comp="360" pin=0"/></net>

<net id="365"><net_src comp="42" pin="0"/><net_sink comp="360" pin=1"/></net>

<net id="369"><net_src comp="360" pin="2"/><net_sink comp="366" pin=0"/></net>

<net id="374"><net_src comp="123" pin="4"/><net_sink comp="370" pin=1"/></net>

<net id="378"><net_src comp="370" pin="2"/><net_sink comp="375" pin=0"/></net>

<net id="384"><net_src comp="48" pin="0"/><net_sink comp="379" pin=0"/></net>

<net id="385"><net_src comp="375" pin="1"/><net_sink comp="379" pin=1"/></net>

<net id="386"><net_src comp="16" pin="0"/><net_sink comp="379" pin=2"/></net>

<net id="390"><net_src comp="370" pin="2"/><net_sink comp="387" pin=0"/></net>

<net id="396"><net_src comp="50" pin="0"/><net_sink comp="391" pin=0"/></net>

<net id="397"><net_src comp="387" pin="1"/><net_sink comp="391" pin=1"/></net>

<net id="398"><net_src comp="20" pin="0"/><net_sink comp="391" pin=2"/></net>

<net id="403"><net_src comp="379" pin="3"/><net_sink comp="399" pin=0"/></net>

<net id="404"><net_src comp="391" pin="3"/><net_sink comp="399" pin=1"/></net>

<net id="409"><net_src comp="123" pin="4"/><net_sink comp="405" pin=0"/></net>

<net id="413"><net_src comp="146" pin="4"/><net_sink comp="410" pin=0"/></net>

<net id="418"><net_src comp="410" pin="1"/><net_sink comp="414" pin=0"/></net>

<net id="422"><net_src comp="414" pin="2"/><net_sink comp="419" pin=0"/></net>

<net id="423"><net_src comp="419" pin="1"/><net_sink comp="75" pin=2"/></net>

<net id="428"><net_src comp="146" pin="4"/><net_sink comp="424" pin=0"/></net>

<net id="433"><net_src comp="52" pin="0"/><net_sink comp="429" pin=0"/></net>

<net id="434"><net_src comp="146" pin="4"/><net_sink comp="429" pin=1"/></net>

<net id="439"><net_src comp="120" pin="1"/><net_sink comp="435" pin=0"/></net>

<net id="440"><net_src comp="52" pin="0"/><net_sink comp="435" pin=1"/></net>

<net id="444"><net_src comp="152" pin="1"/><net_sink comp="441" pin=0"/></net>

<net id="451"><net_src comp="54" pin="0"/><net_sink comp="445" pin=0"/></net>

<net id="452"><net_src comp="441" pin="1"/><net_sink comp="445" pin=1"/></net>

<net id="453"><net_src comp="56" pin="0"/><net_sink comp="445" pin=2"/></net>

<net id="454"><net_src comp="58" pin="0"/><net_sink comp="445" pin=3"/></net>

<net id="458"><net_src comp="441" pin="1"/><net_sink comp="455" pin=0"/></net>

<net id="468"><net_src comp="54" pin="0"/><net_sink comp="462" pin=0"/></net>

<net id="469"><net_src comp="459" pin="1"/><net_sink comp="462" pin=1"/></net>

<net id="470"><net_src comp="56" pin="0"/><net_sink comp="462" pin=2"/></net>

<net id="471"><net_src comp="58" pin="0"/><net_sink comp="462" pin=3"/></net>

<net id="475"><net_src comp="459" pin="1"/><net_sink comp="472" pin=0"/></net>

<net id="480"><net_src comp="445" pin="4"/><net_sink comp="476" pin=0"/></net>

<net id="481"><net_src comp="60" pin="0"/><net_sink comp="476" pin=1"/></net>

<net id="486"><net_src comp="455" pin="1"/><net_sink comp="482" pin=0"/></net>

<net id="487"><net_src comp="62" pin="0"/><net_sink comp="482" pin=1"/></net>

<net id="492"><net_src comp="482" pin="2"/><net_sink comp="488" pin=0"/></net>

<net id="493"><net_src comp="476" pin="2"/><net_sink comp="488" pin=1"/></net>

<net id="498"><net_src comp="462" pin="4"/><net_sink comp="494" pin=0"/></net>

<net id="499"><net_src comp="60" pin="0"/><net_sink comp="494" pin=1"/></net>

<net id="504"><net_src comp="472" pin="1"/><net_sink comp="500" pin=0"/></net>

<net id="505"><net_src comp="62" pin="0"/><net_sink comp="500" pin=1"/></net>

<net id="510"><net_src comp="500" pin="2"/><net_sink comp="506" pin=0"/></net>

<net id="511"><net_src comp="494" pin="2"/><net_sink comp="506" pin=1"/></net>

<net id="516"><net_src comp="488" pin="2"/><net_sink comp="512" pin=0"/></net>

<net id="517"><net_src comp="506" pin="2"/><net_sink comp="512" pin=1"/></net>

<net id="522"><net_src comp="512" pin="2"/><net_sink comp="518" pin=0"/></net>

<net id="528"><net_src comp="518" pin="2"/><net_sink comp="523" pin=0"/></net>

<net id="529"><net_src comp="152" pin="1"/><net_sink comp="523" pin=1"/></net>

<net id="533"><net_src comp="199" pin="1"/><net_sink comp="530" pin=0"/></net>

<net id="534"><net_src comp="530" pin="1"/><net_sink comp="253" pin=0"/></net>

<net id="538"><net_src comp="233" pin="1"/><net_sink comp="535" pin=0"/></net>

<net id="539"><net_src comp="535" pin="1"/><net_sink comp="370" pin=0"/></net>

<net id="546"><net_src comp="243" pin="2"/><net_sink comp="543" pin=0"/></net>

<net id="547"><net_src comp="543" pin="1"/><net_sink comp="91" pin=2"/></net>

<net id="551"><net_src comp="282" pin="2"/><net_sink comp="548" pin=0"/></net>

<net id="552"><net_src comp="548" pin="1"/><net_sink comp="326" pin=0"/></net>

<net id="559"><net_src comp="294" pin="2"/><net_sink comp="556" pin=0"/></net>

<net id="560"><net_src comp="556" pin="1"/><net_sink comp="102" pin=0"/></net>

<net id="564"><net_src comp="308" pin="1"/><net_sink comp="561" pin=0"/></net>

<net id="565"><net_src comp="561" pin="1"/><net_sink comp="123" pin=0"/></net>

<net id="569"><net_src comp="318" pin="1"/><net_sink comp="566" pin=0"/></net>

<net id="570"><net_src comp="566" pin="1"/><net_sink comp="405" pin=1"/></net>

<net id="574"><net_src comp="64" pin="3"/><net_sink comp="571" pin=0"/></net>

<net id="575"><net_src comp="571" pin="1"/><net_sink comp="71" pin=0"/></net>

<net id="582"><net_src comp="342" pin="2"/><net_sink comp="579" pin=0"/></net>

<net id="583"><net_src comp="579" pin="1"/><net_sink comp="113" pin=0"/></net>

<net id="587"><net_src comp="356" pin="1"/><net_sink comp="584" pin=0"/></net>

<net id="588"><net_src comp="584" pin="1"/><net_sink comp="146" pin=2"/></net>

<net id="592"><net_src comp="366" pin="1"/><net_sink comp="589" pin=0"/></net>

<net id="593"><net_src comp="589" pin="1"/><net_sink comp="424" pin=1"/></net>

<net id="597"><net_src comp="399" pin="2"/><net_sink comp="594" pin=0"/></net>

<net id="598"><net_src comp="594" pin="1"/><net_sink comp="414" pin=1"/></net>

<net id="605"><net_src comp="75" pin="3"/><net_sink comp="602" pin=0"/></net>

<net id="606"><net_src comp="602" pin="1"/><net_sink comp="82" pin=0"/></net>

<net id="613"><net_src comp="429" pin="2"/><net_sink comp="610" pin=0"/></net>

<net id="614"><net_src comp="610" pin="1"/><net_sink comp="146" pin=0"/></net>

<net id="618"><net_src comp="435" pin="2"/><net_sink comp="615" pin=0"/></net>

<net id="619"><net_src comp="615" pin="1"/><net_sink comp="123" pin=2"/></net>

<net id="623"><net_src comp="82" pin="2"/><net_sink comp="620" pin=0"/></net>

<net id="624"><net_src comp="620" pin="1"/><net_sink comp="164" pin=1"/></net>

<net id="625"><net_src comp="620" pin="1"/><net_sink comp="459" pin=0"/></net>

<net id="626"><net_src comp="620" pin="1"/><net_sink comp="523" pin=2"/></net>

<net id="630"><net_src comp="164" pin="2"/><net_sink comp="627" pin=0"/></net>

<net id="631"><net_src comp="627" pin="1"/><net_sink comp="518" pin=1"/></net>

<net id="635"><net_src comp="523" pin="3"/><net_sink comp="632" pin=0"/></net>

<net id="636"><net_src comp="632" pin="1"/><net_sink comp="156" pin=0"/></net>

</net_list>

</model> 
---------------- Datapath Model END ------------------

* FSMD analyzer results:
  - Output states:
	Port: output_r | {5 }
 - Input state : 
	Port: max_pooling2 : c1_o_2 | {6 7 }
  - Chain level:
	State 1
	State 2
		tmp_24 : 1
		p_shl2_cast : 2
		tmp_25 : 1
		p_shl3_cast : 2
		tmp_26 : 3
		tmp_28_cast : 4
		tmp_27 : 1
		p_shl_cast : 2
		tmp_28 : 1
		p_shl1_cast : 2
		tmp_29 : 3
		tmp_31_cast : 4
		exitcond2 : 1
		c_2 : 1
		StgValue_27 : 2
	State 3
		h_cast2_cast : 1
		tmp_30 : 2
		tmp_31 : 3
		p_shl4_cast : 4
		tmp_32 : 3
		p_shl5_cast : 4
		tmp_33 : 5
		exitcond1 : 1
		h_2 : 1
		StgValue_41 : 2
		i : 1
		i_cast : 2
		tmp_s : 2
		tmp_cast : 3
	State 4
		w_cast1_cast : 1
		tmp_34 : 2
		tmp_36_cast : 3
		output_addr : 4
		exitcond : 1
		w_2 : 1
		StgValue_56 : 2
		j : 1
		j_cast : 2
		tmp : 2
		tmp_cast_9 : 3
	State 5
		tmp_35 : 1
		tmp_36 : 2
		p_shl6_cast : 3
		tmp_37 : 2
		p_shl7_cast : 3
		tmp_38 : 4
		tmp_2 : 1
		StgValue_72 : 2
		StgValue_74 : 1
	State 6
		tmp_39 : 1
		tmp_40 : 2
		tmp_41_cast : 3
		c1_o_2_addr : 4
		tmp_3 : 1
		StgValue_83 : 2
		c1_o_2_load : 5
		j_2 : 1
	State 7
	State 8
	State 9
		tmp_12 : 1
		tmp_41 : 1
		tmp_14 : 1
		tmp_42 : 1
		notlhs : 2
		notrhs : 2
		tmp_16 : 3
		notlhs4 : 2
		notrhs5 : 2
		tmp_17 : 3
		tmp_18 : 3
		tmp_20 : 3
		max_value_3 : 3


============================================================
+ Verbose Summary: Datapath Resource usage 
============================================================

* Functional unit list:
|----------|---------------------|---------|---------|---------|
| Operation|   Functional Unit   |  DSP48E |    FF   |   LUT   |
|----------|---------------------|---------|---------|---------|
|          |      c_2_fu_243     |    0    |    14   |    9    |
|          |    tmp_30_fu_253    |    0    |    29   |    13   |
|          |      h_2_fu_294     |    0    |    17   |    9    |
|          |     tmp_s_fu_312    |    0    |    20   |    10   |
|          |    tmp_34_fu_326    |    0    |    41   |    17   |
|    add   |      w_2_fu_342     |    0    |    17   |    9    |
|          |      tmp_fu_360     |    0    |    20   |    10   |
|          |    tmp_35_fu_370    |    0    |   101   |    37   |
|          |    tmp_40_fu_414    |    0    |    47   |    19   |
|          |      j_2_fu_429     |    0    |   101   |    37   |
|          |      i_2_fu_435     |    0    |   101   |    37   |
|----------|---------------------|---------|---------|---------|
|   fcmp   |    tmp_19_fu_164    |    0    |    66   |   239   |
|----------|---------------------|---------|---------|---------|
|          |    tmp_26_fu_193    |    0    |    26   |    12   |
|    sub   |    tmp_29_fu_227    |    0    |    29   |    13   |
|          |    tmp_33_fu_282    |    0    |    41   |    17   |
|          |    tmp_38_fu_399    |    0    |    47   |    19   |
|----------|---------------------|---------|---------|---------|
|          |   exitcond2_fu_237  |    0    |    0    |    1    |
|          |   exitcond1_fu_288  |    0    |    0    |    2    |
|          |   exitcond_fu_336   |    0    |    0    |    2    |
|          |     tmp_2_fu_405    |    0    |    0    |    16   |
|   icmp   |     tmp_3_fu_424    |    0    |    0    |    16   |
|          |    notlhs_fu_476    |    0    |    0    |    4    |
|          |    notrhs_fu_482    |    0    |    0    |    13   |
|          |    notlhs4_fu_494   |    0    |    0    |    4    |
|          |    notrhs5_fu_500   |    0    |    0    |    13   |
|----------|---------------------|---------|---------|---------|
|  select  |  max_value_3_fu_523 |    0    |    0    |    32   |
|----------|---------------------|---------|---------|---------|
|    or    |    tmp_16_fu_488    |    0    |    0    |    2    |
|          |    tmp_17_fu_506    |    0    |    0    |    2    |
|----------|---------------------|---------|---------|---------|
|    and   |    tmp_18_fu_512    |    0    |    0    |    2    |
|          |    tmp_20_fu_518    |    0    |    0    |    2    |
|----------|---------------------|---------|---------|---------|
|          |    tmp_24_fu_169    |    0    |    0    |    0    |
|          |    tmp_25_fu_181    |    0    |    0    |    0    |
|          |    tmp_27_fu_203    |    0    |    0    |    0    |
|          |    tmp_28_fu_215    |    0    |    0    |    0    |
|bitconcatenate|  p_shl4_cast_fu_262 |    0    |    0    |    0    |
|          |    tmp_32_fu_270    |    0    |    0    |    0    |
|          |       i_fu_300      |    0    |    0    |    0    |
|          |       j_fu_348      |    0    |    0    |    0    |
|          |  p_shl6_cast_fu_379 |    0    |    0    |    0    |
|          |  p_shl7_cast_fu_391 |    0    |    0    |    0    |
|----------|---------------------|---------|---------|---------|
|          |  p_shl2_cast_fu_177 |    0    |    0    |    0    |
|          |  p_shl3_cast_fu_189 |    0    |    0    |    0    |
|          |  p_shl_cast_fu_211  |    0    |    0    |    0    |
|          |  p_shl1_cast_fu_223 |    0    |    0    |    0    |
|          | h_cast2_cast_fu_249 |    0    |    0    |    0    |
|   zext   |    i_cast_fu_308    |    0    |    0    |    0    |
|          |   tmp_cast_fu_318   |    0    |    0    |    0    |
|          | w_cast1_cast_fu_322 |    0    |    0    |    0    |
|          |  tmp_36_cast_fu_331 |    0    |    0    |    0    |
|          |    j_cast_fu_356    |    0    |    0    |    0    |
|          |  tmp_cast_9_fu_366  |    0    |    0    |    0    |
|          |  tmp_41_cast_fu_419 |    0    |    0    |    0    |
|----------|---------------------|---------|---------|---------|
|          |  tmp_28_cast_fu_199 |    0    |    0    |    0    |
|   sext   |  tmp_31_cast_fu_233 |    0    |    0    |    0    |
|          |  p_shl5_cast_fu_278 |    0    |    0    |    0    |
|----------|---------------------|---------|---------|---------|
|          |    tmp_31_fu_258    |    0    |    0    |    0    |
|          |    tmp_36_fu_375    |    0    |    0    |    0    |
|   trunc  |    tmp_37_fu_387    |    0    |    0    |    0    |
|          |    tmp_39_fu_410    |    0    |    0    |    0    |
|          |    tmp_41_fu_455    |    0    |    0    |    0    |
|          |    tmp_42_fu_472    |    0    |    0    |    0    |
|----------|---------------------|---------|---------|---------|
|partselect|    tmp_12_fu_445    |    0    |    0    |    0    |
|          |    tmp_14_fu_462    |    0    |    0    |    0    |
|----------|---------------------|---------|---------|---------|
|   Total  |                     |    0    |   717   |   618   |
|----------|---------------------|---------|---------|---------|

Memories:
N/A

* Register list:
+-------------------+--------+
|                   |   FF   |
+-------------------+--------+
|c1_o_2_addr_reg_602|   13   |
|c1_o_2_load_reg_620|   32   |
|    c_2_reg_543    |    3   |
|      c_reg_87     |    3   |
|    h_2_reg_556    |    4   |
|      h_reg_98     |    4   |
|     i8_reg_120    |   32   |
|    i_2_reg_615    |   32   |
|   i_cast_reg_561  |   32   |
|     j7_reg_143    |   32   |
|    j_2_reg_610    |   32   |
|   j_cast_reg_584  |   32   |
|max_value_1_reg_152|   32   |
|max_value_3_reg_632|   32   |
| max_value_reg_130 |   32   |
|output_addr_reg_571|   11   |
|   tmp_19_reg_627  |    1   |
|tmp_28_cast_reg_530|    9   |
|tmp_31_cast_reg_535|   32   |
|   tmp_33_reg_548  |   12   |
|   tmp_38_reg_594  |   14   |
| tmp_cast_9_reg_589|   32   |
|  tmp_cast_reg_566 |   32   |
|    w_2_reg_579    |    4   |
|     w_reg_109     |    4   |
+-------------------+--------+
|       Total       |   498  |
+-------------------+--------+

* Multiplexer (MUX) list: 
|-------------------|------|------|------|--------||---------||---------|
|        Comp       |  Pin | Size |  BW  | S x BW ||  Delay  ||   LUT   |
|-------------------|------|------|------|--------||---------||---------|
|  grp_access_fu_82 |  p0  |   2  |  13  |   26   ||    9    |
| max_value_reg_130 |  p0  |   2  |  32  |   64   ||    9    |
|-------------------|------|------|------|--------||---------||---------|
|       Total       |      |      |      |   90   ||  3.176  ||    18   |
|-------------------|------|------|------|--------||---------||---------|



* Summary:
+-----------+--------+--------+--------+--------+
|           | DSP48E |  Delay |   FF   |   LUT  |
+-----------+--------+--------+--------+--------+
|  Function |    0   |    -   |   717  |   618  |
|   Memory  |    -   |    -   |    -   |    -   |
|Multiplexer|    -   |    3   |    -   |   18   |
|  Register |    -   |    -   |   498  |    -   |
+-----------+--------+--------+--------+--------+
|   Total   |    0   |    3   |  1215  |   636  |
+-----------+--------+--------+--------+--------+
