
*** Running vivado
    with args -log blk_mem_gen_0.vds -m64 -product Vivado -mode batch -messageDb vivado.pb -notrace -source blk_mem_gen_0.tcl


****** Vivado v2017.2 (64-bit)
  **** SW Build 1909853 on Thu Jun 15 18:39:10 MDT 2017
  **** IP Build 1909766 on Thu Jun 15 19:58:00 MDT 2017
    ** Copyright 1986-2017 Xilinx, Inc. All Rights Reserved.

source blk_mem_gen_0.tcl -notrace
Starting RTL Elaboration : Time (s): cpu = 00:00:04 ; elapsed = 00:00:05 . Memory (MB): peak = 1154.531 ; gain = 53.996 ; free physical = 1672 ; free virtual = 4554
INFO: [Synth 8-638] synthesizing module 'blk_mem_gen_0' [/home/thomas/ece527/mp2/PmodOLED_Source/mp2_partA.srcs/sources_1/ip/blk_mem_gen_0/synth/blk_mem_gen_0.vhd:70]
INFO: [Synth 8-256] done synthesizing module 'blk_mem_gen_0' (9#1) [/home/thomas/ece527/mp2/PmodOLED_Source/mp2_partA.srcs/sources_1/ip/blk_mem_gen_0/synth/blk_mem_gen_0.vhd:70]
Finished RTL Elaboration : Time (s): cpu = 00:00:46 ; elapsed = 00:00:59 . Memory (MB): peak = 1354.930 ; gain = 254.395 ; free physical = 1665 ; free virtual = 4541
Finished RTL Optimization Phase 1 : Time (s): cpu = 00:00:46 ; elapsed = 00:00:59 . Memory (MB): peak = 1354.930 ; gain = 254.395 ; free physical = 1670 ; free virtual = 4545
INFO: [Device 21-403] Loading part xc7z020clg484-1
Constraint Validation Runtime : Time (s): cpu = 00:00:00.02 ; elapsed = 00:00:00.02 . Memory (MB): peak = 1436.941 ; gain = 0.000 ; free physical = 1427 ; free virtual = 4303
Finished Constraint Validation : Time (s): cpu = 00:00:55 ; elapsed = 00:01:10 . Memory (MB): peak = 1436.941 ; gain = 336.406 ; free physical = 1506 ; free virtual = 4382
Finished Loading Part and Timing Information : Time (s): cpu = 00:00:55 ; elapsed = 00:01:10 . Memory (MB): peak = 1436.941 ; gain = 336.406 ; free physical = 1506 ; free virtual = 4382
Finished applying 'set_property' XDC Constraints : Time (s): cpu = 00:00:55 ; elapsed = 00:01:10 . Memory (MB): peak = 1436.941 ; gain = 336.406 ; free physical = 1508 ; free virtual = 4384
Finished RTL Optimization Phase 2 : Time (s): cpu = 00:00:56 ; elapsed = 00:01:10 . Memory (MB): peak = 1436.941 ; gain = 336.406 ; free physical = 1500 ; free virtual = 4375
Finished Cross Boundary and Area Optimization : Time (s): cpu = 00:00:56 ; elapsed = 00:01:10 . Memory (MB): peak = 1436.941 ; gain = 336.406 ; free physical = 1500 ; free virtual = 4375
Finished Applying XDC Timing Constraints : Time (s): cpu = 00:01:03 ; elapsed = 00:01:25 . Memory (MB): peak = 1471.941 ; gain = 371.406 ; free physical = 1355 ; free virtual = 4234
Finished Timing Optimization : Time (s): cpu = 00:01:03 ; elapsed = 00:01:25 . Memory (MB): peak = 1471.941 ; gain = 371.406 ; free physical = 1354 ; free virtual = 4234
Finished Technology Mapping : Time (s): cpu = 00:01:03 ; elapsed = 00:01:25 . Memory (MB): peak = 1481.957 ; gain = 381.422 ; free physical = 1353 ; free virtual = 4232
Finished IO Insertion : Time (s): cpu = 00:01:03 ; elapsed = 00:01:26 . Memory (MB): peak = 1481.957 ; gain = 381.422 ; free physical = 1353 ; free virtual = 4233
Finished Renaming Generated Instances : Time (s): cpu = 00:01:03 ; elapsed = 00:01:26 . Memory (MB): peak = 1481.957 ; gain = 381.422 ; free physical = 1353 ; free virtual = 4233
Finished Rebuilding User Hierarchy : Time (s): cpu = 00:01:03 ; elapsed = 00:01:26 . Memory (MB): peak = 1481.957 ; gain = 381.422 ; free physical = 1353 ; free virtual = 4233
Finished Renaming Generated Ports : Time (s): cpu = 00:01:03 ; elapsed = 00:01:26 . Memory (MB): peak = 1481.957 ; gain = 381.422 ; free physical = 1353 ; free virtual = 4233
Finished Handling Custom Attributes : Time (s): cpu = 00:01:03 ; elapsed = 00:01:26 . Memory (MB): peak = 1481.957 ; gain = 381.422 ; free physical = 1353 ; free virtual = 4233
Finished Renaming Generated Nets : Time (s): cpu = 00:01:03 ; elapsed = 00:01:26 . Memory (MB): peak = 1481.957 ; gain = 381.422 ; free physical = 1353 ; free virtual = 4233

Report Cell Usage: 
+------+---------+------+
|      |Cell     |Count |
+------+---------+------+
|1     |RAMB18E1 |     1|
+------+---------+------+
Finished Writing Synthesis Report : Time (s): cpu = 00:01:03 ; elapsed = 00:01:26 . Memory (MB): peak = 1481.957 ; gain = 381.422 ; free physical = 1353 ; free virtual = 4233
synth_design: Time (s): cpu = 00:01:04 ; elapsed = 00:01:27 . Memory (MB): peak = 1486.957 ; gain = 399.008 ; free physical = 1383 ; free virtual = 4262
