
*** Running vivado
    with args -log design_1_axi_dma_0_0.vds -m64 -product Vivado -mode batch -messageDb vivado.pb -notrace -source design_1_axi_dma_0_0.tcl


****** Vivado v2017.2 (64-bit)
  **** SW Build 1909853 on Thu Jun 15 18:39:10 MDT 2017
  **** IP Build 1909766 on Thu Jun 15 19:58:00 MDT 2017
    ** Copyright 1986-2017 Xilinx, Inc. All Rights Reserved.

source design_1_axi_dma_0_0.tcl -notrace
Starting RTL Elaboration : Time (s): cpu = 00:00:04 ; elapsed = 00:00:05 . Memory (MB): peak = 1164.523 ; gain = 63.996 ; free physical = 1374 ; free virtual = 4485
INFO: [Synth 8-638] synthesizing module 'design_1_axi_dma_0_0' [/home/thomas/mp2_partB/mp2_partB.srcs/sources_1/bd/design_1/ip/design_1_axi_dma_0_0/synth/design_1_axi_dma_0_0.vhd:158]
INFO: [Synth 8-638] synthesizing module 'axi_dma' [/home/thomas/mp2_partB/mp2_partB.srcs/sources_1/bd/design_1/ipshared/bb0b/hdl/axi_dma_v7_1_vh_rfs.vhd:21830]
INFO: [Synth 8-638] synthesizing module 'axi_dma_rst_module' [/home/thomas/mp2_partB/mp2_partB.srcs/sources_1/bd/design_1/ipshared/bb0b/hdl/axi_dma_v7_1_vh_rfs.vhd:1595]
INFO: [Synth 8-638] synthesizing module 'cdc_sync' [/home/thomas/mp2_partB/mp2_partB.srcs/sources_1/bd/design_1/ipshared/52cb/hdl/lib_cdc_v1_0_rfs.vhd:106]
INFO: [Synth 8-256] done synthesizing module 'cdc_sync' (1#1) [/home/thomas/mp2_partB/mp2_partB.srcs/sources_1/bd/design_1/ipshared/52cb/hdl/lib_cdc_v1_0_rfs.vhd:106]
INFO: [Synth 8-638] synthesizing module 'axi_dma_reset' [/home/thomas/mp2_partB/mp2_partB.srcs/sources_1/bd/design_1/ipshared/bb0b/hdl/axi_dma_v7_1_vh_rfs.vhd:603]
INFO: [Synth 8-256] done synthesizing module 'axi_dma_reset' (2#1) [/home/thomas/mp2_partB/mp2_partB.srcs/sources_1/bd/design_1/ipshared/bb0b/hdl/axi_dma_v7_1_vh_rfs.vhd:603]
INFO: [Synth 8-256] done synthesizing module 'axi_dma_rst_module' (3#1) [/home/thomas/mp2_partB/mp2_partB.srcs/sources_1/bd/design_1/ipshared/bb0b/hdl/axi_dma_v7_1_vh_rfs.vhd:1595]
INFO: [Synth 8-638] synthesizing module 'axi_dma_reg_module' [/home/thomas/mp2_partB/mp2_partB.srcs/sources_1/bd/design_1/ipshared/bb0b/hdl/axi_dma_v7_1_vh_rfs.vhd:8254]
INFO: [Synth 8-638] synthesizing module 'axi_dma_lite_if' [/home/thomas/mp2_partB/mp2_partB.srcs/sources_1/bd/design_1/ipshared/bb0b/hdl/axi_dma_v7_1_vh_rfs.vhd:2066]
INFO: [Synth 8-256] done synthesizing module 'axi_dma_lite_if' (4#1) [/home/thomas/mp2_partB/mp2_partB.srcs/sources_1/bd/design_1/ipshared/bb0b/hdl/axi_dma_v7_1_vh_rfs.vhd:2066]
INFO: [Synth 8-638] synthesizing module 'axi_dma_register' [/home/thomas/mp2_partB/mp2_partB.srcs/sources_1/bd/design_1/ipshared/bb0b/hdl/axi_dma_v7_1_vh_rfs.vhd:3604]
INFO: [Synth 8-256] done synthesizing module 'axi_dma_register' (5#1) [/home/thomas/mp2_partB/mp2_partB.srcs/sources_1/bd/design_1/ipshared/bb0b/hdl/axi_dma_v7_1_vh_rfs.vhd:3604]
INFO: [Synth 8-638] synthesizing module 'axi_dma_register_s2mm' [/home/thomas/mp2_partB/mp2_partB.srcs/sources_1/bd/design_1/ipshared/bb0b/hdl/axi_dma_v7_1_vh_rfs.vhd:4837]
INFO: [Synth 8-256] done synthesizing module 'axi_dma_register_s2mm' (6#1) [/home/thomas/mp2_partB/mp2_partB.srcs/sources_1/bd/design_1/ipshared/bb0b/hdl/axi_dma_v7_1_vh_rfs.vhd:4837]
INFO: [Synth 8-256] done synthesizing module 'axi_dma_reg_module' (7#1) [/home/thomas/mp2_partB/mp2_partB.srcs/sources_1/bd/design_1/ipshared/bb0b/hdl/axi_dma_v7_1_vh_rfs.vhd:8254]
INFO: [Synth 8-638] synthesizing module 'axi_sg' [/home/thomas/mp2_partB/mp2_partB.srcs/sources_1/bd/design_1/ipshared/ddc9/hdl/axi_sg_v4_1_rfs.vhd:28736]
INFO: [Synth 8-638] synthesizing module 'axi_sg_ftch_mngr' [/home/thomas/mp2_partB/mp2_partB.srcs/sources_1/bd/design_1/ipshared/ddc9/hdl/axi_sg_v4_1_rfs.vhd:20303]
INFO: [Synth 8-638] synthesizing module 'axi_sg_ftch_sm' [/home/thomas/mp2_partB/mp2_partB.srcs/sources_1/bd/design_1/ipshared/ddc9/hdl/axi_sg_v4_1_rfs.vhd:18543]
INFO: [Synth 8-256] done synthesizing module 'axi_sg_ftch_sm' (8#1) [/home/thomas/mp2_partB/mp2_partB.srcs/sources_1/bd/design_1/ipshared/ddc9/hdl/axi_sg_v4_1_rfs.vhd:18543]
INFO: [Synth 8-638] synthesizing module 'axi_sg_ftch_pntr' [/home/thomas/mp2_partB/mp2_partB.srcs/sources_1/bd/design_1/ipshared/ddc9/hdl/axi_sg_v4_1_rfs.vhd:19527]
INFO: [Synth 8-256] done synthesizing module 'axi_sg_ftch_pntr' (9#1) [/home/thomas/mp2_partB/mp2_partB.srcs/sources_1/bd/design_1/ipshared/ddc9/hdl/axi_sg_v4_1_rfs.vhd:19527]
INFO: [Synth 8-638] synthesizing module 'axi_sg_ftch_cmdsts_if' [/home/thomas/mp2_partB/mp2_partB.srcs/sources_1/bd/design_1/ipshared/ddc9/hdl/axi_sg_v4_1_rfs.vhd:19938]
INFO: [Synth 8-256] done synthesizing module 'axi_sg_ftch_cmdsts_if' (10#1) [/home/thomas/mp2_partB/mp2_partB.srcs/sources_1/bd/design_1/ipshared/ddc9/hdl/axi_sg_v4_1_rfs.vhd:19938]
INFO: [Synth 8-256] done synthesizing module 'axi_sg_ftch_mngr' (11#1) [/home/thomas/mp2_partB/mp2_partB.srcs/sources_1/bd/design_1/ipshared/ddc9/hdl/axi_sg_v4_1_rfs.vhd:20303]
INFO: [Synth 8-638] synthesizing module 'axi_sg_ftch_q_mngr' [/home/thomas/mp2_partB/mp2_partB.srcs/sources_1/bd/design_1/ipshared/ddc9/hdl/axi_sg_v4_1_rfs.vhd:22897]
INFO: [Synth 8-638] synthesizing module 'axi_sg_ftch_queue' [/home/thomas/mp2_partB/mp2_partB.srcs/sources_1/bd/design_1/ipshared/ddc9/hdl/axi_sg_v4_1_rfs.vhd:21321]
INFO: [Synth 8-256] done synthesizing module 'axi_sg_ftch_queue' (12#1) [/home/thomas/mp2_partB/mp2_partB.srcs/sources_1/bd/design_1/ipshared/ddc9/hdl/axi_sg_v4_1_rfs.vhd:21321]
INFO: [Synth 8-256] done synthesizing module 'axi_sg_ftch_q_mngr' (13#1) [/home/thomas/mp2_partB/mp2_partB.srcs/sources_1/bd/design_1/ipshared/ddc9/hdl/axi_sg_v4_1_rfs.vhd:22897]
INFO: [Synth 8-638] synthesizing module 'axi_sg_updt_mngr' [/home/thomas/mp2_partB/mp2_partB.srcs/sources_1/bd/design_1/ipshared/ddc9/hdl/axi_sg_v4_1_rfs.vhd:25077]
INFO: [Synth 8-638] synthesizing module 'axi_sg_updt_sm' [/home/thomas/mp2_partB/mp2_partB.srcs/sources_1/bd/design_1/ipshared/ddc9/hdl/axi_sg_v4_1_rfs.vhd:24165]
INFO: [Synth 8-256] done synthesizing module 'axi_sg_updt_sm' (14#1) [/home/thomas/mp2_partB/mp2_partB.srcs/sources_1/bd/design_1/ipshared/ddc9/hdl/axi_sg_v4_1_rfs.vhd:24165]
INFO: [Synth 8-638] synthesizing module 'axi_sg_updt_cmdsts_if' [/home/thomas/mp2_partB/mp2_partB.srcs/sources_1/bd/design_1/ipshared/ddc9/hdl/axi_sg_v4_1_rfs.vhd:23854]
INFO: [Synth 8-256] done synthesizing module 'axi_sg_updt_cmdsts_if' (15#1) [/home/thomas/mp2_partB/mp2_partB.srcs/sources_1/bd/design_1/ipshared/ddc9/hdl/axi_sg_v4_1_rfs.vhd:23854]
INFO: [Synth 8-256] done synthesizing module 'axi_sg_updt_mngr' (16#1) [/home/thomas/mp2_partB/mp2_partB.srcs/sources_1/bd/design_1/ipshared/ddc9/hdl/axi_sg_v4_1_rfs.vhd:25077]
INFO: [Synth 8-638] synthesizing module 'axi_sg_updt_q_mngr' [/home/thomas/mp2_partB/mp2_partB.srcs/sources_1/bd/design_1/ipshared/ddc9/hdl/axi_sg_v4_1_rfs.vhd:27298]
INFO: [Synth 8-638] synthesizing module 'axi_sg_updt_queue' [/home/thomas/mp2_partB/mp2_partB.srcs/sources_1/bd/design_1/ipshared/ddc9/hdl/axi_sg_v4_1_rfs.vhd:25428]
INFO: [Synth 8-256] done synthesizing module 'axi_sg_updt_queue' (17#1) [/home/thomas/mp2_partB/mp2_partB.srcs/sources_1/bd/design_1/ipshared/ddc9/hdl/axi_sg_v4_1_rfs.vhd:25428]
INFO: [Synth 8-256] done synthesizing module 'axi_sg_updt_q_mngr' (18#1) [/home/thomas/mp2_partB/mp2_partB.srcs/sources_1/bd/design_1/ipshared/ddc9/hdl/axi_sg_v4_1_rfs.vhd:27298]
INFO: [Synth 8-638] synthesizing module 'axi_sg_intrpt' [/home/thomas/mp2_partB/mp2_partB.srcs/sources_1/bd/design_1/ipshared/ddc9/hdl/axi_sg_v4_1_rfs.vhd:27902]
INFO: [Synth 8-256] done synthesizing module 'axi_sg_intrpt' (19#1) [/home/thomas/mp2_partB/mp2_partB.srcs/sources_1/bd/design_1/ipshared/ddc9/hdl/axi_sg_v4_1_rfs.vhd:27902]
INFO: [Synth 8-638] synthesizing module 'axi_sg_datamover' [/home/thomas/mp2_partB/mp2_partB.srcs/sources_1/bd/design_1/ipshared/ddc9/hdl/axi_sg_v4_1_rfs.vhd:17737]
INFO: [Synth 8-638] synthesizing module 'axi_sg_mm2s_basic_wrap' [/home/thomas/mp2_partB/mp2_partB.srcs/sources_1/bd/design_1/ipshared/ddc9/hdl/axi_sg_v4_1_rfs.vhd:15576]
INFO: [Synth 8-638] synthesizing module 'axi_sg_reset' [/home/thomas/mp2_partB/mp2_partB.srcs/sources_1/bd/design_1/ipshared/ddc9/hdl/axi_sg_v4_1_rfs.vhd:303]
INFO: [Synth 8-256] done synthesizing module 'axi_sg_reset' (20#1) [/home/thomas/mp2_partB/mp2_partB.srcs/sources_1/bd/design_1/ipshared/ddc9/hdl/axi_sg_v4_1_rfs.vhd:303]
INFO: [Synth 8-638] synthesizing module 'axi_sg_cmd_status' [/home/thomas/mp2_partB/mp2_partB.srcs/sources_1/bd/design_1/ipshared/ddc9/hdl/axi_sg_v4_1_rfs.vhd:2683]
INFO: [Synth 8-638] synthesizing module 'axi_sg_fifo' [/home/thomas/mp2_partB/mp2_partB.srcs/sources_1/bd/design_1/ipshared/ddc9/hdl/axi_sg_v4_1_rfs.vhd:1883]
INFO: [Synth 8-256] done synthesizing module 'axi_sg_fifo' (21#1) [/home/thomas/mp2_partB/mp2_partB.srcs/sources_1/bd/design_1/ipshared/ddc9/hdl/axi_sg_v4_1_rfs.vhd:1883]
INFO: [Synth 8-638] synthesizing module 'axi_sg_fifo__parameterized0' [/home/thomas/mp2_partB/mp2_partB.srcs/sources_1/bd/design_1/ipshared/ddc9/hdl/axi_sg_v4_1_rfs.vhd:1883]
INFO: [Synth 8-256] done synthesizing module 'axi_sg_fifo__parameterized0' (21#1) [/home/thomas/mp2_partB/mp2_partB.srcs/sources_1/bd/design_1/ipshared/ddc9/hdl/axi_sg_v4_1_rfs.vhd:1883]
INFO: [Synth 8-256] done synthesizing module 'axi_sg_cmd_status' (22#1) [/home/thomas/mp2_partB/mp2_partB.srcs/sources_1/bd/design_1/ipshared/ddc9/hdl/axi_sg_v4_1_rfs.vhd:2683]
INFO: [Synth 8-638] synthesizing module 'axi_sg_rd_status_cntl' [/home/thomas/mp2_partB/mp2_partB.srcs/sources_1/bd/design_1/ipshared/ddc9/hdl/axi_sg_v4_1_rfs.vhd:7089]
INFO: [Synth 8-256] done synthesizing module 'axi_sg_rd_status_cntl' (23#1) [/home/thomas/mp2_partB/mp2_partB.srcs/sources_1/bd/design_1/ipshared/ddc9/hdl/axi_sg_v4_1_rfs.vhd:7089]
INFO: [Synth 8-638] synthesizing module 'axi_sg_scc' [/home/thomas/mp2_partB/mp2_partB.srcs/sources_1/bd/design_1/ipshared/ddc9/hdl/axi_sg_v4_1_rfs.vhd:7562]
INFO: [Synth 8-256] done synthesizing module 'axi_sg_scc' (24#1) [/home/thomas/mp2_partB/mp2_partB.srcs/sources_1/bd/design_1/ipshared/ddc9/hdl/axi_sg_v4_1_rfs.vhd:7562]
INFO: [Synth 8-638] synthesizing module 'axi_sg_addr_cntl' [/home/thomas/mp2_partB/mp2_partB.srcs/sources_1/bd/design_1/ipshared/ddc9/hdl/axi_sg_v4_1_rfs.vhd:4548]
INFO: [Synth 8-256] done synthesizing module 'axi_sg_addr_cntl' (25#1) [/home/thomas/mp2_partB/mp2_partB.srcs/sources_1/bd/design_1/ipshared/ddc9/hdl/axi_sg_v4_1_rfs.vhd:4548]
INFO: [Synth 8-638] synthesizing module 'axi_sg_rddata_cntl' [/home/thomas/mp2_partB/mp2_partB.srcs/sources_1/bd/design_1/ipshared/ddc9/hdl/axi_sg_v4_1_rfs.vhd:5476]
INFO: [Synth 8-256] done synthesizing module 'axi_sg_rddata_cntl' (26#1) [/home/thomas/mp2_partB/mp2_partB.srcs/sources_1/bd/design_1/ipshared/ddc9/hdl/axi_sg_v4_1_rfs.vhd:5476]
INFO: [Synth 8-256] done synthesizing module 'axi_sg_mm2s_basic_wrap' (27#1) [/home/thomas/mp2_partB/mp2_partB.srcs/sources_1/bd/design_1/ipshared/ddc9/hdl/axi_sg_v4_1_rfs.vhd:15576]
INFO: [Synth 8-638] synthesizing module 'axi_sg_s2mm_basic_wrap' [/home/thomas/mp2_partB/mp2_partB.srcs/sources_1/bd/design_1/ipshared/ddc9/hdl/axi_sg_v4_1_rfs.vhd:16506]
INFO: [Synth 8-638] synthesizing module 'axi_sg_wr_status_cntl' [/home/thomas/mp2_partB/mp2_partB.srcs/sources_1/bd/design_1/ipshared/ddc9/hdl/axi_sg_v4_1_rfs.vhd:13563]
INFO: [Synth 8-638] synthesizing module 'axi_sg_fifo__parameterized1' [/home/thomas/mp2_partB/mp2_partB.srcs/sources_1/bd/design_1/ipshared/ddc9/hdl/axi_sg_v4_1_rfs.vhd:1883]
INFO: [Synth 8-638] synthesizing module 'srl_fifo_f' [/home/thomas/mp2_partB/mp2_partB.srcs/sources_1/bd/design_1/ipshared/6039/hdl/lib_srl_fifo_v1_0_rfs.vhd:1000]
INFO: [Synth 8-638] synthesizing module 'srl_fifo_rbu_f' [/home/thomas/mp2_partB/mp2_partB.srcs/sources_1/bd/design_1/ipshared/6039/hdl/lib_srl_fifo_v1_0_rfs.vhd:697]
INFO: [Synth 8-638] synthesizing module 'cntr_incr_decr_addn_f' [/home/thomas/mp2_partB/mp2_partB.srcs/sources_1/bd/design_1/ipshared/6039/hdl/lib_srl_fifo_v1_0_rfs.vhd:143]
INFO: [Synth 8-256] done synthesizing module 'cntr_incr_decr_addn_f' (28#1) [/home/thomas/mp2_partB/mp2_partB.srcs/sources_1/bd/design_1/ipshared/6039/hdl/lib_srl_fifo_v1_0_rfs.vhd:143]
INFO: [Synth 8-638] synthesizing module 'dynshreg_f' [/home/thomas/mp2_partB/mp2_partB.srcs/sources_1/bd/design_1/ipshared/6039/hdl/lib_srl_fifo_v1_0_rfs.vhd:397]
INFO: [Synth 8-256] done synthesizing module 'dynshreg_f' (29#1) [/home/thomas/mp2_partB/mp2_partB.srcs/sources_1/bd/design_1/ipshared/6039/hdl/lib_srl_fifo_v1_0_rfs.vhd:397]
INFO: [Synth 8-256] done synthesizing module 'srl_fifo_rbu_f' (30#1) [/home/thomas/mp2_partB/mp2_partB.srcs/sources_1/bd/design_1/ipshared/6039/hdl/lib_srl_fifo_v1_0_rfs.vhd:697]
INFO: [Synth 8-256] done synthesizing module 'srl_fifo_f' (31#1) [/home/thomas/mp2_partB/mp2_partB.srcs/sources_1/bd/design_1/ipshared/6039/hdl/lib_srl_fifo_v1_0_rfs.vhd:1000]
INFO: [Synth 8-256] done synthesizing module 'axi_sg_fifo__parameterized1' (31#1) [/home/thomas/mp2_partB/mp2_partB.srcs/sources_1/bd/design_1/ipshared/ddc9/hdl/axi_sg_v4_1_rfs.vhd:1883]
INFO: [Synth 8-638] synthesizing module 'axi_sg_fifo__parameterized2' [/home/thomas/mp2_partB/mp2_partB.srcs/sources_1/bd/design_1/ipshared/ddc9/hdl/axi_sg_v4_1_rfs.vhd:1883]
INFO: [Synth 8-638] synthesizing module 'srl_fifo_f__parameterized0' [/home/thomas/mp2_partB/mp2_partB.srcs/sources_1/bd/design_1/ipshared/6039/hdl/lib_srl_fifo_v1_0_rfs.vhd:1000]
INFO: [Synth 8-638] synthesizing module 'srl_fifo_rbu_f__parameterized0' [/home/thomas/mp2_partB/mp2_partB.srcs/sources_1/bd/design_1/ipshared/6039/hdl/lib_srl_fifo_v1_0_rfs.vhd:697]
INFO: [Synth 8-638] synthesizing module 'dynshreg_f__parameterized0' [/home/thomas/mp2_partB/mp2_partB.srcs/sources_1/bd/design_1/ipshared/6039/hdl/lib_srl_fifo_v1_0_rfs.vhd:397]
INFO: [Synth 8-256] done synthesizing module 'dynshreg_f__parameterized0' (31#1) [/home/thomas/mp2_partB/mp2_partB.srcs/sources_1/bd/design_1/ipshared/6039/hdl/lib_srl_fifo_v1_0_rfs.vhd:397]
INFO: [Synth 8-256] done synthesizing module 'srl_fifo_rbu_f__parameterized0' (31#1) [/home/thomas/mp2_partB/mp2_partB.srcs/sources_1/bd/design_1/ipshared/6039/hdl/lib_srl_fifo_v1_0_rfs.vhd:697]
INFO: [Synth 8-256] done synthesizing module 'srl_fifo_f__parameterized0' (31#1) [/home/thomas/mp2_partB/mp2_partB.srcs/sources_1/bd/design_1/ipshared/6039/hdl/lib_srl_fifo_v1_0_rfs.vhd:1000]
INFO: [Synth 8-256] done synthesizing module 'axi_sg_fifo__parameterized2' (31#1) [/home/thomas/mp2_partB/mp2_partB.srcs/sources_1/bd/design_1/ipshared/ddc9/hdl/axi_sg_v4_1_rfs.vhd:1883]
INFO: [Synth 8-256] done synthesizing module 'axi_sg_wr_status_cntl' (32#1) [/home/thomas/mp2_partB/mp2_partB.srcs/sources_1/bd/design_1/ipshared/ddc9/hdl/axi_sg_v4_1_rfs.vhd:13563]
INFO: [Synth 8-638] synthesizing module 'axi_sg_scc_wr' [/home/thomas/mp2_partB/mp2_partB.srcs/sources_1/bd/design_1/ipshared/ddc9/hdl/axi_sg_v4_1_rfs.vhd:9822]
INFO: [Synth 8-256] done synthesizing module 'axi_sg_scc_wr' (33#1) [/home/thomas/mp2_partB/mp2_partB.srcs/sources_1/bd/design_1/ipshared/ddc9/hdl/axi_sg_v4_1_rfs.vhd:9822]
INFO: [Synth 8-638] synthesizing module 'axi_sg_addr_cntl__parameterized0' [/home/thomas/mp2_partB/mp2_partB.srcs/sources_1/bd/design_1/ipshared/ddc9/hdl/axi_sg_v4_1_rfs.vhd:4548]
INFO: [Synth 8-256] done synthesizing module 'axi_sg_addr_cntl__parameterized0' (33#1) [/home/thomas/mp2_partB/mp2_partB.srcs/sources_1/bd/design_1/ipshared/ddc9/hdl/axi_sg_v4_1_rfs.vhd:4548]
INFO: [Synth 8-638] synthesizing module 'axi_sg_wrdata_cntl' [/home/thomas/mp2_partB/mp2_partB.srcs/sources_1/bd/design_1/ipshared/ddc9/hdl/axi_sg_v4_1_rfs.vhd:11526]
INFO: [Synth 8-256] done synthesizing module 'axi_sg_wrdata_cntl' (34#1) [/home/thomas/mp2_partB/mp2_partB.srcs/sources_1/bd/design_1/ipshared/ddc9/hdl/axi_sg_v4_1_rfs.vhd:11526]
INFO: [Synth 8-256] done synthesizing module 'axi_sg_s2mm_basic_wrap' (35#1) [/home/thomas/mp2_partB/mp2_partB.srcs/sources_1/bd/design_1/ipshared/ddc9/hdl/axi_sg_v4_1_rfs.vhd:16506]
INFO: [Synth 8-256] done synthesizing module 'axi_sg_datamover' (36#1) [/home/thomas/mp2_partB/mp2_partB.srcs/sources_1/bd/design_1/ipshared/ddc9/hdl/axi_sg_v4_1_rfs.vhd:17737]
INFO: [Synth 8-256] done synthesizing module 'axi_sg' (37#1) [/home/thomas/mp2_partB/mp2_partB.srcs/sources_1/bd/design_1/ipshared/ddc9/hdl/axi_sg_v4_1_rfs.vhd:28736]
INFO: [Synth 8-638] synthesizing module 'axi_dma_mm2s_mngr' [/home/thomas/mp2_partB/mp2_partB.srcs/sources_1/bd/design_1/ipshared/bb0b/hdl/axi_dma_v7_1_vh_rfs.vhd:14884]
INFO: [Synth 8-638] synthesizing module 'axi_dma_mm2s_sm' [/home/thomas/mp2_partB/mp2_partB.srcs/sources_1/bd/design_1/ipshared/bb0b/hdl/axi_dma_v7_1_vh_rfs.vhd:13076]
INFO: [Synth 8-256] done synthesizing module 'axi_dma_mm2s_sm' (38#1) [/home/thomas/mp2_partB/mp2_partB.srcs/sources_1/bd/design_1/ipshared/bb0b/hdl/axi_dma_v7_1_vh_rfs.vhd:13076]
INFO: [Synth 8-638] synthesizing module 'axi_dma_mm2s_sg_if' [/home/thomas/mp2_partB/mp2_partB.srcs/sources_1/bd/design_1/ipshared/bb0b/hdl/axi_dma_v7_1_vh_rfs.vhd:12158]
INFO: [Synth 8-638] synthesizing module 'srl_fifo_f__parameterized1' [/home/thomas/mp2_partB/mp2_partB.srcs/sources_1/bd/design_1/ipshared/6039/hdl/lib_srl_fifo_v1_0_rfs.vhd:1000]
INFO: [Synth 8-638] synthesizing module 'srl_fifo_rbu_f__parameterized1' [/home/thomas/mp2_partB/mp2_partB.srcs/sources_1/bd/design_1/ipshared/6039/hdl/lib_srl_fifo_v1_0_rfs.vhd:697]
INFO: [Synth 8-638] synthesizing module 'cntr_incr_decr_addn_f__parameterized0' [/home/thomas/mp2_partB/mp2_partB.srcs/sources_1/bd/design_1/ipshared/6039/hdl/lib_srl_fifo_v1_0_rfs.vhd:143]
INFO: [Synth 8-256] done synthesizing module 'cntr_incr_decr_addn_f__parameterized0' (38#1) [/home/thomas/mp2_partB/mp2_partB.srcs/sources_1/bd/design_1/ipshared/6039/hdl/lib_srl_fifo_v1_0_rfs.vhd:143]
INFO: [Synth 8-638] synthesizing module 'dynshreg_f__parameterized1' [/home/thomas/mp2_partB/mp2_partB.srcs/sources_1/bd/design_1/ipshared/6039/hdl/lib_srl_fifo_v1_0_rfs.vhd:397]
INFO: [Synth 8-256] done synthesizing module 'dynshreg_f__parameterized1' (38#1) [/home/thomas/mp2_partB/mp2_partB.srcs/sources_1/bd/design_1/ipshared/6039/hdl/lib_srl_fifo_v1_0_rfs.vhd:397]
INFO: [Synth 8-256] done synthesizing module 'srl_fifo_rbu_f__parameterized1' (38#1) [/home/thomas/mp2_partB/mp2_partB.srcs/sources_1/bd/design_1/ipshared/6039/hdl/lib_srl_fifo_v1_0_rfs.vhd:697]
INFO: [Synth 8-256] done synthesizing module 'srl_fifo_f__parameterized1' (38#1) [/home/thomas/mp2_partB/mp2_partB.srcs/sources_1/bd/design_1/ipshared/6039/hdl/lib_srl_fifo_v1_0_rfs.vhd:1000]
INFO: [Synth 8-256] done synthesizing module 'axi_dma_mm2s_sg_if' (39#1) [/home/thomas/mp2_partB/mp2_partB.srcs/sources_1/bd/design_1/ipshared/bb0b/hdl/axi_dma_v7_1_vh_rfs.vhd:12158]
INFO: [Synth 8-638] synthesizing module 'axi_dma_mm2s_cmdsts_if' [/home/thomas/mp2_partB/mp2_partB.srcs/sources_1/bd/design_1/ipshared/bb0b/hdl/axi_dma_v7_1_vh_rfs.vhd:13668]
INFO: [Synth 8-256] done synthesizing module 'axi_dma_mm2s_cmdsts_if' (40#1) [/home/thomas/mp2_partB/mp2_partB.srcs/sources_1/bd/design_1/ipshared/bb0b/hdl/axi_dma_v7_1_vh_rfs.vhd:13668]
INFO: [Synth 8-638] synthesizing module 'axi_dma_mm2s_sts_mngr' [/home/thomas/mp2_partB/mp2_partB.srcs/sources_1/bd/design_1/ipshared/bb0b/hdl/axi_dma_v7_1_vh_rfs.vhd:13983]
INFO: [Synth 8-256] done synthesizing module 'axi_dma_mm2s_sts_mngr' (41#1) [/home/thomas/mp2_partB/mp2_partB.srcs/sources_1/bd/design_1/ipshared/bb0b/hdl/axi_dma_v7_1_vh_rfs.vhd:13983]
INFO: [Synth 8-256] done synthesizing module 'axi_dma_mm2s_mngr' (42#1) [/home/thomas/mp2_partB/mp2_partB.srcs/sources_1/bd/design_1/ipshared/bb0b/hdl/axi_dma_v7_1_vh_rfs.vhd:14884]
INFO: [Synth 8-638] synthesizing module 'axi_dma_sofeof_gen' [/home/thomas/mp2_partB/mp2_partB.srcs/sources_1/bd/design_1/ipshared/bb0b/hdl/axi_dma_v7_1_vh_rfs.vhd:11155]
INFO: [Synth 8-256] done synthesizing module 'axi_dma_sofeof_gen' (43#1) [/home/thomas/mp2_partB/mp2_partB.srcs/sources_1/bd/design_1/ipshared/bb0b/hdl/axi_dma_v7_1_vh_rfs.vhd:11155]
INFO: [Synth 8-638] synthesizing module 'axi_dma_s2mm_mngr' [/home/thomas/mp2_partB/mp2_partB.srcs/sources_1/bd/design_1/ipshared/bb0b/hdl/axi_dma_v7_1_vh_rfs.vhd:20222]
INFO: [Synth 8-638] synthesizing module 'axi_dma_s2mm_sm' [/home/thomas/mp2_partB/mp2_partB.srcs/sources_1/bd/design_1/ipshared/bb0b/hdl/axi_dma_v7_1_vh_rfs.vhd:17440]
INFO: [Synth 8-256] done synthesizing module 'axi_dma_s2mm_sm' (44#1) [/home/thomas/mp2_partB/mp2_partB.srcs/sources_1/bd/design_1/ipshared/bb0b/hdl/axi_dma_v7_1_vh_rfs.vhd:17440]
INFO: [Synth 8-638] synthesizing module 'axi_dma_s2mm_sg_if' [/home/thomas/mp2_partB/mp2_partB.srcs/sources_1/bd/design_1/ipshared/bb0b/hdl/axi_dma_v7_1_vh_rfs.vhd:15839]
INFO: [Synth 8-256] done synthesizing module 'axi_dma_s2mm_sg_if' (45#1) [/home/thomas/mp2_partB/mp2_partB.srcs/sources_1/bd/design_1/ipshared/bb0b/hdl/axi_dma_v7_1_vh_rfs.vhd:15839]
INFO: [Synth 8-638] synthesizing module 'axi_dma_s2mm_cmdsts_if' [/home/thomas/mp2_partB/mp2_partB.srcs/sources_1/bd/design_1/ipshared/bb0b/hdl/axi_dma_v7_1_vh_rfs.vhd:18487]
INFO: [Synth 8-256] done synthesizing module 'axi_dma_s2mm_cmdsts_if' (46#1) [/home/thomas/mp2_partB/mp2_partB.srcs/sources_1/bd/design_1/ipshared/bb0b/hdl/axi_dma_v7_1_vh_rfs.vhd:18487]
INFO: [Synth 8-638] synthesizing module 'axi_dma_s2mm_sts_mngr' [/home/thomas/mp2_partB/mp2_partB.srcs/sources_1/bd/design_1/ipshared/bb0b/hdl/axi_dma_v7_1_vh_rfs.vhd:18917]
INFO: [Synth 8-256] done synthesizing module 'axi_dma_s2mm_sts_mngr' (47#1) [/home/thomas/mp2_partB/mp2_partB.srcs/sources_1/bd/design_1/ipshared/bb0b/hdl/axi_dma_v7_1_vh_rfs.vhd:18917]
INFO: [Synth 8-256] done synthesizing module 'axi_dma_s2mm_mngr' (48#1) [/home/thomas/mp2_partB/mp2_partB.srcs/sources_1/bd/design_1/ipshared/bb0b/hdl/axi_dma_v7_1_vh_rfs.vhd:20222]
INFO: [Synth 8-638] synthesizing module 'axi_datamover' [/home/thomas/mp2_partB/mp2_partB.srcs/sources_1/bd/design_1/ipshared/43a6/hdl/axi_datamover_v5_1_vh_rfs.vhd:55410]
INFO: [Synth 8-638] synthesizing module 'axi_datamover_mm2s_full_wrap' [/home/thomas/mp2_partB/mp2_partB.srcs/sources_1/bd/design_1/ipshared/43a6/hdl/axi_datamover_v5_1_vh_rfs.vhd:53548]
INFO: [Synth 8-638] synthesizing module 'axi_datamover_reset' [/home/thomas/mp2_partB/mp2_partB.srcs/sources_1/bd/design_1/ipshared/43a6/hdl/axi_datamover_v5_1_vh_rfs.vhd:153]
INFO: [Synth 8-256] done synthesizing module 'axi_datamover_reset' (49#1) [/home/thomas/mp2_partB/mp2_partB.srcs/sources_1/bd/design_1/ipshared/43a6/hdl/axi_datamover_v5_1_vh_rfs.vhd:153]
INFO: [Synth 8-638] synthesizing module 'axi_datamover_cmd_status' [/home/thomas/mp2_partB/mp2_partB.srcs/sources_1/bd/design_1/ipshared/43a6/hdl/axi_datamover_v5_1_vh_rfs.vhd:2693]
INFO: [Synth 8-638] synthesizing module 'axi_datamover_fifo' [/home/thomas/mp2_partB/mp2_partB.srcs/sources_1/bd/design_1/ipshared/43a6/hdl/axi_datamover_v5_1_vh_rfs.vhd:1881]
INFO: [Synth 8-256] done synthesizing module 'axi_datamover_fifo' (50#1) [/home/thomas/mp2_partB/mp2_partB.srcs/sources_1/bd/design_1/ipshared/43a6/hdl/axi_datamover_v5_1_vh_rfs.vhd:1881]
INFO: [Synth 8-638] synthesizing module 'axi_datamover_fifo__parameterized0' [/home/thomas/mp2_partB/mp2_partB.srcs/sources_1/bd/design_1/ipshared/43a6/hdl/axi_datamover_v5_1_vh_rfs.vhd:1881]
INFO: [Synth 8-256] done synthesizing module 'axi_datamover_fifo__parameterized0' (50#1) [/home/thomas/mp2_partB/mp2_partB.srcs/sources_1/bd/design_1/ipshared/43a6/hdl/axi_datamover_v5_1_vh_rfs.vhd:1881]
INFO: [Synth 8-256] done synthesizing module 'axi_datamover_cmd_status' (51#1) [/home/thomas/mp2_partB/mp2_partB.srcs/sources_1/bd/design_1/ipshared/43a6/hdl/axi_datamover_v5_1_vh_rfs.vhd:2693]
INFO: [Synth 8-638] synthesizing module 'axi_datamover_rd_status_cntl' [/home/thomas/mp2_partB/mp2_partB.srcs/sources_1/bd/design_1/ipshared/43a6/hdl/axi_datamover_v5_1_vh_rfs.vhd:13741]
INFO: [Synth 8-256] done synthesizing module 'axi_datamover_rd_status_cntl' (52#1) [/home/thomas/mp2_partB/mp2_partB.srcs/sources_1/bd/design_1/ipshared/43a6/hdl/axi_datamover_v5_1_vh_rfs.vhd:13741]
INFO: [Synth 8-638] synthesizing module 'axi_datamover_pcc' [/home/thomas/mp2_partB/mp2_partB.srcs/sources_1/bd/design_1/ipshared/43a6/hdl/axi_datamover_v5_1_vh_rfs.vhd:7411]
INFO: [Synth 8-638] synthesizing module 'axi_datamover_strb_gen2' [/home/thomas/mp2_partB/mp2_partB.srcs/sources_1/bd/design_1/ipshared/43a6/hdl/axi_datamover_v5_1_vh_rfs.vhd:4337]
INFO: [Synth 8-256] done synthesizing module 'axi_datamover_strb_gen2' (53#1) [/home/thomas/mp2_partB/mp2_partB.srcs/sources_1/bd/design_1/ipshared/43a6/hdl/axi_datamover_v5_1_vh_rfs.vhd:4337]
INFO: [Synth 8-638] synthesizing module 'axi_datamover_strb_gen2__parameterized0' [/home/thomas/mp2_partB/mp2_partB.srcs/sources_1/bd/design_1/ipshared/43a6/hdl/axi_datamover_v5_1_vh_rfs.vhd:4337]
INFO: [Synth 8-256] done synthesizing module 'axi_datamover_strb_gen2__parameterized0' (53#1) [/home/thomas/mp2_partB/mp2_partB.srcs/sources_1/bd/design_1/ipshared/43a6/hdl/axi_datamover_v5_1_vh_rfs.vhd:4337]
INFO: [Synth 8-256] done synthesizing module 'axi_datamover_pcc' (54#1) [/home/thomas/mp2_partB/mp2_partB.srcs/sources_1/bd/design_1/ipshared/43a6/hdl/axi_datamover_v5_1_vh_rfs.vhd:7411]
INFO: [Synth 8-638] synthesizing module 'axi_datamover_addr_cntl' [/home/thomas/mp2_partB/mp2_partB.srcs/sources_1/bd/design_1/ipshared/43a6/hdl/axi_datamover_v5_1_vh_rfs.vhd:9995]
INFO: [Synth 8-638] synthesizing module 'axi_datamover_fifo__parameterized1' [/home/thomas/mp2_partB/mp2_partB.srcs/sources_1/bd/design_1/ipshared/43a6/hdl/axi_datamover_v5_1_vh_rfs.vhd:1881]
INFO: [Synth 8-638] synthesizing module 'srl_fifo_f__parameterized2' [/home/thomas/mp2_partB/mp2_partB.srcs/sources_1/bd/design_1/ipshared/6039/hdl/lib_srl_fifo_v1_0_rfs.vhd:1000]
INFO: [Synth 8-638] synthesizing module 'srl_fifo_rbu_f__parameterized2' [/home/thomas/mp2_partB/mp2_partB.srcs/sources_1/bd/design_1/ipshared/6039/hdl/lib_srl_fifo_v1_0_rfs.vhd:697]
INFO: [Synth 8-638] synthesizing module 'dynshreg_f__parameterized2' [/home/thomas/mp2_partB/mp2_partB.srcs/sources_1/bd/design_1/ipshared/6039/hdl/lib_srl_fifo_v1_0_rfs.vhd:397]
INFO: [Synth 8-256] done synthesizing module 'dynshreg_f__parameterized2' (54#1) [/home/thomas/mp2_partB/mp2_partB.srcs/sources_1/bd/design_1/ipshared/6039/hdl/lib_srl_fifo_v1_0_rfs.vhd:397]
INFO: [Synth 8-256] done synthesizing module 'srl_fifo_rbu_f__parameterized2' (54#1) [/home/thomas/mp2_partB/mp2_partB.srcs/sources_1/bd/design_1/ipshared/6039/hdl/lib_srl_fifo_v1_0_rfs.vhd:697]
INFO: [Synth 8-256] done synthesizing module 'srl_fifo_f__parameterized2' (54#1) [/home/thomas/mp2_partB/mp2_partB.srcs/sources_1/bd/design_1/ipshared/6039/hdl/lib_srl_fifo_v1_0_rfs.vhd:1000]
INFO: [Synth 8-256] done synthesizing module 'axi_datamover_fifo__parameterized1' (54#1) [/home/thomas/mp2_partB/mp2_partB.srcs/sources_1/bd/design_1/ipshared/43a6/hdl/axi_datamover_v5_1_vh_rfs.vhd:1881]
INFO: [Synth 8-256] done synthesizing module 'axi_datamover_addr_cntl' (55#1) [/home/thomas/mp2_partB/mp2_partB.srcs/sources_1/bd/design_1/ipshared/43a6/hdl/axi_datamover_v5_1_vh_rfs.vhd:9995]
INFO: [Synth 8-638] synthesizing module 'axi_datamover_rddata_cntl' [/home/thomas/mp2_partB/mp2_partB.srcs/sources_1/bd/design_1/ipshared/43a6/hdl/axi_datamover_v5_1_vh_rfs.vhd:12180]
INFO: [Synth 8-638] synthesizing module 'axi_datamover_rdmux' [/home/thomas/mp2_partB/mp2_partB.srcs/sources_1/bd/design_1/ipshared/43a6/hdl/axi_datamover_v5_1_vh_rfs.vhd:10676]
INFO: [Synth 8-256] done synthesizing module 'axi_datamover_rdmux' (56#1) [/home/thomas/mp2_partB/mp2_partB.srcs/sources_1/bd/design_1/ipshared/43a6/hdl/axi_datamover_v5_1_vh_rfs.vhd:10676]
INFO: [Synth 8-638] synthesizing module 'axi_datamover_fifo__parameterized2' [/home/thomas/mp2_partB/mp2_partB.srcs/sources_1/bd/design_1/ipshared/43a6/hdl/axi_datamover_v5_1_vh_rfs.vhd:1881]
INFO: [Synth 8-638] synthesizing module 'srl_fifo_f__parameterized3' [/home/thomas/mp2_partB/mp2_partB.srcs/sources_1/bd/design_1/ipshared/6039/hdl/lib_srl_fifo_v1_0_rfs.vhd:1000]
INFO: [Synth 8-638] synthesizing module 'srl_fifo_rbu_f__parameterized3' [/home/thomas/mp2_partB/mp2_partB.srcs/sources_1/bd/design_1/ipshared/6039/hdl/lib_srl_fifo_v1_0_rfs.vhd:697]
INFO: [Synth 8-638] synthesizing module 'dynshreg_f__parameterized3' [/home/thomas/mp2_partB/mp2_partB.srcs/sources_1/bd/design_1/ipshared/6039/hdl/lib_srl_fifo_v1_0_rfs.vhd:397]
INFO: [Synth 8-256] done synthesizing module 'dynshreg_f__parameterized3' (56#1) [/home/thomas/mp2_partB/mp2_partB.srcs/sources_1/bd/design_1/ipshared/6039/hdl/lib_srl_fifo_v1_0_rfs.vhd:397]
INFO: [Synth 8-256] done synthesizing module 'srl_fifo_rbu_f__parameterized3' (56#1) [/home/thomas/mp2_partB/mp2_partB.srcs/sources_1/bd/design_1/ipshared/6039/hdl/lib_srl_fifo_v1_0_rfs.vhd:697]
INFO: [Synth 8-256] done synthesizing module 'srl_fifo_f__parameterized3' (56#1) [/home/thomas/mp2_partB/mp2_partB.srcs/sources_1/bd/design_1/ipshared/6039/hdl/lib_srl_fifo_v1_0_rfs.vhd:1000]
INFO: [Synth 8-256] done synthesizing module 'axi_datamover_fifo__parameterized2' (56#1) [/home/thomas/mp2_partB/mp2_partB.srcs/sources_1/bd/design_1/ipshared/43a6/hdl/axi_datamover_v5_1_vh_rfs.vhd:1881]
INFO: [Synth 8-256] done synthesizing module 'axi_datamover_rddata_cntl' (57#1) [/home/thomas/mp2_partB/mp2_partB.srcs/sources_1/bd/design_1/ipshared/43a6/hdl/axi_datamover_v5_1_vh_rfs.vhd:12180]
INFO: [Synth 8-638] synthesizing module 'axi_datamover_rd_sf' [/home/thomas/mp2_partB/mp2_partB.srcs/sources_1/bd/design_1/ipshared/43a6/hdl/axi_datamover_v5_1_vh_rfs.vhd:20200]
INFO: [Synth 8-638] synthesizing module 'axi_datamover_fifo__parameterized3' [/home/thomas/mp2_partB/mp2_partB.srcs/sources_1/bd/design_1/ipshared/43a6/hdl/axi_datamover_v5_1_vh_rfs.vhd:1881]
INFO: [Synth 8-638] synthesizing module 'srl_fifo_f__parameterized4' [/home/thomas/mp2_partB/mp2_partB.srcs/sources_1/bd/design_1/ipshared/6039/hdl/lib_srl_fifo_v1_0_rfs.vhd:1000]
INFO: [Synth 8-638] synthesizing module 'srl_fifo_rbu_f__parameterized4' [/home/thomas/mp2_partB/mp2_partB.srcs/sources_1/bd/design_1/ipshared/6039/hdl/lib_srl_fifo_v1_0_rfs.vhd:697]
INFO: [Synth 8-638] synthesizing module 'dynshreg_f__parameterized4' [/home/thomas/mp2_partB/mp2_partB.srcs/sources_1/bd/design_1/ipshared/6039/hdl/lib_srl_fifo_v1_0_rfs.vhd:397]
INFO: [Synth 8-256] done synthesizing module 'dynshreg_f__parameterized4' (57#1) [/home/thomas/mp2_partB/mp2_partB.srcs/sources_1/bd/design_1/ipshared/6039/hdl/lib_srl_fifo_v1_0_rfs.vhd:397]
INFO: [Synth 8-256] done synthesizing module 'srl_fifo_rbu_f__parameterized4' (57#1) [/home/thomas/mp2_partB/mp2_partB.srcs/sources_1/bd/design_1/ipshared/6039/hdl/lib_srl_fifo_v1_0_rfs.vhd:697]
INFO: [Synth 8-256] done synthesizing module 'srl_fifo_f__parameterized4' (57#1) [/home/thomas/mp2_partB/mp2_partB.srcs/sources_1/bd/design_1/ipshared/6039/hdl/lib_srl_fifo_v1_0_rfs.vhd:1000]
INFO: [Synth 8-256] done synthesizing module 'axi_datamover_fifo__parameterized3' (57#1) [/home/thomas/mp2_partB/mp2_partB.srcs/sources_1/bd/design_1/ipshared/43a6/hdl/axi_datamover_v5_1_vh_rfs.vhd:1881]
INFO: [Synth 8-638] synthesizing module 'axi_datamover_sfifo_autord' [/home/thomas/mp2_partB/mp2_partB.srcs/sources_1/bd/design_1/ipshared/43a6/hdl/axi_datamover_v5_1_vh_rfs.vhd:1294]
INFO: [Synth 8-638] synthesizing module 'sync_fifo_fg' [/home/thomas/mp2_partB/mp2_partB.srcs/sources_1/bd/design_1/ipshared/c387/hdl/lib_fifo_v1_0_rfs.vhd:2097]
INFO: [Synth 8-256] done synthesizing module 'sync_fifo_fg' (86#1) [/home/thomas/mp2_partB/mp2_partB.srcs/sources_1/bd/design_1/ipshared/c387/hdl/lib_fifo_v1_0_rfs.vhd:2097]
INFO: [Synth 8-256] done synthesizing module 'axi_datamover_sfifo_autord' (87#1) [/home/thomas/mp2_partB/mp2_partB.srcs/sources_1/bd/design_1/ipshared/43a6/hdl/axi_datamover_v5_1_vh_rfs.vhd:1294]
INFO: [Synth 8-256] done synthesizing module 'axi_datamover_rd_sf' (88#1) [/home/thomas/mp2_partB/mp2_partB.srcs/sources_1/bd/design_1/ipshared/43a6/hdl/axi_datamover_v5_1_vh_rfs.vhd:20200]
INFO: [Synth 8-638] synthesizing module 'axi_datamover_skid_buf' [/home/thomas/mp2_partB/mp2_partB.srcs/sources_1/bd/design_1/ipshared/43a6/hdl/axi_datamover_v5_1_vh_rfs.vhd:19492]
INFO: [Synth 8-256] done synthesizing module 'axi_datamover_skid_buf' (89#1) [/home/thomas/mp2_partB/mp2_partB.srcs/sources_1/bd/design_1/ipshared/43a6/hdl/axi_datamover_v5_1_vh_rfs.vhd:19492]
INFO: [Synth 8-256] done synthesizing module 'axi_datamover_mm2s_full_wrap' (90#1) [/home/thomas/mp2_partB/mp2_partB.srcs/sources_1/bd/design_1/ipshared/43a6/hdl/axi_datamover_v5_1_vh_rfs.vhd:53548]
INFO: [Synth 8-638] synthesizing module 'axi_datamover_s2mm_full_wrap' [/home/thomas/mp2_partB/mp2_partB.srcs/sources_1/bd/design_1/ipshared/43a6/hdl/axi_datamover_v5_1_vh_rfs.vhd:49982]
INFO: [Synth 8-638] synthesizing module 'axi_datamover_cmd_status__parameterized0' [/home/thomas/mp2_partB/mp2_partB.srcs/sources_1/bd/design_1/ipshared/43a6/hdl/axi_datamover_v5_1_vh_rfs.vhd:2693]
INFO: [Synth 8-638] synthesizing module 'axi_datamover_fifo__parameterized4' [/home/thomas/mp2_partB/mp2_partB.srcs/sources_1/bd/design_1/ipshared/43a6/hdl/axi_datamover_v5_1_vh_rfs.vhd:1881]
INFO: [Synth 8-256] done synthesizing module 'axi_datamover_fifo__parameterized4' (90#1) [/home/thomas/mp2_partB/mp2_partB.srcs/sources_1/bd/design_1/ipshared/43a6/hdl/axi_datamover_v5_1_vh_rfs.vhd:1881]
INFO: [Synth 8-256] done synthesizing module 'axi_datamover_cmd_status__parameterized0' (90#1) [/home/thomas/mp2_partB/mp2_partB.srcs/sources_1/bd/design_1/ipshared/43a6/hdl/axi_datamover_v5_1_vh_rfs.vhd:2693]
INFO: [Synth 8-638] synthesizing module 'axi_datamover_wr_status_cntl' [/home/thomas/mp2_partB/mp2_partB.srcs/sources_1/bd/design_1/ipshared/43a6/hdl/axi_datamover_v5_1_vh_rfs.vhd:17697]
INFO: [Synth 8-638] synthesizing module 'axi_datamover_fifo__parameterized5' [/home/thomas/mp2_partB/mp2_partB.srcs/sources_1/bd/design_1/ipshared/43a6/hdl/axi_datamover_v5_1_vh_rfs.vhd:1881]
INFO: [Synth 8-638] synthesizing module 'srl_fifo_f__parameterized5' [/home/thomas/mp2_partB/mp2_partB.srcs/sources_1/bd/design_1/ipshared/6039/hdl/lib_srl_fifo_v1_0_rfs.vhd:1000]
INFO: [Synth 8-638] synthesizing module 'srl_fifo_rbu_f__parameterized5' [/home/thomas/mp2_partB/mp2_partB.srcs/sources_1/bd/design_1/ipshared/6039/hdl/lib_srl_fifo_v1_0_rfs.vhd:697]
INFO: [Synth 8-638] synthesizing module 'cntr_incr_decr_addn_f__parameterized1' [/home/thomas/mp2_partB/mp2_partB.srcs/sources_1/bd/design_1/ipshared/6039/hdl/lib_srl_fifo_v1_0_rfs.vhd:143]
INFO: [Synth 8-256] done synthesizing module 'cntr_incr_decr_addn_f__parameterized1' (90#1) [/home/thomas/mp2_partB/mp2_partB.srcs/sources_1/bd/design_1/ipshared/6039/hdl/lib_srl_fifo_v1_0_rfs.vhd:143]
INFO: [Synth 8-638] synthesizing module 'dynshreg_f__parameterized5' [/home/thomas/mp2_partB/mp2_partB.srcs/sources_1/bd/design_1/ipshared/6039/hdl/lib_srl_fifo_v1_0_rfs.vhd:397]
INFO: [Synth 8-256] done synthesizing module 'dynshreg_f__parameterized5' (90#1) [/home/thomas/mp2_partB/mp2_partB.srcs/sources_1/bd/design_1/ipshared/6039/hdl/lib_srl_fifo_v1_0_rfs.vhd:397]
INFO: [Synth 8-256] done synthesizing module 'srl_fifo_rbu_f__parameterized5' (90#1) [/home/thomas/mp2_partB/mp2_partB.srcs/sources_1/bd/design_1/ipshared/6039/hdl/lib_srl_fifo_v1_0_rfs.vhd:697]
INFO: [Synth 8-256] done synthesizing module 'srl_fifo_f__parameterized5' (90#1) [/home/thomas/mp2_partB/mp2_partB.srcs/sources_1/bd/design_1/ipshared/6039/hdl/lib_srl_fifo_v1_0_rfs.vhd:1000]
INFO: [Synth 8-256] done synthesizing module 'axi_datamover_fifo__parameterized5' (90#1) [/home/thomas/mp2_partB/mp2_partB.srcs/sources_1/bd/design_1/ipshared/43a6/hdl/axi_datamover_v5_1_vh_rfs.vhd:1881]
INFO: [Synth 8-638] synthesizing module 'axi_datamover_fifo__parameterized6' [/home/thomas/mp2_partB/mp2_partB.srcs/sources_1/bd/design_1/ipshared/43a6/hdl/axi_datamover_v5_1_vh_rfs.vhd:1881]
INFO: [Synth 8-638] synthesizing module 'srl_fifo_f__parameterized6' [/home/thomas/mp2_partB/mp2_partB.srcs/sources_1/bd/design_1/ipshared/6039/hdl/lib_srl_fifo_v1_0_rfs.vhd:1000]
INFO: [Synth 8-638] synthesizing module 'srl_fifo_rbu_f__parameterized6' [/home/thomas/mp2_partB/mp2_partB.srcs/sources_1/bd/design_1/ipshared/6039/hdl/lib_srl_fifo_v1_0_rfs.vhd:697]
INFO: [Synth 8-638] synthesizing module 'dynshreg_f__parameterized6' [/home/thomas/mp2_partB/mp2_partB.srcs/sources_1/bd/design_1/ipshared/6039/hdl/lib_srl_fifo_v1_0_rfs.vhd:397]
INFO: [Synth 8-256] done synthesizing module 'dynshreg_f__parameterized6' (90#1) [/home/thomas/mp2_partB/mp2_partB.srcs/sources_1/bd/design_1/ipshared/6039/hdl/lib_srl_fifo_v1_0_rfs.vhd:397]
INFO: [Synth 8-256] done synthesizing module 'srl_fifo_rbu_f__parameterized6' (90#1) [/home/thomas/mp2_partB/mp2_partB.srcs/sources_1/bd/design_1/ipshared/6039/hdl/lib_srl_fifo_v1_0_rfs.vhd:697]
INFO: [Synth 8-256] done synthesizing module 'srl_fifo_f__parameterized6' (90#1) [/home/thomas/mp2_partB/mp2_partB.srcs/sources_1/bd/design_1/ipshared/6039/hdl/lib_srl_fifo_v1_0_rfs.vhd:1000]
INFO: [Synth 8-256] done synthesizing module 'axi_datamover_fifo__parameterized6' (90#1) [/home/thomas/mp2_partB/mp2_partB.srcs/sources_1/bd/design_1/ipshared/43a6/hdl/axi_datamover_v5_1_vh_rfs.vhd:1881]
INFO: [Synth 8-256] done synthesizing module 'axi_datamover_wr_status_cntl' (91#1) [/home/thomas/mp2_partB/mp2_partB.srcs/sources_1/bd/design_1/ipshared/43a6/hdl/axi_datamover_v5_1_vh_rfs.vhd:17697]
INFO: [Synth 8-638] synthesizing module 'axi_datamover_ibttcc' [/home/thomas/mp2_partB/mp2_partB.srcs/sources_1/bd/design_1/ipshared/43a6/hdl/axi_datamover_v5_1_vh_rfs.vhd:25723]
INFO: [Synth 8-256] done synthesizing module 'axi_datamover_ibttcc' (92#1) [/home/thomas/mp2_partB/mp2_partB.srcs/sources_1/bd/design_1/ipshared/43a6/hdl/axi_datamover_v5_1_vh_rfs.vhd:25723]
INFO: [Synth 8-638] synthesizing module 'axi_datamover_s2mm_realign' [/home/thomas/mp2_partB/mp2_partB.srcs/sources_1/bd/design_1/ipshared/43a6/hdl/axi_datamover_v5_1_vh_rfs.vhd:46998]
INFO: [Synth 8-638] synthesizing module 'axi_datamover_fifo__parameterized7' [/home/thomas/mp2_partB/mp2_partB.srcs/sources_1/bd/design_1/ipshared/43a6/hdl/axi_datamover_v5_1_vh_rfs.vhd:1881]
INFO: [Synth 8-638] synthesizing module 'srl_fifo_f__parameterized7' [/home/thomas/mp2_partB/mp2_partB.srcs/sources_1/bd/design_1/ipshared/6039/hdl/lib_srl_fifo_v1_0_rfs.vhd:1000]
INFO: [Synth 8-638] synthesizing module 'srl_fifo_rbu_f__parameterized7' [/home/thomas/mp2_partB/mp2_partB.srcs/sources_1/bd/design_1/ipshared/6039/hdl/lib_srl_fifo_v1_0_rfs.vhd:697]
INFO: [Synth 8-638] synthesizing module 'dynshreg_f__parameterized7' [/home/thomas/mp2_partB/mp2_partB.srcs/sources_1/bd/design_1/ipshared/6039/hdl/lib_srl_fifo_v1_0_rfs.vhd:397]
INFO: [Synth 8-256] done synthesizing module 'dynshreg_f__parameterized7' (92#1) [/home/thomas/mp2_partB/mp2_partB.srcs/sources_1/bd/design_1/ipshared/6039/hdl/lib_srl_fifo_v1_0_rfs.vhd:397]
INFO: [Synth 8-256] done synthesizing module 'srl_fifo_rbu_f__parameterized7' (92#1) [/home/thomas/mp2_partB/mp2_partB.srcs/sources_1/bd/design_1/ipshared/6039/hdl/lib_srl_fifo_v1_0_rfs.vhd:697]
INFO: [Synth 8-256] done synthesizing module 'srl_fifo_f__parameterized7' (92#1) [/home/thomas/mp2_partB/mp2_partB.srcs/sources_1/bd/design_1/ipshared/6039/hdl/lib_srl_fifo_v1_0_rfs.vhd:1000]
INFO: [Synth 8-256] done synthesizing module 'axi_datamover_fifo__parameterized7' (92#1) [/home/thomas/mp2_partB/mp2_partB.srcs/sources_1/bd/design_1/ipshared/43a6/hdl/axi_datamover_v5_1_vh_rfs.vhd:1881]
INFO: [Synth 8-638] synthesizing module 'axi_datamover_s2mm_scatter' [/home/thomas/mp2_partB/mp2_partB.srcs/sources_1/bd/design_1/ipshared/43a6/hdl/axi_datamover_v5_1_vh_rfs.vhd:45105]
INFO: [Synth 8-638] synthesizing module 'axi_datamover_mssai_skid_buf' [/home/thomas/mp2_partB/mp2_partB.srcs/sources_1/bd/design_1/ipshared/43a6/hdl/axi_datamover_v5_1_vh_rfs.vhd:44155]
INFO: [Synth 8-638] synthesizing module 'axi_datamover_ms_strb_set' [/home/thomas/mp2_partB/mp2_partB.srcs/sources_1/bd/design_1/ipshared/43a6/hdl/axi_datamover_v5_1_vh_rfs.vhd:42595]
INFO: [Synth 8-256] done synthesizing module 'axi_datamover_ms_strb_set' (93#1) [/home/thomas/mp2_partB/mp2_partB.srcs/sources_1/bd/design_1/ipshared/43a6/hdl/axi_datamover_v5_1_vh_rfs.vhd:42595]
INFO: [Synth 8-256] done synthesizing module 'axi_datamover_mssai_skid_buf' (94#1) [/home/thomas/mp2_partB/mp2_partB.srcs/sources_1/bd/design_1/ipshared/43a6/hdl/axi_datamover_v5_1_vh_rfs.vhd:44155]
INFO: [Synth 8-638] synthesizing module 'axi_datamover_slice' [/home/thomas/mp2_partB/mp2_partB.srcs/sources_1/bd/design_1/ipshared/43a6/hdl/axi_datamover_v5_1_vh_rfs.vhd:44844]
INFO: [Synth 8-256] done synthesizing module 'axi_datamover_slice' (95#1) [/home/thomas/mp2_partB/mp2_partB.srcs/sources_1/bd/design_1/ipshared/43a6/hdl/axi_datamover_v5_1_vh_rfs.vhd:44844]
INFO: [Synth 8-638] synthesizing module 'axi_datamover_fifo__parameterized8' [/home/thomas/mp2_partB/mp2_partB.srcs/sources_1/bd/design_1/ipshared/43a6/hdl/axi_datamover_v5_1_vh_rfs.vhd:1881]
INFO: [Synth 8-638] synthesizing module 'srl_fifo_f__parameterized8' [/home/thomas/mp2_partB/mp2_partB.srcs/sources_1/bd/design_1/ipshared/6039/hdl/lib_srl_fifo_v1_0_rfs.vhd:1000]
INFO: [Synth 8-638] synthesizing module 'srl_fifo_rbu_f__parameterized8' [/home/thomas/mp2_partB/mp2_partB.srcs/sources_1/bd/design_1/ipshared/6039/hdl/lib_srl_fifo_v1_0_rfs.vhd:697]
INFO: [Synth 8-638] synthesizing module 'dynshreg_f__parameterized8' [/home/thomas/mp2_partB/mp2_partB.srcs/sources_1/bd/design_1/ipshared/6039/hdl/lib_srl_fifo_v1_0_rfs.vhd:397]
INFO: [Synth 8-256] done synthesizing module 'dynshreg_f__parameterized8' (95#1) [/home/thomas/mp2_partB/mp2_partB.srcs/sources_1/bd/design_1/ipshared/6039/hdl/lib_srl_fifo_v1_0_rfs.vhd:397]
INFO: [Synth 8-256] done synthesizing module 'srl_fifo_rbu_f__parameterized8' (95#1) [/home/thomas/mp2_partB/mp2_partB.srcs/sources_1/bd/design_1/ipshared/6039/hdl/lib_srl_fifo_v1_0_rfs.vhd:697]
INFO: [Synth 8-256] done synthesizing module 'srl_fifo_f__parameterized8' (95#1) [/home/thomas/mp2_partB/mp2_partB.srcs/sources_1/bd/design_1/ipshared/6039/hdl/lib_srl_fifo_v1_0_rfs.vhd:1000]
INFO: [Synth 8-256] done synthesizing module 'axi_datamover_fifo__parameterized8' (95#1) [/home/thomas/mp2_partB/mp2_partB.srcs/sources_1/bd/design_1/ipshared/43a6/hdl/axi_datamover_v5_1_vh_rfs.vhd:1881]
INFO: [Synth 8-256] done synthesizing module 'axi_datamover_s2mm_scatter' (96#1) [/home/thomas/mp2_partB/mp2_partB.srcs/sources_1/bd/design_1/ipshared/43a6/hdl/axi_datamover_v5_1_vh_rfs.vhd:45105]
INFO: [Synth 8-256] done synthesizing module 'axi_datamover_s2mm_realign' (97#1) [/home/thomas/mp2_partB/mp2_partB.srcs/sources_1/bd/design_1/ipshared/43a6/hdl/axi_datamover_v5_1_vh_rfs.vhd:46998]
INFO: [Synth 8-638] synthesizing module 'axi_datamover_indet_btt' [/home/thomas/mp2_partB/mp2_partB.srcs/sources_1/bd/design_1/ipshared/43a6/hdl/axi_datamover_v5_1_vh_rfs.vhd:28422]
INFO: [Synth 8-638] synthesizing module 'axi_datamover_stbs_set_nodre' [/home/thomas/mp2_partB/mp2_partB.srcs/sources_1/bd/design_1/ipshared/43a6/hdl/axi_datamover_v5_1_vh_rfs.vhd:24201]
INFO: [Synth 8-256] done synthesizing module 'axi_datamover_stbs_set_nodre' (98#1) [/home/thomas/mp2_partB/mp2_partB.srcs/sources_1/bd/design_1/ipshared/43a6/hdl/axi_datamover_v5_1_vh_rfs.vhd:24201]
INFO: [Synth 8-638] synthesizing module 'axi_datamover_sfifo_autord__parameterized0' [/home/thomas/mp2_partB/mp2_partB.srcs/sources_1/bd/design_1/ipshared/43a6/hdl/axi_datamover_v5_1_vh_rfs.vhd:1294]
INFO: [Synth 8-638] synthesizing module 'sync_fifo_fg__parameterized0' [/home/thomas/mp2_partB/mp2_partB.srcs/sources_1/bd/design_1/ipshared/c387/hdl/lib_fifo_v1_0_rfs.vhd:2097]
INFO: [Synth 8-256] done synthesizing module 'sync_fifo_fg__parameterized0' (99#1) [/home/thomas/mp2_partB/mp2_partB.srcs/sources_1/bd/design_1/ipshared/c387/hdl/lib_fifo_v1_0_rfs.vhd:2097]
INFO: [Synth 8-256] done synthesizing module 'axi_datamover_sfifo_autord__parameterized0' (99#1) [/home/thomas/mp2_partB/mp2_partB.srcs/sources_1/bd/design_1/ipshared/43a6/hdl/axi_datamover_v5_1_vh_rfs.vhd:1294]
INFO: [Synth 8-638] synthesizing module 'axi_datamover_sfifo_autord__parameterized1' [/home/thomas/mp2_partB/mp2_partB.srcs/sources_1/bd/design_1/ipshared/43a6/hdl/axi_datamover_v5_1_vh_rfs.vhd:1294]
INFO: [Synth 8-638] synthesizing module 'sync_fifo_fg__parameterized1' [/home/thomas/mp2_partB/mp2_partB.srcs/sources_1/bd/design_1/ipshared/c387/hdl/lib_fifo_v1_0_rfs.vhd:2097]
INFO: [Synth 8-256] done synthesizing module 'sync_fifo_fg__parameterized1' (99#1) [/home/thomas/mp2_partB/mp2_partB.srcs/sources_1/bd/design_1/ipshared/c387/hdl/lib_fifo_v1_0_rfs.vhd:2097]
INFO: [Synth 8-256] done synthesizing module 'axi_datamover_sfifo_autord__parameterized1' (99#1) [/home/thomas/mp2_partB/mp2_partB.srcs/sources_1/bd/design_1/ipshared/43a6/hdl/axi_datamover_v5_1_vh_rfs.vhd:1294]
INFO: [Synth 8-638] synthesizing module 'axi_datamover_skid_buf__parameterized0' [/home/thomas/mp2_partB/mp2_partB.srcs/sources_1/bd/design_1/ipshared/43a6/hdl/axi_datamover_v5_1_vh_rfs.vhd:19492]
INFO: [Synth 8-256] done synthesizing module 'axi_datamover_skid_buf__parameterized0' (99#1) [/home/thomas/mp2_partB/mp2_partB.srcs/sources_1/bd/design_1/ipshared/43a6/hdl/axi_datamover_v5_1_vh_rfs.vhd:19492]
INFO: [Synth 8-256] done synthesizing module 'axi_datamover_indet_btt' (100#1) [/home/thomas/mp2_partB/mp2_partB.srcs/sources_1/bd/design_1/ipshared/43a6/hdl/axi_datamover_v5_1_vh_rfs.vhd:28422]
INFO: [Synth 8-638] synthesizing module 'axi_datamover_addr_cntl__parameterized0' [/home/thomas/mp2_partB/mp2_partB.srcs/sources_1/bd/design_1/ipshared/43a6/hdl/axi_datamover_v5_1_vh_rfs.vhd:9995]
INFO: [Synth 8-256] done synthesizing module 'axi_datamover_addr_cntl__parameterized0' (100#1) [/home/thomas/mp2_partB/mp2_partB.srcs/sources_1/bd/design_1/ipshared/43a6/hdl/axi_datamover_v5_1_vh_rfs.vhd:9995]
INFO: [Synth 8-638] synthesizing module 'axi_datamover_wrdata_cntl' [/home/thomas/mp2_partB/mp2_partB.srcs/sources_1/bd/design_1/ipshared/43a6/hdl/axi_datamover_v5_1_vh_rfs.vhd:15669]
INFO: [Synth 8-638] synthesizing module 'axi_datamover_fifo__parameterized9' [/home/thomas/mp2_partB/mp2_partB.srcs/sources_1/bd/design_1/ipshared/43a6/hdl/axi_datamover_v5_1_vh_rfs.vhd:1881]
INFO: [Synth 8-638] synthesizing module 'srl_fifo_f__parameterized9' [/home/thomas/mp2_partB/mp2_partB.srcs/sources_1/bd/design_1/ipshared/6039/hdl/lib_srl_fifo_v1_0_rfs.vhd:1000]
INFO: [Synth 8-638] synthesizing module 'srl_fifo_rbu_f__parameterized9' [/home/thomas/mp2_partB/mp2_partB.srcs/sources_1/bd/design_1/ipshared/6039/hdl/lib_srl_fifo_v1_0_rfs.vhd:697]
INFO: [Synth 8-638] synthesizing module 'dynshreg_f__parameterized9' [/home/thomas/mp2_partB/mp2_partB.srcs/sources_1/bd/design_1/ipshared/6039/hdl/lib_srl_fifo_v1_0_rfs.vhd:397]
INFO: [Synth 8-256] done synthesizing module 'dynshreg_f__parameterized9' (100#1) [/home/thomas/mp2_partB/mp2_partB.srcs/sources_1/bd/design_1/ipshared/6039/hdl/lib_srl_fifo_v1_0_rfs.vhd:397]
INFO: [Synth 8-256] done synthesizing module 'srl_fifo_rbu_f__parameterized9' (100#1) [/home/thomas/mp2_partB/mp2_partB.srcs/sources_1/bd/design_1/ipshared/6039/hdl/lib_srl_fifo_v1_0_rfs.vhd:697]
INFO: [Synth 8-256] done synthesizing module 'srl_fifo_f__parameterized9' (100#1) [/home/thomas/mp2_partB/mp2_partB.srcs/sources_1/bd/design_1/ipshared/6039/hdl/lib_srl_fifo_v1_0_rfs.vhd:1000]
INFO: [Synth 8-256] done synthesizing module 'axi_datamover_fifo__parameterized9' (100#1) [/home/thomas/mp2_partB/mp2_partB.srcs/sources_1/bd/design_1/ipshared/43a6/hdl/axi_datamover_v5_1_vh_rfs.vhd:1881]
INFO: [Synth 8-256] done synthesizing module 'axi_datamover_wrdata_cntl' (101#1) [/home/thomas/mp2_partB/mp2_partB.srcs/sources_1/bd/design_1/ipshared/43a6/hdl/axi_datamover_v5_1_vh_rfs.vhd:15669]
INFO: [Synth 8-638] synthesizing module 'axi_datamover_skid2mm_buf' [/home/thomas/mp2_partB/mp2_partB.srcs/sources_1/bd/design_1/ipshared/43a6/hdl/axi_datamover_v5_1_vh_rfs.vhd:18990]
INFO: [Synth 8-638] synthesizing module 'axi_datamover_wr_demux' [/home/thomas/mp2_partB/mp2_partB.srcs/sources_1/bd/design_1/ipshared/43a6/hdl/axi_datamover_v5_1_vh_rfs.vhd:14112]
INFO: [Synth 8-256] done synthesizing module 'axi_datamover_wr_demux' (102#1) [/home/thomas/mp2_partB/mp2_partB.srcs/sources_1/bd/design_1/ipshared/43a6/hdl/axi_datamover_v5_1_vh_rfs.vhd:14112]
INFO: [Synth 8-256] done synthesizing module 'axi_datamover_skid2mm_buf' (103#1) [/home/thomas/mp2_partB/mp2_partB.srcs/sources_1/bd/design_1/ipshared/43a6/hdl/axi_datamover_v5_1_vh_rfs.vhd:18990]
INFO: [Synth 8-256] done synthesizing module 'axi_datamover_s2mm_full_wrap' (104#1) [/home/thomas/mp2_partB/mp2_partB.srcs/sources_1/bd/design_1/ipshared/43a6/hdl/axi_datamover_v5_1_vh_rfs.vhd:49982]
INFO: [Synth 8-256] done synthesizing module 'axi_datamover' (105#1) [/home/thomas/mp2_partB/mp2_partB.srcs/sources_1/bd/design_1/ipshared/43a6/hdl/axi_datamover_v5_1_vh_rfs.vhd:55410]
INFO: [Synth 8-256] done synthesizing module 'axi_dma' (106#1) [/home/thomas/mp2_partB/mp2_partB.srcs/sources_1/bd/design_1/ipshared/bb0b/hdl/axi_dma_v7_1_vh_rfs.vhd:21830]
INFO: [Synth 8-256] done synthesizing module 'design_1_axi_dma_0_0' (107#1) [/home/thomas/mp2_partB/mp2_partB.srcs/sources_1/bd/design_1/ip/design_1_axi_dma_0_0/synth/design_1_axi_dma_0_0.vhd:158]
Finished RTL Elaboration : Time (s): cpu = 00:03:24 ; elapsed = 00:03:32 . Memory (MB): peak = 1468.367 ; gain = 367.840 ; free physical = 1288 ; free virtual = 4403
Finished RTL Optimization Phase 1 : Time (s): cpu = 00:03:25 ; elapsed = 00:03:33 . Memory (MB): peak = 1468.367 ; gain = 367.840 ; free physical = 1314 ; free virtual = 4428
INFO: [Device 21-403] Loading part xc7z020clg484-1
Constraint Validation Runtime : Time (s): cpu = 00:00:00.13 ; elapsed = 00:00:00.15 . Memory (MB): peak = 1605.379 ; gain = 0.000 ; free physical = 1033 ; free virtual = 4148
Finished Constraint Validation : Time (s): cpu = 00:03:37 ; elapsed = 00:03:47 . Memory (MB): peak = 1605.379 ; gain = 504.852 ; free physical = 1143 ; free virtual = 4257
Finished Loading Part and Timing Information : Time (s): cpu = 00:03:38 ; elapsed = 00:03:47 . Memory (MB): peak = 1605.379 ; gain = 504.852 ; free physical = 1143 ; free virtual = 4257
Finished applying 'set_property' XDC Constraints : Time (s): cpu = 00:03:38 ; elapsed = 00:03:47 . Memory (MB): peak = 1605.379 ; gain = 504.852 ; free physical = 1142 ; free virtual = 4257
Finished RTL Optimization Phase 2 : Time (s): cpu = 00:03:44 ; elapsed = 00:03:55 . Memory (MB): peak = 1605.379 ; gain = 504.852 ; free physical = 1128 ; free virtual = 4243
Finished Cross Boundary and Area Optimization : Time (s): cpu = 00:03:56 ; elapsed = 00:04:08 . Memory (MB): peak = 1605.379 ; gain = 504.852 ; free physical = 1080 ; free virtual = 4196
---------------------------------------------------------------------------------
Start ROM, RAM, DSP and Shift Register Reporting
---------------------------------------------------------------------------------

Distributed RAM: Preliminary Mapping  Report (see note below)
+---------------------+---------------------------------------------------------------------------------------------------------------------------------------------------------------------------------------------------------------------------------+----------------+----------------------+--------------+
|Module Name          | RTL Object                                                                                                                                                                                                                      | Inference      | Size (Depth x Width) | Primitives   | 
+---------------------+---------------------------------------------------------------------------------------------------------------------------------------------------------------------------------------------------------------------------------+----------------+----------------------+--------------+
|U0/I_PRMRY_DATAMOVER | GEN_S2MM_FULL.I_S2MM_FULL_WRAPPER/GEN_ENABLE_INDET_BTT_SF.I_INDET_BTT/I_XD_FIFO/NON_BLK_MEM.I_SYNC_FIFOGEN_FIFO/FAMILY_SUPPORTED.I_SYNC_FIFO_BRAM/inst_fifo_gen/gconvfifo.rf/grf.rf/gntv_or_sync_fifo.mem/gdm.dm_gen.dm/RAM_reg | User Attribute | 8 x 9                | RAM32M x 2   | 
+---------------------+---------------------------------------------------------------------------------------------------------------------------------------------------------------------------------------------------------------------------------+----------------+----------------------+--------------+

Note: The table above is a preliminary report that shows the Distributed RAMs at the current stage of the synthesis flow. Some Distributed RAMs may be reimplemented as non Distributed RAM primitives later in the synthesis flow. Multiple instantiated RAMs are reported only once.
---------------------------------------------------------------------------------
Finished ROM, RAM, DSP and Shift Register Reporting
---------------------------------------------------------------------------------
Finished Applying XDC Timing Constraints : Time (s): cpu = 00:04:02 ; elapsed = 00:04:15 . Memory (MB): peak = 1605.379 ; gain = 504.852 ; free physical = 962 ; free virtual = 4078
Finished Timing Optimization : Time (s): cpu = 00:04:06 ; elapsed = 00:04:18 . Memory (MB): peak = 1635.410 ; gain = 534.883 ; free physical = 932 ; free virtual = 4048
Finished Technology Mapping : Time (s): cpu = 00:04:08 ; elapsed = 00:04:21 . Memory (MB): peak = 1658.629 ; gain = 558.102 ; free physical = 925 ; free virtual = 4041
Finished IO Insertion : Time (s): cpu = 00:04:09 ; elapsed = 00:04:22 . Memory (MB): peak = 1658.629 ; gain = 558.102 ; free physical = 927 ; free virtual = 4043
Finished Renaming Generated Instances : Time (s): cpu = 00:04:09 ; elapsed = 00:04:22 . Memory (MB): peak = 1658.629 ; gain = 558.102 ; free physical = 927 ; free virtual = 4043
Finished Rebuilding User Hierarchy : Time (s): cpu = 00:04:10 ; elapsed = 00:04:22 . Memory (MB): peak = 1658.629 ; gain = 558.102 ; free physical = 927 ; free virtual = 4043
Finished Renaming Generated Ports : Time (s): cpu = 00:04:10 ; elapsed = 00:04:23 . Memory (MB): peak = 1658.629 ; gain = 558.102 ; free physical = 927 ; free virtual = 4043
Finished Handling Custom Attributes : Time (s): cpu = 00:04:10 ; elapsed = 00:04:23 . Memory (MB): peak = 1658.629 ; gain = 558.102 ; free physical = 927 ; free virtual = 4043
Finished Renaming Generated Nets : Time (s): cpu = 00:04:10 ; elapsed = 00:04:23 . Memory (MB): peak = 1658.629 ; gain = 558.102 ; free physical = 927 ; free virtual = 4043

Report Cell Usage: 
+------+---------+------+
|      |Cell     |Count |
+------+---------+------+
|1     |CARRY4   |    49|
|2     |LUT1     |   104|
|3     |LUT2     |   262|
|4     |LUT3     |   528|
|5     |LUT4     |   352|
|6     |LUT5     |   306|
|7     |LUT6     |   521|
|8     |MUXF7    |     1|
|9     |RAM32M   |     2|
|10    |RAMB36E1 |     2|
|11    |SRL16E   |   178|
|12    |FDR      |     8|
|13    |FDRE     |  2971|
|14    |FDSE     |   103|
+------+---------+------+
Finished Writing Synthesis Report : Time (s): cpu = 00:04:10 ; elapsed = 00:04:23 . Memory (MB): peak = 1658.629 ; gain = 558.102 ; free physical = 927 ; free virtual = 4043
synth_design: Time (s): cpu = 00:04:13 ; elapsed = 00:04:25 . Memory (MB): peak = 1658.637 ; gain = 570.695 ; free physical = 1001 ; free virtual = 4117
