Copyright 1986-2017 Xilinx, Inc. All Rights Reserved.
-----------------------------------------------------------------------------------------------
| Tool Version : Vivado v.2017.2 (lin64) Build 1909853 Thu Jun 15 18:39:10 MDT 2017
| Date         : Mon Sep 10 22:51:05 2018
| Host         : andrew-vm running 64-bit Ubuntu 17.10
| Command      : report_control_sets -verbose -file axi_switch_wrapper_control_sets_placed.rpt
| Design       : axi_switch_wrapper
| Device       : xc7z020
-----------------------------------------------------------------------------------------------

Control Set Information

Table of Contents
-----------------
1. Summary
2. Flip-Flop Distribution
3. Detailed Control Set Information

1. Summary
----------

+----------------------------------------------------------+-------+
|                          Status                          | Count |
+----------------------------------------------------------+-------+
| Number of unique control sets                            |    34 |
| Unused register locations in slices containing registers |    64 |
+----------------------------------------------------------+-------+


2. Flip-Flop Distribution
-------------------------

+--------------+-----------------------+------------------------+-----------------+--------------+
| Clock Enable | Synchronous Set/Reset | Asynchronous Set/Reset | Total Registers | Total Slices |
+--------------+-----------------------+------------------------+-----------------+--------------+
| No           | No                    | No                     |             143 |           49 |
| No           | No                    | Yes                    |               0 |            0 |
| No           | Yes                   | No                     |             107 |           30 |
| Yes          | No                    | No                     |             340 |           79 |
| Yes          | No                    | Yes                    |               0 |            0 |
| Yes          | Yes                   | No                     |              58 |           16 |
+--------------+-----------------------+------------------------+-----------------+--------------+


3. Detailed Control Set Information
-----------------------------------

+---------------------------------------------------+-----------------------------------------------------------------------------------------------------------------------------------------------------------------+--------------------------------------------------------------------------------------------------------------------------------------------+------------------+----------------+
|                    Clock Signal                   |                                                                          Enable Signal                                                                          |                                                              Set/Reset Signal                                                              | Slice Load Count | Bel Load Count |
+---------------------------------------------------+-----------------------------------------------------------------------------------------------------------------------------------------------------------------+--------------------------------------------------------------------------------------------------------------------------------------------+------------------+----------------+
|  axi_switch_i/processing_system7_0/inst/FCLK_CLK0 | axi_switch_i/ps7_0_axi_periph/s00_couplers/auto_pc/inst/gen_axilite.gen_b2s_conv.axilite_b2s/WR.b_channel_0/bid_fifo_0/bresp_push                               |                                                                                                                                            |                1 |              2 |
|  axi_switch_i/processing_system7_0/inst/FCLK_CLK0 |                                                                                                                                                                 | axi_switch_i/ps7_0_axi_periph/s00_couplers/auto_pc/inst/gen_axilite.gen_b2s_conv.axilite_b2s/SI_REG/ar_pipe/m_valid_i_reg_0                |                2 |              4 |
|  axi_switch_i/processing_system7_0/inst/FCLK_CLK0 | axi_switch_i/ps7_0_axi_periph/s00_couplers/auto_pc/inst/gen_axilite.gen_b2s_conv.axilite_b2s/WR.aw_channel_0/aw_cmd_fsm_0/axaddr_wrap_reg[0]                    | axi_switch_i/ps7_0_axi_periph/s00_couplers/auto_pc/inst/gen_axilite.gen_b2s_conv.axilite_b2s/WR.aw_channel_0/aw_cmd_fsm_0/axlen_cnt_reg[7] |                2 |              4 |
|  axi_switch_i/processing_system7_0/inst/FCLK_CLK0 | axi_switch_i/ps7_0_axi_periph/s00_couplers/auto_pc/inst/gen_axilite.gen_b2s_conv.axilite_b2s/RD.ar_channel_0/ar_cmd_fsm_0/axlen_cnt_reg[4][0]                   | axi_switch_i/ps7_0_axi_periph/s00_couplers/auto_pc/inst/gen_axilite.gen_b2s_conv.axilite_b2s/RD.ar_channel_0/ar_cmd_fsm_0/axlen_cnt_reg[7] |                2 |              4 |
|  axi_switch_i/processing_system7_0/inst/FCLK_CLK0 | axi_switch_i/axi_gpio_0/U0/AXI_LITE_IPIF_I/I_SLAVE_ATTACHMENT/start2_i_1_n_0                                                                                    | axi_switch_i/axi_gpio_0/U0/AXI_LITE_IPIF_I/I_SLAVE_ATTACHMENT/bus2ip_rnw_i_reg_0                                                           |                2 |              4 |
|  axi_switch_i/processing_system7_0/inst/FCLK_CLK0 |                                                                                                                                                                 | axi_switch_i/rst_ps7_0_100M/U0/EXT_LPF/lpf_int                                                                                             |                2 |              4 |
|  axi_switch_i/processing_system7_0/inst/FCLK_CLK0 |                                                                                                                                                                 | axi_switch_i/ps7_0_axi_periph/s00_couplers/auto_pc/inst/gen_axilite.gen_b2s_conv.axilite_b2s/SI_REG/aw_pipe/s_ready_i_reg_0                |                2 |              4 |
|  axi_switch_i/processing_system7_0/inst/FCLK_CLK0 |                                                                                                                                                                 | axi_switch_i/axi_gpio_0/U0/AXI_LITE_IPIF_I/I_SLAVE_ATTACHMENT/clear                                                                        |                1 |              4 |
|  axi_switch_i/processing_system7_0/inst/FCLK_CLK0 | axi_switch_i/rst_ps7_0_100M/U0/SEQ/seq_cnt_en                                                                                                                   | axi_switch_i/rst_ps7_0_100M/U0/SEQ/SEQ_COUNTER/clear                                                                                       |                1 |              6 |
|  axi_switch_i/processing_system7_0/inst/FCLK_CLK0 | axi_switch_i/ps7_0_axi_periph/s00_couplers/auto_pc/inst/gen_axilite.gen_b2s_conv.axilite_b2s/WR.b_channel_0/mhandshake_r                                        | axi_switch_i/ps7_0_axi_periph/s00_couplers/auto_pc/inst/gen_axilite.gen_b2s_conv.axilite_b2s/WR.b_channel_0/bid_fifo_0/SR[0]               |                3 |              8 |
|  axi_switch_i/processing_system7_0/inst/FCLK_CLK0 | axi_switch_i/axi_gpio_0/U0/AXI_LITE_IPIF_I/I_SLAVE_ATTACHMENT/s_axi_rdata_i                                                                                     | axi_switch_i/axi_gpio_0/U0/AXI_LITE_IPIF_I/I_SLAVE_ATTACHMENT/bus2ip_rnw_i_reg_0                                                           |                1 |              8 |
|  axi_switch_i/processing_system7_0/inst/FCLK_CLK0 | axi_switch_i/axi_gpio_0/U0/AXI_LITE_IPIF_I/I_SLAVE_ATTACHMENT/I_DECODER/E[0]                                                                                    | axi_switch_i/axi_gpio_0/U0/AXI_LITE_IPIF_I/I_SLAVE_ATTACHMENT/bus2ip_rnw_i_reg_0                                                           |                1 |              8 |
|  axi_switch_i/processing_system7_0/inst/FCLK_CLK0 | axi_switch_i/ps7_0_axi_periph/s00_couplers/auto_pc/inst/gen_axilite.gen_b2s_conv.axilite_b2s/WR.aw_channel_0/cmd_translator_0/incr_cmd_0/axaddr_incr[0]_i_1_n_0 |                                                                                                                                            |                3 |             12 |
|  axi_switch_i/processing_system7_0/inst/FCLK_CLK0 | axi_switch_i/ps7_0_axi_periph/s00_couplers/auto_pc/inst/gen_axilite.gen_b2s_conv.axilite_b2s/RD.ar_channel_0/ar_cmd_fsm_0/E[0]                                  |                                                                                                                                            |                4 |             12 |
|  axi_switch_i/processing_system7_0/inst/FCLK_CLK0 | axi_switch_i/ps7_0_axi_periph/s00_couplers/auto_pc/inst/gen_axilite.gen_b2s_conv.axilite_b2s/WR.aw_channel_0/aw_cmd_fsm_0/E[0]                                  |                                                                                                                                            |                6 |             12 |
|  axi_switch_i/processing_system7_0/inst/FCLK_CLK0 | axi_switch_i/ps7_0_axi_periph/s00_couplers/auto_pc/inst/gen_axilite.gen_b2s_conv.axilite_b2s/RD.ar_channel_0/ar_cmd_fsm_0/axaddr_incr_reg[11]                   |                                                                                                                                            |                3 |             12 |
|  axi_switch_i/processing_system7_0/inst/FCLK_CLK0 | axi_switch_i/ps7_0_axi_periph/s00_couplers/auto_pc/inst/gen_axilite.gen_b2s_conv.axilite_b2s/RD.r_channel_0/r_push_r                                            |                                                                                                                                            |                4 |             13 |
|  axi_switch_i/processing_system7_0/inst/FCLK_CLK0 | axi_switch_i/ps7_0_axi_periph/s00_couplers/auto_pc/inst/gen_axilite.gen_b2s_conv.axilite_b2s/SI_REG/b_pipe/p_1_in                                               |                                                                                                                                            |                2 |             14 |
|  axi_switch_i/processing_system7_0/inst/FCLK_CLK0 | axi_switch_i/ps7_0_axi_periph/s00_couplers/auto_pc/inst/gen_axilite.gen_b2s_conv.axilite_b2s/SI_REG/b_pipe/skid_buffer_reg[0]_0                                 |                                                                                                                                            |                3 |             14 |
|  axi_switch_i/processing_system7_0/inst/FCLK_CLK0 | axi_switch_i/axi_gpio_0/U0/AXI_LITE_IPIF_I/I_SLAVE_ATTACHMENT/I_DECODER/Dual.gpio_Data_Out_reg[0][0]                                                            | axi_switch_i/axi_gpio_0/U0/AXI_LITE_IPIF_I/I_SLAVE_ATTACHMENT/bus2ip_rnw_i_reg_0                                                           |                4 |             16 |
|  axi_switch_i/processing_system7_0/inst/FCLK_CLK0 |                                                                                                                                                                 | axi_switch_i/axi_gpio_0/U0/AXI_LITE_IPIF_I/I_SLAVE_ATTACHMENT/I_DECODER/Read_Reg_Rst                                                       |                4 |             16 |
|  axi_switch_i/processing_system7_0/inst/FCLK_CLK0 | axi_switch_i/ps7_0_axi_periph/s00_couplers/auto_pc/inst/gen_axilite.gen_b2s_conv.axilite_b2s/WR.aw_channel_0/aw_cmd_fsm_0/b_push                                |                                                                                                                                            |                3 |             16 |
|  axi_switch_i/processing_system7_0/inst/FCLK_CLK0 |                                                                                                                                                                 | axi_switch_i/axi_gpio_0/U0/AXI_LITE_IPIF_I/I_SLAVE_ATTACHMENT/bus2ip_rnw_i_reg_0                                                           |                7 |             19 |
|  axi_switch_i/processing_system7_0/inst/FCLK_CLK0 | axi_switch_i/ps7_0_axi_periph/s00_couplers/auto_pc/inst/gen_axilite.gen_b2s_conv.axilite_b2s/RD.ar_channel_0/ar_cmd_fsm_0/axlen_cnt_reg[4][0]                   |                                                                                                                                            |                8 |             21 |
|  axi_switch_i/processing_system7_0/inst/FCLK_CLK0 | axi_switch_i/ps7_0_axi_periph/s00_couplers/auto_pc/inst/gen_axilite.gen_b2s_conv.axilite_b2s/WR.aw_channel_0/aw_cmd_fsm_0/axaddr_wrap_reg[0]                    |                                                                                                                                            |                6 |             21 |
|  axi_switch_i/processing_system7_0/inst/FCLK_CLK0 | axi_switch_i/ps7_0_axi_periph/s00_couplers/auto_pc/inst/gen_axilite.gen_b2s_conv.axilite_b2s/SI_REG/ar_pipe/s_axi_arready                                       |                                                                                                                                            |                8 |             32 |
|  axi_switch_i/processing_system7_0/inst/FCLK_CLK0 | axi_switch_i/ps7_0_axi_periph/s00_couplers/auto_pc/inst/gen_axilite.gen_b2s_conv.axilite_b2s/WR.aw_channel_0/aw_cmd_fsm_0/m_payload_i_reg[0][0]                 |                                                                                                                                            |                8 |             32 |
|  axi_switch_i/processing_system7_0/inst/FCLK_CLK0 | axi_switch_i/ps7_0_axi_periph/s00_couplers/auto_pc/inst/gen_axilite.gen_b2s_conv.axilite_b2s/RD.ar_channel_0/ar_cmd_fsm_0/m_payload_i_reg[0]_1[0]               |                                                                                                                                            |                6 |             32 |
|  axi_switch_i/processing_system7_0/inst/FCLK_CLK0 | axi_switch_i/ps7_0_axi_periph/s00_couplers/auto_pc/inst/gen_axilite.gen_b2s_conv.axilite_b2s/SI_REG/aw_pipe/s_axi_awready                                       |                                                                                                                                            |                7 |             32 |
|  axi_switch_i/processing_system7_0/inst/FCLK_CLK0 | axi_switch_i/ps7_0_axi_periph/s00_couplers/auto_pc/inst/gen_axilite.gen_b2s_conv.axilite_b2s/RD.r_channel_0/rd_data_fifo_0/wr_en0                               |                                                                                                                                            |                9 |             34 |
|  axi_switch_i/processing_system7_0/inst/FCLK_CLK0 | axi_switch_i/ps7_0_axi_periph/s00_couplers/auto_pc/inst/gen_axilite.gen_b2s_conv.axilite_b2s/SI_REG/r_pipe/skid_buffer_reg[0]_0                                 |                                                                                                                                            |                8 |             47 |
|  axi_switch_i/processing_system7_0/inst/FCLK_CLK0 | axi_switch_i/ps7_0_axi_periph/s00_couplers/auto_pc/inst/gen_axilite.gen_b2s_conv.axilite_b2s/SI_REG/r_pipe/p_1_in                                               |                                                                                                                                            |                7 |             47 |
|  axi_switch_i/processing_system7_0/inst/FCLK_CLK0 |                                                                                                                                                                 | axi_switch_i/ps7_0_axi_periph/s00_couplers/auto_pc/inst/gen_axilite.gen_b2s_conv.axilite_b2s/areset_d1                                     |               12 |             56 |
|  axi_switch_i/processing_system7_0/inst/FCLK_CLK0 |                                                                                                                                                                 |                                                                                                                                            |               50 |            144 |
+---------------------------------------------------+-----------------------------------------------------------------------------------------------------------------------------------------------------------------+--------------------------------------------------------------------------------------------------------------------------------------------+------------------+----------------+


+--------+-----------------------+
| Fanout | Number of ControlSets |
+--------+-----------------------+
| 2      |                     1 |
| 4      |                     7 |
| 6      |                     1 |
| 8      |                     3 |
| 12     |                     4 |
| 13     |                     1 |
| 14     |                     2 |
| 16+    |                    15 |
+--------+-----------------------+


