Unable to capture context for thread 14484 in process 10160, can not generate back trace
Exception at PC 0x00007FFAAFAEBB93
Printing stacktrace...

[0]  [0x00007FFAAFAEBB93]
[1]  [0x00007FFAAFAEBB93]
[2]  [0x00007FFAAFAEB4A1]
[3]  [0x00007FFAAFAEB3EF]
[4]  [0x00007FFAAFAD19FE]
[5]  [0x00007FFAAFAD0ED1]
[6]  [0x00007FFAAFAD0D76]
[7]  [0x00007FFAAFA779F6]
[8]  [0x00007FFAAFA67AFB]
[9]  [0x00007FFAAFB8E90A]
[10]  [0x00007FFAAFBA9F87]
[11]  [0x00007FFAAFBAA05F]
[12] (BaseThreadInitThunk+0x14) [0x00007FFB4ECC3034]
[13] (RtlUserThreadStart+0x21) [0x00007FFB517E1461]
Done
Exception at PC 0x00007FFAAF7F1A52
Attemped to write at address 0x00007FFADAC8ABA4
Printing stacktrace...

[0]  [0x00007FFAAF7F1A52]
[1]  [0x00007FFAAF7F1A52]
[2]  [0x00007FFAAF7F1AD4]
[3]  [0x00007FFAAF933FF7]
[4]  [0x00007FFAAF819128]
[5]  [0x00007FFAAFACDFB9]
[6]  [0x00007FFAAFC9EF23]
[7]  [0x00007FFAAFBAB06B]
[8]  [0x00007FFAAFBA08AF]
[9]  [0x00007FFAAFBA0A32]
[10] (RtlActivateActivationContextUnsafeFast+0x123) [0x00007FFB517A4053]
[11] (LdrShutdownProcess+0x125) [0x00007FFB517B0A05]
[12] (RtlExitUserProcess+0xd8) [0x00007FFB517B08C8]
[13] (FatalExit+0xa) [0x00007FFB4ECCB19A]
[14] (exit+0x75) [0x00007FFB51279CE5]
[15] (initterm_e+0x235) [0x00007FFB5127A345]
[16]  [0x00000000004014CD]
[17]  [0x000000000040151B]
[18] (BaseThreadInitThunk+0x14) [0x00007FFB4ECC3034]
[19] (RtlUserThreadStart+0x21) [0x00007FFB517E1461]
Done
