#-----------------------------------------------------------
# Webtalk v2017.2 (64-bit)
# SW Build 1909853 on Thu Jun 15 18:39:10 MDT 2017
# 
# Start of session at: Mon Sep 10 23:19:59 2018
# Process ID: 10945
# Current directory: /home/andrew/ece527/mp1/part3/axi_interface_simple.sdk/webtalk
# Command line: wbtcv -mode batch -source sdk_webtalk.tcl
# Log file: /home/andrew/ece527/mp1/part3/axi_interface_simple.sdk/webtalk/webtalk.log
# Journal file: /home/andrew/ece527/mp1/part3/axi_interface_simple.sdk/webtalk/webtalk.jou
#-----------------------------------------------------------
source sdk_webtalk.tcl
# webtalk_init -webtalk_dir /home/andrew/ece527/mp1/part3/axi_interface_simple.sdk/webtalk
# webtalk_register_client -client project
# webtalk_add_data -client project -key date_generated -value "2018-09-10 23:19:58" -context "software_version_and_target_device"
# webtalk_add_data -client project -key product_version -value "SDK v2017.2" -context "software_version_and_target_device"
# webtalk_add_data -client project -key build_version -value "2017.2" -context "software_version_and_target_device"
# webtalk_add_data -client project -key os_platform -value "amd64" -context "software_version_and_target_device"
# webtalk_add_data -client project -key registration_id -value "" -context "software_version_and_target_device"
# webtalk_add_data -client project -key tool_flow -value "SDK" -context "software_version_and_target_device"
# webtalk_add_data -client project -key beta -value "false" -context "software_version_and_target_device"
# webtalk_add_data -client project -key route_design -value "NA" -context "software_version_and_target_device"
# webtalk_add_data -client project -key target_family -value "NA" -context "software_version_and_target_device"
# webtalk_add_data -client project -key target_device -value "NA" -context "software_version_and_target_device"
# webtalk_add_data -client project -key target_package -value "NA" -context "software_version_and_target_device"
# webtalk_add_data -client project -key target_speed -value "NA" -context "software_version_and_target_device"
# webtalk_add_data -client project -key random_id -value "e88697918lh9iqr08p9m91it7a" -context "software_version_and_target_device"
# webtalk_add_data -client project -key project_id -value "2017.2_3" -context "software_version_and_target_device"
# webtalk_add_data -client project -key project_iteration -value "3" -context "software_version_and_target_device"
# webtalk_add_data -client project -key os_name -value "Ubuntu" -context "user_environment"
# webtalk_add_data -client project -key os_release -value "Ubuntu 17.10" -context "user_environment"
# webtalk_add_data -client project -key cpu_name -value "Intel(R) Core(TM) i7-7500U CPU @ 2.70GHz" -context "user_environment"
# webtalk_add_data -client project -key cpu_speed -value "2904.004 MHz" -context "user_environment"
# webtalk_add_data -client project -key total_processors -value "1" -context "user_environment"
# webtalk_add_data -client project -key system_ram -value "4.000 GB" -context "user_environment"
# webtalk_register_client -client sdk
# webtalk_add_data -client sdk -key uid -value "1536638168000" -context "sdk\\\\bsp/1536638168000"
# webtalk_add_data -client sdk -key hwid -value "1536635781000" -context "sdk\\\\bsp/1536638168000"
# webtalk_add_data -client sdk -key os -value "standalone" -context "sdk\\\\bsp/1536638168000"
# webtalk_add_data -client sdk -key apptemplate -value "hello_world" -context "sdk\\\\bsp/1536638168000"
# webtalk_add_data -client sdk -key RecordType -value "BSPCreation" -context "sdk\\\\bsp/1536638168000"
# webtalk_add_data -client sdk -key uid -value "1536638169000" -context "sdk\\\\application/1536638169000"
# webtalk_add_data -client sdk -key hwid -value "1536635781000" -context "sdk\\\\application/1536638169000"
# webtalk_add_data -client sdk -key bspid -value "1536638168000" -context "sdk\\\\application/1536638169000"
# webtalk_add_data -client sdk -key newbsp -value "true" -context "sdk\\\\application/1536638169000"
# webtalk_add_data -client sdk -key os -value "standalone" -context "sdk\\\\application/1536638169000"
# webtalk_add_data -client sdk -key apptemplate -value "hello_world" -context "sdk\\\\application/1536638169000"
# webtalk_add_data -client sdk -key RecordType -value "APPCreation" -context "sdk\\\\application/1536638169000"
# webtalk_add_data -client sdk -key LangUsed -value "C" -context "sdk\\\\application/1536638169000"
# webtalk_add_data -client sdk -key Procused -value "ps7_cortexa9" -context "sdk\\\\application/1536638169000"
# webtalk_add_data -client sdk -key projSize -value "188.671875" -context "sdk\\\\application/1536638169000"
# webtalk_add_data -client sdk -key uid -value "NA" -context "sdk\\\\bsp/1536639598398"
# webtalk_add_data -client sdk -key RecordType -value "ToolUsage" -context "sdk\\\\bsp/1536639598398"
# webtalk_add_data -client sdk -key BootgenCount -value "0" -context "sdk\\\\bsp/1536639598398"
# webtalk_add_data -client sdk -key DebugCount -value "0" -context "sdk\\\\bsp/1536639598398"
# webtalk_add_data -client sdk -key PerfCount -value "0" -context "sdk\\\\bsp/1536639598398"
# webtalk_add_data -client sdk -key FlashCount -value "0" -context "sdk\\\\bsp/1536639598398"
# webtalk_add_data -client sdk -key CrossTriggCount -value "0" -context "sdk\\\\bsp/1536639598398"
# webtalk_add_data -client sdk -key QemuDebugCount -value "0" -context "sdk\\\\bsp/1536639598398"
# webtalk_transmit -clientid 4289950488 -regid "" -xml /home/andrew/ece527/mp1/part3/axi_interface_simple.sdk/webtalk/usage_statistics_ext_sdk.xml -html /home/andrew/ece527/mp1/part3/axi_interface_simple.sdk/webtalk/usage_statistics_ext_sdk.html -wdm /home/andrew/ece527/mp1/part3/axi_interface_simple.sdk/webtalk/sdk_webtalk.wdm -intro "<H3>SDK Usage Report</H3><BR>"
INFO: [Common 17-186] '/home/andrew/ece527/mp1/part3/axi_interface_simple.sdk/webtalk/usage_statistics_ext_sdk.xml' has been successfully sent to Xilinx on Mon Sep 10 23:20:01 2018. For additional details about this file, please refer to the WebTalk help file at /opt/Xilinx/SDK/2017.2/doc/webtalk_introduction.html.
# webtalk_terminate
INFO: [Common 17-206] Exiting Webtalk at Mon Sep 10 23:20:01 2018...
