#-----------------------------------------------------------
# Vivado v2017.2 (64-bit)
# SW Build 1909853 on Thu Jun 15 18:39:09 MDT 2017
# IP Build 1909766 on Thu Jun 15 19:58:00 MDT 2017
# Start of session at: Sun Oct 28 21:15:24 2018
# Process ID: 1700
# Current directory: C:/Users/atsmith3/Downloads/Tutorial_Files/accelerator_demo
# Command line: vivado.exe -gui_launcher_event rodinguilauncherevent7760 C:\Users\atsmith3\Downloads\Tutorial_Files\accelerator_demo\accelerator_demo.xpr
# Log file: C:/Users/atsmith3/Downloads/Tutorial_Files/accelerator_demo/vivado.log
# Journal file: C:/Users/atsmith3/Downloads/Tutorial_Files/accelerator_demo\vivado.jou
#-----------------------------------------------------------
start_gui
open_project C:/Users/atsmith3/Downloads/Tutorial_Files/accelerator_demo/accelerator_demo.xpr
INFO: [Project 1-313] Project file moved from 'F:/ECE527/MP4/Tutorial_Files/accelerator_demo' since last save.
Scanning sources...
Finished scanning sources
INFO: [IP_Flow 19-234] Refreshing IP repositories
INFO: [IP_Flow 19-1700] Loaded user IP repository 'c:/Users/atsmith3/Downloads/Tutorial_Files/accelerator_hls/vector_multiplier'.
INFO: [IP_Flow 19-2313] Loaded Vivado IP repository 'C:/Xilinx/Vivado/2017.2/data/ip'.
open_project: Time (s): cpu = 00:00:19 ; elapsed = 00:00:15 . Memory (MB): peak = 854.617 ; gain = 148.793
update_compile_order -fileset sources_1
open_bd_design {C:/Users/atsmith3/Downloads/Tutorial_Files/accelerator_demo/accelerator_demo.srcs/sources_1/bd/accelerator_bd/accelerator_bd.bd}
Adding cell -- xilinx.com:ip:processing_system7:5.5 - processing_system7_0
Adding cell -- xilinx.com:hls:vector_multiplier:1.0 - vector_multiplier_0
Adding cell -- xilinx.com:ip:proc_sys_reset:5.0 - rst_ps7_0_100M
Adding cell -- xilinx.com:ip:smartconnect:1.0 - axi_smc
Adding cell -- xilinx.com:ip:smartconnect:1.0 - axi_smc_1
Adding cell -- xilinx.com:ip:smartconnect:1.0 - axi_smc_2
Adding cell -- xilinx.com:ip:axi_timer:2.0 - axi_timer_0
Adding cell -- xilinx.com:ip:axi_crossbar:2.1 - xbar
Adding cell -- xilinx.com:ip:axi_protocol_converter:2.1 - auto_pc
Successfully read diagram <accelerator_bd> from BD file <C:/Users/atsmith3/Downloads/Tutorial_Files/accelerator_demo/accelerator_demo.srcs/sources_1/bd/accelerator_bd/accelerator_bd.bd>
open_bd_design: Time (s): cpu = 00:00:08 ; elapsed = 00:00:10 . Memory (MB): peak = 931.281 ; gain = 76.664
launch_sdk -workspace C:/Users/atsmith3/Downloads/Tutorial_Files/accelerator_demo/accelerator_demo.sdk -hwspec C:/Users/atsmith3/Downloads/Tutorial_Files/accelerator_demo/accelerator_demo.sdk/accelerator_bd_wrapper.hdf
INFO: [Vivado 12-393] Launching SDK...
INFO: [Vivado 12-417] Running xsdk -workspace C:/Users/atsmith3/Downloads/Tutorial_Files/accelerator_demo/accelerator_demo.sdk -hwspec C:/Users/atsmith3/Downloads/Tutorial_Files/accelerator_demo/accelerator_demo.sdk/accelerator_bd_wrapper.hdf
INFO: [Vivado 12-3157] SDK launch initiated. Please check console for any further messages.
open_hw
connect_hw_server
INFO: [Labtools 27-2285] Connecting to hw_server url TCP:localhost:3121
INFO: [Labtools 27-2222] Launching hw_server...
INFO: [Labtools 27-2221] Launch Output:

****** Xilinx hw_server v2017.2
  **** Build date : Jun 15 2017-18:53:26
    ** Copyright 1986-2017 Xilinx, Inc. All Rights Reserved.


open_hw_target
INFO: [Labtoolstcl 44-466] Opening hw_target localhost:3121/xilinx_tcf/Digilent/210248685988
set_property PROGRAM.FILE {C:/Users/atsmith3/Downloads/Tutorial_Files/accelerator_demo/accelerator_demo.runs/impl_1/accelerator_bd_wrapper.bit} [get_hw_devices xc7z020_1]
current_hw_device [get_hw_devices xc7z020_1]
refresh_hw_device -update_hw_probes false [lindex [get_hw_devices xc7z020_1] 0]
INFO: [Labtools 27-1435] Device xc7z020 (JTAG device index = 1) is not programmed (DONE status = 0).
set_property PROBES.FILE {} [get_hw_devices xc7z020_1]
set_property FULL_PROBES.FILE {} [get_hw_devices xc7z020_1]
set_property PROGRAM.FILE {C:/Users/atsmith3/Downloads/Tutorial_Files/accelerator_demo/accelerator_demo.runs/impl_1/accelerator_bd_wrapper.bit} [get_hw_devices xc7z020_1]
program_hw_devices [get_hw_devices xc7z020_1]
INFO: [Labtools 27-3164] End of startup status: HIGH
refresh_hw_device [lindex [get_hw_devices xc7z020_1] 0]
INFO: [Labtools 27-1434] Device xc7z020 (JTAG device index = 1) is programmed with a design that has no supported debug core(s) in it.
WARNING: [Labtools 27-3361] The debug hub core was not detected.
Resolution: 
1. Make sure the clock connected to the debug hub (dbg_hub) core is a free running clock and is active.
2. Make sure the BSCAN_SWITCH_USER_MASK device property in Vivado Hardware Manager reflects the user scan chain setting in the design and refresh the device.  To determine the user scan chain setting in the design, open the implemented design and use 'get_property C_USER_SCAN_CHAIN [get_debug_cores dbg_hub]'.
For more details on setting the scan chain property, consult the Vivado Debug and Programming User Guide (UG908).
ERROR: [Labtoolstcl 44-513] HW Target shutdown. Closing target: localhost:3121/xilinx_tcf/Digilent/210248685988
exit
INFO: [Common 17-206] Exiting Vivado at Sun Oct 28 22:01:03 2018...
