
*** Running vivado
    with args -log axi_switch_auto_pc_0.vds -m64 -product Vivado -mode batch -messageDb vivado.pb -notrace -source axi_switch_auto_pc_0.tcl


****** Vivado v2017.2 (64-bit)
  **** SW Build 1909853 on Thu Jun 15 18:39:10 MDT 2017
  **** IP Build 1909766 on Thu Jun 15 19:58:00 MDT 2017
    ** Copyright 1986-2017 Xilinx, Inc. All Rights Reserved.

CRITICAL WARNING: [Common 17-741] No write access right to the local Tcl store at '/home/andrew/.Xilinx/Vivado/2017.2/XilinxTclStore'. XilinxTclStore is reverted to the installation area. If you want to use local Tcl Store, please change the access right and relaunch Vivado.
source axi_switch_auto_pc_0.tcl -notrace
Starting RTL Elaboration : Time (s): cpu = 00:00:07 ; elapsed = 00:00:08 . Memory (MB): peak = 1158.164 ; gain = 57.996 ; free physical = 439 ; free virtual = 3681
INFO: [Synth 8-638] synthesizing module 'axi_switch_auto_pc_0' [/home/andrew/ece527/mp1/part3/axi_interface_simple.srcs/sources_1/bd/axi_switch/ip/axi_switch_auto_pc_0/synth/axi_switch_auto_pc_0.v:58]
INFO: [Synth 8-638] synthesizing module 'axi_protocol_converter_v2_1_13_axi_protocol_converter' [/home/andrew/ece527/mp1/part3/axi_interface_simple.srcs/sources_1/bd/axi_switch/ipshared/f0ae/hdl/axi_protocol_converter_v2_1_vl_rfs.v:4811]
INFO: [Synth 8-638] synthesizing module 'axi_protocol_converter_v2_1_13_b2s' [/home/andrew/ece527/mp1/part3/axi_interface_simple.srcs/sources_1/bd/axi_switch/ipshared/f0ae/hdl/axi_protocol_converter_v2_1_vl_rfs.v:4229]
INFO: [Synth 8-638] synthesizing module 'axi_protocol_converter_v2_1_13_b2s_aw_channel' [/home/andrew/ece527/mp1/part3/axi_interface_simple.srcs/sources_1/bd/axi_switch/ipshared/f0ae/hdl/axi_protocol_converter_v2_1_vl_rfs.v:3974]
INFO: [Synth 8-638] synthesizing module 'axi_protocol_converter_v2_1_13_b2s_cmd_translator' [/home/andrew/ece527/mp1/part3/axi_interface_simple.srcs/sources_1/bd/axi_switch/ipshared/f0ae/hdl/axi_protocol_converter_v2_1_vl_rfs.v:3467]
INFO: [Synth 8-638] synthesizing module 'axi_protocol_converter_v2_1_13_b2s_incr_cmd' [/home/andrew/ece527/mp1/part3/axi_interface_simple.srcs/sources_1/bd/axi_switch/ipshared/f0ae/hdl/axi_protocol_converter_v2_1_vl_rfs.v:3093]
INFO: [Synth 8-256] done synthesizing module 'axi_protocol_converter_v2_1_13_b2s_incr_cmd' (1#1) [/home/andrew/ece527/mp1/part3/axi_interface_simple.srcs/sources_1/bd/axi_switch/ipshared/f0ae/hdl/axi_protocol_converter_v2_1_vl_rfs.v:3093]
INFO: [Synth 8-638] synthesizing module 'axi_protocol_converter_v2_1_13_b2s_wrap_cmd' [/home/andrew/ece527/mp1/part3/axi_interface_simple.srcs/sources_1/bd/axi_switch/ipshared/f0ae/hdl/axi_protocol_converter_v2_1_vl_rfs.v:2903]
INFO: [Synth 8-256] done synthesizing module 'axi_protocol_converter_v2_1_13_b2s_wrap_cmd' (2#1) [/home/andrew/ece527/mp1/part3/axi_interface_simple.srcs/sources_1/bd/axi_switch/ipshared/f0ae/hdl/axi_protocol_converter_v2_1_vl_rfs.v:2903]
INFO: [Synth 8-256] done synthesizing module 'axi_protocol_converter_v2_1_13_b2s_cmd_translator' (3#1) [/home/andrew/ece527/mp1/part3/axi_interface_simple.srcs/sources_1/bd/axi_switch/ipshared/f0ae/hdl/axi_protocol_converter_v2_1_vl_rfs.v:3467]
INFO: [Synth 8-638] synthesizing module 'axi_protocol_converter_v2_1_13_b2s_wr_cmd_fsm' [/home/andrew/ece527/mp1/part3/axi_interface_simple.srcs/sources_1/bd/axi_switch/ipshared/f0ae/hdl/axi_protocol_converter_v2_1_vl_rfs.v:3225]
INFO: [Synth 8-256] done synthesizing module 'axi_protocol_converter_v2_1_13_b2s_wr_cmd_fsm' (4#1) [/home/andrew/ece527/mp1/part3/axi_interface_simple.srcs/sources_1/bd/axi_switch/ipshared/f0ae/hdl/axi_protocol_converter_v2_1_vl_rfs.v:3225]
INFO: [Synth 8-256] done synthesizing module 'axi_protocol_converter_v2_1_13_b2s_aw_channel' (5#1) [/home/andrew/ece527/mp1/part3/axi_interface_simple.srcs/sources_1/bd/axi_switch/ipshared/f0ae/hdl/axi_protocol_converter_v2_1_vl_rfs.v:3974]
INFO: [Synth 8-638] synthesizing module 'axi_protocol_converter_v2_1_13_b2s_b_channel' [/home/andrew/ece527/mp1/part3/axi_interface_simple.srcs/sources_1/bd/axi_switch/ipshared/f0ae/hdl/axi_protocol_converter_v2_1_vl_rfs.v:3609]
INFO: [Synth 8-638] synthesizing module 'axi_protocol_converter_v2_1_13_b2s_simple_fifo' [/home/andrew/ece527/mp1/part3/axi_interface_simple.srcs/sources_1/bd/axi_switch/ipshared/f0ae/hdl/axi_protocol_converter_v2_1_vl_rfs.v:2816]
INFO: [Synth 8-256] done synthesizing module 'axi_protocol_converter_v2_1_13_b2s_simple_fifo' (6#1) [/home/andrew/ece527/mp1/part3/axi_interface_simple.srcs/sources_1/bd/axi_switch/ipshared/f0ae/hdl/axi_protocol_converter_v2_1_vl_rfs.v:2816]
INFO: [Synth 8-638] synthesizing module 'axi_protocol_converter_v2_1_13_b2s_simple_fifo__parameterized0' [/home/andrew/ece527/mp1/part3/axi_interface_simple.srcs/sources_1/bd/axi_switch/ipshared/f0ae/hdl/axi_protocol_converter_v2_1_vl_rfs.v:2816]
INFO: [Synth 8-256] done synthesizing module 'axi_protocol_converter_v2_1_13_b2s_simple_fifo__parameterized0' (6#1) [/home/andrew/ece527/mp1/part3/axi_interface_simple.srcs/sources_1/bd/axi_switch/ipshared/f0ae/hdl/axi_protocol_converter_v2_1_vl_rfs.v:2816]
INFO: [Synth 8-256] done synthesizing module 'axi_protocol_converter_v2_1_13_b2s_b_channel' (7#1) [/home/andrew/ece527/mp1/part3/axi_interface_simple.srcs/sources_1/bd/axi_switch/ipshared/f0ae/hdl/axi_protocol_converter_v2_1_vl_rfs.v:3609]
INFO: [Synth 8-638] synthesizing module 'axi_protocol_converter_v2_1_13_b2s_ar_channel' [/home/andrew/ece527/mp1/part3/axi_interface_simple.srcs/sources_1/bd/axi_switch/ipshared/f0ae/hdl/axi_protocol_converter_v2_1_vl_rfs.v:4085]
INFO: [Synth 8-638] synthesizing module 'axi_protocol_converter_v2_1_13_b2s_rd_cmd_fsm' [/home/andrew/ece527/mp1/part3/axi_interface_simple.srcs/sources_1/bd/axi_switch/ipshared/f0ae/hdl/axi_protocol_converter_v2_1_vl_rfs.v:3336]
INFO: [Synth 8-256] done synthesizing module 'axi_protocol_converter_v2_1_13_b2s_rd_cmd_fsm' (8#1) [/home/andrew/ece527/mp1/part3/axi_interface_simple.srcs/sources_1/bd/axi_switch/ipshared/f0ae/hdl/axi_protocol_converter_v2_1_vl_rfs.v:3336]
INFO: [Synth 8-256] done synthesizing module 'axi_protocol_converter_v2_1_13_b2s_ar_channel' (9#1) [/home/andrew/ece527/mp1/part3/axi_interface_simple.srcs/sources_1/bd/axi_switch/ipshared/f0ae/hdl/axi_protocol_converter_v2_1_vl_rfs.v:4085]
INFO: [Synth 8-638] synthesizing module 'axi_protocol_converter_v2_1_13_b2s_r_channel' [/home/andrew/ece527/mp1/part3/axi_interface_simple.srcs/sources_1/bd/axi_switch/ipshared/f0ae/hdl/axi_protocol_converter_v2_1_vl_rfs.v:3814]
INFO: [Synth 8-638] synthesizing module 'axi_protocol_converter_v2_1_13_b2s_simple_fifo__parameterized1' [/home/andrew/ece527/mp1/part3/axi_interface_simple.srcs/sources_1/bd/axi_switch/ipshared/f0ae/hdl/axi_protocol_converter_v2_1_vl_rfs.v:2816]
INFO: [Synth 8-256] done synthesizing module 'axi_protocol_converter_v2_1_13_b2s_simple_fifo__parameterized1' (9#1) [/home/andrew/ece527/mp1/part3/axi_interface_simple.srcs/sources_1/bd/axi_switch/ipshared/f0ae/hdl/axi_protocol_converter_v2_1_vl_rfs.v:2816]
INFO: [Synth 8-638] synthesizing module 'axi_protocol_converter_v2_1_13_b2s_simple_fifo__parameterized2' [/home/andrew/ece527/mp1/part3/axi_interface_simple.srcs/sources_1/bd/axi_switch/ipshared/f0ae/hdl/axi_protocol_converter_v2_1_vl_rfs.v:2816]
INFO: [Synth 8-256] done synthesizing module 'axi_protocol_converter_v2_1_13_b2s_simple_fifo__parameterized2' (9#1) [/home/andrew/ece527/mp1/part3/axi_interface_simple.srcs/sources_1/bd/axi_switch/ipshared/f0ae/hdl/axi_protocol_converter_v2_1_vl_rfs.v:2816]
INFO: [Synth 8-256] done synthesizing module 'axi_protocol_converter_v2_1_13_b2s_r_channel' (10#1) [/home/andrew/ece527/mp1/part3/axi_interface_simple.srcs/sources_1/bd/axi_switch/ipshared/f0ae/hdl/axi_protocol_converter_v2_1_vl_rfs.v:3814]
INFO: [Synth 8-638] synthesizing module 'axi_register_slice_v2_1_13_axi_register_slice' [/home/andrew/ece527/mp1/part3/axi_interface_simple.srcs/sources_1/bd/axi_switch/ipshared/55c0/hdl/axi_register_slice_v2_1_vl_rfs.v:791]
INFO: [Synth 8-638] synthesizing module 'axi_infrastructure_v1_1_0_axi2vector' [/home/andrew/ece527/mp1/part3/axi_interface_simple.srcs/sources_1/bd/axi_switch/ipshared/7e3a/hdl/axi_infrastructure_v1_1_vl_rfs.v:60]
INFO: [Synth 8-256] done synthesizing module 'axi_infrastructure_v1_1_0_axi2vector' (11#1) [/home/andrew/ece527/mp1/part3/axi_interface_simple.srcs/sources_1/bd/axi_switch/ipshared/7e3a/hdl/axi_infrastructure_v1_1_vl_rfs.v:60]
INFO: [Synth 8-638] synthesizing module 'axi_register_slice_v2_1_13_axic_register_slice' [/home/andrew/ece527/mp1/part3/axi_interface_simple.srcs/sources_1/bd/axi_switch/ipshared/55c0/hdl/axi_register_slice_v2_1_vl_rfs.v:85]
INFO: [Synth 8-256] done synthesizing module 'axi_register_slice_v2_1_13_axic_register_slice' (12#1) [/home/andrew/ece527/mp1/part3/axi_interface_simple.srcs/sources_1/bd/axi_switch/ipshared/55c0/hdl/axi_register_slice_v2_1_vl_rfs.v:85]
INFO: [Synth 8-638] synthesizing module 'axi_register_slice_v2_1_13_axic_register_slice__parameterized0' [/home/andrew/ece527/mp1/part3/axi_interface_simple.srcs/sources_1/bd/axi_switch/ipshared/55c0/hdl/axi_register_slice_v2_1_vl_rfs.v:85]
INFO: [Synth 8-256] done synthesizing module 'axi_register_slice_v2_1_13_axic_register_slice__parameterized0' (12#1) [/home/andrew/ece527/mp1/part3/axi_interface_simple.srcs/sources_1/bd/axi_switch/ipshared/55c0/hdl/axi_register_slice_v2_1_vl_rfs.v:85]
INFO: [Synth 8-638] synthesizing module 'axi_register_slice_v2_1_13_axic_register_slice__parameterized1' [/home/andrew/ece527/mp1/part3/axi_interface_simple.srcs/sources_1/bd/axi_switch/ipshared/55c0/hdl/axi_register_slice_v2_1_vl_rfs.v:85]
INFO: [Synth 8-256] done synthesizing module 'axi_register_slice_v2_1_13_axic_register_slice__parameterized1' (12#1) [/home/andrew/ece527/mp1/part3/axi_interface_simple.srcs/sources_1/bd/axi_switch/ipshared/55c0/hdl/axi_register_slice_v2_1_vl_rfs.v:85]
INFO: [Synth 8-638] synthesizing module 'axi_register_slice_v2_1_13_axic_register_slice__parameterized2' [/home/andrew/ece527/mp1/part3/axi_interface_simple.srcs/sources_1/bd/axi_switch/ipshared/55c0/hdl/axi_register_slice_v2_1_vl_rfs.v:85]
INFO: [Synth 8-256] done synthesizing module 'axi_register_slice_v2_1_13_axic_register_slice__parameterized2' (12#1) [/home/andrew/ece527/mp1/part3/axi_interface_simple.srcs/sources_1/bd/axi_switch/ipshared/55c0/hdl/axi_register_slice_v2_1_vl_rfs.v:85]
INFO: [Synth 8-638] synthesizing module 'axi_infrastructure_v1_1_0_vector2axi' [/home/andrew/ece527/mp1/part3/axi_interface_simple.srcs/sources_1/bd/axi_switch/ipshared/7e3a/hdl/axi_infrastructure_v1_1_vl_rfs.v:474]
INFO: [Synth 8-256] done synthesizing module 'axi_infrastructure_v1_1_0_vector2axi' (13#1) [/home/andrew/ece527/mp1/part3/axi_interface_simple.srcs/sources_1/bd/axi_switch/ipshared/7e3a/hdl/axi_infrastructure_v1_1_vl_rfs.v:474]
INFO: [Synth 8-256] done synthesizing module 'axi_register_slice_v2_1_13_axi_register_slice' (14#1) [/home/andrew/ece527/mp1/part3/axi_interface_simple.srcs/sources_1/bd/axi_switch/ipshared/55c0/hdl/axi_register_slice_v2_1_vl_rfs.v:791]
INFO: [Synth 8-638] synthesizing module 'axi_register_slice_v2_1_13_axi_register_slice__parameterized0' [/home/andrew/ece527/mp1/part3/axi_interface_simple.srcs/sources_1/bd/axi_switch/ipshared/55c0/hdl/axi_register_slice_v2_1_vl_rfs.v:791]
INFO: [Synth 8-638] synthesizing module 'axi_infrastructure_v1_1_0_axi2vector__parameterized0' [/home/andrew/ece527/mp1/part3/axi_interface_simple.srcs/sources_1/bd/axi_switch/ipshared/7e3a/hdl/axi_infrastructure_v1_1_vl_rfs.v:60]
INFO: [Synth 8-256] done synthesizing module 'axi_infrastructure_v1_1_0_axi2vector__parameterized0' (14#1) [/home/andrew/ece527/mp1/part3/axi_interface_simple.srcs/sources_1/bd/axi_switch/ipshared/7e3a/hdl/axi_infrastructure_v1_1_vl_rfs.v:60]
INFO: [Synth 8-638] synthesizing module 'axi_register_slice_v2_1_13_axic_register_slice__parameterized3' [/home/andrew/ece527/mp1/part3/axi_interface_simple.srcs/sources_1/bd/axi_switch/ipshared/55c0/hdl/axi_register_slice_v2_1_vl_rfs.v:85]
INFO: [Synth 8-256] done synthesizing module 'axi_register_slice_v2_1_13_axic_register_slice__parameterized3' (14#1) [/home/andrew/ece527/mp1/part3/axi_interface_simple.srcs/sources_1/bd/axi_switch/ipshared/55c0/hdl/axi_register_slice_v2_1_vl_rfs.v:85]
INFO: [Synth 8-638] synthesizing module 'axi_register_slice_v2_1_13_axic_register_slice__parameterized4' [/home/andrew/ece527/mp1/part3/axi_interface_simple.srcs/sources_1/bd/axi_switch/ipshared/55c0/hdl/axi_register_slice_v2_1_vl_rfs.v:85]
INFO: [Synth 8-256] done synthesizing module 'axi_register_slice_v2_1_13_axic_register_slice__parameterized4' (14#1) [/home/andrew/ece527/mp1/part3/axi_interface_simple.srcs/sources_1/bd/axi_switch/ipshared/55c0/hdl/axi_register_slice_v2_1_vl_rfs.v:85]
INFO: [Synth 8-638] synthesizing module 'axi_register_slice_v2_1_13_axic_register_slice__parameterized5' [/home/andrew/ece527/mp1/part3/axi_interface_simple.srcs/sources_1/bd/axi_switch/ipshared/55c0/hdl/axi_register_slice_v2_1_vl_rfs.v:85]
INFO: [Synth 8-256] done synthesizing module 'axi_register_slice_v2_1_13_axic_register_slice__parameterized5' (14#1) [/home/andrew/ece527/mp1/part3/axi_interface_simple.srcs/sources_1/bd/axi_switch/ipshared/55c0/hdl/axi_register_slice_v2_1_vl_rfs.v:85]
INFO: [Synth 8-638] synthesizing module 'axi_register_slice_v2_1_13_axic_register_slice__parameterized6' [/home/andrew/ece527/mp1/part3/axi_interface_simple.srcs/sources_1/bd/axi_switch/ipshared/55c0/hdl/axi_register_slice_v2_1_vl_rfs.v:85]
INFO: [Synth 8-256] done synthesizing module 'axi_register_slice_v2_1_13_axic_register_slice__parameterized6' (14#1) [/home/andrew/ece527/mp1/part3/axi_interface_simple.srcs/sources_1/bd/axi_switch/ipshared/55c0/hdl/axi_register_slice_v2_1_vl_rfs.v:85]
INFO: [Synth 8-638] synthesizing module 'axi_infrastructure_v1_1_0_vector2axi__parameterized0' [/home/andrew/ece527/mp1/part3/axi_interface_simple.srcs/sources_1/bd/axi_switch/ipshared/7e3a/hdl/axi_infrastructure_v1_1_vl_rfs.v:474]
INFO: [Synth 8-256] done synthesizing module 'axi_infrastructure_v1_1_0_vector2axi__parameterized0' (14#1) [/home/andrew/ece527/mp1/part3/axi_interface_simple.srcs/sources_1/bd/axi_switch/ipshared/7e3a/hdl/axi_infrastructure_v1_1_vl_rfs.v:474]
INFO: [Synth 8-256] done synthesizing module 'axi_register_slice_v2_1_13_axi_register_slice__parameterized0' (14#1) [/home/andrew/ece527/mp1/part3/axi_interface_simple.srcs/sources_1/bd/axi_switch/ipshared/55c0/hdl/axi_register_slice_v2_1_vl_rfs.v:791]
INFO: [Synth 8-256] done synthesizing module 'axi_protocol_converter_v2_1_13_b2s' (15#1) [/home/andrew/ece527/mp1/part3/axi_interface_simple.srcs/sources_1/bd/axi_switch/ipshared/f0ae/hdl/axi_protocol_converter_v2_1_vl_rfs.v:4229]
INFO: [Synth 8-256] done synthesizing module 'axi_protocol_converter_v2_1_13_axi_protocol_converter' (16#1) [/home/andrew/ece527/mp1/part3/axi_interface_simple.srcs/sources_1/bd/axi_switch/ipshared/f0ae/hdl/axi_protocol_converter_v2_1_vl_rfs.v:4811]
INFO: [Synth 8-256] done synthesizing module 'axi_switch_auto_pc_0' (17#1) [/home/andrew/ece527/mp1/part3/axi_interface_simple.srcs/sources_1/bd/axi_switch/ip/axi_switch_auto_pc_0/synth/axi_switch_auto_pc_0.v:58]
Finished RTL Elaboration : Time (s): cpu = 00:01:29 ; elapsed = 00:01:32 . Memory (MB): peak = 1279.664 ; gain = 179.496 ; free physical = 440 ; free virtual = 3682
Finished RTL Optimization Phase 1 : Time (s): cpu = 00:01:29 ; elapsed = 00:01:33 . Memory (MB): peak = 1279.664 ; gain = 179.496 ; free physical = 443 ; free virtual = 3685
INFO: [Device 21-403] Loading part xc7z020clg484-1
Constraint Validation Runtime : Time (s): cpu = 00:00:00.12 ; elapsed = 00:00:00.13 . Memory (MB): peak = 1521.949 ; gain = 0.000 ; free physical = 180 ; free virtual = 3423
Finished Constraint Validation : Time (s): cpu = 00:01:47 ; elapsed = 00:01:51 . Memory (MB): peak = 1521.949 ; gain = 421.781 ; free physical = 266 ; free virtual = 3509
Finished Loading Part and Timing Information : Time (s): cpu = 00:01:47 ; elapsed = 00:01:51 . Memory (MB): peak = 1521.949 ; gain = 421.781 ; free physical = 266 ; free virtual = 3509
Finished applying 'set_property' XDC Constraints : Time (s): cpu = 00:01:47 ; elapsed = 00:01:51 . Memory (MB): peak = 1521.949 ; gain = 421.781 ; free physical = 268 ; free virtual = 3510
Finished RTL Optimization Phase 2 : Time (s): cpu = 00:01:48 ; elapsed = 00:01:53 . Memory (MB): peak = 1521.949 ; gain = 421.781 ; free physical = 259 ; free virtual = 3502
Finished Cross Boundary and Area Optimization : Time (s): cpu = 00:01:51 ; elapsed = 00:01:56 . Memory (MB): peak = 1521.949 ; gain = 421.781 ; free physical = 234 ; free virtual = 3477
Finished Applying XDC Timing Constraints : Time (s): cpu = 00:02:06 ; elapsed = 00:02:12 . Memory (MB): peak = 1521.949 ; gain = 421.781 ; free physical = 105 ; free virtual = 3348
Finished Timing Optimization : Time (s): cpu = 00:02:09 ; elapsed = 00:02:15 . Memory (MB): peak = 1546.559 ; gain = 446.391 ; free physical = 134 ; free virtual = 3323
Finished Technology Mapping : Time (s): cpu = 00:02:10 ; elapsed = 00:02:16 . Memory (MB): peak = 1554.566 ; gain = 454.398 ; free physical = 134 ; free virtual = 3324
Finished IO Insertion : Time (s): cpu = 00:02:11 ; elapsed = 00:02:17 . Memory (MB): peak = 1554.566 ; gain = 454.398 ; free physical = 135 ; free virtual = 3324
Finished Renaming Generated Instances : Time (s): cpu = 00:02:11 ; elapsed = 00:02:17 . Memory (MB): peak = 1554.566 ; gain = 454.398 ; free physical = 135 ; free virtual = 3324
Finished Rebuilding User Hierarchy : Time (s): cpu = 00:02:12 ; elapsed = 00:02:18 . Memory (MB): peak = 1554.566 ; gain = 454.398 ; free physical = 135 ; free virtual = 3324
Finished Renaming Generated Ports : Time (s): cpu = 00:02:12 ; elapsed = 00:02:18 . Memory (MB): peak = 1554.566 ; gain = 454.398 ; free physical = 135 ; free virtual = 3324
Finished Handling Custom Attributes : Time (s): cpu = 00:02:12 ; elapsed = 00:02:18 . Memory (MB): peak = 1554.566 ; gain = 454.398 ; free physical = 135 ; free virtual = 3324
Finished Renaming Generated Nets : Time (s): cpu = 00:02:12 ; elapsed = 00:02:18 . Memory (MB): peak = 1554.566 ; gain = 454.398 ; free physical = 135 ; free virtual = 3324

Report Cell Usage: 
+------+--------+------+
|      |Cell    |Count |
+------+--------+------+
|1     |CARRY4  |    18|
|2     |LUT1    |    38|
|3     |LUT2    |    18|
|4     |LUT3    |   236|
|5     |LUT4    |    48|
|6     |LUT5    |    73|
|7     |LUT6    |   103|
|8     |SRL16E  |    18|
|9     |SRLC32E |    47|
|10    |FDRE    |   550|
|11    |FDSE    |    48|
+------+--------+------+
Finished Writing Synthesis Report : Time (s): cpu = 00:02:12 ; elapsed = 00:02:18 . Memory (MB): peak = 1554.566 ; gain = 454.398 ; free physical = 135 ; free virtual = 3324
synth_design: Time (s): cpu = 00:02:15 ; elapsed = 00:02:21 . Memory (MB): peak = 1554.574 ; gain = 466.992 ; free physical = 186 ; free virtual = 3375
