
*** Running vivado
    with args -log block_49.vds -m64 -product Vivado -mode batch -messageDb vivado.pb -notrace -source block_49.tcl


****** Vivado v2017.2 (64-bit)
  **** SW Build 1909853 on Thu Jun 15 18:39:10 MDT 2017
  **** IP Build 1909766 on Thu Jun 15 19:58:00 MDT 2017
    ** Copyright 1986-2017 Xilinx, Inc. All Rights Reserved.

source block_49.tcl -notrace
Starting RTL Elaboration : Time (s): cpu = 00:00:04 ; elapsed = 00:00:05 . Memory (MB): peak = 1154.523 ; gain = 53.996 ; free physical = 1609 ; free virtual = 4513
INFO: [Synth 8-638] synthesizing module 'block_49' [/home/thomas/ece527/mp2/PmodOLED_Source/mp2_partA.srcs/sources_1/ip/block_49/synth/block_49.vhd:67]
INFO: [Synth 8-256] done synthesizing module 'block_49' (9#1) [/home/thomas/ece527/mp2/PmodOLED_Source/mp2_partA.srcs/sources_1/ip/block_49/synth/block_49.vhd:67]
Finished RTL Elaboration : Time (s): cpu = 00:00:45 ; elapsed = 00:00:52 . Memory (MB): peak = 1355.922 ; gain = 255.395 ; free physical = 1596 ; free virtual = 4501
Finished RTL Optimization Phase 1 : Time (s): cpu = 00:00:45 ; elapsed = 00:00:53 . Memory (MB): peak = 1355.922 ; gain = 255.395 ; free physical = 1599 ; free virtual = 4503
INFO: [Device 21-403] Loading part xc7z020clg484-1
Constraint Validation Runtime : Time (s): cpu = 00:00:00.01 ; elapsed = 00:00:00.01 . Memory (MB): peak = 1435.926 ; gain = 0.000 ; free physical = 1357 ; free virtual = 4262
Finished Constraint Validation : Time (s): cpu = 00:00:55 ; elapsed = 00:01:03 . Memory (MB): peak = 1435.926 ; gain = 335.398 ; free physical = 1436 ; free virtual = 4341
Finished Loading Part and Timing Information : Time (s): cpu = 00:00:55 ; elapsed = 00:01:04 . Memory (MB): peak = 1435.926 ; gain = 335.398 ; free physical = 1436 ; free virtual = 4341
Finished applying 'set_property' XDC Constraints : Time (s): cpu = 00:00:55 ; elapsed = 00:01:04 . Memory (MB): peak = 1435.926 ; gain = 335.398 ; free physical = 1438 ; free virtual = 4343
Finished RTL Optimization Phase 2 : Time (s): cpu = 00:00:55 ; elapsed = 00:01:04 . Memory (MB): peak = 1435.926 ; gain = 335.398 ; free physical = 1430 ; free virtual = 4334
Finished Cross Boundary and Area Optimization : Time (s): cpu = 00:00:55 ; elapsed = 00:01:04 . Memory (MB): peak = 1435.926 ; gain = 335.398 ; free physical = 1430 ; free virtual = 4334
Finished Applying XDC Timing Constraints : Time (s): cpu = 00:01:01 ; elapsed = 00:01:11 . Memory (MB): peak = 1471.926 ; gain = 371.398 ; free physical = 1301 ; free virtual = 4206
Finished Timing Optimization : Time (s): cpu = 00:01:01 ; elapsed = 00:01:11 . Memory (MB): peak = 1471.926 ; gain = 371.398 ; free physical = 1301 ; free virtual = 4206
Finished Technology Mapping : Time (s): cpu = 00:01:01 ; elapsed = 00:01:11 . Memory (MB): peak = 1481.941 ; gain = 381.414 ; free physical = 1300 ; free virtual = 4205
Finished IO Insertion : Time (s): cpu = 00:01:01 ; elapsed = 00:01:12 . Memory (MB): peak = 1481.941 ; gain = 381.414 ; free physical = 1300 ; free virtual = 4205
Finished Renaming Generated Instances : Time (s): cpu = 00:01:01 ; elapsed = 00:01:12 . Memory (MB): peak = 1481.941 ; gain = 381.414 ; free physical = 1300 ; free virtual = 4205
Finished Rebuilding User Hierarchy : Time (s): cpu = 00:01:01 ; elapsed = 00:01:12 . Memory (MB): peak = 1481.941 ; gain = 381.414 ; free physical = 1300 ; free virtual = 4205
Finished Renaming Generated Ports : Time (s): cpu = 00:01:01 ; elapsed = 00:01:12 . Memory (MB): peak = 1481.941 ; gain = 381.414 ; free physical = 1300 ; free virtual = 4205
Finished Handling Custom Attributes : Time (s): cpu = 00:01:01 ; elapsed = 00:01:12 . Memory (MB): peak = 1481.941 ; gain = 381.414 ; free physical = 1300 ; free virtual = 4205
Finished Renaming Generated Nets : Time (s): cpu = 00:01:01 ; elapsed = 00:01:12 . Memory (MB): peak = 1481.941 ; gain = 381.414 ; free physical = 1300 ; free virtual = 4205

Report Cell Usage: 
+------+---------+------+
|      |Cell     |Count |
+------+---------+------+
|1     |RAMB18E1 |     1|
+------+---------+------+
Finished Writing Synthesis Report : Time (s): cpu = 00:01:01 ; elapsed = 00:01:12 . Memory (MB): peak = 1481.941 ; gain = 381.414 ; free physical = 1300 ; free virtual = 4205
synth_design: Time (s): cpu = 00:01:02 ; elapsed = 00:01:13 . Memory (MB): peak = 1486.941 ; gain = 399.000 ; free physical = 1328 ; free virtual = 4233
