02:14:01 INFO  : Registering command handlers for SDK TCF services
02:14:08 INFO  : Launching XSCT server: xsct -n -interactive /home/andrew/ece527/mp2/mp2a.sdk/temp_xsdb_launch_script.tcl
02:14:11 INFO  : XSCT server has started successfully.
02:14:15 INFO  : Successfully done setting XSCT server connection channel  
02:14:15 INFO  : Successfully done setting SDK workspace  
02:14:15 INFO  : Processing command line option -hwspec /home/andrew/ece527/mp2/mp2a.sdk/mp1a_hardware_wrapper.hdf.
12:00:10 INFO  : 'targets -set -filter {jtag_cable_name =~ "Digilent Zed 210248470634" && level==0} -index 1' command is executed.
12:00:10 INFO  : 'fpga -state' command is executed.
12:00:13 INFO  : Memory regions updated for context APU
12:04:03 INFO  : 'targets -set -filter {jtag_cable_name =~ "Digilent Zed 210248470634" && level==0} -index 1' command is executed.
12:04:03 INFO  : 'fpga -state' command is executed.
12:04:03 INFO  : Connected to target on host '127.0.0.1' and port '3121'.
12:04:03 INFO  : Jtag cable 'Digilent Zed 210248470634' is selected.
12:04:03 INFO  : 'jtag frequency' command is executed.
12:04:03 INFO  : Sourcing of '/home/andrew/ece527/mp2/mp2a.sdk/mp1a_hardware_wrapper_hw_platform_0/ps7_init.tcl' is done.
12:04:03 INFO  : Context for 'APU' is selected.
12:04:03 INFO  : Hardware design information is loaded from '/home/andrew/ece527/mp2/mp2a.sdk/mp1a_hardware_wrapper_hw_platform_0/system.hdf'.
12:04:03 INFO  : 'configparams force-mem-access 1' command is executed.
12:04:04 INFO  : Context for 'APU' is selected.
12:04:04 INFO  : 'stop' command is executed.
12:04:05 INFO  : 'ps7_init' command is executed.
12:04:05 INFO  : 'ps7_post_config' command is executed.
12:04:05 INFO  : Context for processor 'ps7_cortexa9_0' is selected.
12:04:05 INFO  : Processor reset is completed for 'ps7_cortexa9_0'.
12:04:05 INFO  : Context for processor 'ps7_cortexa9_0' is selected.
12:04:05 INFO  : The application '/home/andrew/ece527/mp2/mp2a.sdk/oled_ctrl/Debug/oled_ctrl.elf' is downloaded to processor 'ps7_cortexa9_0'.
12:04:05 INFO  : 'configparams force-mem-access 0' command is executed.
12:04:05 INFO  : ----------------XSDB Script----------------
connect -url tcp:127.0.0.1:3121
source /home/andrew/ece527/mp2/mp2a.sdk/mp1a_hardware_wrapper_hw_platform_0/ps7_init.tcl
targets -set -nocase -filter {name =~"APU*" && jtag_cable_name =~ "Digilent Zed 210248470634"} -index 0
loadhw -hw /home/andrew/ece527/mp2/mp2a.sdk/mp1a_hardware_wrapper_hw_platform_0/system.hdf -mem-ranges [list {0x40000000 0xbfffffff}]
configparams force-mem-access 1
targets -set -nocase -filter {name =~"APU*" && jtag_cable_name =~ "Digilent Zed 210248470634"} -index 0
stop
ps7_init
ps7_post_config
targets -set -nocase -filter {name =~ "ARM*#0" && jtag_cable_name =~ "Digilent Zed 210248470634"} -index 0
rst -processor
targets -set -nocase -filter {name =~ "ARM*#0" && jtag_cable_name =~ "Digilent Zed 210248470634"} -index 0
dow /home/andrew/ece527/mp2/mp2a.sdk/oled_ctrl/Debug/oled_ctrl.elf
configparams force-mem-access 0
----------------End of Script----------------

12:04:05 INFO  : Memory regions updated for context APU
12:04:06 INFO  : Context for processor 'ps7_cortexa9_0' is selected.
12:04:06 INFO  : 'con' command is executed.
12:04:06 INFO  : ----------------XSDB Script (After Launch)----------------
targets -set -nocase -filter {name =~ "ARM*#0" && jtag_cable_name =~ "Digilent Zed 210248470634"} -index 0
con
----------------End of Script----------------

12:04:06 INFO  : Launch script is exported to file '/home/andrew/ece527/mp2/mp2a.sdk/.sdk/launch_scripts/xilinx_c-c++_application_(system_debugger)/system_debugger_using_debug_oled_ctrl.elf_on_local.tcl'
12:05:31 INFO  : Disconnected from the channel tcfchan#1.
12:05:32 INFO  : 'targets -set -filter {jtag_cable_name =~ "Digilent Zed 210248470634" && level==0} -index 1' command is executed.
12:05:32 INFO  : 'fpga -state' command is executed.
12:05:32 INFO  : Connected to target on host '127.0.0.1' and port '3121'.
12:05:32 INFO  : Jtag cable 'Digilent Zed 210248470634' is selected.
12:05:32 INFO  : 'jtag frequency' command is executed.
12:05:32 INFO  : Sourcing of '/home/andrew/ece527/mp2/mp2a.sdk/mp1a_hardware_wrapper_hw_platform_0/ps7_init.tcl' is done.
12:05:32 INFO  : Context for 'APU' is selected.
12:05:36 INFO  : Hardware design information is loaded from '/home/andrew/ece527/mp2/mp2a.sdk/mp1a_hardware_wrapper_hw_platform_0/system.hdf'.
12:05:36 INFO  : 'configparams force-mem-access 1' command is executed.
12:05:36 INFO  : Context for 'APU' is selected.
12:05:36 INFO  : 'stop' command is executed.
12:05:37 INFO  : 'ps7_init' command is executed.
12:05:37 INFO  : 'ps7_post_config' command is executed.
12:05:37 INFO  : Context for processor 'ps7_cortexa9_0' is selected.
12:05:37 INFO  : Processor reset is completed for 'ps7_cortexa9_0'.
12:05:37 INFO  : Context for processor 'ps7_cortexa9_0' is selected.
12:05:38 INFO  : The application '/home/andrew/ece527/mp2/mp2a.sdk/oled_ctrl/Debug/oled_ctrl.elf' is downloaded to processor 'ps7_cortexa9_0'.
12:05:38 INFO  : 'configparams force-mem-access 0' command is executed.
12:05:38 INFO  : ----------------XSDB Script----------------
connect -url tcp:127.0.0.1:3121
source /home/andrew/ece527/mp2/mp2a.sdk/mp1a_hardware_wrapper_hw_platform_0/ps7_init.tcl
targets -set -nocase -filter {name =~"APU*" && jtag_cable_name =~ "Digilent Zed 210248470634"} -index 0
loadhw -hw /home/andrew/ece527/mp2/mp2a.sdk/mp1a_hardware_wrapper_hw_platform_0/system.hdf -mem-ranges [list {0x40000000 0xbfffffff}]
configparams force-mem-access 1
targets -set -nocase -filter {name =~"APU*" && jtag_cable_name =~ "Digilent Zed 210248470634"} -index 0
stop
ps7_init
ps7_post_config
targets -set -nocase -filter {name =~ "ARM*#0" && jtag_cable_name =~ "Digilent Zed 210248470634"} -index 0
rst -processor
targets -set -nocase -filter {name =~ "ARM*#0" && jtag_cable_name =~ "Digilent Zed 210248470634"} -index 0
dow /home/andrew/ece527/mp2/mp2a.sdk/oled_ctrl/Debug/oled_ctrl.elf
configparams force-mem-access 0
----------------End of Script----------------

12:05:38 INFO  : Memory regions updated for context APU
12:05:38 INFO  : Context for processor 'ps7_cortexa9_0' is selected.
12:05:38 INFO  : 'con' command is executed.
12:05:38 INFO  : ----------------XSDB Script (After Launch)----------------
targets -set -nocase -filter {name =~ "ARM*#0" && jtag_cable_name =~ "Digilent Zed 210248470634"} -index 0
con
----------------End of Script----------------

12:05:38 INFO  : Launch script is exported to file '/home/andrew/ece527/mp2/mp2a.sdk/.sdk/launch_scripts/xilinx_c-c++_application_(system_debugger)/system_debugger_using_debug_oled_ctrl.elf_on_local.tcl'
12:15:23 INFO  : Disconnected from the channel tcfchan#2.
12:15:25 INFO  : 'targets -set -filter {jtag_cable_name =~ "Digilent Zed 210248470634" && level==0} -index 1' command is executed.
12:15:25 INFO  : 'fpga -state' command is executed.
12:15:25 INFO  : Connected to target on host '127.0.0.1' and port '3121'.
12:15:25 INFO  : Jtag cable 'Digilent Zed 210248470634' is selected.
12:15:25 INFO  : 'jtag frequency' command is executed.
12:15:25 INFO  : Sourcing of '/home/andrew/ece527/mp2/mp2a.sdk/mp1a_hardware_wrapper_hw_platform_0/ps7_init.tcl' is done.
12:15:25 INFO  : Context for 'APU' is selected.
12:15:29 INFO  : Hardware design information is loaded from '/home/andrew/ece527/mp2/mp2a.sdk/mp1a_hardware_wrapper_hw_platform_0/system.hdf'.
12:15:29 INFO  : 'configparams force-mem-access 1' command is executed.
12:15:29 INFO  : Context for 'APU' is selected.
12:15:29 INFO  : 'stop' command is executed.
12:15:30 INFO  : 'ps7_init' command is executed.
12:15:30 INFO  : 'ps7_post_config' command is executed.
12:15:30 INFO  : Context for processor 'ps7_cortexa9_0' is selected.
12:15:30 INFO  : Processor reset is completed for 'ps7_cortexa9_0'.
12:15:30 INFO  : Context for processor 'ps7_cortexa9_0' is selected.
12:15:30 INFO  : The application '/home/andrew/ece527/mp2/mp2a.sdk/oled_ctrl/Debug/oled_ctrl.elf' is downloaded to processor 'ps7_cortexa9_0'.
12:15:30 INFO  : 'configparams force-mem-access 0' command is executed.
12:15:30 INFO  : ----------------XSDB Script----------------
connect -url tcp:127.0.0.1:3121
source /home/andrew/ece527/mp2/mp2a.sdk/mp1a_hardware_wrapper_hw_platform_0/ps7_init.tcl
targets -set -nocase -filter {name =~"APU*" && jtag_cable_name =~ "Digilent Zed 210248470634"} -index 0
loadhw -hw /home/andrew/ece527/mp2/mp2a.sdk/mp1a_hardware_wrapper_hw_platform_0/system.hdf -mem-ranges [list {0x40000000 0xbfffffff}]
configparams force-mem-access 1
targets -set -nocase -filter {name =~"APU*" && jtag_cable_name =~ "Digilent Zed 210248470634"} -index 0
stop
ps7_init
ps7_post_config
targets -set -nocase -filter {name =~ "ARM*#0" && jtag_cable_name =~ "Digilent Zed 210248470634"} -index 0
rst -processor
targets -set -nocase -filter {name =~ "ARM*#0" && jtag_cable_name =~ "Digilent Zed 210248470634"} -index 0
dow /home/andrew/ece527/mp2/mp2a.sdk/oled_ctrl/Debug/oled_ctrl.elf
configparams force-mem-access 0
----------------End of Script----------------

12:15:30 INFO  : Memory regions updated for context APU
12:15:31 INFO  : Context for processor 'ps7_cortexa9_0' is selected.
12:15:31 INFO  : 'con' command is executed.
12:15:31 INFO  : ----------------XSDB Script (After Launch)----------------
targets -set -nocase -filter {name =~ "ARM*#0" && jtag_cable_name =~ "Digilent Zed 210248470634"} -index 0
con
----------------End of Script----------------

12:15:31 INFO  : Launch script is exported to file '/home/andrew/ece527/mp2/mp2a.sdk/.sdk/launch_scripts/xilinx_c-c++_application_(system_debugger)/system_debugger_using_debug_oled_ctrl.elf_on_local.tcl'
12:16:03 INFO  : Disconnected from the channel tcfchan#3.
12:16:04 INFO  : 'targets -set -filter {jtag_cable_name =~ "Digilent Zed 210248470634" && level==0} -index 1' command is executed.
12:16:04 INFO  : 'fpga -state' command is executed.
12:16:04 INFO  : Connected to target on host '127.0.0.1' and port '3121'.
12:16:04 INFO  : Jtag cable 'Digilent Zed 210248470634' is selected.
12:16:04 INFO  : 'jtag frequency' command is executed.
12:16:04 INFO  : Sourcing of '/home/andrew/ece527/mp2/mp2a.sdk/mp1a_hardware_wrapper_hw_platform_0/ps7_init.tcl' is done.
12:16:04 INFO  : Context for 'APU' is selected.
12:16:08 INFO  : Hardware design information is loaded from '/home/andrew/ece527/mp2/mp2a.sdk/mp1a_hardware_wrapper_hw_platform_0/system.hdf'.
12:16:08 INFO  : 'configparams force-mem-access 1' command is executed.
12:16:08 INFO  : Context for 'APU' is selected.
12:16:08 INFO  : 'stop' command is executed.
12:16:09 INFO  : 'ps7_init' command is executed.
12:16:09 INFO  : 'ps7_post_config' command is executed.
12:16:09 INFO  : Context for processor 'ps7_cortexa9_0' is selected.
12:16:09 INFO  : Processor reset is completed for 'ps7_cortexa9_0'.
12:16:09 INFO  : Context for processor 'ps7_cortexa9_0' is selected.
12:16:09 INFO  : The application '/home/andrew/ece527/mp2/mp2a.sdk/oled_ctrl/Debug/oled_ctrl.elf' is downloaded to processor 'ps7_cortexa9_0'.
12:16:09 INFO  : 'configparams force-mem-access 0' command is executed.
12:16:09 INFO  : ----------------XSDB Script----------------
connect -url tcp:127.0.0.1:3121
source /home/andrew/ece527/mp2/mp2a.sdk/mp1a_hardware_wrapper_hw_platform_0/ps7_init.tcl
targets -set -nocase -filter {name =~"APU*" && jtag_cable_name =~ "Digilent Zed 210248470634"} -index 0
loadhw -hw /home/andrew/ece527/mp2/mp2a.sdk/mp1a_hardware_wrapper_hw_platform_0/system.hdf -mem-ranges [list {0x40000000 0xbfffffff}]
configparams force-mem-access 1
targets -set -nocase -filter {name =~"APU*" && jtag_cable_name =~ "Digilent Zed 210248470634"} -index 0
stop
ps7_init
ps7_post_config
targets -set -nocase -filter {name =~ "ARM*#0" && jtag_cable_name =~ "Digilent Zed 210248470634"} -index 0
rst -processor
targets -set -nocase -filter {name =~ "ARM*#0" && jtag_cable_name =~ "Digilent Zed 210248470634"} -index 0
dow /home/andrew/ece527/mp2/mp2a.sdk/oled_ctrl/Debug/oled_ctrl.elf
configparams force-mem-access 0
----------------End of Script----------------

12:16:10 INFO  : Memory regions updated for context APU
12:16:10 INFO  : Context for processor 'ps7_cortexa9_0' is selected.
12:16:10 INFO  : 'con' command is executed.
12:16:10 INFO  : ----------------XSDB Script (After Launch)----------------
targets -set -nocase -filter {name =~ "ARM*#0" && jtag_cable_name =~ "Digilent Zed 210248470634"} -index 0
con
----------------End of Script----------------

12:16:10 INFO  : Launch script is exported to file '/home/andrew/ece527/mp2/mp2a.sdk/.sdk/launch_scripts/xilinx_c-c++_application_(system_debugger)/system_debugger_using_debug_oled_ctrl.elf_on_local.tcl'
12:41:51 INFO  : Disconnected from the channel tcfchan#4.
13:03:52 INFO  : Registering command handlers for SDK TCF services
13:03:53 INFO  : Launching XSCT server: xsct -n -interactive /home/andrew/ece527/mp2/mp2a.sdk/temp_xsdb_launch_script.tcl
13:03:57 INFO  : XSCT server has started successfully.
13:04:00 INFO  : Successfully done setting XSCT server connection channel  
13:04:00 INFO  : Successfully done setting SDK workspace  
13:04:00 INFO  : Processing command line option -hwspec /home/andrew/ece527/mp2/mp2a.sdk/mp1a_hardware_wrapper.hdf.
13:04:01 INFO  : Checking for hwspec changes in the project mp1a_hardware_wrapper_hw_platform_0.
13:04:06 INFO  : SDK has detected change in the last modified timestamps for source hardware specification file Source:1537898535000,  Project:1537859617000
13:04:06 INFO  : The hardware specification for project 'mp1a_hardware_wrapper_hw_platform_0' is different from /home/andrew/ece527/mp2/mp2a.sdk/mp1a_hardware_wrapper.hdf.
13:04:06 INFO  : Copied contents of /home/andrew/ece527/mp2/mp2a.sdk/mp1a_hardware_wrapper.hdf into /mp1a_hardware_wrapper_hw_platform_0/system.hdf.
13:04:14 INFO  : Synchronizing projects in the workspace with the hardware platform specification changes.
13:04:16 INFO  : 
13:04:17 INFO  : Updating hardware inferred compiler options for oled_ctrl.
13:04:17 INFO  : Clearing existing target manager status.
13:05:51 INFO  : Connected to target on host '127.0.0.1' and port '3121'.
13:05:52 INFO  : 'targets -set -filter {jtag_cable_name =~ "Digilent Zed 210248470634" && level==0} -index 1' command is executed.
13:05:54 INFO  : FPGA configured successfully with bitstream "/home/andrew/ece527/mp2/mp2a.sdk/mp1a_hardware_wrapper_hw_platform_0/mp1a_hardware_wrapper.bit"
13:18:36 ERROR : Unexpected error while parsing XMD response ￿: com.google.gson.JsonSyntaxException: com.google.gson.stream.MalformedJsonException: invalid number or unquoted string near 
14:16:49 INFO  : Registering command handlers for SDK TCF services
14:16:49 INFO  : Launching XSCT server: xsct -n -interactive /home/andrew/ece527/mp2/mp2a.sdk/temp_xsdb_launch_script.tcl
14:16:53 INFO  : XSCT server has started successfully.
14:16:57 INFO  : Successfully done setting XSCT server connection channel  
14:16:57 INFO  : Successfully done setting SDK workspace  
14:16:57 INFO  : Processing command line option -hwspec /home/andrew/ece527/mp2/mp2a.sdk/mp1a_hardware_wrapper.hdf.
14:16:57 INFO  : Checking for hwspec changes in the project mp1a_hardware_wrapper_hw_platform_0.
14:17:02 INFO  : SDK has detected change in the last modified timestamps for source hardware specification file Source:1537902749000,  Project:1537898535000
14:17:02 INFO  : The hardware specification for project 'mp1a_hardware_wrapper_hw_platform_0' is different from /home/andrew/ece527/mp2/mp2a.sdk/mp1a_hardware_wrapper.hdf.
14:17:02 INFO  : Copied contents of /home/andrew/ece527/mp2/mp2a.sdk/mp1a_hardware_wrapper.hdf into /mp1a_hardware_wrapper_hw_platform_0/system.hdf.
14:17:09 INFO  : Synchronizing projects in the workspace with the hardware platform specification changes.
14:17:11 INFO  : 
14:17:12 INFO  : Updating hardware inferred compiler options for oled_ctrl.
14:17:12 INFO  : Clearing existing target manager status.
14:20:42 INFO  : Connected to target on host '127.0.0.1' and port '3121'.
14:20:43 INFO  : 'targets -set -filter {jtag_cable_name =~ "Digilent Zed 210248470634" && level==0} -index 1' command is executed.
14:20:50 INFO  : FPGA configured successfully with bitstream "/home/andrew/ece527/mp2/mp2a.sdk/mp1a_hardware_wrapper_hw_platform_0/mp1a_hardware_wrapper.bit"
14:22:07 INFO  : 'targets -set -filter {jtag_cable_name =~ "Digilent Zed 210248470634" && level==0} -index 1' command is executed.
14:22:07 INFO  : 'fpga -state' command is executed.
14:22:07 INFO  : Connected to target on host '127.0.0.1' and port '3121'.
14:22:08 INFO  : Jtag cable 'Digilent Zed 210248470634' is selected.
14:22:08 INFO  : 'jtag frequency' command is executed.
14:22:08 INFO  : Sourcing of '/home/andrew/ece527/mp2/mp2a.sdk/mp1a_hardware_wrapper_hw_platform_0/ps7_init.tcl' is done.
14:22:08 INFO  : Context for 'APU' is selected.
14:22:08 INFO  : Hardware design information is loaded from '/home/andrew/ece527/mp2/mp2a.sdk/mp1a_hardware_wrapper_hw_platform_0/system.hdf'.
14:22:08 INFO  : 'configparams force-mem-access 1' command is executed.
14:22:08 INFO  : Context for 'APU' is selected.
14:22:08 INFO  : 'stop' command is executed.
14:22:09 INFO  : 'ps7_init' command is executed.
14:22:09 INFO  : 'ps7_post_config' command is executed.
14:22:09 INFO  : Context for processor 'ps7_cortexa9_0' is selected.
14:22:09 INFO  : Processor reset is completed for 'ps7_cortexa9_0'.
14:22:10 INFO  : Context for processor 'ps7_cortexa9_0' is selected.
14:22:10 INFO  : The application '/home/andrew/ece527/mp2/mp2a.sdk/oled_ctrl/Debug/oled_ctrl.elf' is downloaded to processor 'ps7_cortexa9_0'.
14:22:10 INFO  : 'configparams force-mem-access 0' command is executed.
14:22:10 INFO  : ----------------XSDB Script----------------
connect -url tcp:127.0.0.1:3121
source /home/andrew/ece527/mp2/mp2a.sdk/mp1a_hardware_wrapper_hw_platform_0/ps7_init.tcl
targets -set -nocase -filter {name =~"APU*" && jtag_cable_name =~ "Digilent Zed 210248470634"} -index 0
loadhw -hw /home/andrew/ece527/mp2/mp2a.sdk/mp1a_hardware_wrapper_hw_platform_0/system.hdf -mem-ranges [list {0x40000000 0xbfffffff}]
configparams force-mem-access 1
targets -set -nocase -filter {name =~"APU*" && jtag_cable_name =~ "Digilent Zed 210248470634"} -index 0
stop
ps7_init
ps7_post_config
targets -set -nocase -filter {name =~ "ARM*#0" && jtag_cable_name =~ "Digilent Zed 210248470634"} -index 0
rst -processor
targets -set -nocase -filter {name =~ "ARM*#0" && jtag_cable_name =~ "Digilent Zed 210248470634"} -index 0
dow /home/andrew/ece527/mp2/mp2a.sdk/oled_ctrl/Debug/oled_ctrl.elf
configparams force-mem-access 0
----------------End of Script----------------

14:22:10 INFO  : Memory regions updated for context APU
14:22:11 INFO  : Context for processor 'ps7_cortexa9_0' is selected.
14:22:11 INFO  : 'con' command is executed.
14:22:11 INFO  : ----------------XSDB Script (After Launch)----------------
targets -set -nocase -filter {name =~ "ARM*#0" && jtag_cable_name =~ "Digilent Zed 210248470634"} -index 0
con
----------------End of Script----------------

14:22:11 INFO  : Launch script is exported to file '/home/andrew/ece527/mp2/mp2a.sdk/.sdk/launch_scripts/xilinx_c-c++_application_(system_debugger)/system_debugger_using_debug_oled_ctrl.elf_on_local.tcl'
14:22:28 INFO  : Disconnected from the channel tcfchan#1.
14:22:31 ERROR : Unexpected error while parsing XMD response ￿: com.google.gson.JsonSyntaxException: com.google.gson.stream.MalformedJsonException: invalid number or unquoted string near 
14:41:13 INFO  : Registering command handlers for SDK TCF services
14:41:14 INFO  : Launching XSCT server: xsct -n -interactive /home/andrew/ece527/mp2/mp2a.sdk/temp_xsdb_launch_script.tcl
14:41:18 INFO  : XSCT server has started successfully.
14:41:22 INFO  : Successfully done setting XSCT server connection channel  
14:41:22 INFO  : Successfully done setting SDK workspace  
14:41:22 INFO  : Processing command line option -hwspec /home/andrew/ece527/mp2/mp2a.sdk/mp1a_hardware_wrapper.hdf.
14:41:22 INFO  : Checking for hwspec changes in the project mp1a_hardware_wrapper_hw_platform_0.
14:42:44 INFO  : SDK has detected change in the last modified timestamps for source hardware specification file Source:1537904385000,  Project:1537902749000
14:42:44 INFO  : Project mp1a_hardware_wrapper_hw_platform_0's source hardware specification located at /home/andrew/ece527/mp2/mp2a.sdk/mp1a_hardware_wrapper.hdf is now different from the local copy.
		 The local copy will be replaced with the source specification and your workspace will be updated.
14:42:51 INFO  : Copied contents of /home/andrew/ece527/mp2/mp2a.sdk/mp1a_hardware_wrapper.hdf into /mp1a_hardware_wrapper_hw_platform_0/system.hdf.
14:42:58 INFO  : Synchronizing projects in the workspace with the hardware platform specification changes.
14:42:59 INFO  : 
14:43:00 INFO  : Updating hardware inferred compiler options for oled_ctrl.
14:43:00 INFO  : Clearing existing target manager status.
14:43:48 INFO  : Connected to target on host '127.0.0.1' and port '3121'.
14:43:48 INFO  : 'targets -set -filter {jtag_cable_name =~ "Digilent Zed 210248470634" && level==0} -index 1' command is executed.
14:43:51 INFO  : FPGA configured successfully with bitstream "/home/andrew/ece527/mp2/mp2a.sdk/mp1a_hardware_wrapper_hw_platform_0/mp1a_hardware_wrapper.bit"
14:44:09 ERROR : Unexpected error while parsing XMD response ￿: com.google.gson.JsonSyntaxException: com.google.gson.stream.MalformedJsonException: invalid number or unquoted string near 
14:45:32 INFO  : Registering command handlers for SDK TCF services
14:45:33 INFO  : Launching XSCT server: xsct -n -interactive /home/andrew/ece527/mp2/mp2a.sdk/temp_xsdb_launch_script.tcl
14:45:36 INFO  : XSCT server has started successfully.
14:45:36 INFO  : Successfully done setting XSCT server connection channel  
14:45:39 INFO  : Successfully done setting SDK workspace  
14:45:39 INFO  : Processing command line option -hwspec /home/andrew/ece527/mp2/mp2a.sdk/mp1a_hardware_wrapper.hdf.
14:45:39 INFO  : Checking for hwspec changes in the project mp1a_hardware_wrapper_hw_platform_0.
14:46:31 INFO  : 'targets -set -filter {jtag_cable_name =~ "Digilent Zed 210248470634" && level==0} -index 1' command is executed.
14:46:31 INFO  : 'fpga -state' command is executed.
14:46:31 INFO  : Connected to target on host '127.0.0.1' and port '3121'.
14:46:31 INFO  : Jtag cable 'Digilent Zed 210248470634' is selected.
14:46:31 INFO  : 'jtag frequency' command is executed.
14:46:31 INFO  : Sourcing of '/home/andrew/ece527/mp2/mp2a.sdk/mp1a_hardware_wrapper_hw_platform_0/ps7_init.tcl' is done.
14:46:31 INFO  : Context for 'APU' is selected.
14:46:32 INFO  : Hardware design information is loaded from '/home/andrew/ece527/mp2/mp2a.sdk/mp1a_hardware_wrapper_hw_platform_0/system.hdf'.
14:46:32 INFO  : 'configparams force-mem-access 1' command is executed.
14:46:32 INFO  : Context for 'APU' is selected.
14:46:32 INFO  : 'stop' command is executed.
14:46:35 INFO  : 'ps7_init' command is executed.
14:46:35 INFO  : 'ps7_post_config' command is executed.
14:46:36 INFO  : Context for processor 'ps7_cortexa9_0' is selected.
14:46:36 INFO  : Processor reset is completed for 'ps7_cortexa9_0'.
14:46:36 INFO  : Context for processor 'ps7_cortexa9_0' is selected.
14:46:38 ERROR : Memory write error at 0x100000. AP transaction timeout
14:46:38 INFO  : ----------------XSDB Script----------------
connect -url tcp:127.0.0.1:3121
source /home/andrew/ece527/mp2/mp2a.sdk/mp1a_hardware_wrapper_hw_platform_0/ps7_init.tcl
targets -set -nocase -filter {name =~"APU*" && jtag_cable_name =~ "Digilent Zed 210248470634"} -index 0
loadhw -hw /home/andrew/ece527/mp2/mp2a.sdk/mp1a_hardware_wrapper_hw_platform_0/system.hdf -mem-ranges [list {0x40000000 0xbfffffff}]
configparams force-mem-access 1
targets -set -nocase -filter {name =~"APU*" && jtag_cable_name =~ "Digilent Zed 210248470634"} -index 0
stop
ps7_init
ps7_post_config
targets -set -nocase -filter {name =~ "ARM*#0" && jtag_cable_name =~ "Digilent Zed 210248470634"} -index 0
rst -processor
targets -set -nocase -filter {name =~ "ARM*#0" && jtag_cable_name =~ "Digilent Zed 210248470634"} -index 0
dow /home/andrew/ece527/mp2/mp2a.sdk/oled_ctrl/Debug/oled_ctrl.elf
----------------End of Script----------------

14:46:46 INFO  : 'targets -set -filter {jtag_cable_name =~ "Digilent Zed 210248470634" && level==0} -index 1' command is executed.
14:46:46 INFO  : 'fpga -state' command is executed.
14:46:46 INFO  : Connected to target on host '127.0.0.1' and port '3121'.
14:46:47 INFO  : Jtag cable 'Digilent Zed 210248470634' is selected.
14:46:47 INFO  : 'jtag frequency' command is executed.
14:46:47 INFO  : Sourcing of '/home/andrew/ece527/mp2/mp2a.sdk/mp1a_hardware_wrapper_hw_platform_0/ps7_init.tcl' is done.
14:46:47 INFO  : Context for 'APU' is selected.
14:46:47 INFO  : Hardware design information is loaded from '/home/andrew/ece527/mp2/mp2a.sdk/mp1a_hardware_wrapper_hw_platform_0/system.hdf'.
14:46:47 INFO  : 'configparams force-mem-access 1' command is executed.
14:46:47 INFO  : Context for 'APU' is selected.
14:46:47 INFO  : 'stop' command is executed.
14:46:47 ERROR : AP transaction error, DAP status f0000021
14:46:47 INFO  : ----------------XSDB Script----------------
connect -url tcp:127.0.0.1:3121
source /home/andrew/ece527/mp2/mp2a.sdk/mp1a_hardware_wrapper_hw_platform_0/ps7_init.tcl
targets -set -nocase -filter {name =~"APU*" && jtag_cable_name =~ "Digilent Zed 210248470634"} -index 0
loadhw -hw /home/andrew/ece527/mp2/mp2a.sdk/mp1a_hardware_wrapper_hw_platform_0/system.hdf -mem-ranges [list {0x40000000 0xbfffffff}]
configparams force-mem-access 1
targets -set -nocase -filter {name =~"APU*" && jtag_cable_name =~ "Digilent Zed 210248470634"} -index 0
stop
ps7_init
----------------End of Script----------------

14:47:14 INFO  : Connected to target on host '127.0.0.1' and port '3121'.
14:47:14 INFO  : 'targets -set -filter {jtag_cable_name =~ "Digilent Zed 210248470634" && level==0} -index 1' command is executed.
14:47:24 ERROR : fpga configuration failed. DONE PIN is not HIGH
14:47:39 INFO  : Connected to target on host '127.0.0.1' and port '3121'.
14:47:39 INFO  : 'targets -set -filter {jtag_cable_name =~ "Digilent Zed 210248470634" && level==0} -index 1' command is executed.
14:47:42 ERROR : Error occured during Prog B register check
14:47:50 INFO  : Connected to target on host '127.0.0.1' and port '3121'.
14:47:51 INFO  : 'targets -set -filter {jtag_cable_name =~ "Digilent Zed 210248470634" && level==0} -index 1' command is executed.
14:47:54 ERROR : Error occured during Prog B register check
14:48:11 INFO  : Connected to target on host '127.0.0.1' and port '3121'.
14:48:11 INFO  : 'targets -set -filter {jtag_cable_name =~ "Digilent Zed 210248470634" && level==0} -index 1' command is executed.
14:48:17 INFO  : FPGA configured successfully with bitstream "/home/andrew/ece527/mp2/mp2a.sdk/mp1a_hardware_wrapper_hw_platform_0/mp1a_hardware_wrapper.bit"
14:50:09 INFO  : 'targets -set -filter {jtag_cable_name =~ "Digilent Zed 210248470634" && level==0} -index 1' command is executed.
14:50:09 INFO  : 'fpga -state' command is executed.
14:50:09 INFO  : Connected to target on host '127.0.0.1' and port '3121'.
14:50:10 INFO  : Jtag cable 'Digilent Zed 210248470634' is selected.
14:50:10 INFO  : 'jtag frequency' command is executed.
14:50:10 INFO  : Sourcing of '/home/andrew/ece527/mp2/mp2a.sdk/mp1a_hardware_wrapper_hw_platform_0/ps7_init.tcl' is done.
14:50:10 INFO  : Context for 'APU' is selected.
14:50:10 INFO  : Hardware design information is loaded from '/home/andrew/ece527/mp2/mp2a.sdk/mp1a_hardware_wrapper_hw_platform_0/system.hdf'.
14:50:10 INFO  : 'configparams force-mem-access 1' command is executed.
14:50:10 INFO  : Context for 'APU' is selected.
14:50:10 INFO  : 'stop' command is executed.
14:50:11 INFO  : 'ps7_init' command is executed.
14:50:11 INFO  : 'ps7_post_config' command is executed.
14:50:11 INFO  : Context for processor 'ps7_cortexa9_0' is selected.
14:50:12 INFO  : Processor reset is completed for 'ps7_cortexa9_0'.
14:50:12 INFO  : Context for processor 'ps7_cortexa9_0' is selected.
14:50:12 INFO  : The application '/home/andrew/ece527/mp2/mp2a.sdk/oled_ctrl/Debug/oled_ctrl.elf' is downloaded to processor 'ps7_cortexa9_0'.
14:50:12 INFO  : 'configparams force-mem-access 0' command is executed.
14:50:12 INFO  : ----------------XSDB Script----------------
connect -url tcp:127.0.0.1:3121
source /home/andrew/ece527/mp2/mp2a.sdk/mp1a_hardware_wrapper_hw_platform_0/ps7_init.tcl
targets -set -nocase -filter {name =~"APU*" && jtag_cable_name =~ "Digilent Zed 210248470634"} -index 0
loadhw -hw /home/andrew/ece527/mp2/mp2a.sdk/mp1a_hardware_wrapper_hw_platform_0/system.hdf -mem-ranges [list {0x40000000 0xbfffffff}]
configparams force-mem-access 1
targets -set -nocase -filter {name =~"APU*" && jtag_cable_name =~ "Digilent Zed 210248470634"} -index 0
stop
ps7_init
ps7_post_config
targets -set -nocase -filter {name =~ "ARM*#0" && jtag_cable_name =~ "Digilent Zed 210248470634"} -index 0
rst -processor
targets -set -nocase -filter {name =~ "ARM*#0" && jtag_cable_name =~ "Digilent Zed 210248470634"} -index 0
dow /home/andrew/ece527/mp2/mp2a.sdk/oled_ctrl/Debug/oled_ctrl.elf
configparams force-mem-access 0
----------------End of Script----------------

14:50:12 INFO  : Memory regions updated for context APU
14:50:13 INFO  : Context for processor 'ps7_cortexa9_0' is selected.
14:50:13 INFO  : 'con' command is executed.
14:50:13 INFO  : ----------------XSDB Script (After Launch)----------------
targets -set -nocase -filter {name =~ "ARM*#0" && jtag_cable_name =~ "Digilent Zed 210248470634"} -index 0
con
----------------End of Script----------------

14:50:13 INFO  : Launch script is exported to file '/home/andrew/ece527/mp2/mp2a.sdk/.sdk/launch_scripts/xilinx_c-c++_application_(system_debugger)/system_debugger_using_debug_oled_ctrl.elf_on_local.tcl'
14:50:44 INFO  : Connected to target on host '127.0.0.1' and port '3121'.
14:50:44 INFO  : 'targets -set -filter {jtag_cable_name =~ "Digilent Zed 210248470634" && level==0} -index 1' command is executed.
14:50:48 INFO  : FPGA configured successfully with bitstream "/home/andrew/ece527/mp2/mp2a.runs/impl_1/mp1a_hardware_wrapper.bit"
14:50:55 INFO  : Disconnected from the channel tcfchan#1.
14:50:56 INFO  : 'targets -set -filter {jtag_cable_name =~ "Digilent Zed 210248470634" && level==0} -index 1' command is executed.
14:50:56 INFO  : 'fpga -state' command is executed.
14:50:56 INFO  : Connected to target on host '127.0.0.1' and port '3121'.
14:50:57 INFO  : Jtag cable 'Digilent Zed 210248470634' is selected.
14:50:57 INFO  : 'jtag frequency' command is executed.
14:50:57 INFO  : Sourcing of '/home/andrew/ece527/mp2/mp2a.sdk/mp1a_hardware_wrapper_hw_platform_0/ps7_init.tcl' is done.
14:50:57 INFO  : Context for 'APU' is selected.
14:51:01 INFO  : Hardware design information is loaded from '/home/andrew/ece527/mp2/mp2a.sdk/mp1a_hardware_wrapper_hw_platform_0/system.hdf'.
14:51:01 INFO  : 'configparams force-mem-access 1' command is executed.
14:51:01 INFO  : Context for 'APU' is selected.
14:51:01 INFO  : 'stop' command is executed.
14:51:04 INFO  : 'ps7_init' command is executed.
14:51:04 INFO  : 'ps7_post_config' command is executed.
14:51:05 INFO  : Context for processor 'ps7_cortexa9_0' is selected.
14:51:05 INFO  : Processor reset is completed for 'ps7_cortexa9_0'.
14:51:05 INFO  : Context for processor 'ps7_cortexa9_0' is selected.
14:51:07 ERROR : Memory write error at 0x100000. AP transaction timeout
14:51:07 INFO  : ----------------XSDB Script----------------
connect -url tcp:127.0.0.1:3121
source /home/andrew/ece527/mp2/mp2a.sdk/mp1a_hardware_wrapper_hw_platform_0/ps7_init.tcl
targets -set -nocase -filter {name =~"APU*" && jtag_cable_name =~ "Digilent Zed 210248470634"} -index 0
loadhw -hw /home/andrew/ece527/mp2/mp2a.sdk/mp1a_hardware_wrapper_hw_platform_0/system.hdf -mem-ranges [list {0x40000000 0xbfffffff}]
configparams force-mem-access 1
targets -set -nocase -filter {name =~"APU*" && jtag_cable_name =~ "Digilent Zed 210248470634"} -index 0
stop
ps7_init
ps7_post_config
targets -set -nocase -filter {name =~ "ARM*#0" && jtag_cable_name =~ "Digilent Zed 210248470634"} -index 0
rst -processor
targets -set -nocase -filter {name =~ "ARM*#0" && jtag_cable_name =~ "Digilent Zed 210248470634"} -index 0
dow /home/andrew/ece527/mp2/mp2a.sdk/oled_ctrl/Debug/oled_ctrl.elf
----------------End of Script----------------

14:56:11 INFO  : 'targets -set -filter {jtag_cable_name =~ "Digilent Zed 210248470634" && level==0} -index 1' command is executed.
14:56:11 INFO  : 'fpga -state' command is executed.
14:56:11 INFO  : Connected to target on host '127.0.0.1' and port '3121'.
14:56:12 INFO  : Jtag cable 'Digilent Zed 210248470634' is selected.
14:56:12 INFO  : 'jtag frequency' command is executed.
14:56:12 INFO  : Sourcing of '/home/andrew/ece527/mp2/mp2a.sdk/mp1a_hardware_wrapper_hw_platform_0/ps7_init.tcl' is done.
14:56:12 INFO  : Context for 'APU' is selected.
14:56:12 INFO  : Hardware design information is loaded from '/home/andrew/ece527/mp2/mp2a.sdk/mp1a_hardware_wrapper_hw_platform_0/system.hdf'.
14:56:12 INFO  : 'configparams force-mem-access 1' command is executed.
14:56:12 INFO  : Context for 'APU' is selected.
14:56:12 INFO  : 'stop' command is executed.
14:56:12 ERROR : AP transaction error, DAP status f0000021
14:56:12 INFO  : ----------------XSDB Script----------------
connect -url tcp:127.0.0.1:3121
source /home/andrew/ece527/mp2/mp2a.sdk/mp1a_hardware_wrapper_hw_platform_0/ps7_init.tcl
targets -set -nocase -filter {name =~"APU*" && jtag_cable_name =~ "Digilent Zed 210248470634"} -index 0
loadhw -hw /home/andrew/ece527/mp2/mp2a.sdk/mp1a_hardware_wrapper_hw_platform_0/system.hdf -mem-ranges [list {0x40000000 0xbfffffff}]
configparams force-mem-access 1
targets -set -nocase -filter {name =~"APU*" && jtag_cable_name =~ "Digilent Zed 210248470634"} -index 0
stop
ps7_init
----------------End of Script----------------

15:05:10 INFO  : Registering command handlers for SDK TCF services
15:05:11 INFO  : Launching XSCT server: xsct -n -interactive /home/andrew/ece527/mp2/mp2a.sdk/temp_xsdb_launch_script.tcl
15:05:14 INFO  : XSCT server has started successfully.
15:05:16 INFO  : Successfully done setting XSCT server connection channel  
15:05:16 INFO  : Successfully done setting SDK workspace  
15:05:16 INFO  : Processing command line option -hwspec /home/andrew/ece527/mp2/mp2a.sdk/mp1a_hardware_wrapper.hdf.
15:05:18 INFO  : Checking for hwspec changes in the project mp1a_hardware_wrapper_hw_platform_0.
15:06:17 INFO  : 'targets -set -filter {jtag_cable_name =~ "Digilent Zed 210248470634" && level==0} -index 1' command is executed.
15:06:17 INFO  : 'fpga -state' command is executed.
15:06:17 INFO  : Connected to target on host '127.0.0.1' and port '3121'.
15:06:18 INFO  : Jtag cable 'Digilent Zed 210248470634' is selected.
15:06:18 INFO  : 'jtag frequency' command is executed.
15:06:18 INFO  : Sourcing of '/home/andrew/ece527/mp2/mp2a.sdk/mp1a_hardware_wrapper_hw_platform_0/ps7_init.tcl' is done.
15:06:21 ERROR : no targets found with "name =~"APU*" && jtag_cable_name =~ "Digilent Zed 210248470634"". available targets:
  1  DAP (JTAG port open error. AP transaction error, DAP status 30000021)
  2* xc7z020
15:06:21 INFO  : ----------------XSDB Script----------------
connect -url tcp:127.0.0.1:3121
source /home/andrew/ece527/mp2/mp2a.sdk/mp1a_hardware_wrapper_hw_platform_0/ps7_init.tcl
targets -set -nocase -filter {name =~"APU*" && jtag_cable_name =~ "Digilent Zed 210248470634"} -index 0
----------------End of Script----------------

15:06:38 INFO  : Connected to target on host '127.0.0.1' and port '3121'.
15:06:38 INFO  : 'targets -set -filter {jtag_cable_name =~ "Digilent Zed 210248470634" && level==0} -index 1' command is executed.
15:06:41 INFO  : FPGA configured successfully with bitstream "/home/andrew/ece527/mp2/mp2a.runs/impl_1/mp1a_hardware_wrapper.bit"
15:06:48 INFO  : 'targets -set -filter {jtag_cable_name =~ "Digilent Zed 210248470634" && level==0} -index 1' command is executed.
15:06:48 INFO  : 'fpga -state' command is executed.
15:06:48 INFO  : Connected to target on host '127.0.0.1' and port '3121'.
15:06:49 INFO  : Jtag cable 'Digilent Zed 210248470634' is selected.
15:06:49 INFO  : 'jtag frequency' command is executed.
15:06:49 INFO  : Sourcing of '/home/andrew/ece527/mp2/mp2a.sdk/mp1a_hardware_wrapper_hw_platform_0/ps7_init.tcl' is done.
15:06:52 ERROR : no targets found with "name =~"APU*" && jtag_cable_name =~ "Digilent Zed 210248470634"". available targets:
  1  DAP (JTAG port open error. AP transaction error, DAP status 30000021)
  2* xc7z020
15:06:52 INFO  : ----------------XSDB Script----------------
connect -url tcp:127.0.0.1:3121
source /home/andrew/ece527/mp2/mp2a.sdk/mp1a_hardware_wrapper_hw_platform_0/ps7_init.tcl
targets -set -nocase -filter {name =~"APU*" && jtag_cable_name =~ "Digilent Zed 210248470634"} -index 0
----------------End of Script----------------

15:09:27 INFO  : 'targets -set -filter {jtag_cable_name =~ "Digilent Zed 210248470634" && level==0} -index 1' command is executed.
15:09:27 INFO  : 'fpga -state' command is executed.
15:09:27 INFO  : Connected to target on host '127.0.0.1' and port '3121'.
15:09:28 INFO  : Jtag cable 'Digilent Zed 210248470634' is selected.
15:09:28 INFO  : 'jtag frequency' command is executed.
15:09:28 INFO  : Sourcing of '/home/andrew/ece527/mp2/mp2a.sdk/mp1a_hardware_wrapper_hw_platform_0/ps7_init.tcl' is done.
15:09:31 ERROR : no targets found with "name =~"APU*" && jtag_cable_name =~ "Digilent Zed 210248470634"". available targets:
  1  DAP (JTAG port open error. AP transaction error, DAP status 30000021)
  2* xc7z020
15:09:31 INFO  : ----------------XSDB Script----------------
connect -url tcp:127.0.0.1:3121
source /home/andrew/ece527/mp2/mp2a.sdk/mp1a_hardware_wrapper_hw_platform_0/ps7_init.tcl
targets -set -nocase -filter {name =~"APU*" && jtag_cable_name =~ "Digilent Zed 210248470634"} -index 0
----------------End of Script----------------

15:09:54 INFO  : Connected to target on host '127.0.0.1' and port '3121'.
15:09:54 INFO  : 'targets -set -filter {jtag_cable_name =~ "Digilent Zed 210248470634" && level==0} -index 1' command is executed.
15:09:57 INFO  : FPGA configured successfully with bitstream "/home/andrew/ece527/mp2/mp2a.sdk/mp1a_hardware_wrapper_hw_platform_0/mp1a_hardware_wrapper.bit"
15:10:08 INFO  : 'targets -set -filter {jtag_cable_name =~ "Digilent Zed 210248470634" && level==0} -index 1' command is executed.
15:10:08 INFO  : 'fpga -state' command is executed.
15:10:08 INFO  : Connected to target on host '127.0.0.1' and port '3121'.
15:10:09 INFO  : Jtag cable 'Digilent Zed 210248470634' is selected.
15:10:09 INFO  : 'jtag frequency' command is executed.
15:10:09 INFO  : Sourcing of '/home/andrew/ece527/mp2/mp2a.sdk/mp1a_hardware_wrapper_hw_platform_0/ps7_init.tcl' is done.
15:10:12 ERROR : no targets found with "name =~"APU*" && jtag_cable_name =~ "Digilent Zed 210248470634"". available targets:
  1  DAP (JTAG port open error. AP transaction error, DAP status 30000021)
  2* xc7z020
15:10:12 INFO  : ----------------XSDB Script----------------
connect -url tcp:127.0.0.1:3121
source /home/andrew/ece527/mp2/mp2a.sdk/mp1a_hardware_wrapper_hw_platform_0/ps7_init.tcl
targets -set -nocase -filter {name =~"APU*" && jtag_cable_name =~ "Digilent Zed 210248470634"} -index 0
----------------End of Script----------------

15:13:13 INFO  : Connected to target on host '127.0.0.1' and port '3121'.
15:13:13 INFO  : 'targets -set -filter {jtag_cable_name =~ "Digilent Zed 210248470634" && level==0} -index 1' command is executed.
15:13:17 INFO  : FPGA configured successfully with bitstream "/home/andrew/ece527/mp2/mp2a.sdk/mp1a_hardware_wrapper_hw_platform_0/mp1a_hardware_wrapper.bit"
15:13:24 INFO  : 'targets -set -filter {jtag_cable_name =~ "Digilent Zed 210248470634" && level==0} -index 1' command is executed.
15:13:24 INFO  : 'fpga -state' command is executed.
15:13:24 INFO  : Connected to target on host '127.0.0.1' and port '3121'.
15:13:25 INFO  : Jtag cable 'Digilent Zed 210248470634' is selected.
15:13:25 INFO  : 'jtag frequency' command is executed.
15:13:25 INFO  : Sourcing of '/home/andrew/ece527/mp2/mp2a.sdk/mp1a_hardware_wrapper_hw_platform_0/ps7_init.tcl' is done.
15:13:25 INFO  : Context for 'APU' is selected.
15:13:25 INFO  : Hardware design information is loaded from '/home/andrew/ece527/mp2/mp2a.sdk/mp1a_hardware_wrapper_hw_platform_0/system.hdf'.
15:13:25 INFO  : 'configparams force-mem-access 1' command is executed.
15:13:25 INFO  : Context for 'APU' is selected.
15:13:25 INFO  : 'stop' command is executed.
15:13:26 INFO  : 'ps7_init' command is executed.
15:13:26 INFO  : 'ps7_post_config' command is executed.
15:13:26 INFO  : Context for processor 'ps7_cortexa9_0' is selected.
15:13:26 INFO  : Processor reset is completed for 'ps7_cortexa9_0'.
15:13:26 INFO  : Context for processor 'ps7_cortexa9_0' is selected.
15:13:27 INFO  : The application '/home/andrew/ece527/mp2/mp2a.sdk/oled_ctrl/Debug/oled_ctrl.elf' is downloaded to processor 'ps7_cortexa9_0'.
15:13:27 INFO  : 'configparams force-mem-access 0' command is executed.
15:13:27 INFO  : ----------------XSDB Script----------------
connect -url tcp:127.0.0.1:3121
source /home/andrew/ece527/mp2/mp2a.sdk/mp1a_hardware_wrapper_hw_platform_0/ps7_init.tcl
targets -set -nocase -filter {name =~"APU*" && jtag_cable_name =~ "Digilent Zed 210248470634"} -index 0
loadhw -hw /home/andrew/ece527/mp2/mp2a.sdk/mp1a_hardware_wrapper_hw_platform_0/system.hdf -mem-ranges [list {0x40000000 0xbfffffff}]
configparams force-mem-access 1
targets -set -nocase -filter {name =~"APU*" && jtag_cable_name =~ "Digilent Zed 210248470634"} -index 0
stop
ps7_init
ps7_post_config
targets -set -nocase -filter {name =~ "ARM*#0" && jtag_cable_name =~ "Digilent Zed 210248470634"} -index 0
rst -processor
targets -set -nocase -filter {name =~ "ARM*#0" && jtag_cable_name =~ "Digilent Zed 210248470634"} -index 0
dow /home/andrew/ece527/mp2/mp2a.sdk/oled_ctrl/Debug/oled_ctrl.elf
configparams force-mem-access 0
----------------End of Script----------------

15:13:27 INFO  : Memory regions updated for context APU
15:13:27 INFO  : Context for processor 'ps7_cortexa9_0' is selected.
15:13:27 INFO  : 'con' command is executed.
15:13:27 INFO  : ----------------XSDB Script (After Launch)----------------
targets -set -nocase -filter {name =~ "ARM*#0" && jtag_cable_name =~ "Digilent Zed 210248470634"} -index 0
con
----------------End of Script----------------

15:13:27 INFO  : Launch script is exported to file '/home/andrew/ece527/mp2/mp2a.sdk/.sdk/launch_scripts/xilinx_c-c++_application_(system_debugger)/system_debugger_using_debug_oled_ctrl.elf_on_local.tcl'
15:14:00 INFO  : Disconnected from the channel tcfchan#1.
15:14:02 INFO  : 'targets -set -filter {jtag_cable_name =~ "Digilent Zed 210248470634" && level==0} -index 1' command is executed.
15:14:02 INFO  : 'fpga -state' command is executed.
15:14:02 INFO  : Connected to target on host '127.0.0.1' and port '3121'.
15:14:02 INFO  : Jtag cable 'Digilent Zed 210248470634' is selected.
15:14:02 INFO  : 'jtag frequency' command is executed.
15:14:02 INFO  : Sourcing of '/home/andrew/ece527/mp2/mp2a.sdk/mp1a_hardware_wrapper_hw_platform_0/ps7_init.tcl' is done.
15:14:02 INFO  : Context for 'APU' is selected.
15:14:07 INFO  : Hardware design information is loaded from '/home/andrew/ece527/mp2/mp2a.sdk/mp1a_hardware_wrapper_hw_platform_0/system.hdf'.
15:14:07 INFO  : 'configparams force-mem-access 1' command is executed.
15:14:07 INFO  : Context for 'APU' is selected.
15:14:07 INFO  : 'stop' command is executed.
15:14:07 INFO  : 'ps7_init' command is executed.
15:14:07 INFO  : 'ps7_post_config' command is executed.
15:14:07 INFO  : Context for processor 'ps7_cortexa9_0' is selected.
15:14:07 INFO  : Processor reset is completed for 'ps7_cortexa9_0'.
15:14:08 INFO  : Context for processor 'ps7_cortexa9_0' is selected.
15:14:08 INFO  : The application '/home/andrew/ece527/mp2/mp2a.sdk/oled_ctrl/Debug/oled_ctrl.elf' is downloaded to processor 'ps7_cortexa9_0'.
15:14:08 INFO  : 'configparams force-mem-access 0' command is executed.
15:14:08 INFO  : ----------------XSDB Script----------------
connect -url tcp:127.0.0.1:3121
source /home/andrew/ece527/mp2/mp2a.sdk/mp1a_hardware_wrapper_hw_platform_0/ps7_init.tcl
targets -set -nocase -filter {name =~"APU*" && jtag_cable_name =~ "Digilent Zed 210248470634"} -index 0
loadhw -hw /home/andrew/ece527/mp2/mp2a.sdk/mp1a_hardware_wrapper_hw_platform_0/system.hdf -mem-ranges [list {0x40000000 0xbfffffff}]
configparams force-mem-access 1
targets -set -nocase -filter {name =~"APU*" && jtag_cable_name =~ "Digilent Zed 210248470634"} -index 0
stop
ps7_init
ps7_post_config
targets -set -nocase -filter {name =~ "ARM*#0" && jtag_cable_name =~ "Digilent Zed 210248470634"} -index 0
rst -processor
targets -set -nocase -filter {name =~ "ARM*#0" && jtag_cable_name =~ "Digilent Zed 210248470634"} -index 0
dow /home/andrew/ece527/mp2/mp2a.sdk/oled_ctrl/Debug/oled_ctrl.elf
configparams force-mem-access 0
----------------End of Script----------------

15:14:08 INFO  : Memory regions updated for context APU
15:14:09 INFO  : Context for processor 'ps7_cortexa9_0' is selected.
15:14:09 INFO  : 'con' command is executed.
15:14:09 INFO  : ----------------XSDB Script (After Launch)----------------
targets -set -nocase -filter {name =~ "ARM*#0" && jtag_cable_name =~ "Digilent Zed 210248470634"} -index 0
con
----------------End of Script----------------

15:14:09 INFO  : Launch script is exported to file '/home/andrew/ece527/mp2/mp2a.sdk/.sdk/launch_scripts/xilinx_c-c++_application_(system_debugger)/system_debugger_using_debug_oled_ctrl.elf_on_local.tcl'
15:15:08 INFO  : Disconnected from the channel tcfchan#2.
15:15:09 INFO  : 'targets -set -filter {jtag_cable_name =~ "Digilent Zed 210248470634" && level==0} -index 1' command is executed.
15:15:09 INFO  : 'fpga -state' command is executed.
15:15:09 INFO  : Connected to target on host '127.0.0.1' and port '3121'.
15:15:10 INFO  : Jtag cable 'Digilent Zed 210248470634' is selected.
15:15:10 INFO  : 'jtag frequency' command is executed.
15:15:10 INFO  : Sourcing of '/home/andrew/ece527/mp2/mp2a.sdk/mp1a_hardware_wrapper_hw_platform_0/ps7_init.tcl' is done.
15:15:10 INFO  : Context for 'APU' is selected.
15:15:13 INFO  : Hardware design information is loaded from '/home/andrew/ece527/mp2/mp2a.sdk/mp1a_hardware_wrapper_hw_platform_0/system.hdf'.
15:15:13 INFO  : 'configparams force-mem-access 1' command is executed.
15:15:13 INFO  : Context for 'APU' is selected.
15:15:13 INFO  : 'stop' command is executed.
15:15:14 INFO  : 'ps7_init' command is executed.
15:15:14 INFO  : 'ps7_post_config' command is executed.
15:15:14 INFO  : Context for processor 'ps7_cortexa9_0' is selected.
15:15:15 INFO  : Processor reset is completed for 'ps7_cortexa9_0'.
15:15:15 INFO  : Context for processor 'ps7_cortexa9_0' is selected.
15:15:15 INFO  : The application '/home/andrew/ece527/mp2/mp2a.sdk/oled_ctrl/Debug/oled_ctrl.elf' is downloaded to processor 'ps7_cortexa9_0'.
15:15:15 INFO  : 'configparams force-mem-access 0' command is executed.
15:15:15 INFO  : ----------------XSDB Script----------------
connect -url tcp:127.0.0.1:3121
source /home/andrew/ece527/mp2/mp2a.sdk/mp1a_hardware_wrapper_hw_platform_0/ps7_init.tcl
targets -set -nocase -filter {name =~"APU*" && jtag_cable_name =~ "Digilent Zed 210248470634"} -index 0
loadhw -hw /home/andrew/ece527/mp2/mp2a.sdk/mp1a_hardware_wrapper_hw_platform_0/system.hdf -mem-ranges [list {0x40000000 0xbfffffff}]
configparams force-mem-access 1
targets -set -nocase -filter {name =~"APU*" && jtag_cable_name =~ "Digilent Zed 210248470634"} -index 0
stop
ps7_init
ps7_post_config
targets -set -nocase -filter {name =~ "ARM*#0" && jtag_cable_name =~ "Digilent Zed 210248470634"} -index 0
rst -processor
targets -set -nocase -filter {name =~ "ARM*#0" && jtag_cable_name =~ "Digilent Zed 210248470634"} -index 0
dow /home/andrew/ece527/mp2/mp2a.sdk/oled_ctrl/Debug/oled_ctrl.elf
configparams force-mem-access 0
----------------End of Script----------------

15:15:15 INFO  : Memory regions updated for context APU
15:15:15 INFO  : Context for processor 'ps7_cortexa9_0' is selected.
15:15:15 INFO  : 'con' command is executed.
15:15:15 INFO  : ----------------XSDB Script (After Launch)----------------
targets -set -nocase -filter {name =~ "ARM*#0" && jtag_cable_name =~ "Digilent Zed 210248470634"} -index 0
con
----------------End of Script----------------

15:15:15 INFO  : Launch script is exported to file '/home/andrew/ece527/mp2/mp2a.sdk/.sdk/launch_scripts/xilinx_c-c++_application_(system_debugger)/system_debugger_using_debug_oled_ctrl.elf_on_local.tcl'
15:17:40 INFO  : Disconnected from the channel tcfchan#3.
15:17:41 INFO  : 'targets -set -filter {jtag_cable_name =~ "Digilent Zed 210248470634" && level==0} -index 1' command is executed.
15:17:41 INFO  : 'fpga -state' command is executed.
15:17:41 INFO  : Connected to target on host '127.0.0.1' and port '3121'.
15:17:42 INFO  : Jtag cable 'Digilent Zed 210248470634' is selected.
15:17:42 INFO  : 'jtag frequency' command is executed.
15:17:42 INFO  : Sourcing of '/home/andrew/ece527/mp2/mp2a.sdk/mp1a_hardware_wrapper_hw_platform_0/ps7_init.tcl' is done.
15:17:42 INFO  : Context for 'APU' is selected.
15:17:47 INFO  : Hardware design information is loaded from '/home/andrew/ece527/mp2/mp2a.sdk/mp1a_hardware_wrapper_hw_platform_0/system.hdf'.
15:17:47 INFO  : 'configparams force-mem-access 1' command is executed.
15:17:47 INFO  : Context for 'APU' is selected.
15:17:47 INFO  : 'stop' command is executed.
15:17:48 INFO  : 'ps7_init' command is executed.
15:17:48 INFO  : 'ps7_post_config' command is executed.
15:17:48 INFO  : Context for processor 'ps7_cortexa9_0' is selected.
15:17:48 INFO  : Processor reset is completed for 'ps7_cortexa9_0'.
15:17:48 INFO  : Context for processor 'ps7_cortexa9_0' is selected.
15:17:48 INFO  : The application '/home/andrew/ece527/mp2/mp2a.sdk/oled_ctrl/Debug/oled_ctrl.elf' is downloaded to processor 'ps7_cortexa9_0'.
15:17:48 INFO  : 'configparams force-mem-access 0' command is executed.
15:17:48 INFO  : ----------------XSDB Script----------------
connect -url tcp:127.0.0.1:3121
source /home/andrew/ece527/mp2/mp2a.sdk/mp1a_hardware_wrapper_hw_platform_0/ps7_init.tcl
targets -set -nocase -filter {name =~"APU*" && jtag_cable_name =~ "Digilent Zed 210248470634"} -index 0
loadhw -hw /home/andrew/ece527/mp2/mp2a.sdk/mp1a_hardware_wrapper_hw_platform_0/system.hdf -mem-ranges [list {0x40000000 0xbfffffff}]
configparams force-mem-access 1
targets -set -nocase -filter {name =~"APU*" && jtag_cable_name =~ "Digilent Zed 210248470634"} -index 0
stop
ps7_init
ps7_post_config
targets -set -nocase -filter {name =~ "ARM*#0" && jtag_cable_name =~ "Digilent Zed 210248470634"} -index 0
rst -processor
targets -set -nocase -filter {name =~ "ARM*#0" && jtag_cable_name =~ "Digilent Zed 210248470634"} -index 0
dow /home/andrew/ece527/mp2/mp2a.sdk/oled_ctrl/Debug/oled_ctrl.elf
configparams force-mem-access 0
----------------End of Script----------------

15:17:48 INFO  : Memory regions updated for context APU
15:17:49 INFO  : Context for processor 'ps7_cortexa9_0' is selected.
15:17:49 INFO  : 'con' command is executed.
15:17:49 INFO  : ----------------XSDB Script (After Launch)----------------
targets -set -nocase -filter {name =~ "ARM*#0" && jtag_cable_name =~ "Digilent Zed 210248470634"} -index 0
con
----------------End of Script----------------

15:17:49 INFO  : Launch script is exported to file '/home/andrew/ece527/mp2/mp2a.sdk/.sdk/launch_scripts/xilinx_c-c++_application_(system_debugger)/system_debugger_using_debug_oled_ctrl.elf_on_local.tcl'
15:19:09 INFO  : Disconnected from the channel tcfchan#4.
15:19:10 INFO  : 'targets -set -filter {jtag_cable_name =~ "Digilent Zed 210248470634" && level==0} -index 1' command is executed.
15:19:10 INFO  : 'fpga -state' command is executed.
15:19:10 INFO  : Connected to target on host '127.0.0.1' and port '3121'.
15:19:10 INFO  : Jtag cable 'Digilent Zed 210248470634' is selected.
15:19:10 INFO  : 'jtag frequency' command is executed.
15:19:10 INFO  : Sourcing of '/home/andrew/ece527/mp2/mp2a.sdk/mp1a_hardware_wrapper_hw_platform_0/ps7_init.tcl' is done.
15:19:10 INFO  : Context for 'APU' is selected.
15:19:14 INFO  : Hardware design information is loaded from '/home/andrew/ece527/mp2/mp2a.sdk/mp1a_hardware_wrapper_hw_platform_0/system.hdf'.
15:19:14 INFO  : 'configparams force-mem-access 1' command is executed.
15:19:14 INFO  : Context for 'APU' is selected.
15:19:14 INFO  : 'stop' command is executed.
15:19:14 INFO  : 'ps7_init' command is executed.
15:19:14 INFO  : 'ps7_post_config' command is executed.
15:19:15 INFO  : Context for processor 'ps7_cortexa9_0' is selected.
15:19:15 INFO  : Processor reset is completed for 'ps7_cortexa9_0'.
15:19:15 INFO  : Context for processor 'ps7_cortexa9_0' is selected.
15:19:15 INFO  : The application '/home/andrew/ece527/mp2/mp2a.sdk/oled_ctrl/Debug/oled_ctrl.elf' is downloaded to processor 'ps7_cortexa9_0'.
15:19:15 INFO  : 'configparams force-mem-access 0' command is executed.
15:19:15 INFO  : ----------------XSDB Script----------------
connect -url tcp:127.0.0.1:3121
source /home/andrew/ece527/mp2/mp2a.sdk/mp1a_hardware_wrapper_hw_platform_0/ps7_init.tcl
targets -set -nocase -filter {name =~"APU*" && jtag_cable_name =~ "Digilent Zed 210248470634"} -index 0
loadhw -hw /home/andrew/ece527/mp2/mp2a.sdk/mp1a_hardware_wrapper_hw_platform_0/system.hdf -mem-ranges [list {0x40000000 0xbfffffff}]
configparams force-mem-access 1
targets -set -nocase -filter {name =~"APU*" && jtag_cable_name =~ "Digilent Zed 210248470634"} -index 0
stop
ps7_init
ps7_post_config
targets -set -nocase -filter {name =~ "ARM*#0" && jtag_cable_name =~ "Digilent Zed 210248470634"} -index 0
rst -processor
targets -set -nocase -filter {name =~ "ARM*#0" && jtag_cable_name =~ "Digilent Zed 210248470634"} -index 0
dow /home/andrew/ece527/mp2/mp2a.sdk/oled_ctrl/Debug/oled_ctrl.elf
configparams force-mem-access 0
----------------End of Script----------------

15:19:15 INFO  : Memory regions updated for context APU
15:19:16 INFO  : Context for processor 'ps7_cortexa9_0' is selected.
15:19:16 INFO  : 'con' command is executed.
15:19:16 INFO  : ----------------XSDB Script (After Launch)----------------
targets -set -nocase -filter {name =~ "ARM*#0" && jtag_cable_name =~ "Digilent Zed 210248470634"} -index 0
con
----------------End of Script----------------

15:19:16 INFO  : Launch script is exported to file '/home/andrew/ece527/mp2/mp2a.sdk/.sdk/launch_scripts/xilinx_c-c++_application_(system_debugger)/system_debugger_using_debug_oled_ctrl.elf_on_local.tcl'
15:20:30 INFO  : Disconnected from the channel tcfchan#5.
15:20:31 INFO  : 'targets -set -filter {jtag_cable_name =~ "Digilent Zed 210248470634" && level==0} -index 1' command is executed.
15:20:31 INFO  : 'fpga -state' command is executed.
15:20:31 INFO  : Connected to target on host '127.0.0.1' and port '3121'.
15:20:31 INFO  : Jtag cable 'Digilent Zed 210248470634' is selected.
15:20:31 INFO  : 'jtag frequency' command is executed.
15:20:31 INFO  : Sourcing of '/home/andrew/ece527/mp2/mp2a.sdk/mp1a_hardware_wrapper_hw_platform_0/ps7_init.tcl' is done.
15:20:31 INFO  : Context for 'APU' is selected.
15:20:36 INFO  : Hardware design information is loaded from '/home/andrew/ece527/mp2/mp2a.sdk/mp1a_hardware_wrapper_hw_platform_0/system.hdf'.
15:20:36 INFO  : 'configparams force-mem-access 1' command is executed.
15:20:36 INFO  : Context for 'APU' is selected.
15:20:36 INFO  : 'stop' command is executed.
15:20:37 INFO  : 'ps7_init' command is executed.
15:20:37 INFO  : 'ps7_post_config' command is executed.
15:20:37 INFO  : Context for processor 'ps7_cortexa9_0' is selected.
15:20:37 INFO  : Processor reset is completed for 'ps7_cortexa9_0'.
15:20:37 INFO  : Context for processor 'ps7_cortexa9_0' is selected.
15:20:37 INFO  : The application '/home/andrew/ece527/mp2/mp2a.sdk/oled_ctrl/Debug/oled_ctrl.elf' is downloaded to processor 'ps7_cortexa9_0'.
15:20:37 INFO  : 'configparams force-mem-access 0' command is executed.
15:20:37 INFO  : ----------------XSDB Script----------------
connect -url tcp:127.0.0.1:3121
source /home/andrew/ece527/mp2/mp2a.sdk/mp1a_hardware_wrapper_hw_platform_0/ps7_init.tcl
targets -set -nocase -filter {name =~"APU*" && jtag_cable_name =~ "Digilent Zed 210248470634"} -index 0
loadhw -hw /home/andrew/ece527/mp2/mp2a.sdk/mp1a_hardware_wrapper_hw_platform_0/system.hdf -mem-ranges [list {0x40000000 0xbfffffff}]
configparams force-mem-access 1
targets -set -nocase -filter {name =~"APU*" && jtag_cable_name =~ "Digilent Zed 210248470634"} -index 0
stop
ps7_init
ps7_post_config
targets -set -nocase -filter {name =~ "ARM*#0" && jtag_cable_name =~ "Digilent Zed 210248470634"} -index 0
rst -processor
targets -set -nocase -filter {name =~ "ARM*#0" && jtag_cable_name =~ "Digilent Zed 210248470634"} -index 0
dow /home/andrew/ece527/mp2/mp2a.sdk/oled_ctrl/Debug/oled_ctrl.elf
configparams force-mem-access 0
----------------End of Script----------------

15:20:37 INFO  : Memory regions updated for context APU
15:20:38 INFO  : Context for processor 'ps7_cortexa9_0' is selected.
15:20:38 INFO  : 'con' command is executed.
15:20:38 INFO  : ----------------XSDB Script (After Launch)----------------
targets -set -nocase -filter {name =~ "ARM*#0" && jtag_cable_name =~ "Digilent Zed 210248470634"} -index 0
con
----------------End of Script----------------

15:20:38 INFO  : Launch script is exported to file '/home/andrew/ece527/mp2/mp2a.sdk/.sdk/launch_scripts/xilinx_c-c++_application_(system_debugger)/system_debugger_using_debug_oled_ctrl.elf_on_local.tcl'
