
*** Running vivado
    with args -log design_1_wrapper.vdi -applog -m64 -product Vivado -messageDb vivado.pb -mode batch -source design_1_wrapper.tcl -notrace


****** Vivado v2017.2 (64-bit)
  **** SW Build 1909853 on Thu Jun 15 18:39:10 MDT 2017
  **** IP Build 1909766 on Thu Jun 15 19:58:00 MDT 2017
    ** Copyright 1986-2017 Xilinx, Inc. All Rights Reserved.

source design_1_wrapper.tcl -notrace
INFO: [IP_Flow 19-234] Refreshing IP repositories
INFO: [IP_Flow 19-1704] No user IP repositories specified
INFO: [IP_Flow 19-2313] Loaded Vivado IP repository '/Desktop/Xilinx/Vivado/2017.2/data/ip'.
WARNING: [IP_Flow 19-3664] IP 'design_1_auto_pc_0' generated file not found '/home/thomas/mp2_partB/mp2_partB.srcs/sources_1/bd/design_1/ip/design_1_auto_pc_0/stats.txt'. Please regenerate to continue.
Design is defaulting to srcset: sources_1
Design is defaulting to constrset: constrs_1
INFO: [Project 1-454] Reading design checkpoint '/home/thomas/mp2_partB/mp2_partB.srcs/sources_1/bd/design_1/ip/design_1_axi_dma_0_0/design_1_axi_dma_0_0.dcp' for cell 'design_1_i/axi_dma_0'
INFO: [Project 1-454] Reading design checkpoint '/home/thomas/mp2_partB/mp2_partB.srcs/sources_1/bd/design_1/ip/design_1_axi_smc_0/design_1_axi_smc_0.dcp' for cell 'design_1_i/axi_smc'
INFO: [Project 1-454] Reading design checkpoint '/home/thomas/mp2_partB/mp2_partB.srcs/sources_1/bd/design_1/ip/design_1_axis_data_fifo_0_0/design_1_axis_data_fifo_0_0.dcp' for cell 'design_1_i/axis_data_fifo_0'
INFO: [Project 1-454] Reading design checkpoint '/home/thomas/mp2_partB/mp2_partB.srcs/sources_1/bd/design_1/ip/design_1_packet_process_0_0/design_1_packet_process_0_0.dcp' for cell 'design_1_i/packet_process_0'
INFO: [Project 1-454] Reading design checkpoint '/home/thomas/mp2_partB/mp2_partB.srcs/sources_1/bd/design_1/ip/design_1_processing_system7_0_0/design_1_processing_system7_0_0.dcp' for cell 'design_1_i/processing_system7_0'
INFO: [Project 1-454] Reading design checkpoint '/home/thomas/mp2_partB/mp2_partB.srcs/sources_1/bd/design_1/ip/design_1_rst_ps7_0_100M_0/design_1_rst_ps7_0_100M_0.dcp' for cell 'design_1_i/rst_ps7_0_100M'
INFO: [Project 1-454] Reading design checkpoint '/home/thomas/mp2_partB/mp2_partB.srcs/sources_1/bd/design_1/ip/design_1_xlconcat_0_0/design_1_xlconcat_0_0.dcp' for cell 'design_1_i/xlconcat_0'
INFO: [Project 1-454] Reading design checkpoint '/home/thomas/mp2_partB/mp2_partB.srcs/sources_1/bd/design_1/ip/design_1_auto_pc_0/design_1_auto_pc_0.dcp' for cell 'design_1_i/ps7_0_axi_periph/s00_couplers/auto_pc'
INFO: [Netlist 29-17] Analyzing 397 Unisim elements for replacement
INFO: [Netlist 29-28] Unisim Transformation completed in 0 CPU seconds
INFO: [Project 1-479] Netlist was created with Vivado 2017.2
INFO: [Device 21-403] Loading part xc7z020clg484-1
INFO: [Project 1-570] Preparing netlist for logic optimization
Parsing XDC File [/home/thomas/mp2_partB/mp2_partB.srcs/sources_1/bd/design_1/ip/design_1_processing_system7_0_0/design_1_processing_system7_0_0.xdc] for cell 'design_1_i/processing_system7_0/inst'
Finished Parsing XDC File [/home/thomas/mp2_partB/mp2_partB.srcs/sources_1/bd/design_1/ip/design_1_processing_system7_0_0/design_1_processing_system7_0_0.xdc] for cell 'design_1_i/processing_system7_0/inst'
Parsing XDC File [/home/thomas/mp2_partB/mp2_partB.srcs/sources_1/bd/design_1/ip/design_1_axi_dma_0_0/design_1_axi_dma_0_0.xdc] for cell 'design_1_i/axi_dma_0/U0'
Finished Parsing XDC File [/home/thomas/mp2_partB/mp2_partB.srcs/sources_1/bd/design_1/ip/design_1_axi_dma_0_0/design_1_axi_dma_0_0.xdc] for cell 'design_1_i/axi_dma_0/U0'
Parsing XDC File [/home/thomas/mp2_partB/mp2_partB.srcs/sources_1/bd/design_1/ip/design_1_rst_ps7_0_100M_0/design_1_rst_ps7_0_100M_0_board.xdc] for cell 'design_1_i/rst_ps7_0_100M/U0'
Finished Parsing XDC File [/home/thomas/mp2_partB/mp2_partB.srcs/sources_1/bd/design_1/ip/design_1_rst_ps7_0_100M_0/design_1_rst_ps7_0_100M_0_board.xdc] for cell 'design_1_i/rst_ps7_0_100M/U0'
Parsing XDC File [/home/thomas/mp2_partB/mp2_partB.srcs/sources_1/bd/design_1/ip/design_1_rst_ps7_0_100M_0/design_1_rst_ps7_0_100M_0.xdc] for cell 'design_1_i/rst_ps7_0_100M/U0'
Finished Parsing XDC File [/home/thomas/mp2_partB/mp2_partB.srcs/sources_1/bd/design_1/ip/design_1_rst_ps7_0_100M_0/design_1_rst_ps7_0_100M_0.xdc] for cell 'design_1_i/rst_ps7_0_100M/U0'
Parsing XDC File [/home/thomas/mp2_partB/mp2_partB.srcs/sources_1/bd/design_1/ip/design_1_axi_smc_0/bd_0/ip/ip_1/bd_afc3_psr_aclk_0_board.xdc] for cell 'design_1_i/axi_smc/inst/clk_map/psr_aclk/U0'
Finished Parsing XDC File [/home/thomas/mp2_partB/mp2_partB.srcs/sources_1/bd/design_1/ip/design_1_axi_smc_0/bd_0/ip/ip_1/bd_afc3_psr_aclk_0_board.xdc] for cell 'design_1_i/axi_smc/inst/clk_map/psr_aclk/U0'
Parsing XDC File [/home/thomas/mp2_partB/mp2_partB.srcs/sources_1/bd/design_1/ip/design_1_axi_smc_0/bd_0/ip/ip_1/bd_afc3_psr_aclk_0.xdc] for cell 'design_1_i/axi_smc/inst/clk_map/psr_aclk/U0'
Finished Parsing XDC File [/home/thomas/mp2_partB/mp2_partB.srcs/sources_1/bd/design_1/ip/design_1_axi_smc_0/bd_0/ip/ip_1/bd_afc3_psr_aclk_0.xdc] for cell 'design_1_i/axi_smc/inst/clk_map/psr_aclk/U0'
Parsing XDC File [/home/thomas/mp2_partB/mp2_partB.srcs/sources_1/bd/design_1/ip/design_1_axis_data_fifo_0_0/design_1_axis_data_fifo_0_0/design_1_axis_data_fifo_0_0.xdc] for cell 'design_1_i/axis_data_fifo_0/inst'
Finished Parsing XDC File [/home/thomas/mp2_partB/mp2_partB.srcs/sources_1/bd/design_1/ip/design_1_axis_data_fifo_0_0/design_1_axis_data_fifo_0_0/design_1_axis_data_fifo_0_0.xdc] for cell 'design_1_i/axis_data_fifo_0/inst'
Parsing XDC File [/home/thomas/mp2_partB/mp2_partB.srcs/sources_1/bd/design_1/ip/design_1_axi_dma_0_0/design_1_axi_dma_0_0_clocks.xdc] for cell 'design_1_i/axi_dma_0/U0'
Finished Parsing XDC File [/home/thomas/mp2_partB/mp2_partB.srcs/sources_1/bd/design_1/ip/design_1_axi_dma_0_0/design_1_axi_dma_0_0_clocks.xdc] for cell 'design_1_i/axi_dma_0/U0'
INFO: [Opt 31-138] Pushed 0 inverter(s) to 0 load pin(s).
INFO: [Project 1-111] Unisim Transformation Summary:
  A total of 299 instances were transformed.
  RAM16X1D => RAM32X1D (RAMD32, RAMD32): 3 instances
  RAM32M => RAM32M (RAMD32, RAMD32, RAMD32, RAMD32, RAMD32, RAMD32, RAMS32, RAMS32): 289 instances
  RAM32X1D => RAM32X1D (RAMD32, RAMD32): 7 instances

link_design: Time (s): cpu = 00:00:11 ; elapsed = 00:00:12 . Memory (MB): peak = 1482.852 ; gain = 356.117 ; free physical = 1088 ; free virtual = 4270
Command: opt_design
Attempting to get a license for feature 'Implementation' and/or device 'xc7z020-clg484'
INFO: [Common 17-349] Got license for feature 'Implementation' and/or device 'xc7z020-clg484'
Running DRC as a precondition to command opt_design

Starting DRC Task
Command: report_drc (run_mandatory_drcs) for: opt_checks
report_drc (run_mandatory_drcs) completed successfully
INFO: [Project 1-461] DRC finished with 0 Errors
INFO: [Project 1-462] Please refer to the DRC report (report_drc) for more information.

Time (s): cpu = 00:00:00.28 ; elapsed = 00:00:00.29 . Memory (MB): peak = 1495.848 ; gain = 12.996 ; free physical = 1086 ; free virtual = 4268
INFO: [Timing 38-35] Done setting XDC timing constraints.

Starting Logic Optimization Task

Phase 1 Retarget
INFO: [Opt 31-138] Pushed 27 inverter(s) to 95 load pin(s).
INFO: [Opt 31-49] Retargeted 0 cell(s).
Phase 1 Retarget | Checksum: 205f9d29b

Time (s): cpu = 00:00:00.99 ; elapsed = 00:00:01 . Memory (MB): peak = 1970.340 ; gain = 0.000 ; free physical = 689 ; free virtual = 3886
INFO: [Opt 31-389] Phase Retarget created 0 cells and removed 164 cells

Phase 2 Constant propagation
INFO: [Opt 31-138] Pushed 0 inverter(s) to 0 load pin(s).
Phase 2 Constant propagation | Checksum: 233817bf1

Time (s): cpu = 00:00:02 ; elapsed = 00:00:02 . Memory (MB): peak = 1970.340 ; gain = 0.000 ; free physical = 683 ; free virtual = 3881
INFO: [Opt 31-389] Phase Constant propagation created 419 cells and removed 1124 cells

Phase 3 Sweep
Phase 3 Sweep | Checksum: 1b26b5392

Time (s): cpu = 00:00:04 ; elapsed = 00:00:04 . Memory (MB): peak = 1970.340 ; gain = 0.000 ; free physical = 682 ; free virtual = 3880
INFO: [Opt 31-389] Phase Sweep created 0 cells and removed 1161 cells

Phase 4 BUFG optimization
Phase 4 BUFG optimization | Checksum: 1b26b5392

Time (s): cpu = 00:00:04 ; elapsed = 00:00:05 . Memory (MB): peak = 1970.340 ; gain = 0.000 ; free physical = 684 ; free virtual = 3881
INFO: [Opt 31-389] Phase BUFG optimization created 0 cells and removed 0 cells

Phase 5 Shift Register Optimization
Phase 5 Shift Register Optimization | Checksum: 1b26b5392

Time (s): cpu = 00:00:05 ; elapsed = 00:00:05 . Memory (MB): peak = 1970.340 ; gain = 0.000 ; free physical = 684 ; free virtual = 3881
INFO: [Opt 31-389] Phase Shift Register Optimization created 0 cells and removed 0 cells

Starting Connectivity Check Task

Time (s): cpu = 00:00:00.05 ; elapsed = 00:00:00.04 . Memory (MB): peak = 1970.340 ; gain = 0.000 ; free physical = 684 ; free virtual = 3881
Ending Logic Optimization Task | Checksum: 1b26b5392

Time (s): cpu = 00:00:05 ; elapsed = 00:00:05 . Memory (MB): peak = 1970.340 ; gain = 0.000 ; free physical = 684 ; free virtual = 3881

Starting Power Optimization Task
INFO: [Pwropt 34-132] Skipping clock gating for clocks with a period < 2.00 ns.
INFO: [Pwropt 34-9] Applying IDT optimizations ...
INFO: [Pwropt 34-10] Applying ODC optimizations ...
INFO: [Timing 38-35] Done setting XDC timing constraints.
Running Vector-less Activity Propagation...

Finished Running Vector-less Activity Propagation


Starting PowerOpt Patch Enables Task
INFO: [Pwropt 34-162] WRITE_MODE attribute of 2 BRAM(s) out of a total of 4 has been updated to save power. Run report_power_opt to get a complete listing of the BRAMs updated.
INFO: [Pwropt 34-201] Structural ODC has moved 0 WE to EN ports
Number of BRAM Ports augmented: 4 newly gated: 0 Total Ports: 8
Ending PowerOpt Patch Enables Task | Checksum: 1a6cf0c88

Time (s): cpu = 00:00:00.05 ; elapsed = 00:00:00.05 . Memory (MB): peak = 2150.688 ; gain = 0.000 ; free physical = 658 ; free virtual = 3860
Ending Power Optimization Task | Checksum: 1a6cf0c88

Time (s): cpu = 00:00:04 ; elapsed = 00:00:04 . Memory (MB): peak = 2150.688 ; gain = 180.348 ; free physical = 667 ; free virtual = 3869
36 Infos, 1 Warnings, 0 Critical Warnings and 0 Errors encountered.
opt_design completed successfully
opt_design: Time (s): cpu = 00:00:18 ; elapsed = 00:00:19 . Memory (MB): peak = 2150.688 ; gain = 667.836 ; free physical = 667 ; free virtual = 3869
Writing placer database...
Writing XDEF routing.
Writing XDEF routing logical nets.
Writing XDEF routing special nets.
Write XDEF Complete: Time (s): cpu = 00:00:00.02 ; elapsed = 00:00:00.02 . Memory (MB): peak = 2150.688 ; gain = 0.000 ; free physical = 639 ; free virtual = 3871
INFO: [Common 17-1381] The checkpoint '/home/thomas/mp2_partB/mp2_partB.runs/impl_1/design_1_wrapper_opt.dcp' has been generated.
Command: report_drc -file design_1_wrapper_drc_opted.rpt
INFO: [Coretcl 2-168] The results of DRC are in file /home/thomas/mp2_partB/mp2_partB.runs/impl_1/design_1_wrapper_drc_opted.rpt.
report_drc completed successfully
INFO: [Chipscope 16-241] No debug cores found in the current design.
Before running the implement_debug_core command, either use the Set Up Debug wizard (GUI mode)
or use the create_debug_core and connect_debug_core Tcl commands to insert debug cores into the design.
Command: place_design
Attempting to get a license for feature 'Implementation' and/or device 'xc7z020-clg484'
INFO: [Common 17-349] Got license for feature 'Implementation' and/or device 'xc7z020-clg484'
Command: report_drc (run_mandatory_drcs) for: incr_eco_checks
report_drc (run_mandatory_drcs) completed successfully
INFO: [Vivado_Tcl 4-198] DRC finished with 0 Errors
INFO: [Vivado_Tcl 4-199] Please refer to the DRC report (report_drc) for more information.
Running DRC as a precondition to command place_design
Command: report_drc (run_mandatory_drcs) for: placer_checks
report_drc (run_mandatory_drcs) completed successfully
INFO: [Vivado_Tcl 4-198] DRC finished with 0 Errors
INFO: [Vivado_Tcl 4-199] Please refer to the DRC report (report_drc) for more information.

Starting Placer Task

Phase 1 Placer Initialization

Phase 1.1 Placer Initialization Netlist Sorting
Netlist sorting complete. Time (s): cpu = 00:00:00.04 ; elapsed = 00:00:00.04 . Memory (MB): peak = 2150.688 ; gain = 0.000 ; free physical = 661 ; free virtual = 3868
Phase 1.1 Placer Initialization Netlist Sorting | Checksum: 1379a4197

Time (s): cpu = 00:00:00.04 ; elapsed = 00:00:00.05 . Memory (MB): peak = 2150.688 ; gain = 0.000 ; free physical = 661 ; free virtual = 3868
INFO: [Timing 38-35] Done setting XDC timing constraints.
INFO: [Opt 31-138] Pushed 0 inverter(s) to 0 load pin(s).
Netlist sorting complete. Time (s): cpu = 00:00:00.03 ; elapsed = 00:00:00.04 . Memory (MB): peak = 2150.688 ; gain = 0.000 ; free physical = 664 ; free virtual = 3871

Phase 1.2 IO Placement/ Clock Placement/ Build Placer Device
INFO: [Timing 38-35] Done setting XDC timing constraints.
Phase 1.2 IO Placement/ Clock Placement/ Build Placer Device | Checksum: c7e04f5e

Time (s): cpu = 00:00:04 ; elapsed = 00:00:04 . Memory (MB): peak = 2150.688 ; gain = 0.000 ; free physical = 648 ; free virtual = 3855

Phase 1.3 Build Placer Netlist Model
Phase 1.3 Build Placer Netlist Model | Checksum: 45008e01

Time (s): cpu = 00:00:07 ; elapsed = 00:00:08 . Memory (MB): peak = 2150.688 ; gain = 0.000 ; free physical = 619 ; free virtual = 3829

Phase 1.4 Constrain Clocks/Macros
Phase 1.4 Constrain Clocks/Macros | Checksum: 45008e01

Time (s): cpu = 00:00:07 ; elapsed = 00:00:08 . Memory (MB): peak = 2150.688 ; gain = 0.000 ; free physical = 619 ; free virtual = 3829
Phase 1 Placer Initialization | Checksum: 45008e01

Time (s): cpu = 00:00:07 ; elapsed = 00:00:08 . Memory (MB): peak = 2150.688 ; gain = 0.000 ; free physical = 619 ; free virtual = 3829

Phase 2 Global Placement
Phase 2 Global Placement | Checksum: a33b0d32

Time (s): cpu = 00:00:17 ; elapsed = 00:00:18 . Memory (MB): peak = 2150.688 ; gain = 0.000 ; free physical = 606 ; free virtual = 3817

Phase 3 Detail Placement

Phase 3.1 Commit Multi Column Macros
Phase 3.1 Commit Multi Column Macros | Checksum: a33b0d32

Time (s): cpu = 00:00:17 ; elapsed = 00:00:18 . Memory (MB): peak = 2150.688 ; gain = 0.000 ; free physical = 606 ; free virtual = 3817

Phase 3.2 Commit Most Macros & LUTRAMs
Phase 3.2 Commit Most Macros & LUTRAMs | Checksum: 1d4ff054a

Time (s): cpu = 00:00:19 ; elapsed = 00:00:21 . Memory (MB): peak = 2150.688 ; gain = 0.000 ; free physical = 601 ; free virtual = 3813

Phase 3.3 Area Swap Optimization
Phase 3.3 Area Swap Optimization | Checksum: 137d1ce56

Time (s): cpu = 00:00:19 ; elapsed = 00:00:21 . Memory (MB): peak = 2150.688 ; gain = 0.000 ; free physical = 602 ; free virtual = 3814

Phase 3.4 Pipeline Register Optimization
Phase 3.4 Pipeline Register Optimization | Checksum: f2e94e54

Time (s): cpu = 00:00:19 ; elapsed = 00:00:21 . Memory (MB): peak = 2150.688 ; gain = 0.000 ; free physical = 602 ; free virtual = 3814

Phase 3.5 Timing Path Optimizer
Phase 3.5 Timing Path Optimizer | Checksum: 1c12b7239

Time (s): cpu = 00:00:20 ; elapsed = 00:00:22 . Memory (MB): peak = 2150.688 ; gain = 0.000 ; free physical = 602 ; free virtual = 3814

Phase 3.6 Small Shape Detail Placement
Phase 3.6 Small Shape Detail Placement | Checksum: 177fc6050

Time (s): cpu = 00:00:23 ; elapsed = 00:00:25 . Memory (MB): peak = 2150.688 ; gain = 0.000 ; free physical = 593 ; free virtual = 3805

Phase 3.7 Re-assign LUT pins
Phase 3.7 Re-assign LUT pins | Checksum: fe817d5f

Time (s): cpu = 00:00:24 ; elapsed = 00:00:25 . Memory (MB): peak = 2150.688 ; gain = 0.000 ; free physical = 593 ; free virtual = 3806

Phase 3.8 Pipeline Register Optimization
Phase 3.8 Pipeline Register Optimization | Checksum: 127763ede

Time (s): cpu = 00:00:24 ; elapsed = 00:00:25 . Memory (MB): peak = 2150.688 ; gain = 0.000 ; free physical = 593 ; free virtual = 3806
Phase 3 Detail Placement | Checksum: 127763ede

Time (s): cpu = 00:00:24 ; elapsed = 00:00:25 . Memory (MB): peak = 2150.688 ; gain = 0.000 ; free physical = 593 ; free virtual = 3806

Phase 4 Post Placement Optimization and Clean-Up

Phase 4.1 Post Commit Optimization
INFO: [Timing 38-35] Done setting XDC timing constraints.

Phase 4.1.1 Post Placement Optimization
Post Placement Optimization Initialization | Checksum: 21ab97de8

Phase 4.1.1.1 BUFG Insertion
INFO: [Physopt 32-721] Multithreading enabled for phys_opt_design using a maximum of 1 CPUs
INFO: [Place 46-41] BUFG insertion identified 0 candidate nets, 0 success, 0 skipped for placement/routing, 0 skipped for timing, 0 skipped for netlist change reason.
Phase 4.1.1.1 BUFG Insertion | Checksum: 21ab97de8

Time (s): cpu = 00:00:27 ; elapsed = 00:00:29 . Memory (MB): peak = 2150.688 ; gain = 0.000 ; free physical = 600 ; free virtual = 3812
INFO: [Place 30-746] Post Placement Timing Summary WNS=2.628. For the most accurate timing information please run report_timing.
Phase 4.1.1 Post Placement Optimization | Checksum: 26cf939f3

Time (s): cpu = 00:00:27 ; elapsed = 00:00:29 . Memory (MB): peak = 2150.688 ; gain = 0.000 ; free physical = 600 ; free virtual = 3812
Phase 4.1 Post Commit Optimization | Checksum: 26cf939f3

Time (s): cpu = 00:00:28 ; elapsed = 00:00:29 . Memory (MB): peak = 2150.688 ; gain = 0.000 ; free physical = 600 ; free virtual = 3812

Phase 4.2 Post Placement Cleanup
Phase 4.2 Post Placement Cleanup | Checksum: 26cf939f3

Time (s): cpu = 00:00:28 ; elapsed = 00:00:29 . Memory (MB): peak = 2150.688 ; gain = 0.000 ; free physical = 601 ; free virtual = 3814

Phase 4.3 Placer Reporting
Phase 4.3 Placer Reporting | Checksum: 26cf939f3

Time (s): cpu = 00:00:28 ; elapsed = 00:00:29 . Memory (MB): peak = 2150.688 ; gain = 0.000 ; free physical = 601 ; free virtual = 3814

Phase 4.4 Final Placement Cleanup
Phase 4.4 Final Placement Cleanup | Checksum: 22a454eb1

Time (s): cpu = 00:00:28 ; elapsed = 00:00:29 . Memory (MB): peak = 2150.688 ; gain = 0.000 ; free physical = 601 ; free virtual = 3814
Phase 4 Post Placement Optimization and Clean-Up | Checksum: 22a454eb1

Time (s): cpu = 00:00:28 ; elapsed = 00:00:29 . Memory (MB): peak = 2150.688 ; gain = 0.000 ; free physical = 601 ; free virtual = 3814
Ending Placer Task | Checksum: 15d6f81db

Time (s): cpu = 00:00:28 ; elapsed = 00:00:29 . Memory (MB): peak = 2150.688 ; gain = 0.000 ; free physical = 614 ; free virtual = 3826
51 Infos, 1 Warnings, 0 Critical Warnings and 0 Errors encountered.
place_design completed successfully
place_design: Time (s): cpu = 00:00:30 ; elapsed = 00:00:32 . Memory (MB): peak = 2150.688 ; gain = 0.000 ; free physical = 614 ; free virtual = 3826
Writing placer database...
Writing XDEF routing.
Writing XDEF routing logical nets.
Writing XDEF routing special nets.
Write XDEF Complete: Time (s): cpu = 00:00:00.57 ; elapsed = 00:00:00.60 . Memory (MB): peak = 2150.688 ; gain = 0.000 ; free physical = 569 ; free virtual = 3825
INFO: [Common 17-1381] The checkpoint '/home/thomas/mp2_partB/mp2_partB.runs/impl_1/design_1_wrapper_placed.dcp' has been generated.
report_io: Time (s): cpu = 00:00:00.12 ; elapsed = 00:00:00.16 . Memory (MB): peak = 2150.688 ; gain = 0.000 ; free physical = 597 ; free virtual = 3815
report_utilization: Time (s): cpu = 00:00:00.16 ; elapsed = 00:00:00.21 . Memory (MB): peak = 2150.688 ; gain = 0.000 ; free physical = 606 ; free virtual = 3824
report_control_sets: Time (s): cpu = 00:00:00.10 ; elapsed = 00:00:00.14 . Memory (MB): peak = 2150.688 ; gain = 0.000 ; free physical = 606 ; free virtual = 3824
Command: route_design
Attempting to get a license for feature 'Implementation' and/or device 'xc7z020-clg484'
INFO: [Common 17-349] Got license for feature 'Implementation' and/or device 'xc7z020-clg484'
Running DRC as a precondition to command route_design
Command: report_drc (run_mandatory_drcs) for: router_checks
report_drc (run_mandatory_drcs) completed successfully
INFO: [Vivado_Tcl 4-198] DRC finished with 0 Errors
INFO: [Vivado_Tcl 4-199] Please refer to the DRC report (report_drc) for more information.


Starting Routing Task
Checksum: PlaceDB: aa72ca67 ConstDB: 0 ShapeSum: b2fcb774 RouteDB: 0

Phase 1 Build RT Design
Phase 1 Build RT Design | Checksum: 105613d88

Time (s): cpu = 00:00:20 ; elapsed = 00:00:21 . Memory (MB): peak = 2159.684 ; gain = 8.996 ; free physical = 470 ; free virtual = 3690

Phase 2 Router Initialization

Phase 2.1 Create Timer
Phase 2.1 Create Timer | Checksum: 105613d88

Time (s): cpu = 00:00:20 ; elapsed = 00:00:21 . Memory (MB): peak = 2159.684 ; gain = 8.996 ; free physical = 469 ; free virtual = 3689

Phase 2.2 Fix Topology Constraints
Phase 2.2 Fix Topology Constraints | Checksum: 105613d88

Time (s): cpu = 00:00:20 ; elapsed = 00:00:22 . Memory (MB): peak = 2159.684 ; gain = 8.996 ; free physical = 464 ; free virtual = 3685

Phase 2.3 Pre Route Cleanup
Phase 2.3 Pre Route Cleanup | Checksum: 105613d88

Time (s): cpu = 00:00:20 ; elapsed = 00:00:22 . Memory (MB): peak = 2159.684 ; gain = 8.996 ; free physical = 464 ; free virtual = 3685
 Number of Nodes with overlaps = 0

Phase 2.4 Update Timing
Phase 2.4 Update Timing | Checksum: 1b8bb722d

Time (s): cpu = 00:00:25 ; elapsed = 00:00:26 . Memory (MB): peak = 2173.746 ; gain = 23.059 ; free physical = 449 ; free virtual = 3670
INFO: [Route 35-416] Intermediate Timing Summary | WNS=2.800  | TNS=0.000  | WHS=-0.269 | THS=-568.062|

Phase 2 Router Initialization | Checksum: 1e67ec5fc

Time (s): cpu = 00:00:27 ; elapsed = 00:00:28 . Memory (MB): peak = 2173.746 ; gain = 23.059 ; free physical = 446 ; free virtual = 3668

Phase 3 Initial Routing
Phase 3 Initial Routing | Checksum: 165372d48

Time (s): cpu = 00:00:28 ; elapsed = 00:00:30 . Memory (MB): peak = 2173.746 ; gain = 23.059 ; free physical = 447 ; free virtual = 3669

Phase 4 Rip-up And Reroute

Phase 4.1 Global Iteration 0
 Number of Nodes with overlaps = 835
 Number of Nodes with overlaps = 48
 Number of Nodes with overlaps = 4
 Number of Nodes with overlaps = 3
 Number of Nodes with overlaps = 0
INFO: [Route 35-416] Intermediate Timing Summary | WNS=2.839  | TNS=0.000  | WHS=N/A    | THS=N/A    |

Phase 4.1 Global Iteration 0 | Checksum: 1aec8e199

Time (s): cpu = 00:00:33 ; elapsed = 00:00:35 . Memory (MB): peak = 2173.746 ; gain = 23.059 ; free physical = 448 ; free virtual = 3670

Phase 4.2 Global Iteration 1
 Number of Nodes with overlaps = 4
 Number of Nodes with overlaps = 0
INFO: [Route 35-416] Intermediate Timing Summary | WNS=2.839  | TNS=0.000  | WHS=N/A    | THS=N/A    |

Phase 4.2 Global Iteration 1 | Checksum: bc4ea19d

Time (s): cpu = 00:00:33 ; elapsed = 00:00:35 . Memory (MB): peak = 2173.746 ; gain = 23.059 ; free physical = 448 ; free virtual = 3670
Phase 4 Rip-up And Reroute | Checksum: bc4ea19d

Time (s): cpu = 00:00:33 ; elapsed = 00:00:35 . Memory (MB): peak = 2173.746 ; gain = 23.059 ; free physical = 448 ; free virtual = 3670

Phase 5 Delay and Skew Optimization

Phase 5.1 Delay CleanUp

Phase 5.1.1 Update Timing
Phase 5.1.1 Update Timing | Checksum: 14b7f6d47

Time (s): cpu = 00:00:34 ; elapsed = 00:00:36 . Memory (MB): peak = 2173.746 ; gain = 23.059 ; free physical = 448 ; free virtual = 3670
INFO: [Route 35-416] Intermediate Timing Summary | WNS=2.839  | TNS=0.000  | WHS=N/A    | THS=N/A    |

Phase 5.1 Delay CleanUp | Checksum: 14b7f6d47

Time (s): cpu = 00:00:34 ; elapsed = 00:00:36 . Memory (MB): peak = 2173.746 ; gain = 23.059 ; free physical = 448 ; free virtual = 3670

Phase 5.2 Clock Skew Optimization
Phase 5.2 Clock Skew Optimization | Checksum: 14b7f6d47

Time (s): cpu = 00:00:34 ; elapsed = 00:00:36 . Memory (MB): peak = 2173.746 ; gain = 23.059 ; free physical = 448 ; free virtual = 3670
Phase 5 Delay and Skew Optimization | Checksum: 14b7f6d47

Time (s): cpu = 00:00:34 ; elapsed = 00:00:36 . Memory (MB): peak = 2173.746 ; gain = 23.059 ; free physical = 448 ; free virtual = 3670

Phase 6 Post Hold Fix

Phase 6.1 Hold Fix Iter

Phase 6.1.1 Update Timing
Phase 6.1.1 Update Timing | Checksum: 1523bf0fc

Time (s): cpu = 00:00:35 ; elapsed = 00:00:36 . Memory (MB): peak = 2173.746 ; gain = 23.059 ; free physical = 448 ; free virtual = 3670
INFO: [Route 35-416] Intermediate Timing Summary | WNS=2.839  | TNS=0.000  | WHS=0.015  | THS=0.000  |

Phase 6.1 Hold Fix Iter | Checksum: 1b0b9abd6

Time (s): cpu = 00:00:35 ; elapsed = 00:00:36 . Memory (MB): peak = 2173.746 ; gain = 23.059 ; free physical = 448 ; free virtual = 3670
Phase 6 Post Hold Fix | Checksum: 1b0b9abd6

Time (s): cpu = 00:00:35 ; elapsed = 00:00:36 . Memory (MB): peak = 2173.746 ; gain = 23.059 ; free physical = 448 ; free virtual = 3670

Phase 7 Route finalize

Router Utilization Summary
  Global Vertical Routing Utilization    = 1.82976 %
  Global Horizontal Routing Utilization  = 2.25042 %
  Routable Net Status*
  *Does not include unroutable nets such as driverless and loadless.
  Run report_route_status for detailed report.
  Number of Failed Nets               = 0
  Number of Unrouted Nets             = 0
  Number of Partially Routed Nets     = 0
  Number of Node Overlaps             = 0

Phase 7 Route finalize | Checksum: 188ac85e3

Time (s): cpu = 00:00:35 ; elapsed = 00:00:37 . Memory (MB): peak = 2173.746 ; gain = 23.059 ; free physical = 448 ; free virtual = 3670

Phase 8 Verifying routed nets

 Verification completed successfully
Phase 8 Verifying routed nets | Checksum: 188ac85e3

Time (s): cpu = 00:00:35 ; elapsed = 00:00:37 . Memory (MB): peak = 2173.746 ; gain = 23.059 ; free physical = 448 ; free virtual = 3670

Phase 9 Depositing Routes
Phase 9 Depositing Routes | Checksum: 16fa23da4

Time (s): cpu = 00:00:36 ; elapsed = 00:00:37 . Memory (MB): peak = 2173.746 ; gain = 23.059 ; free physical = 447 ; free virtual = 3669

Phase 10 Post Router Timing
INFO: [Route 35-57] Estimated Timing Summary | WNS=2.839  | TNS=0.000  | WHS=0.015  | THS=0.000  |

INFO: [Route 35-327] The final timing numbers are based on the router estimated timing analysis. For a complete and accurate timing signoff, please run report_timing_summary.
Phase 10 Post Router Timing | Checksum: 16fa23da4

Time (s): cpu = 00:00:36 ; elapsed = 00:00:37 . Memory (MB): peak = 2173.746 ; gain = 23.059 ; free physical = 449 ; free virtual = 3671
INFO: [Route 35-16] Router Completed Successfully

Time (s): cpu = 00:00:36 ; elapsed = 00:00:37 . Memory (MB): peak = 2173.746 ; gain = 23.059 ; free physical = 459 ; free virtual = 3681

Routing Is Done.
63 Infos, 1 Warnings, 0 Critical Warnings and 0 Errors encountered.
route_design completed successfully
route_design: Time (s): cpu = 00:00:38 ; elapsed = 00:00:40 . Memory (MB): peak = 2218.797 ; gain = 68.109 ; free physical = 459 ; free virtual = 3681
Writing placer database...
Writing XDEF routing.
Writing XDEF routing logical nets.
Writing XDEF routing special nets.
Write XDEF Complete: Time (s): cpu = 00:00:00.64 ; elapsed = 00:00:00.68 . Memory (MB): peak = 2218.797 ; gain = 0.000 ; free physical = 410 ; free virtual = 3679
INFO: [Common 17-1381] The checkpoint '/home/thomas/mp2_partB/mp2_partB.runs/impl_1/design_1_wrapper_routed.dcp' has been generated.
Command: report_drc -file design_1_wrapper_drc_routed.rpt -pb design_1_wrapper_drc_routed.pb -rpx design_1_wrapper_drc_routed.rpx
INFO: [Coretcl 2-168] The results of DRC are in file /home/thomas/mp2_partB/mp2_partB.runs/impl_1/design_1_wrapper_drc_routed.rpt.
report_drc completed successfully
Command: report_methodology -file design_1_wrapper_methodology_drc_routed.rpt -rpx design_1_wrapper_methodology_drc_routed.rpx
INFO: [Timing 38-35] Done setting XDC timing constraints.
INFO: [Coretcl 2-1520] The results of Report Methodology are in file /home/thomas/mp2_partB/mp2_partB.runs/impl_1/design_1_wrapper_methodology_drc_routed.rpt.
report_methodology completed successfully
report_methodology: Time (s): cpu = 00:00:06 ; elapsed = 00:00:06 . Memory (MB): peak = 2265.715 ; gain = 14.984 ; free physical = 374 ; free virtual = 3602
Command: report_power -file design_1_wrapper_power_routed.rpt -pb design_1_wrapper_power_summary_routed.pb -rpx design_1_wrapper_power_routed.rpx
INFO: [Timing 38-35] Done setting XDC timing constraints.
Running Vector-less Activity Propagation...

Finished Running Vector-less Activity Propagation
WARNING: [Power 33-332] Found switching activity that implies high-fanout reset nets being asserted for excessive periods of time which may result in inaccurate power analysis.
Resolution: To review and fix problems, please run Power Constraints Advisor in the GUI from Tools > Power Constraints Advisor or run report_power with the -advisory option to generate a text report.
68 Infos, 2 Warnings, 0 Critical Warnings and 0 Errors encountered.
report_power completed successfully
INFO: [Timing 38-91] UpdateTimingParams: Speed grade: -1, Delay Type: min_max.
WARNING: [Memdata 28-169] Found XPM memory block design_1_i/axi_smc/inst/s02_nodes/s02_w_node/inst/inst_mi_handler/gen_normal_area.inst_fifo_node_payld/gen_xpm_memory_fifo.inst_fifo/gen_mem_rep[0].inst_xpm_memory with a MEM.ADDRESS_SPACE property. However, the P_MEMORY_PRIMITIVE property is required and should be set to block.
WARNING: [Memdata 28-169] Found XPM memory block design_1_i/axi_smc/inst/s02_nodes/s02_w_node/inst/inst_mi_handler/gen_normal_area.gen_fifo_req.inst_fifo_req/gen_xpm_memory_fifo.inst_fifo/gen_mem_rep[0].inst_xpm_memory with a MEM.ADDRESS_SPACE property. However, the P_MEMORY_PRIMITIVE property is required and should be set to block.
WARNING: [Memdata 28-169] Found XPM memory block design_1_i/axi_smc/inst/s02_nodes/s02_b_node/inst/inst_mi_handler/gen_normal_area.inst_fifo_node_payld/gen_xpm_memory_fifo.inst_fifo/gen_mem_rep[0].inst_xpm_memory with a MEM.ADDRESS_SPACE property. However, the P_MEMORY_PRIMITIVE property is required and should be set to block.
WARNING: [Memdata 28-169] Found XPM memory block design_1_i/axi_smc/inst/s02_nodes/s02_aw_node/inst/inst_mi_handler/gen_normal_area.inst_fifo_node_payld/gen_xpm_memory_fifo.inst_fifo/gen_mem_rep[0].inst_xpm_memory with a MEM.ADDRESS_SPACE property. However, the P_MEMORY_PRIMITIVE property is required and should be set to block.
WARNING: [Memdata 28-169] Found XPM memory block design_1_i/axi_smc/inst/s01_nodes/s01_r_node/inst/inst_mi_handler/gen_normal_area.inst_fifo_node_payld/gen_xpm_memory_fifo.inst_fifo/gen_mem_rep[0].inst_xpm_memory with a MEM.ADDRESS_SPACE property. However, the P_MEMORY_PRIMITIVE property is required and should be set to block.
WARNING: [Memdata 28-169] Found XPM memory block design_1_i/axi_smc/inst/s01_nodes/s01_ar_node/inst/inst_mi_handler/gen_normal_area.inst_fifo_node_payld/gen_xpm_memory_fifo.inst_fifo/gen_mem_rep[0].inst_xpm_memory with a MEM.ADDRESS_SPACE property. However, the P_MEMORY_PRIMITIVE property is required and should be set to block.
WARNING: [Memdata 28-169] Found XPM memory block design_1_i/axi_smc/inst/s00_nodes/s00_w_node/inst/inst_mi_handler/gen_normal_area.inst_fifo_node_payld/gen_xpm_memory_fifo.inst_fifo/gen_mem_rep[0].inst_xpm_memory with a MEM.ADDRESS_SPACE property. However, the P_MEMORY_PRIMITIVE property is required and should be set to block.
WARNING: [Memdata 28-169] Found XPM memory block design_1_i/axi_smc/inst/s00_nodes/s00_w_node/inst/inst_mi_handler/gen_normal_area.gen_fifo_req.inst_fifo_req/gen_xpm_memory_fifo.inst_fifo/gen_mem_rep[0].inst_xpm_memory with a MEM.ADDRESS_SPACE property. However, the P_MEMORY_PRIMITIVE property is required and should be set to block.
WARNING: [Memdata 28-169] Found XPM memory block design_1_i/axi_smc/inst/s00_nodes/s00_r_node/inst/inst_mi_handler/gen_normal_area.inst_fifo_node_payld/gen_xpm_memory_fifo.inst_fifo/gen_mem_rep[0].inst_xpm_memory with a MEM.ADDRESS_SPACE property. However, the P_MEMORY_PRIMITIVE property is required and should be set to block.
WARNING: [Memdata 28-169] Found XPM memory block design_1_i/axi_smc/inst/s00_nodes/s00_b_node/inst/inst_mi_handler/gen_normal_area.inst_fifo_node_payld/gen_xpm_memory_fifo.inst_fifo/gen_mem_rep[0].inst_xpm_memory with a MEM.ADDRESS_SPACE property. However, the P_MEMORY_PRIMITIVE property is required and should be set to block.
WARNING: [Memdata 28-169] Found XPM memory block design_1_i/axi_smc/inst/s00_nodes/s00_aw_node/inst/inst_mi_handler/gen_normal_area.inst_fifo_node_payld/gen_xpm_memory_fifo.inst_fifo/gen_mem_rep[0].inst_xpm_memory with a MEM.ADDRESS_SPACE property. However, the P_MEMORY_PRIMITIVE property is required and should be set to block.
WARNING: [Memdata 28-169] Found XPM memory block design_1_i/axi_smc/inst/s00_nodes/s00_ar_node/inst/inst_mi_handler/gen_normal_area.inst_fifo_node_payld/gen_xpm_memory_fifo.inst_fifo/gen_mem_rep[0].inst_xpm_memory with a MEM.ADDRESS_SPACE property. However, the P_MEMORY_PRIMITIVE property is required and should be set to block.
WARNING: [Memdata 28-169] Found XPM memory block design_1_i/axi_smc/inst/m00_nodes/m00_w_node/inst/inst_si_handler/gen_si_handler.gen_request_fifos.gen_req_fifo[2].inst_req_fifo/gen_xpm_memory_fifo.inst_fifo/gen_mem_rep[0].inst_xpm_memory with a MEM.ADDRESS_SPACE property. However, the P_MEMORY_PRIMITIVE property is required and should be set to block.
WARNING: [Memdata 28-169] Found XPM memory block design_1_i/axi_smc/inst/m00_nodes/m00_w_node/inst/inst_si_handler/gen_si_handler.gen_request_fifos.gen_req_fifo[0].inst_req_fifo/gen_xpm_memory_fifo.inst_fifo/gen_mem_rep[0].inst_xpm_memory with a MEM.ADDRESS_SPACE property. However, the P_MEMORY_PRIMITIVE property is required and should be set to block.
WARNING: [Memdata 28-169] Found XPM memory block design_1_i/axi_smc/inst/m00_nodes/m00_w_node/inst/inst_mi_handler/gen_normal_area.inst_fifo_node_payld/gen_xpm_memory_fifo.inst_fifo/gen_mem_rep[0].inst_xpm_memory with a MEM.ADDRESS_SPACE property. However, the P_MEMORY_PRIMITIVE property is required and should be set to block.
WARNING: [Memdata 28-169] Found XPM memory block design_1_i/axi_smc/inst/m00_nodes/m00_r_node/inst/inst_mi_handler/gen_normal_area.inst_fifo_node_payld/gen_xpm_memory_fifo.inst_fifo/gen_mem_rep[0].inst_xpm_memory with a MEM.ADDRESS_SPACE property. However, the P_MEMORY_PRIMITIVE property is required and should be set to block.
WARNING: [Memdata 28-169] Found XPM memory block design_1_i/axi_smc/inst/m00_nodes/m00_r_node/inst/inst_mi_handler/gen_normal_area.gen_fifo_req.inst_fifo_req/gen_xpm_memory_fifo.inst_fifo/gen_mem_rep[0].inst_xpm_memory with a MEM.ADDRESS_SPACE property. However, the P_MEMORY_PRIMITIVE property is required and should be set to block.
WARNING: [Memdata 28-169] Found XPM memory block design_1_i/axi_smc/inst/m00_nodes/m00_b_node/inst/inst_mi_handler/gen_normal_area.inst_fifo_node_payld/gen_xpm_memory_fifo.inst_fifo/gen_mem_rep[0].inst_xpm_memory with a MEM.ADDRESS_SPACE property. However, the P_MEMORY_PRIMITIVE property is required and should be set to block.
WARNING: [Memdata 28-169] Found XPM memory block design_1_i/axi_smc/inst/m00_nodes/m00_b_node/inst/inst_mi_handler/gen_normal_area.gen_fifo_req.inst_fifo_req/gen_xpm_memory_fifo.inst_fifo/gen_mem_rep[0].inst_xpm_memory with a MEM.ADDRESS_SPACE property. However, the P_MEMORY_PRIMITIVE property is required and should be set to block.
WARNING: [Memdata 28-169] Found XPM memory block design_1_i/axi_smc/inst/m00_nodes/m00_aw_node/inst/inst_mi_handler/gen_normal_area.inst_fifo_node_payld/gen_xpm_memory_fifo.inst_fifo/gen_mem_rep[0].inst_xpm_memory with a MEM.ADDRESS_SPACE property. However, the P_MEMORY_PRIMITIVE property is required and should be set to block.
WARNING: [Memdata 28-169] Found XPM memory block design_1_i/axi_smc/inst/m00_nodes/m00_ar_node/inst/inst_mi_handler/gen_normal_area.inst_fifo_node_payld/gen_xpm_memory_fifo.inst_fifo/gen_mem_rep[0].inst_xpm_memory with a MEM.ADDRESS_SPACE property. However, the P_MEMORY_PRIMITIVE property is required and should be set to block.
Command: write_bitstream -force design_1_wrapper.bit
Attempting to get a license for feature 'Implementation' and/or device 'xc7z020-clg484'
INFO: [Common 17-349] Got license for feature 'Implementation' and/or device 'xc7z020-clg484'
Running DRC as a precondition to command write_bitstream
Command: report_drc (run_mandatory_drcs) for: bitstream_checks
WARNING: [DRC RTSTAT-10] No routable loads: 20 net(s) have no routable loads. The problem bus(es) and/or net(s) are design_1_i/axis_data_fifo_0/inst/gen_fifo_generator.fifo_generator_inst/inst_fifo_gen/gaxis_fifo.gaxisf.axisf/grf.rf/gntv_or_sync_fifo.gl0.rd/gr1.gr1_int.rfwft/aempty_fwft_i, design_1_i/axi_dma_0/U0/I_PRMRY_DATAMOVER/GEN_S2MM_FULL.I_S2MM_FULL_WRAPPER/GEN_ENABLE_INDET_BTT_SF.I_INDET_BTT/I_DATA_FIFO/BLK_MEM.I_SYNC_FIFOGEN_FIFO/FAMILY_SUPPORTED.I_SYNC_FIFO_BRAM/inst_fifo_gen/gconvfifo.rf/grf.rf/gntv_or_sync_fifo.gl0.rd/gr1.gr1_int.rfwft/aempty_fwft_i, design_1_i/axi_dma_0/U0/I_PRMRY_DATAMOVER/GEN_MM2S_FULL.I_MM2S_FULL_WRAPPER/GEN_INCLUDE_MM2S_SF.I_RD_SF/I_DATA_FIFO/BLK_MEM.I_SYNC_FIFOGEN_FIFO/FAMILY_SUPPORTED.I_SYNC_FIFO_BRAM/inst_fifo_gen/gconvfifo.rf/grf.rf/gntv_or_sync_fifo.gl0.rd/gr1.gr1_int.rfwft/aempty_fwft_i, design_1_i/axi_dma_0/U0/I_PRMRY_DATAMOVER/GEN_MM2S_FULL.I_MM2S_FULL_WRAPPER/GEN_INCLUDE_MM2S_SF.I_RD_SF/I_DATA_FIFO/BLK_MEM.I_SYNC_FIFOGEN_FIFO/FAMILY_SUPPORTED.I_SYNC_FIFO_BRAM/inst_fifo_gen/gconvfifo.rf/grf.rf/gntv_or_sync_fifo.gl0.rd/gr1.gr1_int.rfwft/empty_fwft_i, design_1_i/axi_dma_0/U0/I_PRMRY_DATAMOVER/GEN_S2MM_FULL.I_S2MM_FULL_WRAPPER/GEN_ENABLE_INDET_BTT_SF.I_INDET_BTT/I_DATA_FIFO/BLK_MEM.I_SYNC_FIFOGEN_FIFO/FAMILY_SUPPORTED.I_SYNC_FIFO_BRAM/inst_fifo_gen/gconvfifo.rf/grf.rf/gntv_or_sync_fifo.gl0.rd/gr1.gr1_int.rfwft/empty_fwft_i, design_1_i/axi_dma_0/U0/I_PRMRY_DATAMOVER/GEN_MM2S_FULL.I_MM2S_FULL_WRAPPER/GEN_INCLUDE_MM2S_SF.I_RD_SF/I_DATA_FIFO/BLK_MEM.I_SYNC_FIFOGEN_FIFO/FAMILY_SUPPORTED.I_SYNC_FIFO_BRAM/inst_fifo_gen/gconvfifo.rf/grf.rf/gntv_or_sync_fifo.gl0.wr/gwss.wsts/ram_afull_fb, design_1_i/axis_data_fifo_0/inst/gen_fifo_generator.fifo_generator_inst/inst_fifo_gen/gaxis_fifo.gaxisf.axisf/grf.rf/gntv_or_sync_fifo.gl0.wr/gwss.wsts/ram_afull_fb, design_1_i/axi_dma_0/U0/I_PRMRY_DATAMOVER/GEN_S2MM_FULL.I_S2MM_FULL_WRAPPER/GEN_ENABLE_INDET_BTT_SF.I_INDET_BTT/I_XD_FIFO/NON_BLK_MEM.I_SYNC_FIFOGEN_FIFO/FAMILY_SUPPORTED.I_SYNC_FIFO_BRAM/inst_fifo_gen/gconvfifo.rf/grf.rf/gntv_or_sync_fifo.gl0.wr/gwss.wsts/ram_afull_fb, design_1_i/axi_dma_0/U0/I_PRMRY_DATAMOVER/GEN_S2MM_FULL.I_S2MM_FULL_WRAPPER/GEN_ENABLE_INDET_BTT_SF.I_INDET_BTT/I_DATA_FIFO/BLK_MEM.I_SYNC_FIFOGEN_FIFO/FAMILY_SUPPORTED.I_SYNC_FIFO_BRAM/inst_fifo_gen/gconvfifo.rf/grf.rf/gntv_or_sync_fifo.gl0.wr/gwss.wsts/ram_afull_fb, design_1_i/axi_dma_0/U0/I_PRMRY_DATAMOVER/GEN_S2MM_FULL.I_S2MM_FULL_WRAPPER/GEN_ENABLE_INDET_BTT_SF.I_INDET_BTT/I_XD_FIFO/NON_BLK_MEM.I_SYNC_FIFOGEN_FIFO/FAMILY_SUPPORTED.I_SYNC_FIFO_BRAM/inst_fifo_gen/gconvfifo.rf/grf.rf/gntv_or_sync_fifo.gl0.wr/gwss.wsts/ram_afull_i, design_1_i/axis_data_fifo_0/inst/gen_fifo_generator.fifo_generator_inst/inst_fifo_gen/gaxis_fifo.gaxisf.axisf/grf.rf/gntv_or_sync_fifo.gl0.wr/gwss.wsts/ram_afull_i, design_1_i/axi_dma_0/U0/I_PRMRY_DATAMOVER/GEN_S2MM_FULL.I_S2MM_FULL_WRAPPER/GEN_ENABLE_INDET_BTT_SF.I_INDET_BTT/I_DATA_FIFO/BLK_MEM.I_SYNC_FIFOGEN_FIFO/FAMILY_SUPPORTED.I_SYNC_FIFO_BRAM/inst_fifo_gen/gconvfifo.rf/grf.rf/gntv_or_sync_fifo.gl0.wr/gwss.wsts/ram_afull_i, design_1_i/axi_dma_0/U0/I_PRMRY_DATAMOVER/GEN_MM2S_FULL.I_MM2S_FULL_WRAPPER/GEN_INCLUDE_MM2S_SF.I_RD_SF/I_DATA_FIFO/BLK_MEM.I_SYNC_FIFOGEN_FIFO/FAMILY_SUPPORTED.I_SYNC_FIFO_BRAM/inst_fifo_gen/gconvfifo.rf/grf.rf/gntv_or_sync_fifo.gl0.wr/gwss.wsts/ram_afull_i, design_1_i/axi_dma_0/U0/I_PRMRY_DATAMOVER/GEN_S2MM_FULL.I_S2MM_FULL_WRAPPER/GEN_ENABLE_INDET_BTT_SF.I_INDET_BTT/I_DATA_FIFO/BLK_MEM.I_SYNC_FIFOGEN_FIFO/FAMILY_SUPPORTED.I_SYNC_FIFO_BRAM/inst_fifo_gen/gconvfifo.rf/grf.rf/gntv_or_sync_fifo.gl0.rd/grss.rsts/ram_empty_i, design_1_i/axis_data_fifo_0/inst/gen_fifo_generator.fifo_generator_inst/inst_fifo_gen/gaxis_fifo.gaxisf.axisf/grf.rf/gntv_or_sync_fifo.gl0.rd/grss.rsts/ram_empty_i... and (the first 15 of 18 listed).
report_drc (run_mandatory_drcs) completed successfully
INFO: [Vivado 12-3199] DRC finished with 0 Errors, 1 Warnings
INFO: [Vivado 12-3200] Please refer to the DRC report (report_drc) for more information.
INFO: [Project 1-821] Please set project.enableDesignId to be 'true'.
Loading data files...
Loading site data...
Loading route data...
Processing options...
Creating bitmap...
Creating bitstream...
Writing bitstream ./design_1_wrapper.bit...
INFO: [Vivado 12-1842] Bitgen Completed Successfully.
INFO: [Project 1-120] WebTalk data collection is mandatory when using a WebPACK part without a full Vivado license. To see the specific WebTalk data collected for your design, open the usage_statistics_webtalk.html or usage_statistics_webtalk.xml file in the implementation directory.
INFO: [Common 17-186] '/home/thomas/mp2_partB/mp2_partB.runs/impl_1/usage_statistics_webtalk.xml' has been successfully sent to Xilinx on Mon Sep 24 18:47:54 2018. For additional details about this file, please refer to the WebTalk help file at /Desktop/Xilinx/Vivado/2017.2/doc/webtalk_introduction.html.
76 Infos, 24 Warnings, 0 Critical Warnings and 0 Errors encountered.
write_bitstream completed successfully
write_bitstream: Time (s): cpu = 00:00:18 ; elapsed = 00:00:22 . Memory (MB): peak = 2661.348 ; gain = 367.617 ; free physical = 445 ; free virtual = 3557
INFO: [Common 17-206] Exiting Vivado at Mon Sep 24 18:47:54 2018...
