22:16:04 INFO  : Registering command handlers for SDK TCF services
22:16:11 INFO  : Launching XSCT server: xsct -n -interactive /home/andrew/ece527/mp1/part3/axi_interface_simple.sdk/temp_xsdb_launch_script.tcl
22:16:14 INFO  : XSCT server has started successfully.
22:16:14 INFO  : Successfully done setting XSCT server connection channel  
22:16:14 INFO  : Successfully done setting SDK workspace  
22:16:16 INFO  : Processing command line option -hwspec /home/andrew/ece527/mp1/part3/axi_interface_simple.sdk/axi_switch_wrapper.hdf.
22:25:59 INFO  : ps7_init is completed.
22:25:59 INFO  : ps7_post_config is completed.
22:26:00 INFO  : Processor reset is completed for ps7_cortexa9_0
22:26:54 INFO  : Connected to target on host '127.0.0.1' and port '3121'.
22:26:54 INFO  : 'targets -set -filter {jtag_cable_name =~ "Digilent Zed 210248470634" && level==0} -index 1' command is executed.
22:27:00 INFO  : FPGA configured successfully with bitstream "/home/andrew/ece527/mp1/part3/axi_interface_simple.sdk/axi_switch_wrapper_hw_platform_0/axi_switch_wrapper.bit"
22:27:30 INFO  : Processor reset is completed for ps7_cortexa9_0
22:28:44 INFO  : Processor reset is completed for ps7_cortexa9_0
22:29:26 INFO  : Connected to target on host '127.0.0.1' and port '3121'.
22:29:26 INFO  : 'targets -set -filter {jtag_cable_name =~ "Digilent Zed 210248470634" && level==0} -index 1' command is executed.
22:29:32 INFO  : FPGA configured successfully with bitstream "/home/andrew/ece527/mp1/part3/axi_interface_simple.sdk/axi_switch_wrapper_hw_platform_0/axi_switch_wrapper.bit"
22:30:05 INFO  : ps7_init is completed.
22:30:05 INFO  : ps7_post_config is completed.
22:30:05 INFO  : Processor reset is completed for ps7_cortexa9_0
22:30:48 INFO  : Processor reset is completed for ps7_cortexa9_0
22:34:31 INFO  : Processor reset is completed for ps7_cortexa9_0
22:35:14 ERROR : Unexpected error while parsing XMD response ￿: com.google.gson.JsonSyntaxException: com.google.gson.stream.MalformedJsonException: invalid number or unquoted string near 
22:53:53 INFO  : Registering command handlers for SDK TCF services
22:53:54 INFO  : Launching XSCT server: xsct -n -interactive /home/andrew/ece527/mp1/part3/axi_interface_simple.sdk/temp_xsdb_launch_script.tcl
22:53:57 INFO  : XSCT server has started successfully.
22:54:00 INFO  : Successfully done setting XSCT server connection channel  
22:54:00 INFO  : Successfully done setting SDK workspace  
22:54:00 INFO  : Processing command line option -hwspec /home/andrew/ece527/mp1/part3/axi_interface_simple.sdk/axi_switch_wrapper.hdf.
22:54:00 INFO  : Checking for hwspec changes in the project axi_switch_wrapper_hw_platform_0.
22:54:03 INFO  : SDK has detected change in the last modified timestamps for source hardware specification file Source:1536637952000,  Project:1536635604000
22:54:03 INFO  : The hardware specification for project 'axi_switch_wrapper_hw_platform_0' is different from /home/andrew/ece527/mp1/part3/axi_interface_simple.sdk/axi_switch_wrapper.hdf.
22:54:03 INFO  : Copied contents of /home/andrew/ece527/mp1/part3/axi_interface_simple.sdk/axi_switch_wrapper.hdf into /axi_switch_wrapper_hw_platform_0/system.hdf.
22:54:09 INFO  : Synchronizing projects in the workspace with the hardware platform specification changes.
22:54:10 INFO  : 
22:54:11 INFO  : 
22:54:12 INFO  : Updating hardware inferred compiler options for axi_basic_io.
22:54:12 INFO  : Clearing existing target manager status.
23:08:13 INFO  : Connected to target on host '127.0.0.1' and port '3121'.
23:08:13 INFO  : 'targets -set -filter {jtag_cable_name =~ "Digilent Zed 210248470634" && level==0} -index 1' command is executed.
23:08:20 INFO  : FPGA configured successfully with bitstream "/home/andrew/ece527/mp1/part3/axi_interface_simple.sdk/axi_switch_wrapper_hw_platform_0/axi_switch_wrapper.bit"
23:08:50 INFO  : Connected to target on host '127.0.0.1' and port '3121'.
23:08:50 INFO  : 'targets -set -filter {jtag_cable_name =~ "Digilent Zed 210248470634" && level==0} -index 1' command is executed.
23:08:55 INFO  : FPGA configured successfully with bitstream "/home/andrew/ece527/mp1/part3/axi_interface_simple.sdk/axi_switch_wrapper_hw_platform_0/axi_switch_wrapper.bit"
23:13:44 INFO  : Connected to target on host '127.0.0.1' and port '3121'.
23:13:44 INFO  : 'targets -set -filter {jtag_cable_name =~ "Digilent Zed 210248470634" && level==0} -index 1' command is executed.
23:13:49 INFO  : FPGA configured successfully with bitstream "/home/andrew/ece527/mp1/part3/axi_interface_simple.sdk/axi_switch_wrapper_hw_platform_0/axi_switch_wrapper.bit"
23:14:00 INFO  : Connected to target on host '127.0.0.1' and port '3121'.
23:14:00 INFO  : 'targets -set -filter {jtag_cable_name =~ "Digilent Zed 210248470634" && level==0} -index 1' command is executed.
23:14:05 INFO  : FPGA configured successfully with bitstream "/home/andrew/ece527/mp1/part3/axi_interface_simple.sdk/axi_switch_wrapper_hw_platform_0/axi_switch_wrapper.bit"
23:15:46 INFO  : ps7_init is completed.
23:15:46 INFO  : ps7_post_config is completed.
23:15:46 INFO  : Processor reset is completed for ps7_cortexa9_0
23:15:51 INFO  : ps7_cortexa9_0 Processor is in use. Please stop existing Run or Debug sessions before launching.
23:16:32 INFO  : ps7_cortexa9_0 Processor is in use. Please stop existing Run or Debug sessions before launching.
23:16:39 INFO  : Processor reset is completed for ps7_cortexa9_0
23:16:42 ERROR : Unexpected error while launching program.
java.lang.RuntimeException: Failed to download ELF file


    Could not stop the processor after reset


	at com.xilinx.sdk.targetmanager.internal.TM.downloadELF(TM.java:686)
	at com.xilinx.sdk.debug.core.internal.AppRunner.run(AppRunner.java:129)
	at com.xilinx.sdk.debug.core.XilinxAppLaunchConfigurationDelegate.runApplication(XilinxAppLaunchConfigurationDelegate.java:637)
	at com.xilinx.sdk.debug.core.XilinxAppLaunchConfigurationDelegate.launch(XilinxAppLaunchConfigurationDelegate.java:309)
	at com.xilinx.sdk.debug.ui.XilinxAppLaunchDelegateWrapper.launch(XilinxAppLaunchDelegateWrapper.java:31)
	at org.eclipse.debug.internal.core.LaunchConfiguration.launch(LaunchConfiguration.java:885)
	at org.eclipse.debug.internal.core.LaunchConfiguration.launch(LaunchConfiguration.java:739)
	at org.eclipse.debug.internal.ui.DebugUIPlugin.buildAndLaunch(DebugUIPlugin.java:1039)
	at org.eclipse.debug.internal.ui.DebugUIPlugin$8.run(DebugUIPlugin.java:1256)
	at org.eclipse.core.internal.jobs.Worker.run(Worker.java:55)
23:18:01 INFO  : Connected to target on host '127.0.0.1' and port '3121'.
23:18:33 INFO  : Connected to target on host '127.0.0.1' and port '3121'.
23:18:33 INFO  : 'targets -set -filter {jtag_cable_name =~ "Digilent Zed 210248470634" && level==0} -index 1' command is executed.
23:18:37 INFO  : FPGA configured successfully with bitstream "/home/andrew/ece527/mp1/part3/axi_interface_simple.sdk/axi_switch_wrapper_hw_platform_0/axi_switch_wrapper.bit"
23:19:15 INFO  : Connected to target on host '127.0.0.1' and port '3121'.
23:19:15 INFO  : 'targets -set -filter {jtag_cable_name =~ "Digilent Zed 210248470634" && level==0} -index 1' command is executed.
23:19:22 INFO  : FPGA configured successfully with bitstream "/home/andrew/ece527/mp1/part3/axi_interface_simple.sdk/axi_switch_wrapper_hw_platform_0/axi_switch_wrapper.bit"
23:20:03 ERROR : Unexpected error while parsing XMD response ￿: com.google.gson.JsonSyntaxException: com.google.gson.stream.MalformedJsonException: invalid number or unquoted string near 
23:21:55 INFO  : Registering command handlers for SDK TCF services
23:21:56 INFO  : Launching XSCT server: xsct -n -interactive /home/andrew/ece527/mp1/part3/axi_interface_simple.sdk/temp_xsdb_launch_script.tcl
23:21:58 INFO  : XSCT server has started successfully.
23:22:00 INFO  : Successfully done setting XSCT server connection channel  
23:22:00 INFO  : Successfully done setting SDK workspace  
23:22:00 INFO  : Processing command line option -hwspec /home/andrew/ece527/mp1/part3/axi_interface_simple.sdk/axi_switch_wrapper.hdf.
23:22:00 INFO  : Checking for hwspec changes in the project axi_switch_wrapper_hw_platform_0.
23:23:14 INFO  : Connected to target on host '127.0.0.1' and port '3121'.
23:23:14 INFO  : 'targets -set -filter {jtag_cable_name =~ "Digilent Zed 210248470634" && level==0} -index 1' command is executed.
23:23:17 INFO  : FPGA configured successfully with bitstream "/home/andrew/ece527/mp1/part3/axi_interface_simple.sdk/axi_switch_wrapper_hw_platform_0/axi_switch_wrapper.bit"
23:23:48 INFO  : ps7_init is completed.
23:23:48 INFO  : ps7_post_config is completed.
23:23:49 INFO  : Processor reset is completed for ps7_cortexa9_0
23:26:59 INFO  : ps7_cortexa9_0 Processor is in use. Please stop existing Run or Debug sessions before launching.
23:27:04 INFO  : Processor reset is completed for ps7_cortexa9_0
23:36:46 INFO  : ps7_cortexa9_0 Processor is in use. Please stop existing Run or Debug sessions before launching.
23:36:49 INFO  : Processor reset is completed for ps7_cortexa9_0
23:37:10 INFO  : ps7_cortexa9_0 Processor is in use. Please stop existing Run or Debug sessions before launching.
23:37:12 INFO  : Processor reset is completed for ps7_cortexa9_0
23:37:36 INFO  : ps7_cortexa9_0 Processor is in use. Please stop existing Run or Debug sessions before launching.
23:37:38 INFO  : Processor reset is completed for ps7_cortexa9_0
23:38:37 INFO  : ps7_cortexa9_0 Processor is in use. Please stop existing Run or Debug sessions before launching.
23:38:39 INFO  : Processor reset is completed for ps7_cortexa9_0
23:39:00 INFO  : ps7_cortexa9_0 Processor is in use. Please stop existing Run or Debug sessions before launching.
23:39:07 INFO  : ps7_cortexa9_0 Processor is in use. Please stop existing Run or Debug sessions before launching.
23:39:10 INFO  : Processor reset is completed for ps7_cortexa9_0
23:39:23 INFO  : ps7_cortexa9_0 Processor is in use. Please stop existing Run or Debug sessions before launching.
23:39:32 INFO  : Processor reset is completed for ps7_cortexa9_0
23:42:36 INFO  : ps7_cortexa9_0 Processor is in use. Please stop existing Run or Debug sessions before launching.
23:42:40 INFO  : Processor reset is completed for ps7_cortexa9_0
23:43:01 INFO  : ps7_cortexa9_0 Processor is in use. Please stop existing Run or Debug sessions before launching.
23:43:04 INFO  : Processor reset is completed for ps7_cortexa9_0
23:43:18 INFO  : ps7_cortexa9_0 Processor is in use. Please stop existing Run or Debug sessions before launching.
23:43:19 INFO  : Processor reset is completed for ps7_cortexa9_0
23:43:41 INFO  : ps7_cortexa9_0 Processor is in use. Please stop existing Run or Debug sessions before launching.
23:43:43 INFO  : Processor reset is completed for ps7_cortexa9_0
23:43:58 INFO  : ps7_cortexa9_0 Processor is in use. Please stop existing Run or Debug sessions before launching.
23:44:02 INFO  : ps7_cortexa9_0 Processor is in use. Please stop existing Run or Debug sessions before launching.
23:44:04 INFO  : Processor reset is completed for ps7_cortexa9_0
23:44:12 INFO  : ps7_cortexa9_0 Processor is in use. Please stop existing Run or Debug sessions before launching.
23:44:13 INFO  : Processor reset is completed for ps7_cortexa9_0
23:44:33 INFO  : ps7_cortexa9_0 Processor is in use. Please stop existing Run or Debug sessions before launching.
23:44:39 INFO  : ps7_cortexa9_0 Processor is in use. Please stop existing Run or Debug sessions before launching.
23:44:41 INFO  : Processor reset is completed for ps7_cortexa9_0
23:45:00 ERROR : Unexpected error while parsing XMD response ￿: com.google.gson.JsonSyntaxException: com.google.gson.stream.MalformedJsonException: invalid number or unquoted string near 
22:10:08 INFO  : Registering command handlers for SDK TCF services
22:10:09 INFO  : Launching XSCT server: xsct -n -interactive /home/andrew/ece527/mp1/part3/axi_interface_simple.sdk/temp_xsdb_launch_script.tcl
22:10:12 INFO  : XSCT server has started successfully.
22:10:13 INFO  : Successfully done setting XSCT server connection channel  
22:10:13 INFO  : Successfully done setting SDK workspace  
22:10:14 INFO  : Processing command line option -hwspec /home/andrew/ece527/mp1/part3/axi_interface_simple.sdk/axi_switch_wrapper.hdf.
22:10:14 INFO  : Checking for hwspec changes in the project axi_switch_wrapper_hw_platform_0.
22:58:18 ERROR : Checking FPGA configuration failed..Connection to Board Failed


    Unknown Error Occured
    Cable is not connected to the host

22:58:18 ERROR : Unexpected error while launching program.
com.xilinx.sdk.targetmanager.TMException: Connection to Board Failed


    Unknown Error Occured
    Cable is not connected to the host

	at com.xilinx.sdk.targetmanager.internal.TM.isFPGAConfigured(TM.java:374)
	at com.xilinx.sdk.debug.core.XilinxAppLaunchConfigurationDelegate.isFpgaConfigured(XilinxAppLaunchConfigurationDelegate.java:409)
	at com.xilinx.sdk.debug.core.XilinxAppLaunchConfigurationDelegate.launch(XilinxAppLaunchConfigurationDelegate.java:303)
	at com.xilinx.sdk.debug.ui.XilinxAppLaunchDelegateWrapper.launch(XilinxAppLaunchDelegateWrapper.java:31)
	at org.eclipse.debug.internal.core.LaunchConfiguration.launch(LaunchConfiguration.java:885)
	at org.eclipse.debug.internal.core.LaunchConfiguration.launch(LaunchConfiguration.java:739)
	at org.eclipse.debug.internal.ui.DebugUIPlugin.buildAndLaunch(DebugUIPlugin.java:1039)
	at org.eclipse.debug.internal.ui.DebugUIPlugin$8.run(DebugUIPlugin.java:1256)
	at org.eclipse.core.internal.jobs.Worker.run(Worker.java:55)
22:58:18 ERROR : Checking FPGA configuration failed..Connection to Board Failed


    Unknown Error Occured
    Cable is not connected to the host

22:58:18 ERROR : Unexpected error while launching program.
com.xilinx.sdk.targetmanager.TMException: Connection to Board Failed


    Unknown Error Occured
    Cable is not connected to the host

	at com.xilinx.sdk.targetmanager.internal.TM.isFPGAConfigured(TM.java:374)
	at com.xilinx.sdk.debug.core.XilinxAppLaunchConfigurationDelegate.isFpgaConfigured(XilinxAppLaunchConfigurationDelegate.java:409)
	at com.xilinx.sdk.debug.core.XilinxAppLaunchConfigurationDelegate.launch(XilinxAppLaunchConfigurationDelegate.java:303)
	at com.xilinx.sdk.debug.ui.XilinxAppLaunchDelegateWrapper.launch(XilinxAppLaunchDelegateWrapper.java:31)
	at org.eclipse.debug.internal.core.LaunchConfiguration.launch(LaunchConfiguration.java:885)
	at org.eclipse.debug.internal.core.LaunchConfiguration.launch(LaunchConfiguration.java:739)
	at org.eclipse.debug.internal.ui.DebugUIPlugin.buildAndLaunch(DebugUIPlugin.java:1039)
	at org.eclipse.debug.internal.ui.DebugUIPlugin$8.run(DebugUIPlugin.java:1256)
	at org.eclipse.core.internal.jobs.Worker.run(Worker.java:55)
22:58:59 INFO  : ps7_init is completed.
22:58:59 INFO  : ps7_post_config is completed.
22:59:00 INFO  : Processor reset is completed for ps7_cortexa9_0
22:59:24 ERROR : Unexpected error while parsing XMD response ￿: com.google.gson.JsonSyntaxException: com.google.gson.stream.MalformedJsonException: invalid number or unquoted string near 
