
*** Running vivado
    with args -log mp1a_hardware_wrapper.vdi -applog -m64 -product Vivado -messageDb vivado.pb -mode batch -source mp1a_hardware_wrapper.tcl -notrace


****** Vivado v2017.2 (64-bit)
  **** SW Build 1909853 on Thu Jun 15 18:39:10 MDT 2017
  **** IP Build 1909766 on Thu Jun 15 19:58:00 MDT 2017
    ** Copyright 1986-2017 Xilinx, Inc. All Rights Reserved.

CRITICAL WARNING: [Common 17-741] No write access right to the local Tcl store at '/home/andrew/.Xilinx/Vivado/2017.2/XilinxTclStore'. XilinxTclStore is reverted to the installation area. If you want to use local Tcl Store, please change the access right and relaunch Vivado.
source mp1a_hardware_wrapper.tcl -notrace
INFO: [IP_Flow 19-234] Refreshing IP repositories
INFO: [IP_Flow 19-1704] No user IP repositories specified
INFO: [IP_Flow 19-2313] Loaded Vivado IP repository '/opt/Xilinx/Vivado/2017.2/data/ip'.
WARNING: [IP_Flow 19-3664] IP 'mp1a_hardware_auto_pc_0' generated file not found '/home/andrew/ece527/mp2/mp2a.srcs/sources_1/bd/mp1a_hardware/ip/mp1a_hardware_auto_pc_0/stats.txt'. Please regenerate to continue.
add_files: Time (s): cpu = 00:00:06 ; elapsed = 00:00:06 . Memory (MB): peak = 1104.410 ; gain = 16.828 ; free physical = 835 ; free virtual = 2294
Design is defaulting to srcset: sources_1
Design is defaulting to constrset: constrs_1
INFO: [Project 1-454] Reading design checkpoint '/home/andrew/ece527/mp2/mp2a.srcs/sources_1/bd/mp1a_hardware/ip/mp1a_hardware_axi_gpio_0_0/mp1a_hardware_axi_gpio_0_0.dcp' for cell 'mp1a_hardware_i/axi_gpio_0'
INFO: [Project 1-454] Reading design checkpoint '/home/andrew/ece527/mp2/mp2a.srcs/sources_1/bd/mp1a_hardware/ip/mp1a_hardware_axi_gpio_1_0/mp1a_hardware_axi_gpio_1_0.dcp' for cell 'mp1a_hardware_i/axi_gpio_1'
INFO: [Project 1-454] Reading design checkpoint '/home/andrew/ece527/mp2/mp2a.srcs/sources_1/bd/mp1a_hardware/ip/mp1a_hardware_blk_mem_gen_0_0/mp1a_hardware_blk_mem_gen_0_0.dcp' for cell 'mp1a_hardware_i/blk_mem_gen_0'
INFO: [Project 1-454] Reading design checkpoint '/home/andrew/ece527/mp2/mp2a.srcs/sources_1/bd/mp1a_hardware/ip/mp1a_hardware_oled_ip_0_0/mp1a_hardware_oled_ip_0_0.dcp' for cell 'mp1a_hardware_i/oled_ip_0'
INFO: [Project 1-454] Reading design checkpoint '/home/andrew/ece527/mp2/mp2a.srcs/sources_1/bd/mp1a_hardware/ip/mp1a_hardware_processing_system7_0_0/mp1a_hardware_processing_system7_0_0.dcp' for cell 'mp1a_hardware_i/processing_system7_0'
INFO: [Project 1-454] Reading design checkpoint '/home/andrew/ece527/mp2/mp2a.srcs/sources_1/bd/mp1a_hardware/ip/mp1a_hardware_rst_ps7_0_100M_0/mp1a_hardware_rst_ps7_0_100M_0.dcp' for cell 'mp1a_hardware_i/rst_ps7_0_100M'
INFO: [Project 1-454] Reading design checkpoint '/home/andrew/ece527/mp2/mp2a.srcs/sources_1/bd/mp1a_hardware/ip/mp1a_hardware_xbar_0/mp1a_hardware_xbar_0.dcp' for cell 'mp1a_hardware_i/ps7_0_axi_periph/xbar'
INFO: [Project 1-454] Reading design checkpoint '/home/andrew/ece527/mp2/mp2a.srcs/sources_1/bd/mp1a_hardware/ip/mp1a_hardware_auto_pc_0/mp1a_hardware_auto_pc_0.dcp' for cell 'mp1a_hardware_i/ps7_0_axi_periph/s00_couplers/auto_pc'
INFO: [Netlist 29-17] Analyzing 46 Unisim elements for replacement
INFO: [Netlist 29-28] Unisim Transformation completed in 0 CPU seconds
INFO: [Project 1-479] Netlist was created with Vivado 2017.2
INFO: [Device 21-403] Loading part xc7z020clg484-1
INFO: [Project 1-570] Preparing netlist for logic optimization
Parsing XDC File [/home/andrew/ece527/mp2/mp2a.srcs/sources_1/bd/mp1a_hardware/ip/mp1a_hardware_processing_system7_0_0/mp1a_hardware_processing_system7_0_0.xdc] for cell 'mp1a_hardware_i/processing_system7_0/inst'
Finished Parsing XDC File [/home/andrew/ece527/mp2/mp2a.srcs/sources_1/bd/mp1a_hardware/ip/mp1a_hardware_processing_system7_0_0/mp1a_hardware_processing_system7_0_0.xdc] for cell 'mp1a_hardware_i/processing_system7_0/inst'
Parsing XDC File [/home/andrew/ece527/mp2/mp2a.srcs/sources_1/bd/mp1a_hardware/ip/mp1a_hardware_axi_gpio_0_0/mp1a_hardware_axi_gpio_0_0_board.xdc] for cell 'mp1a_hardware_i/axi_gpio_0/U0'
Finished Parsing XDC File [/home/andrew/ece527/mp2/mp2a.srcs/sources_1/bd/mp1a_hardware/ip/mp1a_hardware_axi_gpio_0_0/mp1a_hardware_axi_gpio_0_0_board.xdc] for cell 'mp1a_hardware_i/axi_gpio_0/U0'
Parsing XDC File [/home/andrew/ece527/mp2/mp2a.srcs/sources_1/bd/mp1a_hardware/ip/mp1a_hardware_axi_gpio_0_0/mp1a_hardware_axi_gpio_0_0.xdc] for cell 'mp1a_hardware_i/axi_gpio_0/U0'
Finished Parsing XDC File [/home/andrew/ece527/mp2/mp2a.srcs/sources_1/bd/mp1a_hardware/ip/mp1a_hardware_axi_gpio_0_0/mp1a_hardware_axi_gpio_0_0.xdc] for cell 'mp1a_hardware_i/axi_gpio_0/U0'
Parsing XDC File [/home/andrew/ece527/mp2/mp2a.srcs/sources_1/bd/mp1a_hardware/ip/mp1a_hardware_rst_ps7_0_100M_0/mp1a_hardware_rst_ps7_0_100M_0_board.xdc] for cell 'mp1a_hardware_i/rst_ps7_0_100M/U0'
Finished Parsing XDC File [/home/andrew/ece527/mp2/mp2a.srcs/sources_1/bd/mp1a_hardware/ip/mp1a_hardware_rst_ps7_0_100M_0/mp1a_hardware_rst_ps7_0_100M_0_board.xdc] for cell 'mp1a_hardware_i/rst_ps7_0_100M/U0'
Parsing XDC File [/home/andrew/ece527/mp2/mp2a.srcs/sources_1/bd/mp1a_hardware/ip/mp1a_hardware_rst_ps7_0_100M_0/mp1a_hardware_rst_ps7_0_100M_0.xdc] for cell 'mp1a_hardware_i/rst_ps7_0_100M/U0'
Finished Parsing XDC File [/home/andrew/ece527/mp2/mp2a.srcs/sources_1/bd/mp1a_hardware/ip/mp1a_hardware_rst_ps7_0_100M_0/mp1a_hardware_rst_ps7_0_100M_0.xdc] for cell 'mp1a_hardware_i/rst_ps7_0_100M/U0'
Parsing XDC File [/home/andrew/ece527/mp2/mp2a.srcs/sources_1/bd/mp1a_hardware/ip/mp1a_hardware_axi_gpio_1_0/mp1a_hardware_axi_gpio_1_0_board.xdc] for cell 'mp1a_hardware_i/axi_gpio_1/U0'
Finished Parsing XDC File [/home/andrew/ece527/mp2/mp2a.srcs/sources_1/bd/mp1a_hardware/ip/mp1a_hardware_axi_gpio_1_0/mp1a_hardware_axi_gpio_1_0_board.xdc] for cell 'mp1a_hardware_i/axi_gpio_1/U0'
Parsing XDC File [/home/andrew/ece527/mp2/mp2a.srcs/sources_1/bd/mp1a_hardware/ip/mp1a_hardware_axi_gpio_1_0/mp1a_hardware_axi_gpio_1_0.xdc] for cell 'mp1a_hardware_i/axi_gpio_1/U0'
Finished Parsing XDC File [/home/andrew/ece527/mp2/mp2a.srcs/sources_1/bd/mp1a_hardware/ip/mp1a_hardware_axi_gpio_1_0/mp1a_hardware_axi_gpio_1_0.xdc] for cell 'mp1a_hardware_i/axi_gpio_1/U0'
Parsing XDC File [/home/andrew/ece527/mp2/mp2a.srcs/constrs_1/new/pinout.xdc]
Finished Parsing XDC File [/home/andrew/ece527/mp2/mp2a.srcs/constrs_1/new/pinout.xdc]
INFO: [Opt 31-138] Pushed 0 inverter(s) to 0 load pin(s).
INFO: [Project 1-111] Unisim Transformation Summary:
No Unisim elements were transformed.

link_design: Time (s): cpu = 00:00:19 ; elapsed = 00:00:22 . Memory (MB): peak = 1401.598 ; gain = 297.188 ; free physical = 544 ; free virtual = 2003
Command: opt_design
Attempting to get a license for feature 'Implementation' and/or device 'xc7z020-clg484'
INFO: [Common 17-349] Got license for feature 'Implementation' and/or device 'xc7z020-clg484'
Running DRC as a precondition to command opt_design

Starting DRC Task
Command: report_drc (run_mandatory_drcs) for: opt_checks
report_drc (run_mandatory_drcs) completed successfully
INFO: [Project 1-461] DRC finished with 0 Errors
INFO: [Project 1-462] Please refer to the DRC report (report_drc) for more information.

Time (s): cpu = 00:00:00.32 ; elapsed = 00:00:00.41 . Memory (MB): peak = 1415.496 ; gain = 13.898 ; free physical = 541 ; free virtual = 2001
INFO: [Timing 38-35] Done setting XDC timing constraints.

Starting Logic Optimization Task

Phase 1 Retarget
INFO: [Opt 31-138] Pushed 0 inverter(s) to 0 load pin(s).
INFO: [Opt 31-49] Retargeted 0 cell(s).
Phase 1 Retarget | Checksum: 1b4f478c7

Time (s): cpu = 00:00:00.81 ; elapsed = 00:00:00.92 . Memory (MB): peak = 1885.988 ; gain = 0.000 ; free physical = 148 ; free virtual = 1621
INFO: [Opt 31-389] Phase Retarget created 0 cells and removed 115 cells

Phase 2 Constant propagation
INFO: [Opt 31-138] Pushed 0 inverter(s) to 0 load pin(s).
Phase 2 Constant propagation | Checksum: 1255562bf

Time (s): cpu = 00:00:01 ; elapsed = 00:00:02 . Memory (MB): peak = 1885.988 ; gain = 0.000 ; free physical = 147 ; free virtual = 1620
INFO: [Opt 31-389] Phase Constant propagation created 52 cells and removed 66 cells

Phase 3 Sweep
Phase 3 Sweep | Checksum: 1cd9b1818

Time (s): cpu = 00:00:02 ; elapsed = 00:00:03 . Memory (MB): peak = 1885.988 ; gain = 0.000 ; free physical = 147 ; free virtual = 1620
INFO: [Opt 31-389] Phase Sweep created 0 cells and removed 234 cells

Phase 4 BUFG optimization
INFO: [Opt 31-194] Inserted BUFG PL_CLK_IBUF_BUFG_inst to drive 833 load(s) on clock net PL_CLK_IBUF_BUFG
INFO: [Opt 31-193] Inserted 1 BUFG(s) on clock nets
Phase 4 BUFG optimization | Checksum: 1421436a6

Time (s): cpu = 00:00:03 ; elapsed = 00:00:04 . Memory (MB): peak = 1885.988 ; gain = 0.000 ; free physical = 147 ; free virtual = 1620
INFO: [Opt 31-389] Phase BUFG optimization created 1 cells and removed 0 cells

Phase 5 Shift Register Optimization
Phase 5 Shift Register Optimization | Checksum: 1421436a6

Time (s): cpu = 00:00:03 ; elapsed = 00:00:04 . Memory (MB): peak = 1885.988 ; gain = 0.000 ; free physical = 147 ; free virtual = 1620
INFO: [Opt 31-389] Phase Shift Register Optimization created 0 cells and removed 0 cells

Starting Connectivity Check Task

Time (s): cpu = 00:00:00.04 ; elapsed = 00:00:00.04 . Memory (MB): peak = 1885.988 ; gain = 0.000 ; free physical = 147 ; free virtual = 1620
Ending Logic Optimization Task | Checksum: 1421436a6

Time (s): cpu = 00:00:03 ; elapsed = 00:00:04 . Memory (MB): peak = 1885.988 ; gain = 0.000 ; free physical = 147 ; free virtual = 1620

Starting Power Optimization Task
INFO: [Pwropt 34-132] Skipping clock gating for clocks with a period < 2.00 ns.
INFO: [Pwropt 34-9] Applying IDT optimizations ...
INFO: [Pwropt 34-10] Applying ODC optimizations ...
INFO: [Timing 38-35] Done setting XDC timing constraints.
Running Vector-less Activity Propagation...

Finished Running Vector-less Activity Propagation


Starting PowerOpt Patch Enables Task
INFO: [Pwropt 34-162] WRITE_MODE attribute of 0 BRAM(s) out of a total of 1 has been updated to save power. Run report_power_opt to get a complete listing of the BRAMs updated.
INFO: [Pwropt 34-201] Structural ODC has moved 0 WE to EN ports
Number of BRAM Ports augmented: 0 newly gated: 2 Total Ports: 2
Number of Flops added for Enable Generation: 1

Ending PowerOpt Patch Enables Task | Checksum: 1af5dfc8f

Time (s): cpu = 00:00:00.04 ; elapsed = 00:00:00.05 . Memory (MB): peak = 1937.016 ; gain = 0.000 ; free physical = 152 ; free virtual = 1615
Ending Power Optimization Task | Checksum: 1af5dfc8f

Time (s): cpu = 00:00:04 ; elapsed = 00:00:04 . Memory (MB): peak = 1937.016 ; gain = 51.027 ; free physical = 158 ; free virtual = 1621
38 Infos, 1 Warnings, 0 Critical Warnings and 0 Errors encountered.
opt_design completed successfully
opt_design: Time (s): cpu = 00:00:27 ; elapsed = 00:00:31 . Memory (MB): peak = 1937.016 ; gain = 535.418 ; free physical = 158 ; free virtual = 1621
Writing placer database...
Writing XDEF routing.
Writing XDEF routing logical nets.
Writing XDEF routing special nets.
Write XDEF Complete: Time (s): cpu = 00:00:00.07 ; elapsed = 00:00:00.08 . Memory (MB): peak = 1937.016 ; gain = 0.000 ; free physical = 149 ; free virtual = 1621
INFO: [Common 17-1381] The checkpoint '/home/andrew/ece527/mp2/mp2a.runs/impl_1/mp1a_hardware_wrapper_opt.dcp' has been generated.
Command: report_drc -file mp1a_hardware_wrapper_drc_opted.rpt
INFO: [Coretcl 2-168] The results of DRC are in file /home/andrew/ece527/mp2/mp2a.runs/impl_1/mp1a_hardware_wrapper_drc_opted.rpt.
report_drc completed successfully
report_drc: Time (s): cpu = 00:00:06 ; elapsed = 00:00:07 . Memory (MB): peak = 1937.016 ; gain = 0.000 ; free physical = 152 ; free virtual = 1617
INFO: [Chipscope 16-241] No debug cores found in the current design.
Before running the implement_debug_core command, either use the Set Up Debug wizard (GUI mode)
or use the create_debug_core and connect_debug_core Tcl commands to insert debug cores into the design.
Command: place_design
Attempting to get a license for feature 'Implementation' and/or device 'xc7z020-clg484'
INFO: [Common 17-349] Got license for feature 'Implementation' and/or device 'xc7z020-clg484'
Command: report_drc (run_mandatory_drcs) for: incr_eco_checks
report_drc (run_mandatory_drcs) completed successfully
INFO: [Vivado_Tcl 4-198] DRC finished with 0 Errors
INFO: [Vivado_Tcl 4-199] Please refer to the DRC report (report_drc) for more information.
Running DRC as a precondition to command place_design
Command: report_drc (run_mandatory_drcs) for: placer_checks
report_drc (run_mandatory_drcs) completed successfully
INFO: [Vivado_Tcl 4-198] DRC finished with 0 Errors
INFO: [Vivado_Tcl 4-199] Please refer to the DRC report (report_drc) for more information.

Starting Placer Task

Phase 1 Placer Initialization

Phase 1.1 Placer Initialization Netlist Sorting
Netlist sorting complete. Time (s): cpu = 00:00:00.03 ; elapsed = 00:00:00.02 . Memory (MB): peak = 1937.016 ; gain = 0.000 ; free physical = 151 ; free virtual = 1616
Phase 1.1 Placer Initialization Netlist Sorting | Checksum: 1017a335e

Time (s): cpu = 00:00:00.03 ; elapsed = 00:00:00.03 . Memory (MB): peak = 1937.016 ; gain = 0.000 ; free physical = 151 ; free virtual = 1616
INFO: [Timing 38-35] Done setting XDC timing constraints.
INFO: [Opt 31-138] Pushed 0 inverter(s) to 0 load pin(s).
Netlist sorting complete. Time (s): cpu = 00:00:00.02 ; elapsed = 00:00:00.02 . Memory (MB): peak = 1937.016 ; gain = 0.000 ; free physical = 151 ; free virtual = 1616

Phase 1.2 IO Placement/ Clock Placement/ Build Placer Device
INFO: [Timing 38-35] Done setting XDC timing constraints.
Phase 1.2 IO Placement/ Clock Placement/ Build Placer Device | Checksum: 13e2f0dd2

Time (s): cpu = 00:00:06 ; elapsed = 00:00:08 . Memory (MB): peak = 1937.016 ; gain = 0.000 ; free physical = 144 ; free virtual = 1609

Phase 1.3 Build Placer Netlist Model
Phase 1.3 Build Placer Netlist Model | Checksum: d7438cfb

Time (s): cpu = 00:00:09 ; elapsed = 00:00:10 . Memory (MB): peak = 1937.016 ; gain = 0.000 ; free physical = 134 ; free virtual = 1599

Phase 1.4 Constrain Clocks/Macros
Phase 1.4 Constrain Clocks/Macros | Checksum: d7438cfb

Time (s): cpu = 00:00:09 ; elapsed = 00:00:10 . Memory (MB): peak = 1937.016 ; gain = 0.000 ; free physical = 134 ; free virtual = 1599
Phase 1 Placer Initialization | Checksum: d7438cfb

Time (s): cpu = 00:00:09 ; elapsed = 00:00:10 . Memory (MB): peak = 1937.016 ; gain = 0.000 ; free physical = 134 ; free virtual = 1599

Phase 2 Global Placement
Phase 2 Global Placement | Checksum: 8e3c0585

Time (s): cpu = 00:00:14 ; elapsed = 00:00:17 . Memory (MB): peak = 1937.016 ; gain = 0.000 ; free physical = 128 ; free virtual = 1594

Phase 3 Detail Placement

Phase 3.1 Commit Multi Column Macros
Phase 3.1 Commit Multi Column Macros | Checksum: 8e3c0585

Time (s): cpu = 00:00:14 ; elapsed = 00:00:17 . Memory (MB): peak = 1937.016 ; gain = 0.000 ; free physical = 128 ; free virtual = 1594

Phase 3.2 Commit Most Macros & LUTRAMs
Phase 3.2 Commit Most Macros & LUTRAMs | Checksum: 16497d2f2

Time (s): cpu = 00:00:16 ; elapsed = 00:00:18 . Memory (MB): peak = 1937.016 ; gain = 0.000 ; free physical = 129 ; free virtual = 1594

Phase 3.3 Area Swap Optimization
Phase 3.3 Area Swap Optimization | Checksum: 10262b7bc

Time (s): cpu = 00:00:16 ; elapsed = 00:00:18 . Memory (MB): peak = 1937.016 ; gain = 0.000 ; free physical = 128 ; free virtual = 1594

Phase 3.4 Pipeline Register Optimization
Phase 3.4 Pipeline Register Optimization | Checksum: 10262b7bc

Time (s): cpu = 00:00:16 ; elapsed = 00:00:18 . Memory (MB): peak = 1937.016 ; gain = 0.000 ; free physical = 128 ; free virtual = 1594

Phase 3.5 Timing Path Optimizer
Phase 3.5 Timing Path Optimizer | Checksum: 19aa777fd

Time (s): cpu = 00:00:16 ; elapsed = 00:00:19 . Memory (MB): peak = 1937.016 ; gain = 0.000 ; free physical = 128 ; free virtual = 1594

Phase 3.6 Small Shape Detail Placement
Phase 3.6 Small Shape Detail Placement | Checksum: dc900950

Time (s): cpu = 00:00:19 ; elapsed = 00:00:22 . Memory (MB): peak = 1937.016 ; gain = 0.000 ; free physical = 123 ; free virtual = 1589

Phase 3.7 Re-assign LUT pins
Phase 3.7 Re-assign LUT pins | Checksum: 1092e40fe

Time (s): cpu = 00:00:19 ; elapsed = 00:00:22 . Memory (MB): peak = 1937.016 ; gain = 0.000 ; free physical = 124 ; free virtual = 1589

Phase 3.8 Pipeline Register Optimization
Phase 3.8 Pipeline Register Optimization | Checksum: 1092e40fe

Time (s): cpu = 00:00:19 ; elapsed = 00:00:22 . Memory (MB): peak = 1937.016 ; gain = 0.000 ; free physical = 124 ; free virtual = 1589
Phase 3 Detail Placement | Checksum: 1092e40fe

Time (s): cpu = 00:00:19 ; elapsed = 00:00:22 . Memory (MB): peak = 1937.016 ; gain = 0.000 ; free physical = 124 ; free virtual = 1589

Phase 4 Post Placement Optimization and Clean-Up

Phase 4.1 Post Commit Optimization
INFO: [Timing 38-35] Done setting XDC timing constraints.

Phase 4.1.1 Post Placement Optimization
Post Placement Optimization Initialization | Checksum: 161746449

Phase 4.1.1.1 BUFG Insertion
INFO: [Physopt 32-721] Multithreading enabled for phys_opt_design using a maximum of 1 CPUs
INFO: [Place 46-41] BUFG insertion identified 0 candidate nets, 0 success, 0 skipped for placement/routing, 0 skipped for timing, 0 skipped for netlist change reason.
Phase 4.1.1.1 BUFG Insertion | Checksum: 161746449

Time (s): cpu = 00:00:22 ; elapsed = 00:00:25 . Memory (MB): peak = 1937.016 ; gain = 0.000 ; free physical = 122 ; free virtual = 1588
INFO: [Place 30-746] Post Placement Timing Summary WNS=2.043. For the most accurate timing information please run report_timing.
Phase 4.1.1 Post Placement Optimization | Checksum: 1046cf2e6

Time (s): cpu = 00:00:22 ; elapsed = 00:00:25 . Memory (MB): peak = 1937.016 ; gain = 0.000 ; free physical = 122 ; free virtual = 1588
Phase 4.1 Post Commit Optimization | Checksum: 1046cf2e6

Time (s): cpu = 00:00:22 ; elapsed = 00:00:25 . Memory (MB): peak = 1937.016 ; gain = 0.000 ; free physical = 122 ; free virtual = 1588

Phase 4.2 Post Placement Cleanup
Phase 4.2 Post Placement Cleanup | Checksum: 1046cf2e6

Time (s): cpu = 00:00:22 ; elapsed = 00:00:25 . Memory (MB): peak = 1937.016 ; gain = 0.000 ; free physical = 124 ; free virtual = 1589

Phase 4.3 Placer Reporting
Phase 4.3 Placer Reporting | Checksum: 1046cf2e6

Time (s): cpu = 00:00:22 ; elapsed = 00:00:26 . Memory (MB): peak = 1937.016 ; gain = 0.000 ; free physical = 124 ; free virtual = 1589

Phase 4.4 Final Placement Cleanup
Phase 4.4 Final Placement Cleanup | Checksum: 1310821fc

Time (s): cpu = 00:00:22 ; elapsed = 00:00:26 . Memory (MB): peak = 1937.016 ; gain = 0.000 ; free physical = 124 ; free virtual = 1589
Phase 4 Post Placement Optimization and Clean-Up | Checksum: 1310821fc

Time (s): cpu = 00:00:22 ; elapsed = 00:00:26 . Memory (MB): peak = 1937.016 ; gain = 0.000 ; free physical = 124 ; free virtual = 1589
Ending Placer Task | Checksum: b698325f

Time (s): cpu = 00:00:22 ; elapsed = 00:00:26 . Memory (MB): peak = 1937.016 ; gain = 0.000 ; free physical = 131 ; free virtual = 1597
53 Infos, 1 Warnings, 0 Critical Warnings and 0 Errors encountered.
place_design completed successfully
place_design: Time (s): cpu = 00:00:25 ; elapsed = 00:00:30 . Memory (MB): peak = 1937.016 ; gain = 0.000 ; free physical = 131 ; free virtual = 1597
Writing placer database...
Writing XDEF routing.
Writing XDEF routing logical nets.
Writing XDEF routing special nets.
Write XDEF Complete: Time (s): cpu = 00:00:00.77 ; elapsed = 00:00:00.88 . Memory (MB): peak = 1937.016 ; gain = 0.000 ; free physical = 120 ; free virtual = 1598
INFO: [Common 17-1381] The checkpoint '/home/andrew/ece527/mp2/mp2a.runs/impl_1/mp1a_hardware_wrapper_placed.dcp' has been generated.
report_io: Time (s): cpu = 00:00:00.30 ; elapsed = 00:00:00.36 . Memory (MB): peak = 1937.016 ; gain = 0.000 ; free physical = 120 ; free virtual = 1588
report_utilization: Time (s): cpu = 00:00:00.21 ; elapsed = 00:00:00.30 . Memory (MB): peak = 1937.016 ; gain = 0.000 ; free physical = 129 ; free virtual = 1596
report_control_sets: Time (s): cpu = 00:00:00.14 ; elapsed = 00:00:00.19 . Memory (MB): peak = 1937.016 ; gain = 0.000 ; free physical = 129 ; free virtual = 1596
Command: route_design
Attempting to get a license for feature 'Implementation' and/or device 'xc7z020-clg484'
INFO: [Common 17-349] Got license for feature 'Implementation' and/or device 'xc7z020-clg484'
Running DRC as a precondition to command route_design
Command: report_drc (run_mandatory_drcs) for: router_checks
report_drc (run_mandatory_drcs) completed successfully
INFO: [Vivado_Tcl 4-198] DRC finished with 0 Errors
INFO: [Vivado_Tcl 4-199] Please refer to the DRC report (report_drc) for more information.


Starting Routing Task
Checksum: PlaceDB: 4a93e3f2 ConstDB: 0 ShapeSum: 6c044e6d RouteDB: 0

Phase 1 Build RT Design
Phase 1 Build RT Design | Checksum: fa9b9544

Time (s): cpu = 00:00:42 ; elapsed = 00:00:51 . Memory (MB): peak = 2051.684 ; gain = 114.668 ; free physical = 105 ; free virtual = 1460

Phase 2 Router Initialization

Phase 2.1 Create Timer
Phase 2.1 Create Timer | Checksum: fa9b9544

Time (s): cpu = 00:00:42 ; elapsed = 00:00:51 . Memory (MB): peak = 2051.684 ; gain = 114.668 ; free physical = 105 ; free virtual = 1460

Phase 2.2 Fix Topology Constraints
Phase 2.2 Fix Topology Constraints | Checksum: fa9b9544

Time (s): cpu = 00:00:42 ; elapsed = 00:00:51 . Memory (MB): peak = 2051.684 ; gain = 114.668 ; free physical = 101 ; free virtual = 1456

Phase 2.3 Pre Route Cleanup
Phase 2.3 Pre Route Cleanup | Checksum: fa9b9544

Time (s): cpu = 00:00:42 ; elapsed = 00:00:51 . Memory (MB): peak = 2051.684 ; gain = 114.668 ; free physical = 101 ; free virtual = 1456
 Number of Nodes with overlaps = 0

Phase 2.4 Update Timing
Phase 2.4 Update Timing | Checksum: 201ac4a0c

Time (s): cpu = 00:00:46 ; elapsed = 00:00:55 . Memory (MB): peak = 2062.684 ; gain = 125.668 ; free physical = 130 ; free virtual = 1446
INFO: [Route 35-416] Intermediate Timing Summary | WNS=2.096  | TNS=0.000  | WHS=-0.188 | THS=-26.780|

Phase 2 Router Initialization | Checksum: 1be9f8f41

Time (s): cpu = 00:00:47 ; elapsed = 00:00:56 . Memory (MB): peak = 2062.684 ; gain = 125.668 ; free physical = 129 ; free virtual = 1445

Phase 3 Initial Routing
Phase 3 Initial Routing | Checksum: 14116c253

Time (s): cpu = 00:00:49 ; elapsed = 00:00:58 . Memory (MB): peak = 2062.684 ; gain = 125.668 ; free physical = 132 ; free virtual = 1448

Phase 4 Rip-up And Reroute

Phase 4.1 Global Iteration 0
 Number of Nodes with overlaps = 697
 Number of Nodes with overlaps = 58
 Number of Nodes with overlaps = 11
 Number of Nodes with overlaps = 3
 Number of Nodes with overlaps = 2
 Number of Nodes with overlaps = 0
INFO: [Route 35-416] Intermediate Timing Summary | WNS=1.943  | TNS=0.000  | WHS=N/A    | THS=N/A    |

Phase 4.1 Global Iteration 0 | Checksum: eef4c9b3

Time (s): cpu = 00:00:53 ; elapsed = 00:01:03 . Memory (MB): peak = 2062.684 ; gain = 125.668 ; free physical = 133 ; free virtual = 1449

Phase 4.2 Global Iteration 1
 Number of Nodes with overlaps = 0
INFO: [Route 35-416] Intermediate Timing Summary | WNS=1.943  | TNS=0.000  | WHS=N/A    | THS=N/A    |

Phase 4.2 Global Iteration 1 | Checksum: 26032193e

Time (s): cpu = 00:00:53 ; elapsed = 00:01:03 . Memory (MB): peak = 2062.684 ; gain = 125.668 ; free physical = 133 ; free virtual = 1449
Phase 4 Rip-up And Reroute | Checksum: 26032193e

Time (s): cpu = 00:00:53 ; elapsed = 00:01:03 . Memory (MB): peak = 2062.684 ; gain = 125.668 ; free physical = 133 ; free virtual = 1449

Phase 5 Delay and Skew Optimization

Phase 5.1 Delay CleanUp

Phase 5.1.1 Update Timing
Phase 5.1.1 Update Timing | Checksum: 2c5c7059e

Time (s): cpu = 00:00:54 ; elapsed = 00:01:04 . Memory (MB): peak = 2062.684 ; gain = 125.668 ; free physical = 133 ; free virtual = 1449
INFO: [Route 35-416] Intermediate Timing Summary | WNS=2.058  | TNS=0.000  | WHS=N/A    | THS=N/A    |

Phase 5.1 Delay CleanUp | Checksum: 2c5c7059e

Time (s): cpu = 00:00:54 ; elapsed = 00:01:04 . Memory (MB): peak = 2062.684 ; gain = 125.668 ; free physical = 133 ; free virtual = 1449

Phase 5.2 Clock Skew Optimization
Phase 5.2 Clock Skew Optimization | Checksum: 2c5c7059e

Time (s): cpu = 00:00:54 ; elapsed = 00:01:04 . Memory (MB): peak = 2062.684 ; gain = 125.668 ; free physical = 133 ; free virtual = 1449
Phase 5 Delay and Skew Optimization | Checksum: 2c5c7059e

Time (s): cpu = 00:00:54 ; elapsed = 00:01:04 . Memory (MB): peak = 2062.684 ; gain = 125.668 ; free physical = 133 ; free virtual = 1449

Phase 6 Post Hold Fix

Phase 6.1 Hold Fix Iter

Phase 6.1.1 Update Timing
Phase 6.1.1 Update Timing | Checksum: 2ba6a8c78

Time (s): cpu = 00:00:55 ; elapsed = 00:01:04 . Memory (MB): peak = 2062.684 ; gain = 125.668 ; free physical = 133 ; free virtual = 1449
INFO: [Route 35-416] Intermediate Timing Summary | WNS=2.058  | TNS=0.000  | WHS=0.057  | THS=0.000  |

Phase 6.1 Hold Fix Iter | Checksum: 2490147ca

Time (s): cpu = 00:00:55 ; elapsed = 00:01:04 . Memory (MB): peak = 2062.684 ; gain = 125.668 ; free physical = 133 ; free virtual = 1449
Phase 6 Post Hold Fix | Checksum: 2490147ca

Time (s): cpu = 00:00:55 ; elapsed = 00:01:04 . Memory (MB): peak = 2062.684 ; gain = 125.668 ; free physical = 133 ; free virtual = 1449

Phase 7 Route finalize

Router Utilization Summary
  Global Vertical Routing Utilization    = 0.728487 %
  Global Horizontal Routing Utilization  = 1.00313 %
  Routable Net Status*
  *Does not include unroutable nets such as driverless and loadless.
  Run report_route_status for detailed report.
  Number of Failed Nets               = 0
  Number of Unrouted Nets             = 0
  Number of Partially Routed Nets     = 0
  Number of Node Overlaps             = 0

Phase 7 Route finalize | Checksum: 2306e5494

Time (s): cpu = 00:00:55 ; elapsed = 00:01:05 . Memory (MB): peak = 2062.684 ; gain = 125.668 ; free physical = 133 ; free virtual = 1449

Phase 8 Verifying routed nets

 Verification completed successfully
Phase 8 Verifying routed nets | Checksum: 2306e5494

Time (s): cpu = 00:00:55 ; elapsed = 00:01:05 . Memory (MB): peak = 2062.684 ; gain = 125.668 ; free physical = 132 ; free virtual = 1448

Phase 9 Depositing Routes
Phase 9 Depositing Routes | Checksum: 1fe8c2ee1

Time (s): cpu = 00:00:55 ; elapsed = 00:01:05 . Memory (MB): peak = 2062.684 ; gain = 125.668 ; free physical = 132 ; free virtual = 1448

Phase 10 Post Router Timing
INFO: [Route 35-57] Estimated Timing Summary | WNS=2.058  | TNS=0.000  | WHS=0.057  | THS=0.000  |

INFO: [Route 35-327] The final timing numbers are based on the router estimated timing analysis. For a complete and accurate timing signoff, please run report_timing_summary.
Phase 10 Post Router Timing | Checksum: 1fe8c2ee1

Time (s): cpu = 00:00:55 ; elapsed = 00:01:05 . Memory (MB): peak = 2062.684 ; gain = 125.668 ; free physical = 133 ; free virtual = 1449
INFO: [Route 35-16] Router Completed Successfully

Time (s): cpu = 00:00:55 ; elapsed = 00:01:05 . Memory (MB): peak = 2062.684 ; gain = 125.668 ; free physical = 140 ; free virtual = 1456

Routing Is Done.
65 Infos, 1 Warnings, 0 Critical Warnings and 0 Errors encountered.
route_design completed successfully
route_design: Time (s): cpu = 00:00:59 ; elapsed = 00:01:10 . Memory (MB): peak = 2107.621 ; gain = 170.605 ; free physical = 139 ; free virtual = 1457
Writing placer database...
Writing XDEF routing.
Writing XDEF routing logical nets.
Writing XDEF routing special nets.
Write XDEF Complete: Time (s): cpu = 00:00:00.98 ; elapsed = 00:00:01 . Memory (MB): peak = 2107.621 ; gain = 0.000 ; free physical = 123 ; free virtual = 1455
INFO: [Common 17-1381] The checkpoint '/home/andrew/ece527/mp2/mp2a.runs/impl_1/mp1a_hardware_wrapper_routed.dcp' has been generated.
Command: report_drc -file mp1a_hardware_wrapper_drc_routed.rpt -pb mp1a_hardware_wrapper_drc_routed.pb -rpx mp1a_hardware_wrapper_drc_routed.rpx
INFO: [Coretcl 2-168] The results of DRC are in file /home/andrew/ece527/mp2/mp2a.runs/impl_1/mp1a_hardware_wrapper_drc_routed.rpt.
report_drc completed successfully
report_drc: Time (s): cpu = 00:00:07 ; elapsed = 00:00:09 . Memory (MB): peak = 2139.547 ; gain = 31.926 ; free physical = 131 ; free virtual = 1451
Command: report_methodology -file mp1a_hardware_wrapper_methodology_drc_routed.rpt -rpx mp1a_hardware_wrapper_methodology_drc_routed.rpx
INFO: [Timing 38-35] Done setting XDC timing constraints.
INFO: [Coretcl 2-1520] The results of Report Methodology are in file /home/andrew/ece527/mp2/mp2a.runs/impl_1/mp1a_hardware_wrapper_methodology_drc_routed.rpt.
report_methodology completed successfully
report_methodology: Time (s): cpu = 00:00:05 ; elapsed = 00:00:06 . Memory (MB): peak = 2139.547 ; gain = 0.000 ; free physical = 117 ; free virtual = 1437
Command: report_power -file mp1a_hardware_wrapper_power_routed.rpt -pb mp1a_hardware_wrapper_power_summary_routed.pb -rpx mp1a_hardware_wrapper_power_routed.rpx
INFO: [Timing 38-35] Done setting XDC timing constraints.
Running Vector-less Activity Propagation...

Finished Running Vector-less Activity Propagation
70 Infos, 1 Warnings, 0 Critical Warnings and 0 Errors encountered.
report_power completed successfully
report_power: Time (s): cpu = 00:00:06 ; elapsed = 00:00:07 . Memory (MB): peak = 2139.547 ; gain = 0.000 ; free physical = 125 ; free virtual = 1430
INFO: [Timing 38-91] UpdateTimingParams: Speed grade: -1, Delay Type: min_max.
Command: write_bitstream -force mp1a_hardware_wrapper.bit
Attempting to get a license for feature 'Implementation' and/or device 'xc7z020-clg484'
INFO: [Common 17-349] Got license for feature 'Implementation' and/or device 'xc7z020-clg484'
Running DRC as a precondition to command write_bitstream
Command: report_drc (run_mandatory_drcs) for: bitstream_checks
report_drc (run_mandatory_drcs) completed successfully
INFO: [Vivado 12-3199] DRC finished with 0 Errors
INFO: [Vivado 12-3200] Please refer to the DRC report (report_drc) for more information.
INFO: [Project 1-821] Please set project.enableDesignId to be 'true'.
Loading data files...
Loading site data...
Loading route data...
Processing options...
Creating bitmap...
Creating bitstream...
Writing bitstream ./mp1a_hardware_wrapper.bit...
INFO: [Vivado 12-1842] Bitgen Completed Successfully.
INFO: [Project 1-120] WebTalk data collection is mandatory when using a WebPACK part without a full Vivado license. To see the specific WebTalk data collected for your design, open the usage_statistics_webtalk.html or usage_statistics_webtalk.xml file in the implementation directory.
77 Infos, 1 Warnings, 0 Critical Warnings and 0 Errors encountered.
write_bitstream completed successfully
write_bitstream: Time (s): cpu = 00:00:35 ; elapsed = 00:00:47 . Memory (MB): peak = 2464.203 ; gain = 324.656 ; free physical = 453 ; free virtual = 1410
INFO: [Common 17-206] Exiting Vivado at Tue Sep 25 02:03:46 2018...
