#-----------------------------------------------------------
# Vivado v2017.2 (64-bit)
# SW Build 1909853 on Thu Jun 15 18:39:10 MDT 2017
# IP Build 1909766 on Thu Jun 15 19:58:00 MDT 2017
# Start of session at: Wed Sep 12 21:38:02 2018
# Process ID: 14060
# Current directory: /home/andrew/ece527/mp1
# Command line: vivado
# Log file: /home/andrew/ece527/mp1/vivado.log
# Journal file: /home/andrew/ece527/mp1/vivado.jou
#-----------------------------------------------------------
CRITICAL WARNING: [Common 17-741] No write access right to the local Tcl store at '/home/andrew/.Xilinx/Vivado/2017.2/XilinxTclStore'. XilinxTclStore is reverted to the installation area. If you want to use local Tcl Store, please change the access right and relaunch Vivado.
start_gui
open_project /home/andrew/ece527/mp1/part3/axi_interface_simple.xpr
Scanning sources...
Finished scanning sources
INFO: [IP_Flow 19-234] Refreshing IP repositories
INFO: [IP_Flow 19-1704] No user IP repositories specified
INFO: [IP_Flow 19-2313] Loaded Vivado IP repository '/opt/Xilinx/Vivado/2017.2/data/ip'.
open_project: Time (s): cpu = 00:00:15 ; elapsed = 00:00:16 . Memory (MB): peak = 5904.887 ; gain = 53.348 ; free physical = 1599 ; free virtual = 5032
update_compile_order -fileset sources_1
open_run impl_1
INFO: [Netlist 29-17] Analyzing 26 Unisim elements for replacement
INFO: [Netlist 29-28] Unisim Transformation completed in 0 CPU seconds
INFO: [Project 1-479] Netlist was created with Vivado 2017.2
INFO: [Device 21-403] Loading part xc7z020clg484-1
INFO: [Project 1-570] Preparing netlist for logic optimization
Parsing XDC File [/home/andrew/ece527/mp1/.Xil/Vivado-14060-andrew-vm/dcp1/axi_switch_wrapper_board.xdc]
Finished Parsing XDC File [/home/andrew/ece527/mp1/.Xil/Vivado-14060-andrew-vm/dcp1/axi_switch_wrapper_board.xdc]
Parsing XDC File [/home/andrew/ece527/mp1/.Xil/Vivado-14060-andrew-vm/dcp1/axi_switch_wrapper_early.xdc]
Finished Parsing XDC File [/home/andrew/ece527/mp1/.Xil/Vivado-14060-andrew-vm/dcp1/axi_switch_wrapper_early.xdc]
Reading XDEF placement.
Reading placer database...
Reading XDEF routing.
Read XDEF File: Time (s): cpu = 00:00:00.61 ; elapsed = 00:00:00.61 . Memory (MB): peak = 6183.988 ; gain = 0.000 ; free physical = 1166 ; free virtual = 4717
Restored from archive | CPU: 0.610000 secs | Memory: 1.125725 MB |
Finished XDEF File Restore: Time (s): cpu = 00:00:00.61 ; elapsed = 00:00:00.61 . Memory (MB): peak = 6183.988 ; gain = 0.000 ; free physical = 1166 ; free virtual = 4717
INFO: [Project 1-111] Unisim Transformation Summary:
No Unisim elements were transformed.

open_run: Time (s): cpu = 00:00:30 ; elapsed = 00:00:33 . Memory (MB): peak = 6332.324 ; gain = 405.430 ; free physical = 1066 ; free virtual = 4615
open_report: Time (s): cpu = 00:00:05 ; elapsed = 00:00:06 . Memory (MB): peak = 6336.215 ; gain = 0.000 ; free physical = 1029 ; free virtual = 4586
open_bd_design {/home/andrew/ece527/mp1/part3/axi_interface_simple.srcs/sources_1/bd/axi_switch/axi_switch.bd}
Adding cell -- xilinx.com:ip:processing_system7:5.5 - processing_system7_0
Adding cell -- xilinx.com:ip:axi_gpio:2.0 - axi_gpio_0
Adding cell -- xilinx.com:ip:proc_sys_reset:5.0 - rst_ps7_0_100M
Adding cell -- xilinx.com:ip:axi_protocol_converter:2.1 - auto_pc
Successfully read diagram <axi_switch> from BD file </home/andrew/ece527/mp1/part3/axi_interface_simple.srcs/sources_1/bd/axi_switch/axi_switch.bd>
open_bd_design: Time (s): cpu = 00:00:11 ; elapsed = 00:00:12 . Memory (MB): peak = 6716.375 ; gain = 45.402 ; free physical = 517 ; free virtual = 4100
set_property location {2 661 -716} [get_bd_cells rst_ps7_0_100M]
report_power -name {power_1}
Command: report_power -name power_1
INFO: [Timing 38-35] Done setting XDC timing constraints.
Running Vector-less Activity Propagation...

Finished Running Vector-less Activity Propagation
1 Infos, 0 Warnings, 0 Critical Warnings and 0 Errors encountered.
report_power completed successfully
report_utilization -name utilization_1
report_utilization: Time (s): cpu = 00:00:05 ; elapsed = 00:00:06 . Memory (MB): peak = 6872.141 ; gain = 0.000 ; free physical = 481 ; free virtual = 4064
report_utilization: Time (s): cpu = 00:00:05 ; elapsed = 00:00:06 . Memory (MB): peak = 6872.141 ; gain = 0.000 ; free physical = 481 ; free virtual = 4064
exit
INFO: [Common 17-206] Exiting Vivado at Wed Sep 12 21:50:10 2018...
