

================================================================
== Vivado HLS Report for 'convolution3'
================================================================
* Date:           Wed Nov  7 23:47:58 2018

* Version:        2017.2 (Build 1909853 on Thu Jun 15 18:55:24 MDT 2017)
* Project:        lenet
* Solution:       lenet_accelerator
* Product family: zynq
* Target device:  xc7z020clg484-1


================================================================
== Performance Estimates
================================================================
+ Timing (ns): 
    * Summary: 
    +--------+-------+----------+------------+
    |  Clock | Target| Estimated| Uncertainty|
    +--------+-------+----------+------------+
    |ap_clk  |  10.00|      7.26|        1.25|
    +--------+-------+----------+------------+

+ Latency (clock cycles): 
    * Summary: 
    +-----+-----+-----+-----+---------+
    |  Latency  |  Interval | Pipeline|
    | min | max | min | max |   Type  |
    +-----+-----+-----+-----+---------+
    |    ?|    ?|    ?|    ?|   none  |
    +-----+-----+-----+-----+---------+

    + Detail: 
        * Instance: 
        N/A

        * Loop: 
        +-----------------------------+-----+-----+----------+-----------+-----------+------+----------+
        |                             |  Latency  | Iteration|  Initiation Interval  | Trip |          |
        |          Loop Name          | min | max |  Latency |  achieved |   target  | Count| Pipelined|
        +-----------------------------+-----+-----+----------+-----------+-----------+------+----------+
        |- Loop 1                     |    ?|    ?|         ?|          -|          -|    16|    no    |
        | + Loop 1.1                  |    ?|    ?|         ?|          -|          -|    10|    no    |
        |  ++ Loop 1.1.1              |    ?|    ?|         ?|          -|          -|    10|    no    |
        |   +++ Loop 1.1.1.1          |    ?|    ?|         ?|          -|          -|     ?|    no    |
        |    ++++ Loop 1.1.1.1.1      |    ?|    ?|        75|          -|          -|     ?|    no    |
        |     +++++ Loop 1.1.1.1.1.1  |   73|   73|        12|          -|          -|     6|    no    |
        +-----------------------------+-----+-----+----------+-----------+-----------+------+----------+



================================================================
== Utilization Estimates
================================================================
* Summary: 
+-----------------+---------+-------+--------+-------+
|       Name      | BRAM_18K| DSP48E|   FF   |  LUT  |
+-----------------+---------+-------+--------+-------+
|DSP              |        -|      -|       -|      -|
|Expression       |        -|      -|     849|    444|
|FIFO             |        -|      -|       -|      -|
|Instance         |        -|      5|     348|    711|
|Memory           |        -|      -|       -|      -|
|Multiplexer      |        -|      -|       -|    250|
|Register         |        -|      -|     633|      -|
+-----------------+---------+-------+--------+-------+
|Total            |        0|      5|    1830|   1405|
+-----------------+---------+-------+--------+-------+
|Available        |      280|    220|  106400|  53200|
+-----------------+---------+-------+--------+-------+
|Utilization (%)  |        0|      2|       1|      2|
+-----------------+---------+-------+--------+-------+

+ Detail: 
    * Instance: 
    +----------------------------+----------------------+---------+-------+-----+-----+
    |          Instance          |        Module        | BRAM_18K| DSP48E|  FF | LUT |
    +----------------------------+----------------------+---------+-------+-----+-----+
    |lenet_wrapper_fadbkb_x_U30  |lenet_wrapper_fadbkb  |        0|      2|  205|  390|
    |lenet_wrapper_fmucud_x_U31  |lenet_wrapper_fmucud  |        0|      3|  143|  321|
    +----------------------------+----------------------+---------+-------+-----+-----+
    |Total                       |                      |        0|      5|  348|  711|
    +----------------------------+----------------------+---------+-------+-----+-----+

    * DSP48: 
    N/A

    * Memory: 
    N/A

    * FIFO: 
    N/A

    * Expression: 
    +---------------------+----------+-------+-----+----+------------+------------+
    |    Variable Name    | Operation| DSP48E|  FF | LUT| Bitwidth P0| Bitwidth P1|
    +---------------------+----------+-------+-----+----+------------+------------+
    |ci_2_fu_538_p2       |     +    |      0|   14|   9|           1|           3|
    |co_2_fu_296_p2       |     +    |      0|   20|  10|           5|           1|
    |h_fu_347_p2          |     +    |      0|   17|   9|           4|           1|
    |i_18_fu_433_p2       |     +    |      0|  101|  37|          32|           1|
    |j_13_fu_596_p2       |     +    |      0|  101|  37|          32|           1|
    |m_1_fu_408_p2        |     +    |      0|  101|  37|          32|           1|
    |n_1_fu_427_p2        |     +    |      0|  101|  37|           1|          32|
    |tmp_158_fu_284_p2    |     +    |      0|   32|  14|           9|           9|
    |tmp_159_fu_310_p2    |     +    |      0|   32|  14|           9|           9|
    |tmp_160_fu_335_p2    |     +    |      0|   41|  17|          12|          12|
    |tmp_161_fu_371_p2    |     +    |      0|   41|  17|          12|          12|
    |tmp_162_fu_443_p2    |     +    |      0|   35|  15|          10|          10|
    |tmp_163_fu_464_p2    |     +    |      0|    0|  10|          32|          32|
    |tmp_164_fu_470_p2    |     +    |      0|    0|  10|          32|          32|
    |tmp_165_fu_551_p2    |     +    |      0|    0|  10|          13|          13|
    |tmp_166_fu_556_p2    |     +    |      0|    0|  10|          13|          13|
    |tmp_170_fu_518_p2    |     +    |      0|  101|  37|          32|          32|
    |tmp_173_fu_586_p2    |     +    |      0|    0|  10|          12|          12|
    |tmp_fu_353_p2        |     +    |      0|   17|   9|           4|           3|
    |tmp_s_fu_393_p2      |     +    |      0|   17|   9|           4|           3|
    |w_fu_387_p2          |     +    |      0|   17|   9|           4|           1|
    |tmp_157_fu_274_p2    |     -    |      0|   32|  14|           9|           9|
    |tmp_169_fu_508_p2    |     -    |      0|   29|  13|           8|           8|
    |tmp_172_fu_580_p2    |     -    |      0|    0|  10|          12|          12|
    |exitcond1_fu_381_p2  |   icmp   |      0|    0|   2|           4|           4|
    |exitcond2_fu_341_p2  |   icmp   |      0|    0|   2|           4|           4|
    |exitcond3_fu_290_p2  |   icmp   |      0|    0|   3|           5|           6|
    |exitcond_fu_532_p2   |   icmp   |      0|    0|   1|           3|           3|
    |tmp_19_fu_403_p2     |   icmp   |      0|    0|  16|          32|          32|
    |tmp_21_fu_422_p2     |   icmp   |      0|    0|  16|          32|          32|
    +---------------------+----------+-------+-----+----+------------+------------+
    |Total                |          |      0|  849| 444|         414|         343|
    +---------------------+----------+-------+-----+----+------------+------------+

    * Multiplexer: 
    +---------------+-----+-----------+-----+-----------+
    |      Name     | LUT | Input Size| Bits| Total Bits|
    +---------------+-----+-----------+-----+-----------+
    |ap_NS_fsm      |  121|         26|    1|         26|
    |ci_reg_212     |    9|          2|    3|          6|
    |co_reg_112     |    9|          2|    5|         10|
    |grp_fu_235_p0  |   15|          3|   32|         96|
    |grp_fu_235_p1  |   15|          3|   32|         96|
    |i17_reg_145    |    9|          2|   32|         64|
    |i_reg_123      |    9|          2|    4|          8|
    |j12_reg_179    |    9|          2|   32|         64|
    |j_reg_134      |    9|          2|    4|          8|
    |m_reg_155      |    9|          2|   32|         64|
    |n_reg_189      |    9|          2|   32|         64|
    |sum_1_reg_200  |    9|          2|   32|         64|
    |sum_2_reg_223  |    9|          2|   32|         64|
    |sum_reg_167    |    9|          2|   32|         64|
    +---------------+-----+-----------+-----+-----------+
    |Total          |  250|         54|  305|        698|
    +---------------+-----+-----------+-----+-----------+

    * Register: 
    +----------------------+----+----+-----+-----------+
    |         Name         | FF | LUT| Bits| Const Bits|
    +----------------------+----+----+-----+-----------+
    |ap_CS_fsm             |  25|   0|   25|          0|
    |ci_2_reg_726          |   3|   0|    3|          0|
    |ci_reg_212            |   3|   0|    3|          0|
    |co_2_reg_615          |   5|   0|    5|          0|
    |co_reg_112            |   5|   0|    5|          0|
    |conv3_b_addr_reg_620  |   4|   0|    4|          0|
    |conv3_b_load_reg_766  |  32|   0|   32|          0|
    |conv3_w_load_reg_746  |  32|   0|   32|          0|
    |exitcond_reg_722      |   1|   0|    1|          0|
    |h_reg_638             |   4|   0|    4|          0|
    |i17_reg_145           |  32|   0|   32|          0|
    |i_cast3_reg_625       |   4|   0|   32|         28|
    |i_reg_123             |   4|   0|    4|          0|
    |j12_reg_179           |  32|   0|   32|          0|
    |j_cast2_reg_648       |   4|   0|   32|         28|
    |j_reg_134             |   4|   0|    4|          0|
    |m_1_reg_674           |  32|   0|   32|          0|
    |m_reg_155             |  32|   0|   32|          0|
    |n_1_reg_692           |  32|   0|   32|          0|
    |n_reg_189             |  32|   0|   32|          0|
    |output_addr_reg_653   |  11|   0|   11|          0|
    |p2_o_2_load_reg_751   |  32|   0|   32|          0|
    |sum_1_reg_200         |  32|   0|   32|          0|
    |sum_2_reg_223         |  32|   0|   32|          0|
    |sum_reg_167           |  32|   0|   32|          0|
    |tmp_149_reg_679       |  12|   0|   12|          0|
    |tmp_150_reg_684       |  13|   0|   13|          0|
    |tmp_152_reg_702       |  13|   0|   13|          0|
    |tmp_153_reg_707       |  11|   0|   11|          0|
    |tmp_154_reg_712       |   8|   0|    8|          0|
    |tmp_158_reg_607       |   8|   0|    9|          1|
    |tmp_160_reg_630       |  11|   0|   12|          1|
    |tmp_166_cast_reg_602  |   9|   0|   10|          1|
    |tmp_171_reg_717       |  11|   0|   11|          0|
    |tmp_20_reg_771        |  32|   0|   32|          0|
    |tmp_22_reg_756        |  32|   0|   32|          0|
    |tmp_cast_81_reg_666   |   4|   0|   32|         28|
    |tmp_cast_reg_643      |   4|   0|   32|         28|
    |w_reg_661             |   4|   0|    4|          0|
    +----------------------+----+----+-----+-----------+
    |Total                 | 633|   0|  748|        115|
    +----------------------+----+----+-----+-----------+



================================================================
== Interface
================================================================
* Summary: 
+-------------------+-----+-----+------------+--------------+--------------+
|     RTL Ports     | Dir | Bits|  Protocol  | Source Object|    C Type    |
+-------------------+-----+-----+------------+--------------+--------------+
|ap_clk             |  in |    1| ap_ctrl_hs | convolution3 | return value |
|ap_rst             |  in |    1| ap_ctrl_hs | convolution3 | return value |
|ap_start           |  in |    1| ap_ctrl_hs | convolution3 | return value |
|ap_done            | out |    1| ap_ctrl_hs | convolution3 | return value |
|ap_idle            | out |    1| ap_ctrl_hs | convolution3 | return value |
|ap_ready           | out |    1| ap_ctrl_hs | convolution3 | return value |
|conv3_w_address0   | out |   12|  ap_memory |    conv3_w   |     array    |
|conv3_w_ce0        | out |    1|  ap_memory |    conv3_w   |     array    |
|conv3_w_q0         |  in |   32|  ap_memory |    conv3_w   |     array    |
|conv3_b_address0   | out |    4|  ap_memory |    conv3_b   |     array    |
|conv3_b_ce0        | out |    1|  ap_memory |    conv3_b   |     array    |
|conv3_b_q0         |  in |   32|  ap_memory |    conv3_b   |     array    |
|output_r_address0  | out |   11|  ap_memory |   output_r   |     array    |
|output_r_ce0       | out |    1|  ap_memory |   output_r   |     array    |
|output_r_we0       | out |    1|  ap_memory |   output_r   |     array    |
|output_r_d0        | out |   32|  ap_memory |   output_r   |     array    |
|p2_o_2_address0    | out |   11|  ap_memory |    p2_o_2    |     array    |
|p2_o_2_ce0         | out |    1|  ap_memory |    p2_o_2    |     array    |
|p2_o_2_q0          |  in |   32|  ap_memory |    p2_o_2    |     array    |
+-------------------+-----+-----+------------+--------------+--------------+

