

================================================================
== Vivado HLS Report for 'convolution5'
================================================================
* Date:           Wed Nov  7 23:47:59 2018

* Version:        2017.2 (Build 1909853 on Thu Jun 15 18:55:24 MDT 2017)
* Project:        lenet
* Solution:       lenet_accelerator
* Product family: zynq
* Target device:  xc7z020clg484-1


================================================================
== Performance Estimates
================================================================
+ Timing (ns): 
    * Summary: 
    +--------+-------+----------+------------+
    |  Clock | Target| Estimated| Uncertainty|
    +--------+-------+----------+------------+
    |ap_clk  |  10.00|      7.40|        1.25|
    +--------+-------+----------+------------+

+ Latency (clock cycles): 
    * Summary: 
    +--------+--------+--------+--------+---------+
    |     Latency     |     Interval    | Pipeline|
    |   min  |   max  |   min  |   max  |   Type  |
    +--------+--------+--------+--------+---------+
    |  587281|  587281|  587281|  587281|   none  |
    +--------+--------+--------+--------+---------+

    + Detail: 
        * Instance: 
        N/A

        * Loop: 
        +---------------------+--------+--------+----------+-----------+-----------+------+----------+
        |                     |     Latency     | Iteration|  Initiation Interval  | Trip |          |
        |      Loop Name      |   min  |   max  |  Latency |  achieved |   target  | Count| Pipelined|
        +---------------------+--------+--------+----------+-----------+-----------+------+----------+
        |- Loop 1             |  587280|  587280|      4894|          -|          -|   120|    no    |
        | + Loop 1.1          |    4885|    4885|       977|          -|          -|     5|    no    |
        |  ++ Loop 1.1.1      |     975|     975|       195|          -|          -|     5|    no    |
        |   +++ Loop 1.1.1.1  |     193|     193|        12|          -|          -|    16|    no    |
        +---------------------+--------+--------+----------+-----------+-----------+------+----------+



================================================================
== Utilization Estimates
================================================================
* Summary: 
+-----------------+---------+-------+--------+-------+
|       Name      | BRAM_18K| DSP48E|   FF   |  LUT  |
+-----------------+---------+-------+--------+-------+
|DSP              |        -|      -|       -|      -|
|Expression       |        -|      -|     115|    146|
|FIFO             |        -|      -|       -|      -|
|Instance         |        -|      5|     348|    711|
|Memory           |        -|      -|       -|      -|
|Multiplexer      |        -|      -|       -|    206|
|Register         |        -|      -|     383|      -|
+-----------------+---------+-------+--------+-------+
|Total            |        0|      5|     846|   1063|
+-----------------+---------+-------+--------+-------+
|Available        |      280|    220|  106400|  53200|
+-----------------+---------+-------+--------+-------+
|Utilization (%)  |        0|      2|   ~0   |      1|
+-----------------+---------+-------+--------+-------+

+ Detail: 
    * Instance: 
    +----------------------------+----------------------+---------+-------+-----+-----+
    |          Instance          |        Module        | BRAM_18K| DSP48E|  FF | LUT |
    +----------------------------+----------------------+---------+-------+-----+-----+
    |lenet_wrapper_fadbkb_x_U39  |lenet_wrapper_fadbkb  |        0|      2|  205|  390|
    |lenet_wrapper_fmucud_x_U40  |lenet_wrapper_fmucud  |        0|      3|  143|  321|
    +----------------------------+----------------------+---------+-------+-----+-----+
    |Total                       |                      |        0|      5|  348|  711|
    +----------------------------+----------------------+---------+-------+-----+-----+

    * DSP48: 
    N/A

    * Memory: 
    N/A

    * FIFO: 
    N/A

    * Expression: 
    +---------------------+----------+-------+----+----+------------+------------+
    |    Variable Name    | Operation| DSP48E| FF | LUT| Bitwidth P0| Bitwidth P1|
    +---------------------+----------+-------+----+----+------------+------------+
    |ci_1_fu_362_p2       |     +    |      0|  20|  10|           1|           5|
    |co_1_fu_211_p2       |     +    |      0|  26|  12|           7|           1|
    |m_fu_231_p2          |     +    |      0|  14|   9|           3|           1|
    |n_fu_251_p2          |     +    |      0|  14|   9|           3|           1|
    |tmp_143_fu_265_p2    |     +    |      0|  41|  17|          12|          12|
    |tmp_144_fu_286_p2    |     +    |      0|   0|  10|          32|          32|
    |tmp_145_fu_292_p2    |     +    |      0|   0|  10|          32|          32|
    |tmp_148_fu_375_p2    |     +    |      0|   0|  10|          17|          17|
    |tmp_149_fu_380_p2    |     +    |      0|   0|  10|          17|          17|
    |tmp_151_fu_317_p2    |     +    |      0|   0|  10|           8|           8|
    |tmp_152_fu_323_p2    |     +    |      0|   0|  10|           8|           8|
    |tmp_153_fu_340_p2    |     +    |      0|   0|  10|          10|          10|
    |tmp_154_fu_346_p2    |     +    |      0|   0|  10|          10|          10|
    |exitcond1_fu_245_p2  |   icmp   |      0|   0|   1|           3|           3|
    |exitcond2_fu_225_p2  |   icmp   |      0|   0|   1|           3|           3|
    |exitcond3_fu_205_p2  |   icmp   |      0|   0|   4|           7|           5|
    |exitcond_fu_356_p2   |   icmp   |      0|   0|   3|           5|           6|
    +---------------------+----------+-------+----+----+------------+------------+
    |Total                |          |      0| 115| 146|         178|         171|
    +---------------------+----------+-------+----+----+------------+------------+

    * Multiplexer: 
    +---------------+-----+-----------+-----+-----------+
    |      Name     | LUT | Input Size| Bits| Total Bits|
    +---------------+-----+-----------+-----+-----------+
    |ap_NS_fsm      |  113|         24|    1|         24|
    |ci_reg_156     |    9|          2|    5|         10|
    |co_reg_99      |    9|          2|    7|         14|
    |grp_fu_179_p0  |   15|          3|   32|         96|
    |grp_fu_179_p1  |   15|          3|   32|         96|
    |i_reg_110      |    9|          2|    3|          6|
    |j_reg_133      |    9|          2|    3|          6|
    |sum_1_reg_144  |    9|          2|   32|         64|
    |sum_2_reg_167  |    9|          2|   32|         64|
    |sum_reg_121    |    9|          2|   32|         64|
    +---------------+-----+-----------+-----+-----------+
    |Total          |  206|         44|  179|        444|
    +---------------+-----+-----------+-----+-----------+

    * Register: 
    +-----------------------+----+----+-----+-----------+
    |          Name         | FF | LUT| Bits| Const Bits|
    +-----------------------+----+----+-----+-----------+
    |ap_CS_fsm              |  23|   0|   23|          0|
    |ci_1_reg_469           |   5|   0|    5|          0|
    |ci_reg_156             |   5|   0|    5|          0|
    |co_1_reg_404           |   7|   0|    7|          0|
    |co_cast4_reg_390       |   7|   0|   32|         25|
    |co_reg_99              |   7|   0|    7|          0|
    |conv5_b_load_reg_499   |  32|   0|   32|          0|
    |conv5_w_load_reg_479   |  32|   0|   32|          0|
    |exitcond_reg_465       |   1|   0|    1|          0|
    |i_cast3_cast_reg_414   |   3|   0|    8|          5|
    |i_cast3_reg_409        |   3|   0|   32|         29|
    |i_reg_110              |   3|   0|    3|          0|
    |j_cast2_cast1_reg_432  |   3|   0|   10|          7|
    |j_cast2_cast_reg_437   |   3|   0|   17|         14|
    |j_reg_133              |   3|   0|    3|          0|
    |m_reg_422              |   3|   0|    3|          0|
    |n_reg_445              |   3|   0|    3|          0|
    |p4_o_2_addr_reg_460    |   9|   0|    9|          0|
    |p4_o_2_load_reg_484    |  32|   0|   32|          0|
    |sum_1_reg_144          |  32|   0|   32|          0|
    |sum_2_reg_167          |  32|   0|   32|          0|
    |sum_reg_121            |  32|   0|   32|          0|
    |tmp_146_reg_450        |  17|   0|   17|          0|
    |tmp_147_reg_455        |  15|   0|   15|          0|
    |tmp_150_cast_reg_396   |   7|   0|   12|          5|
    |tmp_reg_504            |  32|   0|   32|          0|
    |tmp_s_reg_489          |  32|   0|   32|          0|
    +-----------------------+----+----+-----+-----------+
    |Total                  | 383|   0|  468|         85|
    +-----------------------+----+----+-----+-----------+



================================================================
== Interface
================================================================
* Summary: 
+---------------------+-----+-----+------------+--------------+--------------+
|      RTL Ports      | Dir | Bits|  Protocol  | Source Object|    C Type    |
+---------------------+-----+-----+------------+--------------+--------------+
|ap_clk               |  in |    1| ap_ctrl_hs | convolution5 | return value |
|ap_rst               |  in |    1| ap_ctrl_hs | convolution5 | return value |
|ap_start             |  in |    1| ap_ctrl_hs | convolution5 | return value |
|ap_done              | out |    1| ap_ctrl_hs | convolution5 | return value |
|ap_idle              | out |    1| ap_ctrl_hs | convolution5 | return value |
|ap_ready             | out |    1| ap_ctrl_hs | convolution5 | return value |
|conv5_w_address0     | out |   16|  ap_memory |    conv5_w   |     array    |
|conv5_w_ce0          | out |    1|  ap_memory |    conv5_w   |     array    |
|conv5_w_q0           |  in |   32|  ap_memory |    conv5_w   |     array    |
|conv5_b_address0     | out |    7|  ap_memory |    conv5_b   |     array    |
|conv5_b_ce0          | out |    1|  ap_memory |    conv5_b   |     array    |
|conv5_b_q0           |  in |   32|  ap_memory |    conv5_b   |     array    |
|output_0_0_address0  | out |    7|  ap_memory |  output_0_0  |     array    |
|output_0_0_ce0       | out |    1|  ap_memory |  output_0_0  |     array    |
|output_0_0_we0       | out |    1|  ap_memory |  output_0_0  |     array    |
|output_0_0_d0        | out |   32|  ap_memory |  output_0_0  |     array    |
|p4_o_2_address0      | out |    9|  ap_memory |    p4_o_2    |     array    |
|p4_o_2_ce0           | out |    1|  ap_memory |    p4_o_2    |     array    |
|p4_o_2_q0            |  in |   32|  ap_memory |    p4_o_2    |     array    |
+---------------------+-----+-----+------------+--------------+--------------+

