

================================================================
== Vivado HLS Report for 'copy_i'
================================================================
* Date:           Wed Nov  7 23:47:55 2018

* Version:        2017.2 (Build 1909853 on Thu Jun 15 18:55:24 MDT 2017)
* Project:        lenet
* Solution:       lenet_accelerator
* Product family: zynq
* Target device:  xc7z020clg484-1


================================================================
== Performance Estimates
================================================================
+ Timing (ns): 
    * Summary: 
    +--------+-------+----------+------------+
    |  Clock | Target| Estimated| Uncertainty|
    +--------+-------+----------+------------+
    |ap_clk  |  10.00|      8.75|        1.25|
    +--------+-------+----------+------------+

+ Latency (clock cycles): 
    * Summary: 
    +-------+-------+-------+-------+---------+
    |    Latency    |    Interval   | Pipeline|
    |  min  |  max  |  min  |  max  |   Type  |
    +-------+-------+-------+-------+---------+
    |  10305|  10305|  10305|  10305|   none  |
    +-------+-------+-------+-------+---------+

    + Detail: 
        * Instance: 
        N/A

        * Loop: 
        +-------------+-------+-------+----------+-----------+-----------+------+----------+
        |             |    Latency    | Iteration|  Initiation Interval  | Trip |          |
        |  Loop Name  |  min  |  max  |  Latency |  achieved |   target  | Count| Pipelined|
        +-------------+-------+-------+----------+-----------+-----------+------+----------+
        |- Loop 1     |  10304|  10304|       322|          -|          -|    32|    no    |
        | + Loop 1.1  |    320|    320|        10|          -|          -|    32|    no    |
        +-------------+-------+-------+----------+-----------+-----------+------+----------+



================================================================
== Utilization Estimates
================================================================
* Summary: 
+-----------------+---------+-------+--------+-------+
|       Name      | BRAM_18K| DSP48E|   FF   |  LUT  |
+-----------------+---------+-------+--------+-------+
|DSP              |        -|      -|       -|      -|
|Expression       |        -|      -|     185|     83|
|FIFO             |        -|      -|       -|      -|
|Instance         |        -|      -|       -|      -|
|Memory           |        -|      -|       -|      -|
|Multiplexer      |        -|      -|       -|    110|
|Register         |        -|      -|     116|      -|
+-----------------+---------+-------+--------+-------+
|Total            |        0|      0|     301|    193|
+-----------------+---------+-------+--------+-------+
|Available        |      280|    220|  106400|  53200|
+-----------------+---------+-------+--------+-------+
|Utilization (%)  |        0|      0|   ~0   |   ~0  |
+-----------------+---------+-------+--------+-------+

+ Detail: 
    * Instance: 
    N/A

    * DSP48: 
    N/A

    * Memory: 
    N/A

    * FIFO: 
    N/A

    * Expression: 
    +---------------------+----------+-------+----+----+------------+------------+
    |    Variable Name    | Operation| DSP48E| FF | LUT| Bitwidth P0| Bitwidth P1|
    +---------------------+----------+-------+----+----+------------+------------+
    |j_10_fu_113_p2       |     +    |      0|  23|  11|           6|           1|
    |k_7_fu_162_p2        |     +    |      0|  23|  11|           6|           1|
    |sum_fu_140_p2        |     +    |      0|  98|  36|          31|          31|
    |tmp_s_fu_123_p2      |     +    |      0|  41|  17|          12|          12|
    |exitcond1_fu_107_p2  |   icmp   |      0|   0|   4|           6|           7|
    |exitcond_fu_156_p2   |   icmp   |      0|   0|   4|           6|           7|
    +---------------------+----------+-------+----+----+------------+------------+
    |Total                |          |      0| 185|  83|          67|          59|
    +---------------------+----------+-------+----+----+------------+------------+

    * Multiplexer: 
    +-----------------------------------+----+-----------+-----+-----------+
    |                Name               | LUT| Input Size| Bits| Total Bits|
    +-----------------------------------+----+-----------+-----+-----------+
    |ap_NS_fsm                          |  65|         13|    1|         13|
    |ap_sig_ioackin_m_axi_in_r_ARREADY  |   9|          2|    1|          2|
    |in_r_blk_n_AR                      |   9|          2|    1|          2|
    |in_r_blk_n_R                       |   9|          2|    1|          2|
    |j_reg_73                           |   9|          2|    6|         12|
    |k_reg_84                           |   9|          2|    6|         12|
    +-----------------------------------+----+-----------+-----+-----------+
    |Total                              | 110|         23|   16|         43|
    +-----------------------------------+----+-----------+-----+-----------+

    * Register: 
    +-----------------------------------+----+----+-----+-----------+
    |                Name               | FF | LUT| Bits| Const Bits|
    +-----------------------------------+----+----+-----+-----------+
    |ap_CS_fsm                          |  12|   0|   12|          0|
    |ap_reg_ioackin_m_axi_in_r_ARREADY  |   1|   0|    1|          0|
    |in_addr_read_reg_205               |  32|   0|   32|          0|
    |in_addr_reg_186                    |  31|   0|   32|          1|
    |j_10_reg_181                       |   6|   0|    6|          0|
    |j_reg_73                           |   6|   0|    6|          0|
    |k_7_reg_200                        |   6|   0|    6|          0|
    |k_reg_84                           |   6|   0|    6|          0|
    |out_0_addr_reg_192                 |  10|   0|   10|          0|
    |tmp_147_cast_reg_173               |   6|   0|   12|          6|
    +-----------------------------------+----+----+-----+-----------+
    |Total                              | 116|   0|  123|          7|
    +-----------------------------------+----+----+-----+-----------+



================================================================
== Interface
================================================================
* Summary: 
+---------------------+-----+-----+------------+--------------+--------------+
|      RTL Ports      | Dir | Bits|  Protocol  | Source Object|    C Type    |
+---------------------+-----+-----+------------+--------------+--------------+
|ap_clk               |  in |    1| ap_ctrl_hs |    copy_i    | return value |
|ap_rst               |  in |    1| ap_ctrl_hs |    copy_i    | return value |
|ap_start             |  in |    1| ap_ctrl_hs |    copy_i    | return value |
|ap_done              | out |    1| ap_ctrl_hs |    copy_i    | return value |
|ap_idle              | out |    1| ap_ctrl_hs |    copy_i    | return value |
|ap_ready             | out |    1| ap_ctrl_hs |    copy_i    | return value |
|m_axi_in_r_AWVALID   | out |    1|    m_axi   |     in_r     |    pointer   |
|m_axi_in_r_AWREADY   |  in |    1|    m_axi   |     in_r     |    pointer   |
|m_axi_in_r_AWADDR    | out |   32|    m_axi   |     in_r     |    pointer   |
|m_axi_in_r_AWID      | out |    1|    m_axi   |     in_r     |    pointer   |
|m_axi_in_r_AWLEN     | out |   32|    m_axi   |     in_r     |    pointer   |
|m_axi_in_r_AWSIZE    | out |    3|    m_axi   |     in_r     |    pointer   |
|m_axi_in_r_AWBURST   | out |    2|    m_axi   |     in_r     |    pointer   |
|m_axi_in_r_AWLOCK    | out |    2|    m_axi   |     in_r     |    pointer   |
|m_axi_in_r_AWCACHE   | out |    4|    m_axi   |     in_r     |    pointer   |
|m_axi_in_r_AWPROT    | out |    3|    m_axi   |     in_r     |    pointer   |
|m_axi_in_r_AWQOS     | out |    4|    m_axi   |     in_r     |    pointer   |
|m_axi_in_r_AWREGION  | out |    4|    m_axi   |     in_r     |    pointer   |
|m_axi_in_r_AWUSER    | out |    1|    m_axi   |     in_r     |    pointer   |
|m_axi_in_r_WVALID    | out |    1|    m_axi   |     in_r     |    pointer   |
|m_axi_in_r_WREADY    |  in |    1|    m_axi   |     in_r     |    pointer   |
|m_axi_in_r_WDATA     | out |   32|    m_axi   |     in_r     |    pointer   |
|m_axi_in_r_WSTRB     | out |    4|    m_axi   |     in_r     |    pointer   |
|m_axi_in_r_WLAST     | out |    1|    m_axi   |     in_r     |    pointer   |
|m_axi_in_r_WID       | out |    1|    m_axi   |     in_r     |    pointer   |
|m_axi_in_r_WUSER     | out |    1|    m_axi   |     in_r     |    pointer   |
|m_axi_in_r_ARVALID   | out |    1|    m_axi   |     in_r     |    pointer   |
|m_axi_in_r_ARREADY   |  in |    1|    m_axi   |     in_r     |    pointer   |
|m_axi_in_r_ARADDR    | out |   32|    m_axi   |     in_r     |    pointer   |
|m_axi_in_r_ARID      | out |    1|    m_axi   |     in_r     |    pointer   |
|m_axi_in_r_ARLEN     | out |   32|    m_axi   |     in_r     |    pointer   |
|m_axi_in_r_ARSIZE    | out |    3|    m_axi   |     in_r     |    pointer   |
|m_axi_in_r_ARBURST   | out |    2|    m_axi   |     in_r     |    pointer   |
|m_axi_in_r_ARLOCK    | out |    2|    m_axi   |     in_r     |    pointer   |
|m_axi_in_r_ARCACHE   | out |    4|    m_axi   |     in_r     |    pointer   |
|m_axi_in_r_ARPROT    | out |    3|    m_axi   |     in_r     |    pointer   |
|m_axi_in_r_ARQOS     | out |    4|    m_axi   |     in_r     |    pointer   |
|m_axi_in_r_ARREGION  | out |    4|    m_axi   |     in_r     |    pointer   |
|m_axi_in_r_ARUSER    | out |    1|    m_axi   |     in_r     |    pointer   |
|m_axi_in_r_RVALID    |  in |    1|    m_axi   |     in_r     |    pointer   |
|m_axi_in_r_RREADY    | out |    1|    m_axi   |     in_r     |    pointer   |
|m_axi_in_r_RDATA     |  in |   32|    m_axi   |     in_r     |    pointer   |
|m_axi_in_r_RLAST     |  in |    1|    m_axi   |     in_r     |    pointer   |
|m_axi_in_r_RID       |  in |    1|    m_axi   |     in_r     |    pointer   |
|m_axi_in_r_RUSER     |  in |    1|    m_axi   |     in_r     |    pointer   |
|m_axi_in_r_RRESP     |  in |    2|    m_axi   |     in_r     |    pointer   |
|m_axi_in_r_BVALID    |  in |    1|    m_axi   |     in_r     |    pointer   |
|m_axi_in_r_BREADY    | out |    1|    m_axi   |     in_r     |    pointer   |
|m_axi_in_r_BRESP     |  in |    2|    m_axi   |     in_r     |    pointer   |
|m_axi_in_r_BID       |  in |    1|    m_axi   |     in_r     |    pointer   |
|m_axi_in_r_BUSER     |  in |    1|    m_axi   |     in_r     |    pointer   |
|image_in_i1          |  in |   30|   ap_none  |  image_in_i1 |    scalar    |
|out_0_address0       | out |   10|  ap_memory |     out_0    |     array    |
|out_0_ce0            | out |    1|  ap_memory |     out_0    |     array    |
|out_0_we0            | out |    1|  ap_memory |     out_0    |     array    |
|out_0_d0             | out |   32|  ap_memory |     out_0    |     array    |
+---------------------+-----+-----+------------+--------------+--------------+

