

================================================================
== Vivado HLS Report for 'copy_out'
================================================================
* Date:           Wed Nov  7 23:47:59 2018

* Version:        2017.2 (Build 1909853 on Thu Jun 15 18:55:24 MDT 2017)
* Project:        lenet
* Solution:       lenet_accelerator
* Product family: zynq
* Target device:  xc7z020clg484-1


================================================================
== Performance Estimates
================================================================
+ Timing (ns): 
    * Summary: 
    +--------+-------+----------+------------+
    |  Clock | Target| Estimated| Uncertainty|
    +--------+-------+----------+------------+
    |ap_clk  |  10.00|      8.75|        1.25|
    +--------+-------+----------+------------+

+ Latency (clock cycles): 
    * Summary: 
    +-----+-----+-----+-----+---------+
    |  Latency  |  Interval | Pipeline|
    | min | max | min | max |   Type  |
    +-----+-----+-----+-----+---------+
    |   35|   35|   35|   35|   none  |
    +-----+-----+-----+-----+---------+

    + Detail: 
        * Instance: 
        N/A

        * Loop: 
        +----------+-----+-----+----------+-----------+-----------+------+----------+
        |          |  Latency  | Iteration|  Initiation Interval  | Trip |          |
        | Loop Name| min | max |  Latency |  achieved |   target  | Count| Pipelined|
        +----------+-----+-----+----------+-----------+-----------+------+----------+
        |- Loop 1  |   30|   30|         3|          -|          -|    10|    no    |
        +----------+-----+-----+----------+-----------+-----------+------+----------+



================================================================
== Utilization Estimates
================================================================
* Summary: 
+-----------------+---------+-------+--------+-------+
|       Name      | BRAM_18K| DSP48E|   FF   |  LUT  |
+-----------------+---------+-------+--------+-------+
|DSP              |        -|      -|       -|      -|
|Expression       |        -|      -|      17|     11|
|FIFO             |        -|      -|       -|      -|
|Instance         |        -|      -|       -|      -|
|Memory           |        -|      -|       -|      -|
|Multiplexer      |        -|      -|       -|    104|
|Register         |        -|      -|      50|      -|
+-----------------+---------+-------+--------+-------+
|Total            |        0|      0|      67|    115|
+-----------------+---------+-------+--------+-------+
|Available        |      280|    220|  106400|  53200|
+-----------------+---------+-------+--------+-------+
|Utilization (%)  |        0|      0|   ~0   |   ~0  |
+-----------------+---------+-------+--------+-------+

+ Detail: 
    * Instance: 
    N/A

    * DSP48: 
    N/A

    * Memory: 
    N/A

    * FIFO: 
    N/A

    * Expression: 
    +-------------------+----------+-------+----+----+------------+------------+
    |   Variable Name   | Operation| DSP48E| FF | LUT| Bitwidth P0| Bitwidth P1|
    +-------------------+----------+-------+----+----+------------+------------+
    |i_12_fu_104_p2     |     +    |      0|  17|   9|           4|           1|
    |exitcond_fu_98_p2  |   icmp   |      0|   0|   2|           4|           4|
    +-------------------+----------+-------+----+----+------------+------------+
    |Total              |          |      0|  17|  11|           8|           5|
    +-------------------+----------+-------+----+----+------------+------------+

    * Multiplexer: 
    +------------------------------------+----+-----------+-----+-----------+
    |                Name                | LUT| Input Size| Bits| Total Bits|
    +------------------------------------+----+-----------+-----+-----------+
    |ap_NS_fsm                           |  50|          9|    1|          9|
    |ap_sig_ioackin_m_axi_out_r_AWREADY  |   9|          2|    1|          2|
    |ap_sig_ioackin_m_axi_out_r_WREADY   |   9|          2|    1|          2|
    |i_reg_71                            |   9|          2|    4|          8|
    |out_r_blk_n_AW                      |   9|          2|    1|          2|
    |out_r_blk_n_B                       |   9|          2|    1|          2|
    |out_r_blk_n_W                       |   9|          2|    1|          2|
    +------------------------------------+----+-----------+-----+-----------+
    |Total                               | 104|         21|   10|         27|
    +------------------------------------+----+-----------+-----+-----------+

    * Register: 
    +------------------------------------+----+----+-----+-----------+
    |                Name                | FF | LUT| Bits| Const Bits|
    +------------------------------------+----+----+-----+-----------+
    |ap_CS_fsm                           |   8|   0|    8|          0|
    |ap_reg_ioackin_m_axi_out_r_AWREADY  |   1|   0|    1|          0|
    |ap_reg_ioackin_m_axi_out_r_WREADY   |   1|   0|    1|          0|
    |fc6_o_load_reg_128                  |  32|   0|   32|          0|
    |i_12_reg_118                        |   4|   0|    4|          0|
    |i_reg_71                            |   4|   0|    4|          0|
    +------------------------------------+----+----+-----+-----------+
    |Total                               |  50|   0|   50|          0|
    +------------------------------------+----+----+-----+-----------+



================================================================
== Interface
================================================================
* Summary: 
+----------------------+-----+-----+------------+--------------+--------------+
|       RTL Ports      | Dir | Bits|  Protocol  | Source Object|    C Type    |
+----------------------+-----+-----+------------+--------------+--------------+
|ap_clk                |  in |    1| ap_ctrl_hs |   copy_out   | return value |
|ap_rst                |  in |    1| ap_ctrl_hs |   copy_out   | return value |
|ap_start              |  in |    1| ap_ctrl_hs |   copy_out   | return value |
|ap_done               | out |    1| ap_ctrl_hs |   copy_out   | return value |
|ap_idle               | out |    1| ap_ctrl_hs |   copy_out   | return value |
|ap_ready              | out |    1| ap_ctrl_hs |   copy_out   | return value |
|m_axi_out_r_AWVALID   | out |    1|    m_axi   |     out_r    |    pointer   |
|m_axi_out_r_AWREADY   |  in |    1|    m_axi   |     out_r    |    pointer   |
|m_axi_out_r_AWADDR    | out |   32|    m_axi   |     out_r    |    pointer   |
|m_axi_out_r_AWID      | out |    1|    m_axi   |     out_r    |    pointer   |
|m_axi_out_r_AWLEN     | out |   32|    m_axi   |     out_r    |    pointer   |
|m_axi_out_r_AWSIZE    | out |    3|    m_axi   |     out_r    |    pointer   |
|m_axi_out_r_AWBURST   | out |    2|    m_axi   |     out_r    |    pointer   |
|m_axi_out_r_AWLOCK    | out |    2|    m_axi   |     out_r    |    pointer   |
|m_axi_out_r_AWCACHE   | out |    4|    m_axi   |     out_r    |    pointer   |
|m_axi_out_r_AWPROT    | out |    3|    m_axi   |     out_r    |    pointer   |
|m_axi_out_r_AWQOS     | out |    4|    m_axi   |     out_r    |    pointer   |
|m_axi_out_r_AWREGION  | out |    4|    m_axi   |     out_r    |    pointer   |
|m_axi_out_r_AWUSER    | out |    1|    m_axi   |     out_r    |    pointer   |
|m_axi_out_r_WVALID    | out |    1|    m_axi   |     out_r    |    pointer   |
|m_axi_out_r_WREADY    |  in |    1|    m_axi   |     out_r    |    pointer   |
|m_axi_out_r_WDATA     | out |   32|    m_axi   |     out_r    |    pointer   |
|m_axi_out_r_WSTRB     | out |    4|    m_axi   |     out_r    |    pointer   |
|m_axi_out_r_WLAST     | out |    1|    m_axi   |     out_r    |    pointer   |
|m_axi_out_r_WID       | out |    1|    m_axi   |     out_r    |    pointer   |
|m_axi_out_r_WUSER     | out |    1|    m_axi   |     out_r    |    pointer   |
|m_axi_out_r_ARVALID   | out |    1|    m_axi   |     out_r    |    pointer   |
|m_axi_out_r_ARREADY   |  in |    1|    m_axi   |     out_r    |    pointer   |
|m_axi_out_r_ARADDR    | out |   32|    m_axi   |     out_r    |    pointer   |
|m_axi_out_r_ARID      | out |    1|    m_axi   |     out_r    |    pointer   |
|m_axi_out_r_ARLEN     | out |   32|    m_axi   |     out_r    |    pointer   |
|m_axi_out_r_ARSIZE    | out |    3|    m_axi   |     out_r    |    pointer   |
|m_axi_out_r_ARBURST   | out |    2|    m_axi   |     out_r    |    pointer   |
|m_axi_out_r_ARLOCK    | out |    2|    m_axi   |     out_r    |    pointer   |
|m_axi_out_r_ARCACHE   | out |    4|    m_axi   |     out_r    |    pointer   |
|m_axi_out_r_ARPROT    | out |    3|    m_axi   |     out_r    |    pointer   |
|m_axi_out_r_ARQOS     | out |    4|    m_axi   |     out_r    |    pointer   |
|m_axi_out_r_ARREGION  | out |    4|    m_axi   |     out_r    |    pointer   |
|m_axi_out_r_ARUSER    | out |    1|    m_axi   |     out_r    |    pointer   |
|m_axi_out_r_RVALID    |  in |    1|    m_axi   |     out_r    |    pointer   |
|m_axi_out_r_RREADY    | out |    1|    m_axi   |     out_r    |    pointer   |
|m_axi_out_r_RDATA     |  in |   32|    m_axi   |     out_r    |    pointer   |
|m_axi_out_r_RLAST     |  in |    1|    m_axi   |     out_r    |    pointer   |
|m_axi_out_r_RID       |  in |    1|    m_axi   |     out_r    |    pointer   |
|m_axi_out_r_RUSER     |  in |    1|    m_axi   |     out_r    |    pointer   |
|m_axi_out_r_RRESP     |  in |    2|    m_axi   |     out_r    |    pointer   |
|m_axi_out_r_BVALID    |  in |    1|    m_axi   |     out_r    |    pointer   |
|m_axi_out_r_BREADY    | out |    1|    m_axi   |     out_r    |    pointer   |
|m_axi_out_r_BRESP     |  in |    2|    m_axi   |     out_r    |    pointer   |
|m_axi_out_r_BID       |  in |    1|    m_axi   |     out_r    |    pointer   |
|m_axi_out_r_BUSER     |  in |    1|    m_axi   |     out_r    |    pointer   |
|fc6_o_o15             |  in |   30|   ap_none  |   fc6_o_o15  |    scalar    |
|fc6_o_address0        | out |    4|  ap_memory |     fc6_o    |     array    |
|fc6_o_ce0             | out |    1|  ap_memory |     fc6_o    |     array    |
|fc6_o_q0              |  in |   32|  ap_memory |     fc6_o    |     array    |
+----------------------+-----+-----+------------+--------------+--------------+

