==============================================================
File generated by Vivado(TM) HLS - High-Level Synthesis from C, C++ and SystemC
Version: 2017.2
Copyright (C) 1986-2017 Xilinx, Inc. All Rights Reserved.

==============================================================

INFO: [SYN 201-201] Setting up clock 'default' with a period of 10ns.
INFO: [HLS 200-10] Setting target device to 'xc7z020clg484-1'
INFO: [COSIM 212-47] Using XSIM for RTL simulation.
INFO: [COSIM 212-14] Instrumenting C test bench ...
WARNING: [COSIM 212-369] AXI_master port 'DATA_A' has a depth of '120'. Insufficient depth may result in simulation mismatch or freeze.
WARNING: [COSIM 212-369] AXI_master port 'DATA_B' has a depth of '1200'. Insufficient depth may result in simulation mismatch or freeze.
WARNING: [COSIM 212-369] AXI_master port 'DATA_C' has a depth of '10'. Insufficient depth may result in simulation mismatch or freeze.
WARNING: [COSIM 212-369] AXI_master port 'DATA_D' has a depth of '10'. Insufficient depth may result in simulation mismatch or freeze.
INFO: [COSIM 212-302] Starting C TB testing ... 
INFO: [COSIM 212-333] Generating C post check test bench ...
INFO: [COSIM 212-12] Generating RTL test bench ...
INFO: [COSIM 212-323] Starting verilog simulation. 
INFO: [COSIM 212-15] Starting XSIM ...
INFO: [COSIM 212-316] Starting C post checking ...
INFO: [COSIM 212-1000] *** C/RTL co-simulation finished: PASS ***
INFO: [COSIM 212-211] II is measurable only when transaction number is greater than 1 in RTL simulation. Otherwise, they will be marked as all NA. If user wants to calculate them, please make sure there are at least 2 transactions in RTL simulation.
