==============================================================
File generated by Vivado(TM) HLS - High-Level Synthesis from C, C++ and SystemC
Version: 2017.2
Copyright (C) 1986-2017 Xilinx, Inc. All Rights Reserved.

==============================================================

INFO: [SYN 201-201] Setting up clock 'default' with a period of 10ns.
INFO: [HLS 200-10] Setting target device to 'xc7z020clg484-1'
WARNING: [HLS 200-40] Skipped source file 'images.bin'. Source files must have extensions .c, .C, .cc, .cpp, .c++, .cp, or .cxx.
WARNING: [HLS 200-40] Skipped source file 'labels.bin'. Source files must have extensions .c, .C, .cc, .cpp, .c++, .cp, or .cxx.
INFO: [HLS 200-10] Analyzing design file 'lenet/lenet_hls.c' ... 
WARNING: [HLS 200-40] Skipped source file 'params.bin'. Source files must have extensions .c, .C, .cc, .cpp, .c++, .cp, or .cxx.
INFO: [HLS 200-10] Validating synthesis directives ...
INFO: [HLS 200-111] Finished Checking Pragmas Time (s): cpu = 00:00:01 ; elapsed = 00:00:03 . Memory (MB): peak = 96.191 ; gain = 46.711
INFO: [HLS 200-111] Finished Linking Time (s): cpu = 00:00:01 ; elapsed = 00:00:04 . Memory (MB): peak = 96.215 ; gain = 46.734
INFO: [HLS 200-10] Starting code transformations ...
INFO: [XFORM 203-501] Unrolling loop 'Loop-1.1' (lenet/lenet_hls.c:24) in function 'convolution1': changing partial unrolling into complete unrolling since the unrolling factor (=32) is no less than the loop trip count (=32).
INFO: [XFORM 203-501] Unrolling loop 'Loop-2.1.1' (lenet/lenet_hls.c:33) in function 'convolution1': changing partial unrolling into complete unrolling since the unrolling factor (=5) is no less than the loop trip count (=5).
INFO: [XFORM 203-501] Unrolling loop 'Loop-3' (lenet/lenet_hls.c:40) in function 'convolution1': changing partial unrolling into complete unrolling since the unrolling factor (=6) is no less than the loop trip count (=6).
INFO: [XFORM 203-501] Unrolling loop 'Loop-5.1.1' (lenet/lenet_hls.c:64) in function 'convolution1': changing partial unrolling into complete unrolling since the unrolling factor (=28) is no less than the loop trip count (=28).
INFO: [HLS 200-111] Finished Standard Transforms Time (s): cpu = 00:00:01 ; elapsed = 00:00:04 . Memory (MB): peak = 98.520 ; gain = 49.039
INFO: [HLS 200-10] Checking synthesizability ...
INFO: [HLS 200-111] Finished Checking Synthesizability Time (s): cpu = 00:00:01 ; elapsed = 00:00:04 . Memory (MB): peak = 98.520 ; gain = 49.039
INFO: [XFORM 203-502] Unrolling all sub-loops inside loop 'Loop-1' (lenet/lenet_hls.c:22) in function 'convolution1' for pipelining.
WARNING: [XFORM 203-503] Ignored partial unroll directive for loop 'Loop-1.1' (lenet/lenet_hls.c:24) because its parent loop or function is pipelined.
INFO: [XFORM 203-502] Unrolling all sub-loops inside loop 'Loop-2' (lenet/lenet_hls.c:30) in function 'convolution1' for pipelining.
WARNING: [XFORM 203-503] Ignored partial unroll directive for loop 'Loop-2.1.1' (lenet/lenet_hls.c:33) because its parent loop or function is pipelined.
INFO: [XFORM 203-502] Unrolling all sub-loops inside loop 'Loop-5' (lenet/lenet_hls.c:61) in function 'convolution1' for pipelining.
WARNING: [XFORM 203-503] Ignored partial unroll directive for loop 'Loop-5.1.1' (lenet/lenet_hls.c:64) because its parent loop or function is pipelined.
INFO: [XFORM 203-501] Unrolling loop 'Loop-3' (lenet/lenet_hls.c:40) in function 'convolution1': changing partial unrolling into complete unrolling since the unrolling factor (=6) is no less than the loop trip count (=6).
INFO: [XFORM 203-501] Unrolling loop 'Loop-1.1' (lenet/lenet_hls.c:24) in function 'convolution1' completely.
INFO: [XFORM 203-501] Unrolling loop 'Loop-2.1' (lenet/lenet_hls.c:32) in function 'convolution1' completely.
INFO: [XFORM 203-501] Unrolling loop 'Loop-2.1.1' (lenet/lenet_hls.c:33) in function 'convolution1' completely.
INFO: [XFORM 203-501] Unrolling loop 'Loop-3' (lenet/lenet_hls.c:40) in function 'convolution1' completely.
INFO: [XFORM 203-501] Unrolling loop 'Loop-5.1' (lenet/lenet_hls.c:63) in function 'convolution1' completely.
INFO: [XFORM 203-501] Unrolling loop 'Loop-5.1.1' (lenet/lenet_hls.c:64) in function 'convolution1' completely.
INFO: [XFORM 203-102] Partitioning array 'c1_i' (lenet/lenet_hls.c:12) in dimension 1 automatically.
INFO: [XFORM 203-102] Partitioning array 'c1_w' (lenet/lenet_hls.c:13) in dimension 2 automatically.
INFO: [HLS 200-111] Finished Pre-synthesis Time (s): cpu = 00:00:05 ; elapsed = 00:00:08 . Memory (MB): peak = 127.926 ; gain = 78.445
INFO: [XFORM 203-811] Inferring bus burst read of length 6 on port 'DATA_C' (lenet/lenet_hls.c:42:2).
INFO: [HLS 200-111] Finished Architecture Synthesis Time (s): cpu = 00:00:23 ; elapsed = 00:00:26 . Memory (MB): peak = 166.984 ; gain = 117.504
INFO: [HLS 200-10] Starting hardware synthesis ...
INFO: [HLS 200-10] Synthesizing 'convolution1' ...
WARNING: [SYN 201-107] Renaming port name 'convolution1/input' to 'convolution1/input_r' to avoid the conflict with HDL keywords or other object names.
WARNING: [SYN 201-107] Renaming port name 'convolution1/output' to 'convolution1/output_r' to avoid the conflict with HDL keywords or other object names.
INFO: [HLS 200-10] ----------------------------------------------------------------
INFO: [HLS 200-10] -- Implementing module 'convolution1' 
INFO: [HLS 200-10] ----------------------------------------------------------------
INFO: [SCHED 204-11] Starting scheduling ...
INFO: [SCHED 204-61] Pipelining loop 'Loop 1'.
WARNING: [SCHED 204-68] Unable to enforce a carried dependence constraint (II = 1, distance = 1, offset = 1)
   between bus request on port 'DATA_A' (lenet/lenet_hls.c:26) and bus request on port 'DATA_A' (lenet/lenet_hls.c:26).
WARNING: [SCHED 204-68] Unable to enforce a carried dependence constraint (II = 2, distance = 1, offset = 1)
   between bus request on port 'DATA_A' (lenet/lenet_hls.c:26) and bus request on port 'DATA_A' (lenet/lenet_hls.c:26).
WARNING: [SCHED 204-68] Unable to enforce a carried dependence constraint (II = 3, distance = 1, offset = 1)
   between bus request on port 'DATA_A' (lenet/lenet_hls.c:26) and bus request on port 'DATA_A' (lenet/lenet_hls.c:26).
WARNING: [SCHED 204-68] Unable to enforce a carried dependence constraint (II = 4, distance = 1, offset = 1)
   between bus request on port 'DATA_A' (lenet/lenet_hls.c:26) and bus request on port 'DATA_A' (lenet/lenet_hls.c:26).
WARNING: [SCHED 204-68] Unable to enforce a carried dependence constraint (II = 19, distance = 1, offset = 1)
   between bus request on port 'DATA_A' (lenet/lenet_hls.c:26) and bus request on port 'DATA_A' (lenet/lenet_hls.c:26).
WARNING: [SCHED 204-68] Unable to enforce a carried dependence constraint (II = 27, distance = 1, offset = 1)
   between bus request on port 'DATA_A' (lenet/lenet_hls.c:26) and bus request on port 'DATA_A' (lenet/lenet_hls.c:26).
WARNING: [SCHED 204-68] Unable to enforce a carried dependence constraint (II = 31, distance = 1, offset = 1)
   between bus request on port 'DATA_A' (lenet/lenet_hls.c:26) and bus request on port 'DATA_A' (lenet/lenet_hls.c:26).
INFO: [SCHED 204-61] Pipelining result: Target II: 1, Final II: 32, Depth: 41.
INFO: [SCHED 204-61] Pipelining loop 'Loop 2'.
WARNING: [SCHED 204-68] Unable to enforce a carried dependence constraint (II = 1, distance = 1, offset = 1)
   between bus request on port 'DATA_B' (lenet/lenet_hls.c:35) and bus request on port 'DATA_B' (lenet/lenet_hls.c:35).
WARNING: [SCHED 204-68] Unable to enforce a carried dependence constraint (II = 2, distance = 1, offset = 1)
   between bus request on port 'DATA_B' (lenet/lenet_hls.c:35) and bus request on port 'DATA_B' (lenet/lenet_hls.c:35).
WARNING: [SCHED 204-68] Unable to enforce a carried dependence constraint (II = 3, distance = 1, offset = 1)
   between bus request on port 'DATA_B' (lenet/lenet_hls.c:35) and bus request on port 'DATA_B' (lenet/lenet_hls.c:35).
WARNING: [SCHED 204-68] Unable to enforce a carried dependence constraint (II = 4, distance = 1, offset = 1)
   between bus request on port 'DATA_B' (lenet/lenet_hls.c:35) 