
*** Running vivado
    with args -log axi_switch_processing_system7_0_0.vds -m64 -product Vivado -mode batch -messageDb vivado.pb -notrace -source axi_switch_processing_system7_0_0.tcl


****** Vivado v2017.2 (64-bit)
  **** SW Build 1909853 on Thu Jun 15 18:39:10 MDT 2017
  **** IP Build 1909766 on Thu Jun 15 19:58:00 MDT 2017
    ** Copyright 1986-2017 Xilinx, Inc. All Rights Reserved.

CRITICAL WARNING: [Common 17-741] No write access right to the local Tcl store at '/home/andrew/.Xilinx/Vivado/2017.2/XilinxTclStore'. XilinxTclStore is reverted to the installation area. If you want to use local Tcl Store, please change the access right and relaunch Vivado.
source axi_switch_processing_system7_0_0.tcl -notrace
Starting RTL Elaboration : Time (s): cpu = 00:00:05 ; elapsed = 00:00:06 . Memory (MB): peak = 1163.164 ; gain = 62.996 ; free physical = 1276 ; free virtual = 4554
INFO: [Synth 8-638] synthesizing module 'axi_switch_processing_system7_0_0' [/home/andrew/ece527/mp1/part3/axi_interface_simple.srcs/sources_1/bd/axi_switch/ip/axi_switch_processing_system7_0_0/synth/axi_switch_processing_system7_0_0.v:60]
INFO: [Synth 8-638] synthesizing module 'processing_system7_v5_5_processing_system7' [/home/andrew/ece527/mp1/part3/axi_interface_simple.srcs/sources_1/bd/axi_switch/ip/axi_switch_processing_system7_0_0/hdl/verilog/processing_system7_v5_5_processing_system7.v:161]
INFO: [Synth 8-638] synthesizing module 'BUFG' [/opt/Xilinx/Vivado/2017.2/scripts/rt/data/unisim_comp.v:607]
INFO: [Synth 8-256] done synthesizing module 'BUFG' (1#1) [/opt/Xilinx/Vivado/2017.2/scripts/rt/data/unisim_comp.v:607]
INFO: [Synth 8-638] synthesizing module 'BIBUF' [/opt/Xilinx/Vivado/2017.2/scripts/rt/data/unisim_comp.v:268]
INFO: [Synth 8-256] done synthesizing module 'BIBUF' (2#1) [/opt/Xilinx/Vivado/2017.2/scripts/rt/data/unisim_comp.v:268]
INFO: [Synth 8-638] synthesizing module 'PS7' [/opt/Xilinx/Vivado/2017.2/scripts/rt/data/unisim_comp.v:33527]
INFO: [Synth 8-256] done synthesizing module 'PS7' (3#1) [/opt/Xilinx/Vivado/2017.2/scripts/rt/data/unisim_comp.v:33527]
INFO: [Synth 8-256] done synthesizing module 'processing_system7_v5_5_processing_system7' (4#1) [/home/andrew/ece527/mp1/part3/axi_interface_simple.srcs/sources_1/bd/axi_switch/ip/axi_switch_processing_system7_0_0/hdl/verilog/processing_system7_v5_5_processing_system7.v:161]
INFO: [Synth 8-256] done synthesizing module 'axi_switch_processing_system7_0_0' (5#1) [/home/andrew/ece527/mp1/part3/axi_interface_simple.srcs/sources_1/bd/axi_switch/ip/axi_switch_processing_system7_0_0/synth/axi_switch_processing_system7_0_0.v:60]
Finished RTL Elaboration : Time (s): cpu = 00:00:08 ; elapsed = 00:00:08 . Memory (MB): peak = 1203.664 ; gain = 103.496 ; free physical = 1284 ; free virtual = 4562
Finished RTL Optimization Phase 1 : Time (s): cpu = 00:00:08 ; elapsed = 00:00:08 . Memory (MB): peak = 1203.664 ; gain = 103.496 ; free physical = 1285 ; free virtual = 4563
INFO: [Device 21-403] Loading part xc7z020clg484-1
Constraint Validation Runtime : Time (s): cpu = 00:00:00.04 ; elapsed = 00:00:00.05 . Memory (MB): peak = 1443.293 ; gain = 0.000 ; free physical = 1030 ; free virtual = 4308
Finished Constraint Validation : Time (s): cpu = 00:00:26 ; elapsed = 00:00:27 . Memory (MB): peak = 1443.293 ; gain = 343.125 ; free physical = 1110 ; free virtual = 4389
Finished Loading Part and Timing Information : Time (s): cpu = 00:00:26 ; elapsed = 00:00:27 . Memory (MB): peak = 1443.293 ; gain = 343.125 ; free physical = 1110 ; free virtual = 4389
Finished applying 'set_property' XDC Constraints : Time (s): cpu = 00:00:26 ; elapsed = 00:00:28 . Memory (MB): peak = 1443.293 ; gain = 343.125 ; free physical = 1112 ; free virtual = 4390
Finished RTL Optimization Phase 2 : Time (s): cpu = 00:00:27 ; elapsed = 00:00:29 . Memory (MB): peak = 1443.293 ; gain = 343.125 ; free physical = 1104 ; free virtual = 4382
Finished Cross Boundary and Area Optimization : Time (s): cpu = 00:00:28 ; elapsed = 00:00:30 . Memory (MB): peak = 1443.293 ; gain = 343.125 ; free physical = 1094 ; free virtual = 4372
Finished Applying XDC Timing Constraints : Time (s): cpu = 00:00:44 ; elapsed = 00:00:47 . Memory (MB): peak = 1651.293 ; gain = 551.125 ; free physical = 808 ; free virtual = 4086
Finished Timing Optimization : Time (s): cpu = 00:00:44 ; elapsed = 00:00:47 . Memory (MB): peak = 1671.301 ; gain = 571.133 ; free physical = 795 ; free virtual = 4074
Finished Technology Mapping : Time (s): cpu = 00:00:47 ; elapsed = 00:00:50 . Memory (MB): peak = 1679.309 ; gain = 579.141 ; free physical = 797 ; free virtual = 4076
Finished IO Insertion : Time (s): cpu = 00:00:49 ; elapsed = 00:00:53 . Memory (MB): peak = 1679.309 ; gain = 579.141 ; free physical = 797 ; free virtual = 4075
Finished Renaming Generated Instances : Time (s): cpu = 00:00:49 ; elapsed = 00:00:53 . Memory (MB): peak = 1679.309 ; gain = 579.141 ; free physical = 797 ; free virtual = 4075
Finished Rebuilding User Hierarchy : Time (s): cpu = 00:00:49 ; elapsed = 00:00:53 . Memory (MB): peak = 1679.309 ; gain = 579.141 ; free physical = 797 ; free virtual = 4075
Finished Renaming Generated Ports : Time (s): cpu = 00:00:49 ; elapsed = 00:00:53 . Memory (MB): peak = 1679.309 ; gain = 579.141 ; free physical = 797 ; free virtual = 4075
Finished Handling Custom Attributes : Time (s): cpu = 00:00:49 ; elapsed = 00:00:53 . Memory (MB): peak = 1679.309 ; gain = 579.141 ; free physical = 797 ; free virtual = 4075
Finished Renaming Generated Nets : Time (s): cpu = 00:00:49 ; elapsed = 00:00:53 . Memory (MB): peak = 1679.309 ; gain = 579.141 ; free physical = 797 ; free virtual = 4075

Report Cell Usage: 
+------+------+------+
|      |Cell  |Count |
+------+------+------+
|1     |BIBUF |   130|
|2     |BUFG  |     1|
|3     |LUT1  |   112|
|4     |PS7   |     1|
+------+------+------+
Finished Writing Synthesis Report : Time (s): cpu = 00:00:49 ; elapsed = 00:00:53 . Memory (MB): peak = 1679.309 ; gain = 579.141 ; free physical = 797 ; free virtual = 4075
synth_design: Time (s): cpu = 00:00:52 ; elapsed = 00:00:55 . Memory (MB): peak = 1680.309 ; gain = 592.727 ; free physical = 965 ; free virtual = 4243
